
 Primary working directories    : /tmp/cmelton
 Secondary working directories  : /tmp/cmelton
 Wavefunction directory         : /remote/cmelton/wfu/
 Main file repository           : /tmp/cmelton/

 SHA1      : 4c1979699e6aeda0524d0210415ba82a958648b0
 NAME      : 2012.1.39
 ARCHNAME  : Linux/x86_64
 FC        : /projects/sems/install/rhel6-x86_64/sems/compiler/intel/16.0.1/base/bin/ifort
 FCVERSION : 16.0.1
 BLASLIB   : -L/projects/sems/install/rhel6-x86_64/sems/compiler/intel/16.0.1/base/compilers_and_libraries_2016.1.150/linux/mkl/lib/intel64 -lmkl_intel_ilp64 -lmkl_sequential -lmkl_core
 id        : sandiacon

 Nodes            nprocs
 doppio.sandia.gov    1

 Using customized tuning parameters: mindgm=7; mindgv=16; mindgc=1; mindgr=1; noblas=0; minvec=7
 default implementation of scratch files=df  

 ***,Calculation for Be atom, singlet and triplet
 memory,512,m
 gthresh,twoint=1.0E-12
 
 basis={
 ecp,Ni,10,2,0
 4;
 1, 21.81804460523468,  18.0;
 3, 35.21101277458325,  392.7248028942242400;
 2, 23.69925747358732,  -150.77747349256663;
 2, 9.09797792907140 ,  0.87797909917553;
 2;
 2, 14.12410039485919,  83.50736809611425;
 2, 25.81106861796072,  353.95993490451440;
 2;
 2, 10.08238908347844,  44.99270171320545;
 2, 37.60499130871270,  268.79379401505179;
 s, NI , 15503020, 2321071, 528180.2, 149604, 48809.07, 17622.39, 6874.201, 2851.857, 1244.334, 566.1547, 266.7873, 129.3752, 63.65161, 29.33302, 14.82212, 7.460513, 3.413576, 1.632884, 0.743579, 0.172592, 0.07742, 0.033701, 6.7511, 1.8578, 0.0146700
 p, NI , 45066.62, 10662.64, 3463.431, 1326.624, 564.7414, 258.8288, 125.3115, 63.24233, 32.82406, 17.39692, 9.324394, 4.938839, 2.562025, 1.299294, 0.634678, 0.2325994, 0.091523, 0.035574, 10.4540, 2.9156, 0.0138300
 d, NI , 432.2741887, 127.4570298, 48.83096424, 21.01674656, 9.65710264, 4.60305286, 2.18924426, 1.01439313, 0.45035253, 0.18765306, 0.07047793, 6.8868, 3.5696, 0.0264700
 f, NI , 10.2360, 4.3458, 1.8450, 0.6302, 0.2152600
 g, NI , 8.4803, 3.7875, 1.5215, 0.6112100
 h, NI , 7.5953, 3.1948, 1.3438200
 ECP,H,0,1,0
 3;
 2,   21.77696655044365 ,     -10.85192405303825 ;
  1,   21.24359508259891 ,       1.00000000000000;
  3,   21.24359508259891 ,      21.24359508259891;
 1; 2,                   1.,                      0.;
 s, H , 82.64, 12.41, 2.824, 0.7977, 0.2581, 0.08989, 0.0236300
 p, H , 2.292, 0.838, 0.292, 0.0848000
 d, H , 2.062, 0.662, 0.1900000
 f, H , 1.397, 0.3600000
 }
 
 ne    =19
 symm  =4
 ss    =1
 
 do i=1,1
     z(i) = 1.1 + 0.05*(i-1)
     geometry={
         2
         Oxygen
         Ni  0.0 0.0 0.0
         H  0.0 0.0 z(i)
     }
     {rhf
      wf,ne,symm,ss
      print,orbitals=3
     }
     scf(i)=energy
     _CC_NORM_MAX=2.0
     {rccsd(t);maxit,100;core}
     ccsd(i)=energy
 enddo
 
 geometry={
    1
    Vanadium
    Ni 0.0 0.0 0.0
 }
 {rhf;
  start,atden
  wf,18,6,2;
  occ,4,1,1,1,1,1,1,0;
  open,1.4,1.7
  sym,1,1,1,3,2
 }
 Ni_scf=energy
 _CC_NORM_MAX=2.0
 {rccsd(t);maxit,100;core}
 Ni_ccsd=energy
 
 geometry={
    1
    Oxygen
    H 0.0 0.0 0.0
 }
 {rhf;
  wf,1,1,1;
  occ,1,0,0,0,0,0,0,0;
  open,1.1;
 }
 H_scf=energy
 
 table,z,scf,ccsd
 save
 type,csv

 Variables initialized (782), CPU time= 0.00 sec
 Commands  initialized (547), CPU time= 0.01 sec, 517 directives.
 Default parameters read. Elapsed time= 0.07 sec

 Checking input...
 Passed
1


                                         ***  PROGRAM SYSTEM MOLPRO  ***
                         Copyright, University College Cardiff Consultants Limited, 2008

                                    Version 2012.1 linked Aug  2 2016 14:07:26


 **********************************************************************************************************************************
 LABEL *   Calculation for Be atom, singlet and triplet                                  
 Linux-3.10.0-693.5.2.el7.x86_64/doppio.sandia.gov(x86_64) 64 bit serial version         DATE: 14-Feb-18          TIME: 12:22:25  
 **********************************************************************************************************************************

 SHA1:             4c1979699e6aeda0524d0210415ba82a958648b0
 **********************************************************************************************************************************

 THRESHOLDS:

 ZERO    =  1.00D-12  ONEINT  =  1.00D-12  TWOINT  =  1.00D-12  PREFAC  =  1.00D-14  LOCALI  =  1.00D-09  EORDER  =  1.00D-04
 ENERGY  =  0.00D+00  ETEST   =  0.00D+00  EDENS   =  0.00D+00  THRDEDEF=  1.00D-06  GRADIENT=  1.00D-02  STEP    =  1.00D-03
 ORBITAL =  1.00D-05  CIVEC   =  1.00D-05  COEFF   =  1.00D-04  PRINTCI =  5.00D-02  PUNCHCI =  9.90D+01  OPTGRAD =  3.00D-04
 OPTENERG=  1.00D-06  OPTSTEP =  3.00D-04  THRGRAD =  1.00D-10  COMPRESS=  1.00D-11  VARMIN  =  1.00D-07  VARMAX  =  1.00D-03
 THRDOUB =  0.00D+00  THRDIV  =  1.00D-05  THRRED  =  1.00D-07  THRPSP  =  1.00D+00  THRDC   =  1.00D-10  THRCS   =  1.00D-10
 THRNRM  =  1.00D-08  THREQ   =  0.00D+00  THRDE   =  1.00D+00  THRREF  =  1.00D-05  SPARFAC =  1.00D+00  THRDLP  =  1.00D-07
 THRDIA  =  1.00D-10  THRDLS  =  1.00D-07  THRGPS  =  0.00D+00  THRKEX  =  0.00D+00  THRDIS  =  2.00D-01  THRVAR  =  1.00D-10
 THRLOC  =  1.00D-06  THRGAP  =  1.00D-06  THRLOCT = -1.00D+00  THRGAPT = -1.00D+00  THRORB  =  1.00D-06  THRMLTP =  0.00D+00
 THRCPQCI=  1.00D-10  KEXTA   =  0.00D+00  THRCOARS=  0.00D+00  SYMTOL  =  1.00D-06  GRADTOL =  1.00D-06  THROVL  =  1.00D-08
 THRORTH =  1.00D-08  GRID    =  1.00D-06  GRIDMAX =  1.00D-03  DTMAX   =  0.00D+00  THROCCDE=  1.00D-01  THROCCDE=  1.00D-01



 Variable memory set to  512000000 words,  buffer space   230000 words

 SETTING BASIS          =    USERDEF
 SETTING NE             =        19.00000000                                  
 SETTING SYMM           =         4.00000000                                  
 SETTING SS             =         1.00000000                                  

 DO I                   =         1.00000000   
 SETTING Z(1)           =         1.10000000                                  

Geometry recognized as XYZ



 Recomputing integrals since basis changed


 Using spherical harmonics


1PROGRAM * SEWARD (Integral evaluation for generally contracted gaussian basis sets)     Author: Roland Lindh, 1990

 Geometry written to block  1 of record 700


 Point group  C2v 



 ATOMIC COORDINATES

 NR  ATOM    CHARGE       X              Y              Z

   1  NI     18.00    0.000000000    0.000000000    0.000000000
   2  H       1.00    0.000000000    0.000000000    2.078698745

 Bond lengths in Bohr (Angstrom)

 1-2  2.078698745
     ( 1.100000000)

 NUCLEAR CHARGE:                   19
 NUMBER OF PRIMITIVE AOS:         402
 NUMBER OF SYMMETRY AOS:          310
 NUMBER OF CONTRACTIONS:          310   ( 126A1  +  73B1  +  73B2  +  38A2  )
 NUMBER OF CORE ORBITALS:           4   (   2A1  +   1B1  +   1B2  +   0A2  )
 NUMBER OF VALENCE ORBITALS:        7   (   4A1  +   1B1  +   1B2  +   1A2  )


 NUCLEAR REPULSION ENERGY    8.65926342

 EXTRA SYMMETRY OF AOS IN SYMMETRY 1:   1 1 1 1 1 1 1 1 1 1   1 1 1 1 1 1 1 1 1 1   1 1 1 1 1 1 1 1 1 1   1 1 1 1 1 1 1 1 1 1
                                        1 1 1 1 1 1 1 2 1 2   1 2 1 2 1 2 1 2 1 2   1 2 1 2 1 2 1 2 1 2   1 2 1 2 1 2 1 2 1 2
                                        1 2 1 2 1 3 2 1 3 2   1 3 2 1 3 2 2 3 1 2   3 1 2 3 1 1 1 1 1 1   1 1 1 1 1 1 1 2 1 2
                                        1 2 1 2 1 2
 EXTRA SYMMETRY OF AOS IN SYMMETRY 2:   1 1 1 1 1 1 1 1 1 1   1 1 1 1 1 1 1 1 1 1   1 1 1 1 1 1 1 1 1 1   1 1 1 1 1 1 2 1 2 1
                                        2 1 2 1 2 1 2 1 2 1   2 1 2 1 2 3 1 2 3 1   2 3 1 1 1 1 1 1 1 1   2 1 2
 EXTRA SYMMETRY OF AOS IN SYMMETRY 3:   1 1 1 1 1 1 1 1 1 1   1 1 1 1 1 1 1 1 1 1   1 1 1 1 1 1 1 1 1 1   1 1 1 1 1 1 2 1 2 1
                                        2 1 2 1 2 1 2 1 2 1   2 1 2 1 2 3 1 2 3 1   2 3 1 1 1 1 1 1 1 1   2 1 2
 EXTRA SYMMETRY OF AOS IN SYMMETRY 4:   1 1 1 1 1 1 1 1 1 1   1 1 1 1 1 1 1 1 1 1   2 1 2 1 2 1 2 2 1 2   1 2 1 1 1 1 1 1

 Eigenvalues of metric

         1 0.493E-06 0.858E-06 0.467E-05 0.893E-05 0.135E-04 0.185E-04 0.206E-04 0.718E-04
         2 0.903E-06 0.102E-04 0.203E-04 0.466E-03 0.723E-03 0.974E-03 0.191E-02 0.415E-02
         3 0.903E-06 0.102E-04 0.203E-04 0.466E-03 0.723E-03 0.974E-03 0.191E-02 0.415E-02
         4 0.206E-04 0.743E-03 0.955E-02 0.236E-01 0.334E-01 0.637E-01 0.814E-01 0.127E+00


 Contracted 2-electron integrals neglected if value below      1.0D-13
 AO integral compression algorithm  1   Integral accuracy      1.0D-13

     1086.325 MB (compressed) written to integral file ( 45.4%)


 NUMBER OF SORTED TWO-ELECTRON INTEGRALS:  297476048.     BUFFER LENGTH:  32768
 NUMBER OF SEGMENTS:  10  SEGMENT LENGTH:   31996000      RECORD LENGTH: 524288

 Memory used in sort:      32.55 MW

 SORT1 READ   299065286. AND WROTE   143015813. INTEGRALS IN    413 RECORDS. CPU TIME:     3.82 SEC, REAL TIME:     5.05 SEC
 SORT2 READ   143015813. AND WROTE   297476048. INTEGRALS IN   4144 RECORDS. CPU TIME:     3.07 SEC, REAL TIME:     3.90 SEC

 FILE SIZES:   FILE 1:  1096.2 MBYTE,  FILE 4:  1732.3 MBYTE,   TOTAL:   2828.5 MBYTE

 OPERATOR DM      FOR CENTER  0  COORDINATES:    0.000000    0.000000    0.000000


 **********************************************************************************************************************************
 DATASETS  * FILE   NREC   LENGTH (MB)   RECORD NAMES
              1      20      810.42       500      610      700      900      950      970     1000      129      960     1100   
                                          VAR    BASINP    GEOM    SYMINP    ZMAT    AOBASIS   BASIS     P2S    ABASIS      S 
                                         1400     1410     1420     1200     1210     1080     1600     1650     1300     1700   
                                           T        V       ECP      H0       H01     AOSYM     SMH    MOLCAS    ERIS     OPER   

 PROGRAMS   *        TOTAL       INT
 CPU TIMES  *        60.69     60.61
 REAL TIME  *        64.36 SEC
 DISK USED  *         2.83 GB      
 **********************************************************************************************************************************

1PROGRAM * RHF-SCF (OPEN SHELL)       Authors: W. Meyer, H.-J. Werner


 NUMBER OF ELECTRONS:      10+    9-    SPACE SYMMETRY=4    SPIN SYMMETRY: Doublet 
 CONVERGENCE THRESHOLDS:    1.00E-05 (Density)    1.00E-07 (Energy)
 MAX. NUMBER OF ITERATIONS:       60
 INTERPOLATION TYPE:            DIIS
 INTERPOLATION STEPS:              2 (START)      1 (STEP)
 LEVEL SHIFTS:                 -0.30 (CLOSED)  0.00 (OPEN) 



 Orbital guess generated from atomic densities. Full valence occupancy:    6   2   2   1

 Molecular orbital dump at record        2100.2

 ITERATION    DDIFF          GRAD             ENERGY        2-EL.EN.            DIPOLE MOMENTS         DIIS   ORB.
    1      0.000D+00      0.000D+00      -168.48739960    255.717119    0.00000    0.00000   -1.89719    0    start
    2      0.000D+00      0.556D-01      -168.58300218    313.722950    0.00000    0.00000   -0.73073    1    diag,B
    3      0.115D-01      0.626D-01      -169.48723424    290.234369    0.00000    0.00000   -0.99572    2    diag,B
    4      0.569D-02      0.701D-02      -169.50343117    287.247347    0.00000    0.00000   -1.07619    3    diag,B
    5      0.189D-02      0.723D-03      -169.50478078    287.245331    0.00000    0.00000   -1.09695    4    diag,B
    6      0.621D-03      0.319D-03      -169.50516802    287.322331    0.00000    0.00000   -1.11404    5    diag,B
    7      0.412D-03      0.123D-03      -169.50522720    287.324721    0.00000    0.00000   -1.11828    6    fixocc
    8      0.218D-03      0.565D-04      -169.50523966    287.320057    0.00000    0.00000   -1.11769    7    diag,B
    9      0.799D-04      0.233D-04      -169.50524260    287.315644    0.00000    0.00000   -1.11449    8    diag,B
   10      0.460D-04      0.124D-04      -169.50524397    287.309507    0.00000    0.00000   -1.11082    9    orth
   11      0.352D-04      0.758D-05      -169.50524456    287.303404    0.00000    0.00000   -1.10760    9    diag,B
   12      0.220D-04      0.304D-05      -169.50524462    287.301749    0.00000    0.00000   -1.10651    9    diag,B
   13      0.212D-04      0.749D-06      -169.50524463    287.301340    0.00000    0.00000   -1.10646    9    diag,B
   14      0.449D-05      0.206D-06      -169.50524463    287.301414    0.00000    0.00000   -1.10646    0    orth

 Final alpha occupancy:   5   2   2   1
 Final beta  occupancy:   5   2   2   0

 !RHF STATE 1.4 Energy               -169.505244625573
 Nuclear energy                         8.65926342
 One-electron energy                 -321.81521501
 Two-electron energy                  143.65070696
 Virial quotient                       -1.57262901
 !RHF STATE 1.4 Dipole moment           0.00000000     0.00000000    -1.10646142
 Dipole moment /Debye                   0.00000000     0.00000000    -2.81216021

 ELECTRON ORBITALS
 =================


   Orb  Occ    Energy  Couls-En    Coefficients

                                   1 1s      1 1s      1 1s      1 1s      1 1s      1 1s      1 1s      1 1s      1 1s      1 1s   
                                   1 1s      1 1s      1 1s      1 1s      1 1s      1 1s      1 1s      1 1s      1 1s      1 1s   
                                   1 1s      1 1s      1 1s      1 1s      1 1s      1 2pz     1 2pz     1 2pz     1 2pz     1 2pz  
                                   1 2pz     1 2pz     1 2pz     1 2pz     1 2pz     1 2pz     1 2pz     1 2pz     1 2pz     1 2pz  
                                   1 2pz     1 2pz     1 2pz     1 2pz     1 2pz     1 2pz     1 3d0     1 3d2+    1 3d0     1 3d2+ 
                                   1 3d0     1 3d2+    1 3d0     1 3d2+    1 3d0     1 3d2+    1 3d0     1 3d2+    1 3d0     1 3d2+ 
                                   1 3d0     1 3d2+    1 3d0     1 3d2+    1 3d0     1 3d2+    1 3d0     1 3d2+    1 3d0     1 3d2+ 
                                   1 3d0     1 3d2+    1 3d0     1 3d2+    1 4f0     1 4f2+    1 4f0     1 4f2+    1 4f0     1 4f2+ 
                                   1 4f0     1 4f2+    1 4f0     1 4f2+    1 5g0     1 5g4+    1 5g2+    1 5g0     1 5g4+    1 5g2+ 
                                   1 5g0     1 5g4+    1 5g2+    1 5g0     1 5g4+    1 5g2+    1 6h2+    1 6h4+    1 6h0     1 6h2+ 
                                   1 6h4+    1 6h0     1 6h2+    1 6h4+    1 6h0     2 1s      2 1s      2 1s      2 1s      2 1s   
                                   2 1s      2 1s      2 2pz     2 2pz     2 2pz     2 2pz     2 3d0     2 3d2+    2 3d0     2 3d2+ 
                                   2 3d0     2 3d2+    2 4f0     2 4f2+    2 4f0     2 4f2+ 

   1.1   2    -4.9565  -26.8804 -0.000000  0.000000 -0.000000  0.000000 -0.000001  0.000004 -0.000014  0.000045 -0.000139  0.000408
                                -0.001194  0.003882 -0.018027  0.120451 -0.184782 -0.848805  0.236556  0.523697  0.303633  0.006850
                                -0.009548  0.003257  0.507658  0.199459  0.000353  0.000000 -0.000000  0.000000 -0.000000  0.000001
                                -0.000002  0.000004  0.000007 -0.000039 -0.000633 -0.006042  0.004534  0.015358 -0.002282  0.000303
                                -0.002175 -0.002592  0.000334  0.005150 -0.013597  0.000300 -0.000000  0.000000  0.000001 -0.000000
                                -0.000007  0.000000  0.000030 -0.000000 -0.000171 -0.000000 -0.001807 -0.000000 -0.000775 -0.000000
                                 0.000898 -0.000000  0.000333  0.000000 -0.001063 -0.000000 -0.000339  0.000000  0.000680  0.000000
                                 0.000962  0.000000  0.000134  0.000000 -0.000069  0.000000 -0.000080  0.000000  0.000087  0.000000
                                 0.000727 -0.000000 -0.000154 -0.000000 -0.000097  0.000166  0.000000 -0.000075  0.000174  0.000000
                                -0.000089  0.000565  0.000000  0.000197  0.000238  0.000000 -0.000000 -0.000000  0.000001 -0.000000
                                 0.000000  0.000020 -0.000000 -0.000004  0.000133  0.000016  0.000377  0.001568  0.002486  0.003536
                                 0.005755 -0.002049 -0.000964 -0.000885 -0.001183 -0.000887  0.000658  0.000000  0.000260 -0.000000
                                -0.000250  0.000000 -0.000420  0.000000  0.000299  0.000000

   2.1   2    -3.1885  -23.2286 -0.000000  0.000000 -0.000000  0.000000 -0.000000  0.000000 -0.000000  0.000000 -0.000001  0.000002
                                -0.000004  0.000006  0.000023 -0.000334 -0.000030  0.017227  0.008590  0.042610 -0.013672  0.006556
                                -0.001037 -0.000677 -0.018119 -0.045410  0.000221 -0.000000  0.000001 -0.000004  0.000018 -0.000070
                                 0.000266 -0.001172  0.007991 -0.031240 -0.030014 -0.103043  0.219946  0.437897  0.360403  0.157322
                                 0.022293 -0.001847  0.000376  0.075465 -0.044663 -0.000113  0.000000  0.000000 -0.000002 -0.000000
                                -0.000008 -0.000000 -0.000340 -0.000000 -0.000488 -0.000000  0.002278 -0.000000  0.000542 -0.000000
                                -0.002142 -0.000000  0.001172 -0.000000  0.003379 -0.000000 -0.000446 -0.000000 -0.001252  0.000000
                                -0.003857  0.000000  0.000111  0.000000 -0.000501  0.000000 -0.001588  0.000000 -0.001137  0.000000
                                 0.000074  0.000000  0.000836  0.000000  0.000035 -0.000001  0.000000  0.000155 -0.000001  0.000000
                                 0.000508 -0.000003  0.000000  0.000312 -0.000003 -0.000000 -0.000000 -0.000050  0.000038 -0.000000
                                -0.000107  0.000170 -0.000000  0.000029  0.000172  0.000049  0.001466  0.006196  0.014957 -0.008374
                                 0.002979 -0.000002 -0.002923 -0.003959  0.001516 -0.000695  0.001397 -0.000000  0.001036 -0.000000
                                 0.000503 -0.000000 -0.000567  0.000000 -0.000226 -0.000000

   3.1   2    -0.5656  -13.7759  0.000000 -0.000000  0.000000 -0.000000  0.000000 -0.000000  0.000001 -0.000003  0.000010 -0.000030
                                 0.000090 -0.000303  0.001516 -0.010784  0.016916  0.098256 -0.010365  0.008901 -0.072954 -0.042626
                                -0.042521 -0.008241 -0.070025 -0.098945 -0.003967  0.000000 -0.000000  0.000001 -0.000003  0.000011
                                -0.000039  0.000164 -0.001046  0.004153  0.002006 -0.007212 -0.020368 -0.032533 -0.048385 -0.020532
                                -0.014392 -0.004637 -0.000511  0.008240 -0.024222 -0.001441 -0.000006 -0.000000  0.000092  0.000000
                                 0.001742  0.000000  0.039280  0.000000  0.116703  0.000000  0.214977  0.000000  0.236518  0.000000
                                 0.220070  0.000000  0.161817  0.000000  0.056631  0.000000  0.008653  0.000000 -0.024286 -0.000000
                                -0.029158 -0.000000 -0.000862 -0.000000  0.000468  0.000000  0.000957  0.000000  0.004504 -0.000000
                                 0.000136 -0.000000 -0.005778 -0.000000 -0.000218 -0.000064 -0.000000 -0.000127 -0.000082 -0.000000
                                 0.000594 -0.000228 -0.000000 -0.000603 -0.000326  0.000000  0.000000  0.000007  0.000002  0.000000
                                 0.000022  0.000325  0.000000 -0.000037  0.000055  0.000369  0.013081  0.059030  0.189404  0.309295
                                 0.154538  0.012893 -0.006542 -0.023387 -0.039730 -0.020111  0.002842  0.000000  0.006807  0.000000
                                 0.001522  0.000000 -0.001156 -0.000000 -0.000236  0.000000

   4.1   2    -0.5444  -16.7063  0.000000 -0.000000  0.000000 -0.000000 -0.000000  0.000000 -0.000000  0.000000 -0.000000  0.000000
                                -0.000000  0.000000 -0.000000  0.000000 -0.000000 -0.000000  0.000000 -0.000000  0.000000  0.000000
                                 0.000000  0.000000  0.000000  0.000000  0.000000 -0.000000  0.000000 -0.000000  0.000000 -0.000000
                                 0.000000 -0.000000  0.000000 -0.000000 -0.000000  0.000000  0.000000  0.000000  0.000000  0.000000
                                 0.000000  0.000000  0.000000 -0.000000  0.000000  0.000000  0.000000 -0.000008 -0.000000  0.000128
                                -0.000000  0.002382 -0.000000  0.054050 -0.000000  0.159070 -0.000000  0.282779 -0.000000  0.314416
                                -0.000000  0.293454 -0.000000  0.214547 -0.000000  0.094440 -0.000000  0.011965  0.000000 -0.028586
                                 0.000000 -0.025857  0.000000 -0.000498 -0.000000  0.000046 -0.000000  0.000077 -0.000000 -0.000361
                                 0.000000 -0.003243  0.000000 -0.003857  0.000000  0.000000 -0.000133  0.000000  0.000000 -0.000349
                                -0.000000  0.000000 -0.000097  0.000000  0.000000  0.000352  0.000040 -0.000000 -0.000000  0.000054
                                -0.000000 -0.000000  0.000163  0.000000 -0.000000 -0.000000 -0.000000 -0.000000 -0.000000 -0.000000
                                -0.000000 -0.000000  0.000000  0.000000  0.000000  0.000000 -0.000000  0.000524 -0.000000  0.001207
                                -0.000000  0.000445  0.000000 -0.000517  0.000000  0.000111

   5.1   2    -0.3097   -9.5648  0.000000 -0.000000  0.000000 -0.000000  0.000000 -0.000001  0.000003 -0.000009  0.000027 -0.000079
                                 0.000233 -0.000757  0.003564 -0.024568  0.040365  0.165003 -0.063433 -0.209305 -0.160947  0.228738
                                 0.375502  0.131644 -0.092227  0.007332 -0.002417  0.000000 -0.000000  0.000000 -0.000001  0.000006
                                -0.000021  0.000090 -0.000606  0.002412  0.001749  0.001478 -0.014813 -0.019615 -0.037085 -0.003080
                                 0.025348  0.023070  0.008158 -0.000153 -0.011338  0.000316  0.000004  0.000000 -0.000058 -0.000000
                                -0.001116 -0.000000 -0.025144 -0.000000 -0.074513 -0.000000 -0.135082 -0.000000 -0.148965 -0.000000
                                -0.140250 -0.000000 -0.111461 -0.000000 -0.069719 -0.000000 -0.022261 -0.000000  0.014744  0.000000
                                 0.015922  0.000000  0.000440  0.000000  0.000146 -0.000000  0.000343 -0.000000  0.001490  0.000000
                                 0.005774  0.000000  0.005127  0.000000  0.000146  0.000027  0.000000  0.000226  0.000145  0.000000
                                 0.000489  0.000176  0.000000  0.000308  0.000057 -0.000000 -0.000000  0.000004 -0.000031 -0.000000
                                 0.000015 -0.000081 -0.000000 -0.000032  0.000101  0.000148  0.005677  0.025047  0.080468  0.167072
                                 0.128861  0.006688  0.002609  0.003011  0.002762  0.010936 -0.001232 -0.000000 -0.002049 -0.000000
                                -0.003126 -0.000000  0.000564  0.000000  0.000432 -0.000000

   6.1   0     0.0095   -3.1254  0.000000 -0.000000  0.000000 -0.000000  0.000000 -0.000000  0.000000 -0.000001  0.000002 -0.000006
                                 0.000015 -0.000034  0.000048  0.000092  0.000845 -0.033569 -0.021544 -0.149682  0.024922  0.364108
                                -0.323096 -0.020214  0.037833  0.146603 -1.644345  0.000000 -0.000000  0.000001 -0.000004  0.000014
                                -0.000048  0.000174 -0.000847  0.003226 -0.003277 -0.053566  0.018007  0.120875 -0.075263  0.045591
                                 0.182688  0.145084 -0.240751  0.048171 -0.151026  0.437440  0.000001 -0.000000 -0.000017  0.000000
                                -0.000299  0.000000 -0.006883  0.000000 -0.020046  0.000000 -0.036416  0.000000 -0.042487  0.000000
                                -0.036031  0.000000  0.011836  0.000000  0.030130  0.000000 -0.050165  0.000000  0.003384 -0.000000
                                 0.004822 -0.000000 -0.136678  0.000000  0.000082  0.000000  0.000048  0.000000  0.000327  0.000000
                                 0.013912  0.000000  0.019734 -0.000000  0.000120 -0.000033 -0.000000 -0.000148 -0.000096 -0.000000
                                 0.001327 -0.000141 -0.000000  0.004296 -0.000000  0.000000  0.000000  0.000012  0.000016  0.000000
                                 0.000031 -0.000186 -0.000000 -0.000073  0.001047  0.000069  0.001997  0.011748  0.012723 -0.245782
                                 0.226021  1.178545 -0.000393  0.028790  0.096060  0.027940 -0.001346  0.000000 -0.013325  0.000000
                                -0.011023  0.000000  0.000877 -0.000000  0.000817 -0.000000

   7.1   0     0.0270   -1.7438 -0.000000  0.000000 -0.000000  0.000000 -0.000000  0.000000 -0.000000  0.000001 -0.000003  0.000008
                                -0.000017  0.000019  0.000187 -0.002328  0.001610  0.086556  0.032458  0.198813 -0.077376 -0.549108
                                 0.549033 -3.924762 -0.087756 -0.221058 -5.085450 -0.000000  0.000000 -0.000000  0.000000 -0.000000
                                 0.000001 -0.000007  0.000052 -0.000214 -0.000276 -0.001066  0.001681 -0.000238  0.008443 -0.025215
                                -0.176360  0.135945 -1.257415  0.000884  0.002300 -2.031585 -0.000001  0.000000  0.000006 -0.000000
                                -0.000053  0.000000 -0.000146 -0.000000 -0.003575  0.000000 -0.019840  0.000000 -0.009926  0.000000
                                 0.001333 -0.000000 -0.030143  0.000000  0.011335 -0.000000  0.047032  0.000000  0.007966 -0.000000
                                 0.018299 -0.000000 -0.373825 -0.000000  0.000001  0.000000  0.000114 -0.000000 -0.000110  0.000000
                                -0.002066 -0.000000  0.012050  0.000000 -0.000052  0.000007  0.000000  0.000209  0.000018  0.000000
                                -0.000842 -0.000037  0.000000  0.002637 -0.000130 -0.000000 -0.000000 -0.000001  0.000015  0.000000
                                -0.000004 -0.000062 -0.000000  0.000013  0.000142 -0.000010  0.000630 -0.000092  0.002946  0.152506
                                 0.472277  8.333729 -0.000668  0.001664 -0.174764 -0.233728 -0.000908 -0.000000  0.015503  0.000000
                                 0.075328 -0.000000 -0.001147  0.000000 -0.005012 -0.000000

   8.1   0     0.0564   -3.6754  0.000000 -0.000000  0.000000 -0.000000  0.000000 -0.000000  0.000001 -0.000004  0.000011 -0.000033
                                 0.000091 -0.000262  0.000964 -0.005650  0.011775 -0.046162 -0.073843 -0.491691  0.045503  1.251863
                                -3.238367  3.262606  0.075093  0.427438 -0.525022  0.000000 -0.000000  0.000001 -0.000006  0.000021
                                -0.000066  0.000176 -0.000116 -0.000038 -0.018604 -0.184350  0.127117  0.505611 -0.098223  0.202510
                                 0.375065 -0.796739 -0.930125  0.160559 -0.465284  1.356325 -0.000001  0.000000  0.000014 -0.000000
                                 0.000368  0.000000  0.007710 -0.000000  0.024269  0.000000  0.045227  0.000000  0.041313  0.000000
                                 0.050018 -0.000000  0.171237  0.000000  0.116631 -0.000000 -0.165640  0.000000 -0.007276 -0.000000
                                -0.004681 -0.000000  0.175102 -0.000000  0.000029  0.000000 -0.000512 -0.000000 -0.000147  0.000000
                                 0.042143 -0.000000  0.024589  0.000000  0.000198  0.000050  0.000000 -0.001165  0.000137  0.000000
                                 0.003773  0.000122  0.000000  0.010983 -0.000180 -0.000000 -0.000000 -0.000017  0.000105 -0.000000
                                -0.000045 -0.000410  0.000000  0.000112  0.002920 -0.000018 -0.003214 -0.003514 -0.098601 -0.928901
                                 1.959758 -1.778327 -0.006202  0.083911  0.302504 -0.369154 -0.002522 -0.000000 -0.046730  0.000000
                                -0.056759 -0.000000  0.002839  0.000000  0.004645 -0.000000

                                   1 2px     1 2px     1 2px     1 2px     1 2px     1 2px     1 2px     1 2px     1 2px     1 2px  
                                   1 2px     1 2px     1 2px     1 2px     1 2px     1 2px     1 2px     1 2px     1 2px     1 2px  
                                   1 2px     1 3d1+    1 3d1+    1 3d1+    1 3d1+    1 3d1+    1 3d1+    1 3d1+    1 3d1+    1 3d1+ 
                                   1 3d1+    1 3d1+    1 3d1+    1 3d1+    1 3d1+    1 4f1+    1 4f3+    1 4f1+    1 4f3+    1 4f1+ 
                                   1 4f3+    1 4f1+    1 4f3+    1 4f1+    1 4f3+    1 5g1+    1 5g3+    1 5g1+    1 5g3+    1 5g1+ 
                                   1 5g3+    1 5g1+    1 5g3+    1 6h1+    1 6h3+    1 6h5+    1 6h1+    1 6h3+    1 6h5+    1 6h1+ 
                                   1 6h3+    1 6h5+    2 2px     2 2px     2 2px     2 2px     2 3d1+    2 3d1+    2 3d1+    2 4f1+ 
                                   2 4f3+    2 4f1+    2 4f3+ 

   1.2   2    -3.1693  -23.2074 -0.000000  0.000001 -0.000004  0.000018 -0.000071  0.000268 -0.001181  0.008039 -0.031412 -0.030001
                                -0.101996  0.220110  0.440468  0.360799  0.158780  0.016872 -0.001644  0.000785  0.074312 -0.043122
                                -0.000238  0.000000 -0.000000  0.000010  0.000126  0.000697  0.002578  0.001425 -0.001189 -0.001204
                                 0.000172 -0.000216 -0.000791 -0.001649  0.000026  0.000193  0.000738 -0.000104  0.001428  0.000905
                                 0.002943  0.000795  0.002145 -0.000009  0.000186  0.000027 -0.000000  0.000060 -0.000001  0.000183
                                -0.000009  0.000038 -0.000018  0.000030  0.000012 -0.000080  0.000109  0.000024 -0.000169  0.000087
                                 0.000001  0.000045  0.000485  0.001125  0.000278  0.000385 -0.000454 -0.000533 -0.000013  0.000304
                                 0.000001  0.000079 -0.000012

   2.2   2    -0.5264  -16.5700 -0.000000  0.000000 -0.000000  0.000000 -0.000000  0.000001 -0.000004  0.000024 -0.000103  0.000036
                                 0.001288 -0.000136 -0.004043  0.002351 -0.004079 -0.011072 -0.002594  0.000388 -0.001129  0.005152
                                -0.000104 -0.000008  0.000125  0.002349  0.053191  0.156798  0.279923  0.310102  0.291391  0.217408
                                 0.097807  0.014300 -0.028928 -0.027157 -0.000772  0.000111 -0.000001  0.000103 -0.000005  0.000449
                                -0.000015 -0.002118 -0.000040 -0.004690 -0.000055 -0.000209  0.000047 -0.000492  0.000084  0.000182
                                 0.000186  0.000772  0.000233  0.000047 -0.000000 -0.000000  0.000158  0.000002 -0.000000  0.000298
                                -0.000007  0.000002  0.004024  0.009199  0.011853  0.001268 -0.002069 -0.002359 -0.000182  0.000894
                                 0.000007 -0.000278  0.000056

   3.2   0     0.0249   -2.2652  0.000000 -0.000000  0.000001 -0.000004  0.000016 -0.000054  0.000182 -0.000731  0.002681 -0.006538
                                -0.081081  0.038528  0.170955 -0.054265  0.022264 -0.087718  0.114048 -0.376955  0.072139 -0.194210
                                 1.173031  0.000000 -0.000001  0.000025  0.000247  0.001672  0.007104  0.004347  0.001089 -0.014903
                                -0.040286 -0.044983 -0.002514 -0.005737 -0.124274  0.000044  0.000008 -0.000150  0.000043  0.000601
                                 0.000026 -0.008157 -0.000113 -0.010548 -0.000245 -0.000022 -0.000001  0.000073 -0.000003 -0.000224
                                -0.000003 -0.003509 -0.000003 -0.000040 -0.000002  0.000010  0.000170 -0.000004  0.000027 -0.000774
                                 0.000010 -0.000072 -0.000224  0.006579  0.053745  0.163733  0.000258 -0.011650 -0.046446  0.001108
                                -0.000000  0.009273  0.000025

   4.2   0     0.0796   -2.8819  0.000000 -0.000000  0.000001 -0.000006  0.000024 -0.000078  0.000224 -0.000395  0.001046 -0.018281
                                -0.185526  0.118594  0.440793 -0.056872  0.073049 -0.150736  0.261093 -1.390344  0.162595 -0.426009
                                 1.008597 -0.000002  0.000017 -0.000179 -0.000874 -0.011946 -0.062166 -0.034427  0.011188 -0.043445
                                 0.114196 -0.174966  0.024059  0.056039  0.715402 -0.000013 -0.000015 -0.000039 -0.000080  0.000114
                                -0.000048 -0.001916  0.000232  0.012903  0.000477 -0.000041  0.000004  0.000208  0.000012 -0.000646
                                 0.000016 -0.000684 -0.000002 -0.000037  0.000003 -0.000019  0.000182  0.000007 -0.000050 -0.000675
                                -0.000020  0.000139 -0.003538  0.011933 -0.063470  0.002508  0.000566 -0.005302  0.022130 -0.000173
                                 0.000002  0.005862 -0.000054

   5.2   0     0.0851   -2.8456 -0.000000  0.000000 -0.000001  0.000005 -0.000017  0.000054 -0.000149  0.000175 -0.000304  0.013947
                                 0.138038 -0.090682 -0.324759  0.029269 -0.048012  0.380796  0.243569  1.115202 -0.120814  0.308933
                                -0.642508 -0.000003  0.000026 -0.000214 -0.000368 -0.014319 -0.083294 -0.043572  0.016103  0.015454
                                 0.247714 -0.144664  0.033508  0.078754  0.948711 -0.000156  0.000014  0.000715  0.000076 -0.002397
                                 0.000045  0.024991 -0.000222  0.050946 -0.000445  0.000024  0.000004 -0.000055  0.000009  0.000345
                                 0.000017  0.012723 -0.000012  0.000093 -0.000003  0.000018 -0.000479 -0.000007  0.000048  0.002325
                                 0.000019 -0.000133  0.000937 -0.001288 -0.222276 -0.521349 -0.000716  0.036111  0.187331 -0.004285
                                 0.000002 -0.027052  0.000028

                                   1 2py     1 2py     1 2py     1 2py     1 2py     1 2py     1 2py     1 2py     1 2py     1 2py  
                                   1 2py     1 2py     1 2py     1 2py     1 2py     1 2py     1 2py     1 2py     1 2py     1 2py  
                                   1 2py     1 3d1-    1 3d1-    1 3d1-    1 3d1-    1 3d1-    1 3d1-    1 3d1-    1 3d1-    1 3d1- 
                                   1 3d1-    1 3d1-    1 3d1-    1 3d1-    1 3d1-    1 4f1-    1 4f3-    1 4f1-    1 4f3-    1 4f1- 
                                   1 4f3-    1 4f1-    1 4f3-    1 4f1-    1 4f3-    1 5g1-    1 5g3-    1 5g1-    1 5g3-    1 5g1- 
                                   1 5g3-    1 5g1-    1 5g3-    1 6h1-    1 6h3-    1 6h5-    1 6h1-    1 6h3-    1 6h5-    1 6h1- 
                                   1 6h3-    1 6h5-    2 2py     2 2py     2 2py     2 2py     2 3d1-    2 3d1-    2 3d1-    2 4f1- 
                                   2 4f3-    2 4f1-    2 4f3- 

   1.3   2    -3.1693  -23.2074 -0.000000  0.000001 -0.000004  0.000018 -0.000071  0.000268 -0.001181  0.008039 -0.031412 -0.030001
                                -0.101996  0.220110  0.440468  0.360799  0.158780  0.016872 -0.001644  0.000785  0.074312 -0.043122
                                -0.000238  0.000000 -0.000000  0.000010  0.000126  0.000697  0.002578  0.001425 -0.001189 -0.001204
                                 0.000172 -0.000216 -0.000791 -0.001649  0.000026  0.000193 -0.000738 -0.000104 -0.001428  0.000905
                                -0.002943  0.000795 -0.002145 -0.000009 -0.000186  0.000027  0.000000  0.000060  0.000001  0.000183
                                 0.000009  0.000038  0.000018  0.000030 -0.000012 -0.000080  0.000109 -0.000024 -0.000169  0.000087
                                -0.000001  0.000045  0.000485  0.001125  0.000278  0.000385 -0.000454 -0.000533 -0.000013  0.000304
                                -0.000001  0.000079  0.000012

   2.3   2    -0.5264  -16.5700 -0.000000  0.000000 -0.000000  0.000000 -0.000000  0.000001 -0.000004  0.000024 -0.000103  0.000036
                                 0.001288 -0.000136 -0.004043  0.002351 -0.004079 -0.011072 -0.002594  0.000388 -0.001129  0.005152
                                -0.000104 -0.000008  0.000125  0.002349  0.053191  0.156798  0.279923  0.310102  0.291391  0.217408
                                 0.097807  0.014300 -0.028928 -0.027157 -0.000772  0.000111  0.000001  0.000103  0.000005  0.000449
                                 0.000015 -0.002118  0.000040 -0.004690  0.000055 -0.000209 -0.000047 -0.000492 -0.000084  0.000182
                                -0.000186  0.000772 -0.000233  0.000047  0.000000 -0.000000  0.000158 -0.000002 -0.000000  0.000298
                                 0.000007  0.000002  0.004024  0.009199  0.011853  0.001268 -0.002069 -0.002359 -0.000182  0.000894
                                -0.000007 -0.000278 -0.000056

   3.3   0     0.0249   -2.2652  0.000000 -0.000000  0.000001 -0.000004  0.000016 -0.000054  0.000182 -0.000731  0.002681 -0.006538
                                -0.081081  0.038528  0.170955 -0.054265  0.022264 -0.087718  0.114048 -0.376955  0.072139 -0.194210
                                 1.173031  0.000000 -0.000001  0.000025  0.000247  0.001672  0.007104  0.004347  0.001089 -0.014903
                                -0.040286 -0.044983 -0.002514 -0.005737 -0.124274  0.000044 -0.000008 -0.000150 -0.000043  0.000601
                                -0.000026 -0.008157  0.000113 -0.010548  0.000245 -0.000022  0.000001  0.000073  0.000003 -0.000224
                                 0.000003 -0.003509  0.000003 -0.000040  0.000002  0.000010  0.000170  0.000004  0.000027 -0.000774
                                -0.000010 -0.000072 -0.000224  0.006579  0.053745  0.163733  0.000258 -0.011650 -0.046446  0.001108
                                 0.000000  0.009273 -0.000025

   4.3   0     0.0796   -2.8819  0.000000 -0.000000  0.000001 -0.000006  0.000024 -0.000078  0.000224 -0.000395  0.001046 -0.018281
                                -0.185526  0.118594  0.440793 -0.056872  0.073049 -0.150736  0.261093 -1.390344  0.162595 -0.426009
                                 1.008597 -0.000002  0.000017 -0.000179 -0.000874 -0.011946 -0.062166 -0.034427  0.011188 -0.043445
                                 0.114196 -0.174966  0.024059  0.056039  0.715402 -0.000013  0.000015 -0.000039  0.000080  0.000114
                                 0.000048 -0.001916 -0.000232  0.012903 -0.000477 -0.000041 -0.000004  0.000208 -0.000012 -0.000646
                                -0.000016 -0.000684  0.000002 -0.000037 -0.000003 -0.000019  0.000182 -0.000007 -0.000050 -0.000675
                                 0.000020  0.000139 -0.003538  0.011933 -0.063470  0.002508  0.000566 -0.005302  0.022130 -0.000173
                                -0.000002  0.005862  0.000054

   5.3   0     0.0851   -2.8456 -0.000000  0.000000 -0.000001  0.000005 -0.000017  0.000054 -0.000149  0.000175 -0.000304  0.013947
                                 0.138038 -0.090682 -0.324759  0.029269 -0.048012  0.380796  0.243569  1.115202 -0.120814  0.308933
                                -0.642508 -0.000003  0.000026 -0.000214 -0.000368 -0.014319 -0.083294 -0.043572  0.016103  0.015454
                                 0.247714 -0.144664  0.033508  0.078754  0.948711 -0.000156 -0.000014  0.000715 -0.000076 -0.002397
                                -0.000045  0.024991  0.000222  0.050946  0.000445  0.000024 -0.000004 -0.000055 -0.000009  0.000345
                                -0.000017  0.012723  0.000012  0.000093  0.000003  0.000018 -0.000479  0.000007  0.000048  0.002325
                                -0.000019 -0.000133  0.000937 -0.001288 -0.222276 -0.521349 -0.000716  0.036111  0.187331 -0.004285
                                -0.000002 -0.027052 -0.000028

                                   1 3d2-    1 3d2-    1 3d2-    1 3d2-    1 3d2-    1 3d2-    1 3d2-    1 3d2-    1 3d2-    1 3d2- 
                                   1 3d2-    1 3d2-    1 3d2-    1 3d2-    1 4f2-    1 4f2-    1 4f2-    1 4f2-    1 4f2-    1 5g2- 
                                   1 5g4-    1 5g2-    1 5g4-    1 5g2-    1 5g4-    1 5g2-    1 5g4-    1 6h4-    1 6h2-    1 6h4- 
                                   1 6h2-    1 6h4-    1 6h2-    2 3d2-    2 3d2-    2 3d2-    2 4f2-    2 4f2- 

   1.4   +    -0.6018  -16.9075 -0.000008  0.000129  0.002410  0.054664  0.160998  0.286888  0.319375  0.295127  0.207463  0.082784
                                 0.008264 -0.028948 -0.026165 -0.000287  0.000047  0.000081 -0.000363 -0.003219 -0.003205 -0.000341
                                 0.000000 -0.000988  0.000000 -0.000998  0.000000 -0.000135 -0.000000 -0.000000  0.000039 -0.000000
                                 0.000061  0.000000  0.000148  0.000522  0.001144  0.000223 -0.000555  0.000160

   2.4   0     0.0829   -2.1998 -0.000005  0.000041 -0.000316 -0.000245 -0.021101 -0.125927 -0.064439  0.030872 -0.063770  0.124321
                                -0.344215  0.051311  0.120082  1.184664 -0.000052  0.000190 -0.000541  0.002088 -0.006324  0.000005
                                -0.000000  0.000046 -0.000000 -0.000041  0.000000  0.000270 -0.000000  0.000000  0.000001  0.000000
                                -0.000008 -0.000000  0.000016  0.000396 -0.001506  0.005903 -0.000171  0.001239

   3.4   0     0.2719   -3.4224  0.000018 -0.000151  0.000412 -0.011531  0.027881  0.318847  0.126157 -0.160475  0.165534 -0.370306
                                 1.625987 -0.149488 -0.360184 -0.805590 -0.000004 -0.000102  0.000085 -0.001283  0.012318  0.000007
                                -0.000000  0.000267 -0.000000 -0.000386  0.000000  0.000098 -0.000000  0.000000 -0.000036 -0.000000
                                 0.000125 -0.000000 -0.000435 -0.002582  0.013392 -0.076396  0.000447  0.002927

   4.4   0     0.7159   -3.7836 -0.000007  0.000046 -0.000515 -0.002877 -0.034483 -0.176277 -0.099812  0.032406 -0.123190 -0.605935
                                -0.528984  0.067172  0.157887  0.144154  0.001678 -0.003944  0.018820 -0.037057 -0.249144  0.001489
                                -0.000000 -0.005235 -0.000000  0.018574 -0.000000 -0.053325 -0.000000  0.000000  0.000206  0.000000
                                -0.000952 -0.000000  0.003450  0.022725 -0.093528  1.738270  0.003954 -0.215576

 HOMO      5.1    -0.309650 =      -8.4260eV
 LUMO      6.1     0.009477 =       0.2579eV
 LUMO-HOMO         0.319128 =       8.6839eV


 **********************************************************************************************************************************
 DATASETS  * FILE   NREC   LENGTH (MB)   RECORD NAMES
              1      20      810.42       500      610      700      900      950      970     1000      129      960     1100   
                                          VAR    BASINP    GEOM    SYMINP    ZMAT    AOBASIS   BASIS     P2S    ABASIS      S 
                                         1400     1410     1420     1200     1210     1080     1600     1650     1300     1700   
                                           T        V       ECP      H0       H01     AOSYM     SMH    MOLCAS    ERIS     OPER   

              2       4        3.60       700     1000      520     2100   
                                         GEOM     BASIS   MCVARS     RHF  

 PROGRAMS   *        TOTAL       RHF       INT
 CPU TIMES  *        75.99     15.30     60.61
 REAL TIME  *        81.04 SEC
 DISK USED  *         2.83 GB      
 **********************************************************************************************************************************
 SETTING SCF(1)         =      -169.50524463  AU                              
 SETTING _CC_NORM_MAX   =         2.00000000                                  


1PROGRAM * CCSD (Restricted open-shell coupled cluster)     Authors: C. Hampel, H.-J. Werner, 1991, M. Deegan, P.J. Knowles, 1992


 Convergence thresholds:  THRVAR = 1.00D-08  THRDEN = 1.00D-06

 CCSD(T)     terms to be evaluated (factor= 1.000)


 Number of closed-shell orbitals:   9 (   5   2   2   0 )
 Number of active  orbitals:        1 (   0   0   0   1 )
 Number of external orbitals:     300 ( 121  71  71  37 )

 Memory could be reduced to 124.00 Mwords without degradation in triples

 Number of N-1 electron functions:              19
 Number of N-2 electron functions:             171
 Number of singly external CSFs:              1816
 Number of doubly external CSFs:           3058231
 Total number of CSFs:                     3060047

 Molecular orbitals read from record     2100.2  Type=RHF/CANONICAL (state 1.4)

 Integral transformation finished. Total CPU:   4.97 sec, npass=  1  Memory used:  10.79 MW

 Starting RMP2 calculation

 Wavefunction is spin-projected

 ITER.      SQ.NORM     CORR.ENERGY   TOTAL ENERGY   ENERGY CHANGE        DEN1      VAR(S)    VAR(P)  DIIS     TIME
   1      1.15382501    -1.04586669  -170.55111131    -1.04586669    -0.00140518  0.10D-05  0.65D-03  1  1     5.17
   2      1.15539759    -1.04735013  -170.55259476    -0.00148344    -0.00000688  0.49D-07  0.57D-05  2  2     5.35
   3      1.15552886    -1.04741684  -170.55266147    -0.00006671    -0.00000005  0.34D-08  0.40D-07  3  3     5.55
   4      1.15553492    -1.04741825  -170.55266287    -0.00000140    -0.00000000  0.25D-09  0.37D-09  4  4     5.76
   5      1.15553511    -1.04741826  -170.55266288    -0.00000001    -0.00000000  0.26D-11  0.71D-11  5  5     6.00

 Norm of t1 vector:      0.02033729      S-energy:    -0.00299825      T1 diagnostic:  0.00004526
 Norm of t2 vector:      0.39385467      P-energy:    -1.04442001
                                         Alpha-Beta:  -0.73058760
                                         Alpha-Alpha: -0.17631944
                                         Beta-Beta:   -0.13751296

 Spin contamination <S**2-Sz**2-Sz>     0.00000000
  Reference energy                   -169.505244625573
  RHF-RMP2 correlation energy          -1.047418256724
 !RHF-RMP2 energy                    -170.552662882296
 (NB above energy spin projected)

 Starting RCCSD calculation

 ITER.      SQ.NORM     CORR.ENERGY   TOTAL ENERGY   ENERGY CHANGE        DEN1      VAR(S)    VAR(P)  DIIS     TIME
   1      1.11523787    -0.90782588  -170.41307051    -0.90782588    -0.06216147  0.10D-01  0.11D-01  0  0    15.33
   2      1.13675213    -0.96317462  -170.46841925    -0.05534874    -0.01151073  0.22D-02  0.29D-02  1  1    24.61
   3      1.13647186    -0.95038224  -170.45562687     0.01279238    -0.00072938  0.54D-03  0.13D-03  2  2    33.92
   4      1.14009849    -0.95125953  -170.45650415    -0.00087728    -0.00024140  0.19D-03  0.47D-04  3  3    43.26
   5      1.14662681    -0.95293934  -170.45818397    -0.00167982    -0.00004561  0.54D-04  0.56D-05  4  4    52.61
   6      1.14930372    -0.95319672  -170.45844135    -0.00025738    -0.00001633  0.19D-04  0.21D-05  5  5    61.95
   7      1.15115838    -0.95326781  -170.45851244    -0.00007109    -0.00000618  0.71D-05  0.69D-06  6  6    71.13
   8      1.15240188    -0.95328283  -170.45852745    -0.00001502    -0.00000211  0.20D-05  0.30D-06  6  1    80.38
   9      1.15322429    -0.95330056  -170.45854519    -0.00001773    -0.00000040  0.21D-06  0.10D-06  6  2    89.65
  10      1.15341617    -0.95330134  -170.45854597    -0.00000078    -0.00000008  0.48D-07  0.21D-07  6  3    98.99
  11      1.15339107    -0.95329875  -170.45854338     0.00000259    -0.00000002  0.11D-07  0.42D-08  6  4   109.07
  12      1.15342400    -0.95330103  -170.45854565    -0.00000227    -0.00000000  0.25D-08  0.13D-08  6  5   118.13
  13      1.15341366    -0.95329807  -170.45854270     0.00000295    -0.00000000  0.69D-09  0.20D-09  6  6   127.01
  14      1.15341578    -0.95329915  -170.45854377    -0.00000108    -0.00000000  0.19D-09  0.47D-10  6  1   135.74
  15      1.15341805    -0.95329915  -170.45854378    -0.00000001    -0.00000000  0.81D-10  0.16D-10  6  2   144.71

 Norm of t1 vector:      0.15229887      S-energy:    -0.00328955      T1 diagnostic:  0.02415109
                                                                       D1 diagnostic:  0.08408495
 Norm of t2 vector:      0.36086439      P-energy:    -0.95000960
                                         Alpha-Beta:  -0.69348459
                                         Alpha-Alpha: -0.14313267
                                         Beta-Beta:   -0.11339234

 Singles amplitudes (print threshold =  0.500E-01):

         I         SYM. A    A   T(IA) [Beta-Beta]

         5         1         3      0.05325671

 Spin contamination <S**2-Sz**2-Sz>     0.00000000

 Memory could be reduced to 129.59 Mwords without degradation in triples
 

  Correlated core orbitals:             1.1       2.1       1.2       1.3
  Orbital energies:                    -5.0068   -3.2003   -3.2546   -3.2546
 
  RCCSD core-core energy               -0.140025016031
  RCCSD core-valence energy            -0.363187310778
  RCCSD valence correlation energy     -0.450086827784
 

 RESULTS
 =======

  Reference energy                   -169.505244625573
  RCCSD singles energy                 -0.003289550405
  RCCSD pair energy                    -0.950009604188
  RCCSD correlation energy             -0.953299154593
  Triples (T) contribution             -0.038190675598
  Total correlation energy             -0.991489830190
 
  RHF-RCCSD energy                   -170.458543780166
  RHF-RCCSD[T] energy                -170.501366749248
  RHF-RCCSD-T energy                 -170.496404123360
 !RHF-RCCSD(T) energy                -170.496734455763

 Program statistics:

 Available memory in ccsd:               511999000
 Min. memory needed in ccsd:               9001831
 Max. memory used in ccsd:                12751521
 Max. memory used in cckext:              10348822 (15 integral passes)
 Max. memory used in cckint:              10785071 ( 1 integral passes)



 **********************************************************************************************************************************
 DATASETS  * FILE   NREC   LENGTH (MB)   RECORD NAMES
              1      20      810.42       500      610      700      900      950      970     1000      129      960     1100   
                                          VAR    BASINP    GEOM    SYMINP    ZMAT    AOBASIS   BASIS     P2S    ABASIS      S 
                                         1400     1410     1420     1200     1210     1080     1600     1650     1300     1700   
                                           T        V       ECP      H0       H01     AOSYM     SMH    MOLCAS    ERIS     OPER   

              2       4        3.60       700     1000      520     2100   
                                         GEOM     BASIS   MCVARS     RHF  

 PROGRAMS   *        TOTAL  RCCSD(T)       RHF       INT
 CPU TIMES  *       531.17    455.17     15.30     60.61
 REAL TIME  *       551.77 SEC
 DISK USED  *         2.89 GB      
 **********************************************************************************************************************************
 SETTING CCSD(1)        =      -170.49673446  AU                              

Geometry recognized as XYZ



 Recomputing integrals since geometry and symmetry changed


 Using spherical harmonics


1PROGRAM * SEWARD (Integral evaluation for generally contracted gaussian basis sets)     Author: Roland Lindh, 1990

 Geometry written to block  1 of record 701

 Orientation using atomic masses  
 Molecule type: Atom
 Symmetry elements: X,Y,Z
 Rotational constants:       0.0000000      0.0000000      0.0000000 GHz  (calculated with average atomic masses)

 Point group  D2h 



 ATOMIC COORDINATES

 NR  ATOM    CHARGE       X              Y              Z

   1  NI     18.00    0.000000000    0.000000000    0.000000000

 NUCLEAR CHARGE:                   18
 NUMBER OF PRIMITIVE AOS:         345
 NUMBER OF SYMMETRY AOS:          262
 NUMBER OF CONTRACTIONS:          262   (  65Ag  +  40B3u +  40B2u +  22B1g +  40B1u +  22B2g +  22B3g +  11Au  )
 NUMBER OF CORE ORBITALS:           4   (   1Ag  +   1B3u +   1B2u +   0B1g +   1B1u +   0B2g +   0B3g +   0Au  )
 NUMBER OF VALENCE ORBITALS:        6   (   3Ag  +   0B3u +   0B2u +   1B1g +   0B1u +   1B2g +   1B3g +   0Au  )

 MOLECULE CHANGED: INITIALIZING OCCUPATION AND DUMP RECORDS


 NUCLEAR REPULSION ENERGY    0.00000000

 EXTRA SYMMETRY OF AOS IN SYMMETRY 1:   1 1 1 1 1 1 1 1 1 1   1 1 1 1 1 1 1 1 1 1   1 1 1 1 1 2 3 2 3 2   3 2 3 2 3 2 3 2 3 2
                                        3 2 3 2 3 2 3 2 3 2   3 2 3 4 5 6 4 5 6 4   5 6 4 5 6
 EXTRA SYMMETRY OF AOS IN SYMMETRY 2:   1 1 1 1 1 1 1 1 1 1   1 1 1 1 1 1 1 1 1 1   1 2 3 2 3 2 3 2 3 2   3 4 5 6 4 5 6 4 5 6
 EXTRA SYMMETRY OF AOS IN SYMMETRY 3:   1 1 1 1 1 1 1 1 1 1   1 1 1 1 1 1 1 1 1 1   1 2 3 2 3 2 3 2 3 2   3 4 5 6 4 5 6 4 5 6
 EXTRA SYMMETRY OF AOS IN SYMMETRY 4:   1 1 1 1 1 1 1 1 1 1   1 1 1 1 2 3 2 3 2 3   2 3
 EXTRA SYMMETRY OF AOS IN SYMMETRY 5:   1 1 1 1 1 1 1 1 1 1   1 1 1 1 1 1 1 1 1 1   1 2 3 2 3 2 3 2 3 2   3 4 5 6 4 5 6 4 5 6
 EXTRA SYMMETRY OF AOS IN SYMMETRY 6:   1 1 1 1 1 1 1 1 1 1   1 1 1 1 2 3 2 3 2 3   2 3
 EXTRA SYMMETRY OF AOS IN SYMMETRY 7:   1 1 1 1 1 1 1 1 1 1   1 1 1 1 2 3 2 3 2 3   2 3
 EXTRA SYMMETRY OF AOS IN SYMMETRY 8:   1 1 1 1 1 2 3 2 3 2   3

 Eigenvalues of metric

         1 0.635E-06 0.898E-05 0.207E-04 0.207E-04 0.283E-03 0.747E-03 0.747E-03 0.824E-03
         2 0.922E-06 0.107E-04 0.484E-03 0.198E-02 0.535E-02 0.126E-01 0.235E-01 0.411E-01
         3 0.922E-06 0.107E-04 0.484E-03 0.198E-02 0.535E-02 0.126E-01 0.235E-01 0.411E-01
         4 0.207E-04 0.747E-03 0.976E-02 0.354E-01 0.721E-01 0.148E+00 0.158E+00 0.158E+00
         5 0.922E-06 0.107E-04 0.484E-03 0.198E-02 0.535E-02 0.126E-01 0.235E-01 0.411E-01
         6 0.207E-04 0.747E-03 0.976E-02 0.354E-01 0.721E-01 0.148E+00 0.158E+00 0.158E+00
         7 0.207E-04 0.747E-03 0.976E-02 0.354E-01 0.721E-01 0.148E+00 0.158E+00 0.158E+00
         8 0.111E+00 0.271E+00 0.271E+00 0.349E+00 0.777E+00 0.887E+00 0.887E+00 0.149E+01


 Contracted 2-electron integrals neglected if value below      1.0D-13
 AO integral compression algorithm  1   Integral accuracy      1.0D-13

     468.976 MB (compressed) written to integral file ( 48.1%)


 NUMBER OF SORTED TWO-ELECTRON INTEGRALS:   76744857.     BUFFER LENGTH:  32768
 NUMBER OF SEGMENTS:   5  SEGMENT LENGTH:   15998535      RECORD LENGTH: 524288

 Memory used in sort:      16.56 MW

 SORT1 READ   121794176. AND WROTE    46352598. INTEGRALS IN    135 RECORDS. CPU TIME:     2.52 SEC, REAL TIME:     2.97 SEC
 SORT2 READ    46352598. AND WROTE    76744857. INTEGRALS IN   1789 RECORDS. CPU TIME:     1.16 SEC, REAL TIME:     1.46 SEC

 FILE SIZES:   FILE 1:   478.3 MBYTE,  FILE 4:   566.3 MBYTE,   TOTAL:   1044.6 MBYTE

 OPERATOR DM      FOR CENTER  0  COORDINATES:    0.000000    0.000000    0.000000


 **********************************************************************************************************************************
 DATASETS  * FILE   NREC   LENGTH (MB)   RECORD NAMES
              1      21      275.19       500      610      700      701      900      950      970     1001      129      960   
                                          VAR    BASINP    GEOM     GEOM    SYMINP    ZMAT    AOBASIS   BASIS     P2S    ABASIS    
                                         1100     1400     1410     1420     1200     1210     1080     1600     1650     1300   
                                           S        T        V       ECP      H0       H01     AOSYM     SMH    MOLCAS    ERIS   
                                         1700   
                                         OPER   

              2       6        4.17       700     1000      520     2100      701     1001   
                                         GEOM     BASIS   MCVARS     RHF     GEOM     BASIS   

 PROGRAMS   *        TOTAL       INT  RCCSD(T)       RHF       INT
 CPU TIMES  *       562.88     31.71    455.17     15.30     60.61
 REAL TIME  *       584.90 SEC
 DISK USED  *         2.89 GB      
 **********************************************************************************************************************************

1PROGRAM * RHF-SCF (OPEN SHELL)       Authors: W. Meyer, H.-J. Werner


 NUMBER OF ELECTRONS:      10+    8-    SPACE SYMMETRY=6    SPIN SYMMETRY: Triplet 
 CONVERGENCE THRESHOLDS:    1.00E-05 (Density)    1.00E-07 (Energy)
 MAX. NUMBER OF ITERATIONS:       60
 INTERPOLATION TYPE:            DIIS
 INTERPOLATION STEPS:              2 (START)      1 (STEP)
 LEVEL SHIFTS:                 -0.30 (CLOSED)  0.00 (OPEN) 


 Singly occupied orbitals:      1.4       1.7
 
 Extra symmetries of mos in symmetry 1:   1   1   3   2
 Orbital guess generated from atomic densities. Full valence occupancy:    4   1   1   1   1   1   1   0


 Molecular orbital dump at record        2101.2

 ITERATION    DDIFF          GRAD             ENERGY        2-EL.EN.            DIPOLE MOMENTS         DIIS   ORB.
    1      0.000D+00      0.000D+00      -167.65314923    230.453421    0.00000    0.00000    0.00000    0    start
    2      0.000D+00      0.893D-01      -168.36124034    284.841146    0.00000    0.00000    0.00000    1    diag,B
    3      0.695D-01      0.813D-01      -169.04233086    267.695794    0.00000    0.00000    0.00000    2    diag,B
    4      0.498D-01      0.107D-01      -169.05992335    265.513703    0.00000    0.00000    0.00000    3    diag,B
    5      0.148D-01      0.115D-02      -169.06149185    265.667850    0.00000    0.00000    0.00000    4    diag,B
    6      0.345D-02      0.365D-03      -169.06181986    265.830483    0.00000    0.00000    0.00000    5    diag,B
    7      0.139D-02      0.126D-03      -169.06187430    265.879083    0.00000    0.00000    0.00000    6    fixocc
    8      0.708D-03      0.390D-04      -169.06187881    265.893213    0.00000    0.00000    0.00000    7    diag,B
    9      0.211D-03      0.832D-05      -169.06187887    265.894076    0.00000    0.00000    0.00000    8    diag,B
   10      0.538D-04      0.104D-05      -169.06187887    265.894062    0.00000    0.00000    0.00000    9    orth
   11      0.422D-05      0.149D-06      -169.06187887    265.894059    0.00000    0.00000    0.00000    0    orth

 Final alpha occupancy:   4   1   1   1   1   1   1   0
 Final beta  occupancy:   4   1   1   0   1   1   0   0

 !RHF STATE 1.6 Energy               -169.061878868503
 Nuclear energy                         0.00000000
 One-electron energy                 -302.00890856
 Two-electron energy                  132.94702969
 Virial quotient                       -1.59028002
 !RHF STATE 1.6 Dipole moment           0.00000000     0.00000000     0.00000000
 Dipole moment /Debye                   0.00000000     0.00000000     0.00000000

 Orbital energies:

         1.1          2.1          3.1          4.1          5.1          6.1
     -5.096715    -0.281134    -0.704067    -0.644199     0.029838     0.082059

         1.2          2.2          3.2
     -3.302735     0.022375     0.070854

         1.3          2.3          3.3
     -3.311214     0.020991     0.067127

         1.4          2.4          3.4
     -0.770425     0.082051     0.262864

         1.5          2.5          3.5
     -3.302735     0.022375     0.070854

         1.6          2.6          3.6
     -0.644199     0.082378     0.265756

         1.7          2.7          3.7
     -0.770425     0.082051     0.262864

         1.8          2.8
      0.814293     2.423872

 HOMO      1.6    -0.644199 =     -17.5296eV
 LUMO      2.3     0.020991 =       0.5712eV
 LUMO-HOMO         0.665190 =      18.1007eV


 **********************************************************************************************************************************
 DATASETS  * FILE   NREC   LENGTH (MB)   RECORD NAMES
              1      21      275.19       500      610      700      701      900      950      970     1001      129      960   
                                          VAR    BASINP    GEOM     GEOM    SYMINP    ZMAT    AOBASIS   BASIS     P2S    ABASIS    
                                         1100     1400     1410     1420     1200     1210     1080     1600     1650     1300   
                                           S        T        V       ECP      H0       H01     AOSYM     SMH    MOLCAS    ERIS   
                                         1700   
                                         OPER   

              2       7        6.97       700     1000      520     2100      701     1001     2101   
                                         GEOM     BASIS   MCVARS     RHF     GEOM     BASIS     RHF  

 PROGRAMS   *        TOTAL       RHF       INT  RCCSD(T)       RHF       INT
 CPU TIMES  *       564.98      2.10     31.71    455.17     15.30     60.61
 REAL TIME  *       587.28 SEC
 DISK USED  *         2.89 GB      
 **********************************************************************************************************************************
 SETTING NI_SCF         =      -169.06187887  AU                              
 SETTING _CC_NORM_MAX   =         2.00000000                                  


1PROGRAM * CCSD (Restricted open-shell coupled cluster)     Authors: C. Hampel, H.-J. Werner, 1991, M. Deegan, P.J. Knowles, 1992


 Convergence thresholds:  THRVAR = 1.00D-08  THRDEN = 1.00D-06

 CCSD(T)     terms to be evaluated (factor= 1.000)


 Number of closed-shell orbitals:   8 (   4   1   1   0   1   1   0   0 )
 Number of active  orbitals:        2 (   0   0   0   1   0   0   1   0 )
 Number of external orbitals:     252 (  61  39  39  21  39  21  21  11 )

 Memory could be reduced to 41.90 Mwords without degradation in triples

 Number of N-1 electron functions:              18
 Number of N-2 electron functions:             153
 Number of singly external CSFs:               808
 Number of doubly external CSFs:           1001480
 Total number of CSFs:                     1002288

 Molecular orbitals read from record     2101.2  Type=RHF/CANONICAL (state 1.6)

 Integral transformation finished. Total CPU:   1.02 sec, npass=  1  Memory used:   7.13 MW

 Starting RMP2 calculation

 Wavefunction is spin-projected

 ITER.      SQ.NORM     CORR.ENERGY   TOTAL ENERGY   ENERGY CHANGE        DEN1      VAR(S)    VAR(P)  DIIS     TIME
   1      1.11391096    -0.88528870  -169.94716757    -0.88528870    -0.00111429  0.91D-06  0.72D-03  1  1     1.08
   2      1.11574088    -0.88646650  -169.94834537    -0.00117780    -0.00001501  0.10D-06  0.15D-04  2  2     1.13
   3      1.11601989    -0.88657585  -169.94845471    -0.00010934    -0.00000009  0.13D-07  0.71D-07  3  3     1.19
   4      1.11603245    -0.88657904  -169.94845791    -0.00000320    -0.00000000  0.67D-09  0.11D-08  4  4     1.25
   5      1.11603278    -0.88657899  -169.94845786     0.00000005    -0.00000000  0.20D-10  0.22D-10  5  5     1.32

 Norm of t1 vector:      0.02860256      S-energy:    -0.00572480      T1 diagnostic:  0.00007237
 Norm of t2 vector:      0.33943288      P-energy:    -0.88085419
                                         Alpha-Beta:  -0.62348224
                                         Alpha-Alpha: -0.16096762
                                         Beta-Beta:   -0.09640433

 Spin contamination <S**2-Sz**2-Sz>     0.00000000
  Reference energy                   -169.061878868503
  RHF-RMP2 correlation energy          -0.886578989872
 !RHF-RMP2 energy                    -169.948457858376
 (NB above energy spin projected)

 Starting RCCSD calculation

 ITER.      SQ.NORM     CORR.ENERGY   TOTAL ENERGY   ENERGY CHANGE        DEN1      VAR(S)    VAR(P)  DIIS     TIME
   1      1.10630522    -0.82361566  -169.88549453    -0.82361566    -0.02718461  0.52D-02  0.44D-02  0  0     3.07
   2      1.12331360    -0.84802533  -169.90990420    -0.02440967    -0.00311406  0.54D-03  0.10D-02  1  1     4.82
   3      1.12860134    -0.84614086  -169.90801973     0.00188447    -0.00062746  0.29D-03  0.24D-03  2  2     6.59
   4      1.13654919    -0.84860008  -169.91047895    -0.00245922    -0.00011193  0.30D-04  0.47D-04  3  3     8.36
   5      1.14106854    -0.84979312  -169.91167199    -0.00119304    -0.00003091  0.11D-05  0.14D-04  4  4    10.11
   6      1.14304199    -0.85003292  -169.91191179    -0.00023980    -0.00001239  0.35D-05  0.52D-05  5  5    11.92
   7      1.14320517    -0.85004145  -169.91192032    -0.00000852    -0.00000312  0.12D-05  0.11D-05  6  6    13.69
   8      1.14306638    -0.85001724  -169.91189611     0.00002421    -0.00000060  0.40D-06  0.16D-06  6  1    15.45
   9      1.14296174    -0.84999981  -169.91187867     0.00001743    -0.00000006  0.33D-07  0.25D-07  6  2    17.24
  10      1.14294353    -0.85000258  -169.91188145    -0.00000278    -0.00000001  0.33D-08  0.41D-08  6  4    19.00
  11      1.14294649    -0.85000228  -169.91188115     0.00000030    -0.00000000  0.14D-09  0.60D-09  6  3    20.78

 Norm of t1 vector:      0.12062813      S-energy:    -0.00610426      T1 diagnostic:  0.01899645
                                                                       D1 diagnostic:  0.06610750
 Norm of t2 vector:      0.35832297      P-energy:    -0.84389802
                                         Alpha-Beta:  -0.61705649
                                         Alpha-Alpha: -0.13905169
                                         Beta-Beta:   -0.08778984

 Singles amplitudes (print threshold =  0.500E-01):

         I         SYM. A    A   T(IA) [Alpha-Alpha]

         2         1         4     -0.05602506

 Doubles amplitudes (print threshold =  0.500E-01):

         I         J         SYM. A    SYM. B    A         B      T(IJ, AB) [Beta-Beta]

         9         4         4         7         1         1     -0.07475155
         9         4         7         4         1         1      0.07475155
 
         I         J         SYM. A    SYM. B    A         B      T(IJ, AB) [Alpha-Beta]

         2         2         2         2         2         2     -0.05188070
         2         2         3         3         2         2     -0.05480357
         2         2         5         5         2         2     -0.05188070

 Spin contamination <S**2-Sz**2-Sz>     0.00000000

 Memory could be reduced to 40.79 Mwords without degradation in triples
 

  Correlated core orbitals:             1.1       1.2       1.3       1.5
  Orbital energies:                    -5.2013   -3.4034   -3.4877   -3.4034
 
  RCCSD core-core energy               -0.144868343247
  RCCSD core-valence energy            -0.353275316639
  RCCSD valence correlation energy     -0.351858624482
 

 RESULTS
 =======

  Reference energy                   -169.061878868503
  RCCSD singles energy                 -0.006104264866
  RCCSD pair energy                    -0.843898019502
  RCCSD correlation energy             -0.850002284369
  Triples (T) contribution             -0.027833439018
  Total correlation energy             -0.877835723387
 
  RHF-RCCSD energy                   -169.911881152872
  RHF-RCCSD[T] energy                -169.941356641245
  RHF-RCCSD-T energy                 -169.939337324593
 !RHF-RCCSD(T) energy                -169.939714591890

 Program statistics:

 Available memory in ccsd:               511999000
 Min. memory needed in ccsd:               3003857
 Max. memory used in ccsd:                 4221029
 Max. memory used in cckext:               3211541 (11 integral passes)
 Max. memory used in cckint:               7128820 ( 1 integral passes)



 **********************************************************************************************************************************
 DATASETS  * FILE   NREC   LENGTH (MB)   RECORD NAMES
              1      21      275.19       500      610      700      701      900      950      970     1001      129      960   
                                          VAR    BASINP    GEOM     GEOM    SYMINP    ZMAT    AOBASIS   BASIS     P2S    ABASIS    
                                         1100     1400     1410     1420     1200     1210     1080     1600     1650     1300   
                                           S        T        V       ECP      H0       H01     AOSYM     SMH    MOLCAS    ERIS   
                                         1700   
                                         OPER   

              2       7        6.97       700     1000      520     2100      701     1001     2101   
                                         GEOM     BASIS   MCVARS     RHF     GEOM     BASIS     RHF  

 PROGRAMS   *        TOTAL  RCCSD(T)       RHF       INT  RCCSD(T)       RHF       INT
 CPU TIMES  *       641.09     76.11      2.10     31.71    455.17     15.30     60.61
 REAL TIME  *       667.51 SEC
 DISK USED  *         2.89 GB      
 **********************************************************************************************************************************
 SETTING NI_CCSD        =      -169.93971459  AU                              

Geometry recognized as XYZ



 Recomputing integrals since geometry and symmetry changed


 Using spherical harmonics


1PROGRAM * SEWARD (Integral evaluation for generally contracted gaussian basis sets)     Author: Roland Lindh, 1990

 Geometry written to block  1 of record 702

 Orientation using atomic masses  
 Molecule type: Atom
 Symmetry elements: X,Y,Z
 Rotational constants:       0.0000000      0.0000000      0.0000000 GHz  (calculated with average atomic masses)

 Point group  D2h 



 ATOMIC COORDINATES

 NR  ATOM    CHARGE       X              Y              Z

   1  H       1.00    0.000000000    0.000000000    0.000000000

 NUCLEAR CHARGE:                    1
 NUMBER OF PRIMITIVE AOS:          57
 NUMBER OF SYMMETRY AOS:           48
 NUMBER OF CONTRACTIONS:           48   (  13Ag  +   8B3u +   8B2u +   3B1g +   8B1u +   3B2g +   3B3g +   2Au  )
 NUMBER OF CORE ORBITALS:           0   (   0Ag  +   0B3u +   0B2u +   0B1g +   0B1u +   0B2g +   0B3g +   0Au  )
 NUMBER OF VALENCE ORBITALS:        1   (   1Ag  +   0B3u +   0B2u +   0B1g +   0B1u +   0B2g +   0B3g +   0Au  )

 MOLECULE CHANGED: INITIALIZING OCCUPATION AND DUMP RECORDS


 NUCLEAR REPULSION ENERGY    0.00000000

 EXTRA SYMMETRY OF AOS IN SYMMETRY 1:   1 1 1 1 1 1 1 2 3 2   3 2 3
 EXTRA SYMMETRY OF AOS IN SYMMETRY 2:   1 1 1 1 2 3 2 3
 EXTRA SYMMETRY OF AOS IN SYMMETRY 3:   1 1 1 1 2 3 2 3
 EXTRA SYMMETRY OF AOS IN SYMMETRY 5:   1 1 1 1 2 3 2 3

 Eigenvalues of metric

         1 0.258E-01 0.995E-01 0.260E+00 0.274E+00 0.274E+00 0.552E+00 0.873E+00 0.873E+00
         2 0.840E-01 0.378E+00 0.618E+00 0.618E+00 0.111E+01 0.138E+01 0.138E+01 0.243E+01
         3 0.840E-01 0.378E+00 0.618E+00 0.618E+00 0.111E+01 0.138E+01 0.138E+01 0.243E+01
         4 0.274E+00 0.873E+00 0.185E+01
         5 0.840E-01 0.378E+00 0.618E+00 0.618E+00 0.111E+01 0.138E+01 0.138E+01 0.243E+01
         6 0.274E+00 0.873E+00 0.185E+01
         7 0.274E+00 0.873E+00 0.185E+01
         8 0.618E+00 0.138E+01


 Contracted 2-electron integrals neglected if value below      1.0D-12
 AO integral compression algorithm  1   Integral accuracy      1.0D-12

     1.311 MB (compressed) written to integral file ( 75.4%)


 NUMBER OF SORTED TWO-ELECTRON INTEGRALS:      99109.     BUFFER LENGTH:  32768
 NUMBER OF SEGMENTS:   1  SEGMENT LENGTH:      99109      RECORD LENGTH: 524288

 Memory used in sort:       0.66 MW

 SORT1 READ      189868. AND WROTE       76974. INTEGRALS IN      1 RECORDS. CPU TIME:     0.00 SEC, REAL TIME:     0.01 SEC
 SORT2 READ       76974. AND WROTE       99109. INTEGRALS IN      5 RECORDS. CPU TIME:     0.01 SEC, REAL TIME:     0.01 SEC

 FILE SIZES:   FILE 1:     9.1 MBYTE,  FILE 4:     4.2 MBYTE,   TOTAL:     13.3 MBYTE

 OPERATOR DM      FOR CENTER  0  COORDINATES:    0.000000    0.000000    0.000000


 **********************************************************************************************************************************
 DATASETS  * FILE   NREC   LENGTH (MB)   RECORD NAMES
              1      20        8.38       500      610      700      702      900      950      970     1002      129      960   
                                          VAR    BASINP    GEOM     GEOM    SYMINP    ZMAT    AOBASIS   BASIS     P2S    ABASIS    
                                         1100     1400     1410     1200     1210     1080     1600     1650     1300     1700   
                                           S        T        V       H0       H01     AOSYM     SMH    MOLCAS    ERIS     OPER   

              2       9        7.30       700     1000      520     2100      701     1001     2101      702     1002   
                                         GEOM     BASIS   MCVARS     RHF     GEOM     BASIS     RHF     GEOM     BASIS   

 PROGRAMS   *        TOTAL       INT  RCCSD(T)       RHF       INT  RCCSD(T)       RHF       INT
 CPU TIMES  *       641.29      0.19     76.11      2.10     31.71    455.17     15.30     60.61
 REAL TIME  *       667.80 SEC
 DISK USED  *         2.89 GB      
 **********************************************************************************************************************************

1PROGRAM * RHF-SCF (OPEN SHELL)       Authors: W. Meyer, H.-J. Werner


 NUMBER OF ELECTRONS:       1+    0-    SPACE SYMMETRY=1    SPIN SYMMETRY: Doublet 
 CONVERGENCE THRESHOLDS:    1.00E-05 (Density)    1.00E-07 (Energy)
 MAX. NUMBER OF ITERATIONS:       60
 INTERPOLATION TYPE:            DIIS
 INTERPOLATION STEPS:              2 (START)      1 (STEP)
 LEVEL SHIFTS:                 -0.30 (CLOSED)  0.00 (OPEN) 


 Singly occupied orbitals:      1.1
 Orbital guess generated from atomic densities. Full valence occupancy:    1   0   0   0   0   0   0   0


 Molecular orbital dump at record        2102.2

 ITERATION    DDIFF          GRAD             ENERGY        2-EL.EN.            DIPOLE MOMENTS         DIIS   ORB.
    1      0.000D+00      0.000D+00        -0.48879386      0.000000    0.00000    0.00000    0.00000    0    start
    2      0.000D+00      0.110D-01        -0.49820479      0.000000    0.00000    0.00000    0.00000    1    diag,B
    3      0.642D-02      0.431D-02        -0.49994742      0.000000    0.00000    0.00000    0.00000    2    diag,B
    4      0.444D-02      0.114D-03        -0.49994833     -0.000000    0.00000    0.00000    0.00000    3    diag,B
    5      0.179D-03      0.781D-05        -0.49994833     -0.000000    0.00000    0.00000    0.00000    4    diag,B
    6      0.132D-04      0.569D-06        -0.49994833     -0.000000    0.00000    0.00000    0.00000    5    diag,B
    7      0.744D-06      0.774D-07        -0.49994833      0.000000    0.00000    0.00000    0.00000    0    orth

 Final alpha occupancy:   1   0   0   0   0   0   0   0
 Final beta  occupancy:   0   0   0   0   0   0   0   0

 !RHF STATE 1.1 Energy                 -0.499948332770
 Nuclear energy                         0.00000000
 One-electron energy                   -0.49994833
 Two-electron energy                    0.00000000
 Virial quotient                       -1.00028344
 !RHF STATE 1.1 Dipole moment           0.00000000     0.00000000     0.00000000
 Dipole moment /Debye                   0.00000000     0.00000000     0.00000000

 Orbital energies:

         1.1          2.1          3.1
     -0.499948     0.051127     0.360858

         1.2          2.2
      0.171452     0.741441

         1.3          2.3
      0.171452     0.741441

         1.4          2.4
      0.613318     2.447851

         1.5          2.5
      0.171452     0.741441

         1.6          2.6
      0.613318     2.447851

         1.7          2.7
      0.613318     2.447851

         1.8          2.8
      1.558792     6.551080

 HOMO      1.1    -0.499948 =     -13.6043eV
 LUMO      2.1     0.051127 =       1.3912eV
 LUMO-HOMO         0.551076 =      14.9955eV


 **********************************************************************************************************************************
 DATASETS  * FILE   NREC   LENGTH (MB)   RECORD NAMES
              1      20        8.38       500      610      700      702      900      950      970     1002      129      960   
                                          VAR    BASINP    GEOM     GEOM    SYMINP    ZMAT    AOBASIS   BASIS     P2S    ABASIS    
                                         1100     1400     1410     1200     1210     1080     1600     1650     1300     1700   
                                           S        T        V       H0       H01     AOSYM     SMH    MOLCAS    ERIS     OPER   

              2      10        9.79       700     1000      520     2100      701     1001     2101      702     1002     2102   
                                         GEOM     BASIS   MCVARS     RHF     GEOM     BASIS     RHF     GEOM     BASIS     RHF  

 PROGRAMS   *        TOTAL       RHF       INT  RCCSD(T)       RHF       INT  RCCSD(T)       RHF       INT
 CPU TIMES  *       641.32      0.04      0.19     76.11      2.10     31.71    455.17     15.30     60.61
 REAL TIME  *       667.87 SEC
 DISK USED  *         2.89 GB      
 **********************************************************************************************************************************
 SETTING H_SCF          =        -0.49994833  AU                              
 Output type csv         
                                                                                                                                                                                                                                                                

     Z,SCF,CCSD
   1.1,   -169.5052446,   -170.4967345
                                                  

        RHF-SCF         RCCSD(T)        RHF-SCF         RCCSD(T)        RHF-SCF 
     -0.49994833   -169.93971459   -169.06187887   -170.49673446   -169.50524463
 **********************************************************************************************************************************
 Variable memory released
