
 Primary working directories    : /tmp/cmelton
 Secondary working directories  : /tmp/cmelton
 Wavefunction directory         : /remote/cmelton/wfu/
 Main file repository           : /tmp/cmelton/

 SHA1      : 4c1979699e6aeda0524d0210415ba82a958648b0
 NAME      : 2012.1.39
 ARCHNAME  : Linux/x86_64
 FC        : /projects/sems/install/rhel6-x86_64/sems/compiler/intel/16.0.1/base/bin/ifort
 FCVERSION : 16.0.1
 BLASLIB   : -L/projects/sems/install/rhel6-x86_64/sems/compiler/intel/16.0.1/base/compilers_and_libraries_2016.1.150/linux/mkl/lib/intel64 -lmkl_intel_ilp64 -lmkl_sequential -lmkl_core
 id        : sandiacon

 Nodes            nprocs
 doppio.sandia.gov    1

 Using customized tuning parameters: mindgm=7; mindgv=16; mindgc=1; mindgr=1; noblas=0; minvec=7
 default implementation of scratch files=df  

 ***,Calculation for Be atom, singlet and triplet
 memory,512,m
 gthresh,twoint=1.0E-12
 
 basis={
 ecp,Ni,10,2,0
 4;
 1, 21.81804460523468,  18.0;
 3, 35.21101277458325,  392.7248028942242400;
 2, 23.69925747358732,  -150.77747349256663;
 2, 9.09797792907140 ,  0.87797909917553;
 2;
 2, 14.12410039485919,  83.50736809611425;
 2, 25.81106861796072,  353.95993490451440;
 2;
 2, 10.08238908347844,  44.99270171320545;
 2, 37.60499130871270,  268.79379401505179;
 s, NI , 5045991.0000000, 755614.2000000, 171956.8000000, 48704.7900000, 15888.4100000, 5735.1230000, 2236.1370000, 926.6468000, 403.1743000, 182.3476000, 84.5488500, 38.3963400, 18.4585900, 8.8635480, 3.9162270, 1.8388700, 0.8043620, 0.1697970, 0.0793060, 0.0346770, 5.8330000, 1.5231000, 0.0151600
 p, NI , 21027.9200000, 4977.5600000, 1616.7400000, 618.6718000, 262.5183000, 119.6907000, 57.4658500, 28.5282900, 14.5214800, 7.4538500, 3.7235530, 1.8098130, 0.8513360, 0.3234058, 0.1190210, 0.0421620, 8.7409000, 2.0073000, 0.0149400
 d, NI , 142.5904000, 42.1021900, 15.4633700, 6.2838100, 2.6141700, 1.0480200, 0.3886520, 0.1246640, 5.7767000, 2.6956000, 0.0399900
 f, NI , 7.9164000, 3.0235000, 1.0680000, 0.3772500
 g, NI , 7.3017000, 2.9284000, 1.1744600
 ECP,H,0,1,0
 3;
 2,   21.77696655044365 ,     -10.85192405303825 ;
  1,   21.24359508259891 ,       1.00000000000000;
  3,   21.24359508259891 ,      21.24359508259891;
 1; 2,                   1.,                      0.;
 s, H , 33.8700000, 5.0950000, 1.1590000, 0.3258000, 0.1027000, 0.0252600
 p, H , 1.4070000, 0.3880000, 0.1020000
 d, H , 1.0570000, 0.2470000
 }
 
 ne    =19
 symm  =4
 ss    =1
 
 do i=1,1
     z(i) = 1.1 + 0.05*(i-1)
     geometry={
         2
         Oxygen
         Ni  0.0 0.0 0.0
         H  0.0 0.0 z(i)
     }
     {rhf
      wf,ne,symm,ss
      print,orbitals=3
     }
     scf(i)=energy
     _CC_NORM_MAX=2.0
     {rccsd(t);maxit,100;core}
     ccsd(i)=energy
 enddo
 
 geometry={
    1
    Vanadium
    Ni 0.0 0.0 0.0
 }
 {rhf;
  start,atden
  wf,18,6,2;
  occ,4,1,1,1,1,1,1,0;
  open,1.4,1.7
  sym,1,1,1,3,2
 }
 Ni_scf=energy
 _CC_NORM_MAX=2.0
 {rccsd(t);maxit,100;core}
 Ni_ccsd=energy
 
 geometry={
    1
    Oxygen
    H 0.0 0.0 0.0
 }
 {rhf;
  wf,1,1,1;
  occ,1,0,0,0,0,0,0,0;
  open,1.1;
 }
 H_scf=energy
 
 table,z,scf,ccsd
 save
 type,csv

 Variables initialized (782), CPU time= 0.00 sec
 Commands  initialized (547), CPU time= 0.01 sec, 517 directives.
 Default parameters read. Elapsed time= 0.09 sec

 Checking input...
 Passed
1


                                         ***  PROGRAM SYSTEM MOLPRO  ***
                         Copyright, University College Cardiff Consultants Limited, 2008

                                    Version 2012.1 linked Aug  2 2016 14:07:26


 **********************************************************************************************************************************
 LABEL *   Calculation for Be atom, singlet and triplet                                  
 Linux-3.10.0-693.5.2.el7.x86_64/doppio.sandia.gov(x86_64) 64 bit serial version         DATE: 14-Feb-18          TIME: 12:22:22  
 **********************************************************************************************************************************

 SHA1:             4c1979699e6aeda0524d0210415ba82a958648b0
 **********************************************************************************************************************************

 THRESHOLDS:

 ZERO    =  1.00D-12  ONEINT  =  1.00D-12  TWOINT  =  1.00D-12  PREFAC  =  1.00D-14  LOCALI  =  1.00D-09  EORDER  =  1.00D-04
 ENERGY  =  0.00D+00  ETEST   =  0.00D+00  EDENS   =  0.00D+00  THRDEDEF=  1.00D-06  GRADIENT=  1.00D-02  STEP    =  1.00D-03
 ORBITAL =  1.00D-05  CIVEC   =  1.00D-05  COEFF   =  1.00D-04  PRINTCI =  5.00D-02  PUNCHCI =  9.90D+01  OPTGRAD =  3.00D-04
 OPTENERG=  1.00D-06  OPTSTEP =  3.00D-04  THRGRAD =  1.00D-10  COMPRESS=  1.00D-11  VARMIN  =  1.00D-07  VARMAX  =  1.00D-03
 THRDOUB =  0.00D+00  THRDIV  =  1.00D-05  THRRED  =  1.00D-07  THRPSP  =  1.00D+00  THRDC   =  1.00D-10  THRCS   =  1.00D-10
 THRNRM  =  1.00D-08  THREQ   =  0.00D+00  THRDE   =  1.00D+00  THRREF  =  1.00D-05  SPARFAC =  1.00D+00  THRDLP  =  1.00D-07
 THRDIA  =  1.00D-10  THRDLS  =  1.00D-07  THRGPS  =  0.00D+00  THRKEX  =  0.00D+00  THRDIS  =  2.00D-01  THRVAR  =  1.00D-10
 THRLOC  =  1.00D-06  THRGAP  =  1.00D-06  THRLOCT = -1.00D+00  THRGAPT = -1.00D+00  THRORB  =  1.00D-06  THRMLTP =  0.00D+00
 THRCPQCI=  1.00D-10  KEXTA   =  0.00D+00  THRCOARS=  0.00D+00  SYMTOL  =  1.00D-06  GRADTOL =  1.00D-06  THROVL  =  1.00D-08
 THRORTH =  1.00D-08  GRID    =  1.00D-06  GRIDMAX =  1.00D-03  DTMAX   =  0.00D+00  THROCCDE=  1.00D-01  THROCCDE=  1.00D-01



 Variable memory set to  512000000 words,  buffer space   230000 words

 SETTING BASIS          =    USERDEF
 SETTING NE             =        19.00000000                                  
 SETTING SYMM           =         4.00000000                                  
 SETTING SS             =         1.00000000                                  

 DO I                   =         1.00000000   
 SETTING Z(1)           =         1.10000000                                  

Geometry recognized as XYZ



 Recomputing integrals since basis changed


 Using spherical harmonics


1PROGRAM * SEWARD (Integral evaluation for generally contracted gaussian basis sets)     Author: Roland Lindh, 1990

 Geometry written to block  1 of record 700


 Point group  C2v 



 ATOMIC COORDINATES

 NR  ATOM    CHARGE       X              Y              Z

   1  NI     18.00    0.000000000    0.000000000    0.000000000
   2  H       1.00    0.000000000    0.000000000    2.078698745

 Bond lengths in Bohr (Angstrom)

 1-2  2.078698745
     ( 1.100000000)

 NUCLEAR CHARGE:                   19
 NUMBER OF PRIMITIVE AOS:         258
 NUMBER OF SYMMETRY AOS:          215
 NUMBER OF CONTRACTIONS:          215   (  94A1  +  49B1  +  49B2  +  23A2  )
 NUMBER OF CORE ORBITALS:           4   (   2A1  +   1B1  +   1B2  +   0A2  )
 NUMBER OF VALENCE ORBITALS:        7   (   4A1  +   1B1  +   1B2  +   1A2  )


 NUCLEAR REPULSION ENERGY    8.65926342

 EXTRA SYMMETRY OF AOS IN SYMMETRY 1:   1 1 1 1 1 1 1 1 1 1   1 1 1 1 1 1 1 1 1 1   1 1 1 1 1 1 1 1 1 1   1 1 1 1 1 1 1 1 1 1
                                        1 1 1 2 1 2 1 2 1 2   1 2 1 2 1 2 1 2 1 2   1 2 1 2 1 2 1 2 1 2   1 2 1 3 2 1 3 2 1 3
                                        2 1 1 1 1 1 1 1 1 1   1 2 1 2
 EXTRA SYMMETRY OF AOS IN SYMMETRY 2:   1 1 1 1 1 1 1 1 1 1   1 1 1 1 1 1 1 1 1 1   1 1 1 1 1 1 1 1 1 1   1 2 1 2 1 2 1 2 1 2
                                        1 2 1 2 1 1 1 1 1
 EXTRA SYMMETRY OF AOS IN SYMMETRY 3:   1 1 1 1 1 1 1 1 1 1   1 1 1 1 1 1 1 1 1 1   1 1 1 1 1 1 1 1 1 1   1 2 1 2 1 2 1 2 1 2
                                        1 2 1 2 1 1 1 1 1
 EXTRA SYMMETRY OF AOS IN SYMMETRY 4:   1 1 1 1 1 1 1 1 1 1   1 1 1 1 1 1 2 1 2 1   2 1 1

 Eigenvalues of metric

         1 0.298E-05 0.377E-05 0.411E-05 0.417E-05 0.234E-04 0.427E-04 0.903E-04 0.160E-03
         2 0.371E-05 0.394E-05 0.265E-04 0.175E-03 0.110E-02 0.452E-02 0.699E-02 0.118E-01
         3 0.371E-05 0.394E-05 0.265E-04 0.175E-03 0.110E-02 0.452E-02 0.699E-02 0.118E-01
         4 0.411E-05 0.180E-03 0.534E-01 0.119E+00 0.136E+00 0.228E+00 0.233E+00 0.251E+00


 Contracted 2-electron integrals neglected if value below      1.0D-12
 AO integral compression algorithm  1   Integral accuracy      1.0D-12

     260.833 MB (compressed) written to integral file ( 44.4%)


 NUMBER OF SORTED TWO-ELECTRON INTEGRALS:   70128552.     BUFFER LENGTH:  32768
 NUMBER OF SEGMENTS:   5  SEGMENT LENGTH:   15997746      RECORD LENGTH: 524288

 Memory used in sort:      16.55 MW

 SORT1 READ    73431408. AND WROTE    34159310. INTEGRALS IN    101 RECORDS. CPU TIME:     0.85 SEC, REAL TIME:     1.17 SEC
 SORT2 READ    34159310. AND WROTE    70128552. INTEGRALS IN    995 RECORDS. CPU TIME:     0.85 SEC, REAL TIME:     1.07 SEC

 FILE SIZES:   FILE 1:   269.6 MBYTE,  FILE 4:   423.7 MBYTE,   TOTAL:    693.2 MBYTE

 OPERATOR DM      FOR CENTER  0  COORDINATES:    0.000000    0.000000    0.000000


 **********************************************************************************************************************************
 DATASETS  * FILE   NREC   LENGTH (MB)   RECORD NAMES
              1      20      178.10       500      610      700      900      950      970     1000      129      960     1100   
                                          VAR    BASINP    GEOM    SYMINP    ZMAT    AOBASIS   BASIS     P2S    ABASIS      S 
                                         1400     1410     1420     1200     1210     1080     1600     1650     1300     1700   
                                           T        V       ECP      H0       H01     AOSYM     SMH    MOLCAS    ERIS     OPER   

 PROGRAMS   *        TOTAL       INT
 CPU TIMES  *        13.30     13.21
 REAL TIME  *        14.67 SEC
 DISK USED  *       693.56 MB      
 **********************************************************************************************************************************

1PROGRAM * RHF-SCF (OPEN SHELL)       Authors: W. Meyer, H.-J. Werner


 NUMBER OF ELECTRONS:      10+    9-    SPACE SYMMETRY=4    SPIN SYMMETRY: Doublet 
 CONVERGENCE THRESHOLDS:    1.00E-05 (Density)    1.00E-07 (Energy)
 MAX. NUMBER OF ITERATIONS:       60
 INTERPOLATION TYPE:            DIIS
 INTERPOLATION STEPS:              2 (START)      1 (STEP)
 LEVEL SHIFTS:                 -0.30 (CLOSED)  0.00 (OPEN) 



 Orbital guess generated from atomic densities. Full valence occupancy:    6   2   2   1

 Molecular orbital dump at record        2100.2

 ITERATION    DDIFF          GRAD             ENERGY        2-EL.EN.            DIPOLE MOMENTS         DIIS   ORB.
    1      0.000D+00      0.000D+00      -168.48710983    255.736573    0.00000    0.00000   -1.88932    0    start
    2      0.000D+00      0.660D-01      -168.58258292    313.691200    0.00000    0.00000   -0.73140    1    diag,B
    3      0.155D-01      0.744D-01      -169.48513203    290.222188    0.00000    0.00000   -0.99591    2    diag,B
    4      0.957D-02      0.832D-02      -169.50127705    287.241379    0.00000    0.00000   -1.07647    3    diag,B
    5      0.279D-02      0.859D-03      -169.50262046    287.240135    0.00000    0.00000   -1.09745    4    diag,B
    6      0.910D-03      0.378D-03      -169.50300559    287.316581    0.00000    0.00000   -1.11450    5    diag,B
    7      0.506D-03      0.147D-03      -169.50306535    287.318688    0.00000    0.00000   -1.11870    6    fixocc
    8      0.197D-03      0.668D-04      -169.50307756    287.314005    0.00000    0.00000   -1.11801    7    diag,B
    9      0.955D-04      0.279D-04      -169.50308060    287.309529    0.00000    0.00000   -1.11468    8    diag,B
   10      0.488D-04      0.147D-04      -169.50308194    287.303564    0.00000    0.00000   -1.11116    9    orth
   11      0.311D-04      0.924D-05      -169.50308258    287.297032    0.00000    0.00000   -1.10771    9    diag,B
   12      0.272D-04      0.351D-05      -169.50308263    287.295514    0.00000    0.00000   -1.10668    9    diag,B
   13      0.150D-04      0.857D-06      -169.50308263    287.295139    0.00000    0.00000   -1.10663    9    diag,B
   14      0.318D-05      0.221D-06      -169.50308263    287.295200    0.00000    0.00000   -1.10664    0    orth

 Final alpha occupancy:   5   2   2   1
 Final beta  occupancy:   5   2   2   0

 !RHF STATE 1.4 Energy               -169.503082633916
 Nuclear energy                         8.65926342
 One-electron energy                 -321.80994581
 Two-electron energy                  143.64759975
 Virial quotient                       -1.57274099
 !RHF STATE 1.4 Dipole moment           0.00000000     0.00000000    -1.10663701
 Dipole moment /Debye                   0.00000000     0.00000000    -2.81260648

 ELECTRON ORBITALS
 =================


   Orb  Occ    Energy  Couls-En    Coefficients

                                   1 1s      1 1s      1 1s      1 1s      1 1s      1 1s      1 1s      1 1s      1 1s      1 1s   
                                   1 1s      1 1s      1 1s      1 1s      1 1s      1 1s      1 1s      1 1s      1 1s      1 1s   
                                   1 1s      1 1s      1 1s      1 2pz     1 2pz     1 2pz     1 2pz     1 2pz     1 2pz     1 2pz  
                                   1 2pz     1 2pz     1 2pz     1 2pz     1 2pz     1 2pz     1 2pz     1 2pz     1 2pz     1 2pz  
                                   1 2pz     1 2pz     1 3d0     1 3d2+    1 3d0     1 3d2+    1 3d0     1 3d2+    1 3d0     1 3d2+ 
                                   1 3d0     1 3d2+    1 3d0     1 3d2+    1 3d0     1 3d2+    1 3d0     1 3d2+    1 3d0     1 3d2+ 
                                   1 3d0     1 3d2+    1 3d0     1 3d2+    1 4f0     1 4f2+    1 4f0     1 4f2+    1 4f0     1 4f2+ 
                                   1 4f0     1 4f2+    1 5g0     1 5g4+    1 5g2+    1 5g0     1 5g4+    1 5g2+    1 5g0     1 5g4+ 
                                   1 5g2+    2 1s      2 1s      2 1s      2 1s      2 1s      2 1s      2 2pz     2 2pz     2 2pz  
                                   2 3d0     2 3d2+    2 3d0     2 3d2+ 

   1.1   2    -4.9565  -26.8800 -0.000000  0.000000 -0.000001  0.000003 -0.000014  0.000053 -0.000187  0.000608 -0.001861  0.005613
                                -0.018268  0.064037  0.004653 -0.642391 -0.019128  0.961009  0.387078  0.011665 -0.001598  0.003060
                                 0.292064 -0.192051  0.000417 -0.000000  0.000000 -0.000000  0.000000 -0.000001  0.000003  0.000016
                                -0.000153 -0.000210 -0.000537  0.002679  0.002417 -0.000215 -0.001797  0.001283  0.000638  0.000496
                                -0.001288  0.000294  0.000000 -0.000000 -0.000003 -0.000000  0.000017 -0.000000  0.001442 -0.000000
                                -0.006724  0.000000  0.001557 -0.000000 -0.000729  0.000000 -0.000029 -0.000000 -0.001924  0.000000
                                 0.005914 -0.000000  0.000124  0.000000 -0.000081  0.000000 -0.000110  0.000000  0.000674  0.000000
                                -0.000121 -0.000000 -0.000111  0.000193  0.000000 -0.000111  0.000258  0.000000  0.000117  0.000620
                                 0.000000  0.000121  0.001010  0.003343  0.002631 -0.004494 -0.002283 -0.001510 -0.000754  0.001628
                                 0.000536  0.000000 -0.000327  0.000000

   2.1   2    -3.1887  -23.2289 -0.000000  0.000000 -0.000000  0.000000 -0.000000  0.000000 -0.000000  0.000001 -0.000003  0.000005
                                 0.000001 -0.000037 -0.000853  0.007160  0.015285 -0.046508 -0.016150 -0.019517 -0.033357  0.004103
                                -0.013026  0.046520 -0.000443 -0.000000  0.000000 -0.000002  0.000007 -0.000015 -0.000170  0.006077
                                -0.043549 -0.000283  0.138726  0.308507  0.370194  0.277683  0.036326 -0.022157 -0.000212 -0.116580
                                 0.084236  0.000126  0.000002  0.000000 -0.000058 -0.000000 -0.000547 -0.000000 -0.004550 -0.000000
                                 0.016782 -0.000000 -0.001473 -0.000000 -0.002563 -0.000000 -0.003894 -0.000000  0.003961 -0.000000
                                -0.018791  0.000000  0.000096  0.000000 -0.000929 -0.000000 -0.001946  0.000000 -0.000390  0.000000
                                -0.001101  0.000000  0.000057 -0.000001  0.000000  0.000219 -0.000001  0.000000  0.000555 -0.000005
                                -0.000000  0.000430  0.003939  0.014714  0.017442  0.042672 -0.000548 -0.005775 -0.006420 -0.011252
                                 0.002103 -0.000000  0.000680 -0.000000

   3.1   2    -0.5656  -13.7749  0.000000 -0.000000  0.000000 -0.000000  0.000001 -0.000005  0.000016 -0.000052  0.000160 -0.000486
                                 0.001606 -0.005788 -0.000375  0.063532  0.009544 -0.123959 -0.070785  0.033070  0.047731 -0.004291
                                -0.035547  0.028674 -0.001029 -0.000000  0.000000 -0.000000  0.000001 -0.000003  0.000037 -0.000794
                                 0.005614 -0.001425 -0.031597 -0.034182 -0.021166 -0.033612  0.017512  0.055005  0.007883  0.026144
                                -0.042879 -0.001738 -0.000152  0.000000  0.006244 -0.000000  0.078701 -0.000000  0.137017 -0.000000
                                 0.339148 -0.000000  0.272954 -0.000000  0.188821 -0.000000  0.057415 -0.000000  0.042408 -0.000000
                                -0.083002  0.000000 -0.000216  0.000000  0.000645 -0.000000  0.002460  0.000000  0.005640  0.000000
                                 0.001019  0.000000 -0.000239 -0.000085  0.000000 -0.000192 -0.000078  0.000000  0.000988 -0.000387
                                -0.000000  0.003529  0.037908  0.152994  0.261779  0.071836  0.005774 -0.016294 -0.017265  0.000289
                                 0.003635 -0.000000  0.000845 -0.000000

   4.1   2    -0.5444  -16.7060 -0.000000  0.000000 -0.000000 -0.000000  0.000000 -0.000000  0.000000 -0.000000  0.000000 -0.000000
                                 0.000000 -0.000000 -0.000000  0.000000  0.000000 -0.000000 -0.000000 -0.000000 -0.000000 -0.000000
                                -0.000000  0.000000  0.000000 -0.000000  0.000000 -0.000000  0.000000 -0.000000  0.000000 -0.000000
                                 0.000000 -0.000000 -0.000000 -0.000000 -0.000000 -0.000000  0.000000  0.000000  0.000000  0.000000
                                -0.000000 -0.000000 -0.000000 -0.000209  0.000000  0.008577  0.000000  0.108166  0.000000  0.186153
                                 0.000000  0.497166  0.000000  0.355382  0.000000  0.239925  0.000000  0.064887  0.000000  0.061477
                                -0.000000 -0.146935  0.000000 -0.002366  0.000000  0.000086  0.000000 -0.000053  0.000000 -0.001199
                                -0.000000 -0.004791 -0.000000 -0.000000 -0.000183 -0.000000 -0.000000 -0.000462  0.000000 -0.000000
                                 0.000386  0.000000  0.000000  0.000000  0.000000  0.000000  0.000000 -0.000000 -0.000000 -0.000000
                                 0.000000  0.001495  0.000000  0.000058

   5.1   2    -0.3097   -9.5647  0.000000 -0.000000  0.000000 -0.000001  0.000003 -0.000010  0.000037 -0.000120  0.000369 -0.001115
                                 0.003659 -0.013127  0.000194  0.135640  0.004918 -0.247188 -0.196082  0.231237  0.375161  0.125217
                                -0.065136  0.043632 -0.011259  0.000000 -0.000000  0.000000 -0.000001  0.000002  0.000008 -0.000433
                                 0.003218  0.000079 -0.011781 -0.025277 -0.039122 -0.023596  0.023655  0.036034  0.004431  0.009484
                                 0.001196 -0.002014  0.000096 -0.000000 -0.003986  0.000000 -0.050461  0.000000 -0.082312  0.000000
                                -0.268940  0.000000 -0.169011  0.000000 -0.128189  0.000000 -0.059581  0.000000 -0.033908  0.000000
                                 0.105776 -0.000000 -0.006431 -0.000000  0.000236  0.000000  0.000713 -0.000000  0.003325 -0.000000
                                 0.008004 -0.000000  0.000214  0.000052 -0.000000  0.000222  0.000176 -0.000000  0.000494  0.000156
                                 0.000000  0.001491  0.016300  0.063091  0.158312  0.151173  0.033536  0.005020  0.002733  0.015766
                                -0.002333  0.000000 -0.000770  0.000000

   6.1   0     0.0100   -3.1965  0.000000 -0.000000  0.000000 -0.000000  0.000000 -0.000000  0.000000 -0.000001  0.000004 -0.000008
                                 0.000003  0.000038  0.000895 -0.008273 -0.018783  0.071964  0.026916  0.059720 -1.575973  0.894715
                                 0.015732 -0.075788 -1.258403 -0.000000  0.000000 -0.000001  0.000005 -0.000020  0.000083 -0.000662
                                 0.003971 -0.004526 -0.047143  0.000638  0.125946 -0.053257  0.087685 -0.366432 -0.071220  0.040440
                                -0.161365  0.612244  0.000028 -0.000000 -0.001126  0.000000 -0.013990  0.000000 -0.028008  0.000000
                                -0.037270  0.000000 -0.048830  0.000000 -0.023512  0.000000 -0.136869  0.000000 -0.003379  0.000000
                                -0.008658 -0.000000 -0.083369 -0.000000  0.000166  0.000000 -0.000052  0.000000  0.001850  0.000000
                                -0.000590 -0.000000  0.000076 -0.000051 -0.000000  0.000165 -0.000127 -0.000000  0.000259 -0.000106
                                -0.000000  0.000579  0.006338  0.025711  0.044955  1.294437  0.167062  0.001983  0.023501 -0.267514
                                -0.001102  0.000000 -0.012150  0.000000

   7.1   0     0.0297   -1.8314 -0.000000  0.000000 -0.000000  0.000000 -0.000000  0.000002 -0.000006  0.000019 -0.000057  0.000171
                                -0.000553  0.001971 -0.000259 -0.018533  0.001525  0.039123  0.027586  0.394125  1.018653  2.581753
                                 0.006943 -0.013062  4.207420  0.000000 -0.000000  0.000001 -0.000003  0.000012 -0.000041  0.000102
                                -0.000232  0.002531  0.018719 -0.015606 -0.095844  0.013439  0.066794  0.495281  0.977138 -0.016477
                                 0.091702  1.843530 -0.000002 -0.000000  0.000102  0.000000  0.001372  0.000000  0.000979  0.000000
                                 0.009711 -0.000000  0.005007  0.000000  0.037179  0.000000  0.083176  0.000000  0.002315 -0.000000
                                -0.005850  0.000000  0.259130 -0.000000  0.000015  0.000000 -0.000341  0.000000  0.000930  0.000000
                                 0.008499 -0.000000  0.000016 -0.000008 -0.000000 -0.000128 -0.000024 -0.000000  0.000721  0.000132
                                -0.000000 -0.000197 -0.000556 -0.009377 -0.112280 -1.651893 -6.485712 -0.000329  0.080860  0.425064
                                -0.003832  0.000000 -0.025322 -0.000000

   8.1   0     0.0589   -3.7218  0.000000 -0.000000  0.000000 -0.000000  0.000001 -0.000002  0.000008 -0.000025  0.000077 -0.000233
                                 0.000757 -0.002700  0.000396  0.024698 -0.007668 -0.009087 -0.019176  0.178866 -4.969146  4.996098
                                -0.006757 -0.039335 -0.201058 -0.000000  0.000001 -0.000003  0.000015 -0.000055  0.000165  0.000017
                                -0.002365 -0.010717 -0.065894  0.090798  0.417112 -0.036816  0.148813 -1.517707 -0.726244  0.059127
                                -0.363969  1.555128 -0.000024  0.000000  0.001224 -0.000000  0.016533 -0.000000  0.005739 -0.000000
                                 0.245798  0.000000  0.044214 -0.000000  0.077464 -0.000000 -0.281770 -0.000000  0.036161  0.000000
                                -0.193801 -0.000000  0.170399  0.000000  0.000103 -0.000000 -0.001176 -0.000000  0.003530 -0.000000
                                -0.011183 -0.000000 -0.000117  0.000073  0.000000 -0.000081  0.000189  0.000000 -0.000519 -0.000030
                                 0.000000 -0.000708 -0.007243 -0.030529 -0.110836  3.464908 -3.273676 -0.004949  0.052599 -0.947945
                                -0.000787 -0.000000 -0.029725  0.000000

                                   1 2px     1 2px     1 2px     1 2px     1 2px     1 2px     1 2px     1 2px     1 2px     1 2px  
                                   1 2px     1 2px     1 2px     1 2px     1 2px     1 2px     1 2px     1 2px     1 2px     1 3d1+ 
                                   1 3d1+    1 3d1+    1 3d1+    1 3d1+    1 3d1+    1 3d1+    1 3d1+    1 3d1+    1 3d1+    1 3d1+ 
                                   1 4f1+    1 4f3+    1 4f1+    1 4f3+    1 4f1+    1 4f3+    1 4f1+    1 4f3+    1 5g1+    1 5g3+ 
                                   1 5g1+    1 5g3+    1 5g1+    1 5g3+    2 2px     2 2px     2 2px     2 3d1+    2 3d1+ 

   1.2   2    -3.1695  -23.2077 -0.000000  0.000000 -0.000001  0.000006 -0.000009 -0.000191  0.006174 -0.043984  0.000918  0.148563
                                 0.304272  0.336446  0.281296  0.042105 -0.002009  0.001275 -0.125437  0.122203 -0.000386  0.000000
                                 0.000018  0.000328 -0.000964  0.009621 -0.001091 -0.000900  0.000046  0.002091 -0.008780 -0.000092
                                 0.000165  0.001093  0.000145  0.002372  0.001432  0.003011  0.000175  0.000886  0.000039 -0.000001
                                 0.000077  0.000002  0.000295 -0.000022  0.001196  0.000356  0.000292 -0.000610  0.000152

   2.2   2    -0.5264  -16.5694  0.000000 -0.000000  0.000000 -0.000000  0.000000 -0.000001  0.000018 -0.000131  0.000084  0.001356
                                 0.000555 -0.004281  0.000762 -0.011444  0.003619  0.004013 -0.001063  0.005255 -0.000940 -0.000206
                                 0.008448  0.106455  0.184303  0.475878  0.353935  0.242310  0.075180  0.058989 -0.131485 -0.000191
                                 0.000145 -0.000002  0.000246 -0.000010  0.000065 -0.000025 -0.005370 -0.000038 -0.000317  0.000067
                                -0.000479  0.000085  0.000601  0.000294  0.009676  0.013908 -0.010783 -0.004411  0.001300

   3.2   0     0.0273   -2.4199  0.000000 -0.000000  0.000002 -0.000009  0.000034 -0.000108  0.000126  0.000492  0.006796  0.045198
                                -0.049041 -0.238528  0.024453 -0.030450  0.110884 -0.241911 -0.040312  0.218144  1.097119 -0.000002
                                 0.000058  0.000573  0.004188 -0.022127  0.003768 -0.003235 -0.030427 -0.003452  0.024168 -0.105425
                                 0.000040  0.000021 -0.000092  0.000060  0.000318 -0.000021 -0.003063 -0.000265 -0.000006 -0.000001
                                 0.000010 -0.000004  0.000038 -0.000001  0.002165  0.005401  0.107062  0.000152 -0.013737

   4.2   0     0.0922   -3.7195  0.000000 -0.000001  0.000007 -0.000028  0.000107 -0.000385  0.001837 -0.008911  0.022543  0.191626
                                -0.083013 -0.697029  0.160724 -0.183211  0.083392 -1.555651 -0.167010  0.752215  1.062921  0.000006
                                -0.000144 -0.001297 -0.012531  0.067802 -0.008977  0.002290 -0.034810  0.011345 -0.072944  0.112216
                                 0.000017 -0.000052 -0.000275 -0.000149  0.001414  0.000068 -0.001108  0.000703  0.000018  0.000003
                                -0.000048  0.000010  0.000088  0.000001 -0.001644 -0.017453  0.120435  0.001294 -0.015082

   5.2   0     0.1238   -2.7720  0.000000 -0.000000  0.000001 -0.000004  0.000016 -0.000050  0.000048  0.000314  0.003159  0.020318
                                -0.022807 -0.099073  0.004384  0.025479  0.445984  0.357574 -0.018254  0.090219 -0.081492  0.000038
                                -0.000762 -0.005666 -0.089841  0.567663 -0.057804  0.056607  0.049527  0.090854 -0.592514  1.186798
                                -0.000179  0.000011  0.000686  0.000029 -0.003366 -0.000015  0.017569 -0.000154  0.000065  0.000014
                                -0.000066  0.000039  0.000296  0.000019 -0.002690 -0.005776 -0.675069 -0.001136  0.094382

                                   1 2py     1 2py     1 2py     1 2py     1 2py     1 2py     1 2py     1 2py     1 2py     1 2py  
                                   1 2py     1 2py     1 2py     1 2py     1 2py     1 2py     1 2py     1 2py     1 2py     1 3d1- 
                                   1 3d1-    1 3d1-    1 3d1-    1 3d1-    1 3d1-    1 3d1-    1 3d1-    1 3d1-    1 3d1-    1 3d1- 
                                   1 4f1-    1 4f3-    1 4f1-    1 4f3-    1 4f1-    1 4f3-    1 4f1-    1 4f3-    1 5g1-    1 5g3- 
                                   1 5g1-    1 5g3-    1 5g1-    1 5g3-    2 2py     2 2py     2 2py     2 3d1-    2 3d1- 

   1.3   2    -3.1695  -23.2077 -0.000000  0.000000 -0.000001  0.000006 -0.000009 -0.000191  0.006174 -0.043984  0.000918  0.148563
                                 0.304272  0.336446  0.281296  0.042105 -0.002009  0.001275 -0.125437  0.122203 -0.000386  0.000000
                                 0.000018  0.000328 -0.000964  0.009621 -0.001091 -0.000900  0.000046  0.002091 -0.008780 -0.000092
                                 0.000165 -0.001093  0.000145 -0.002372  0.001432 -0.003011  0.000175 -0.000886  0.000039  0.000001
                                 0.000077 -0.000002  0.000295  0.000022  0.001196  0.000356  0.000292 -0.000610  0.000152

   2.3   2    -0.5264  -16.5694  0.000000 -0.000000  0.000000 -0.000000  0.000000 -0.000001  0.000018 -0.000131  0.000084  0.001356
                                 0.000555 -0.004281  0.000762 -0.011444  0.003619  0.004013 -0.001063  0.005255 -0.000940 -0.000206
                                 0.008448  0.106455  0.184303  0.475878  0.353935  0.242310  0.075180  0.058989 -0.131485 -0.000191
                                 0.000145  0.000002  0.000246  0.000010  0.000065  0.000025 -0.005370  0.000038 -0.000317 -0.000067
                                -0.000479 -0.000085  0.000601 -0.000294  0.009676  0.013908 -0.010783 -0.004411  0.001300

   3.3   0     0.0273   -2.4199  0.000000 -0.000000  0.000002 -0.000009  0.000034 -0.000108  0.000126  0.000492  0.006796  0.045198
                                -0.049041 -0.238528  0.024453 -0.030450  0.110884 -0.241911 -0.040312  0.218144  1.097119 -0.000002
                                 0.000058  0.000573  0.004188 -0.022127  0.003768 -0.003235 -0.030427 -0.003452  0.024168 -0.105425
                                 0.000040 -0.000021 -0.000092 -0.000060  0.000318  0.000021 -0.003063  0.000265 -0.000006  0.000001
                                 0.000010  0.000004  0.000038  0.000001  0.002165  0.005401  0.107062  0.000152 -0.013737

   4.3   0     0.0922   -3.7195  0.000000 -0.000001  0.000007 -0.000028  0.000107 -0.000385  0.001837 -0.008911  0.022543  0.191626
                                -0.083013 -0.697029  0.160724 -0.183211  0.083392 -1.555651 -0.167010  0.752215  1.062921  0.000006
                                -0.000144 -0.001297 -0.012531  0.067802 -0.008977  0.002290 -0.034810  0.011345 -0.072944  0.112216
                                 0.000017  0.000052 -0.000275  0.000149  0.001414 -0.000068 -0.001108 -0.000703  0.000018 -0.000003
                                -0.000048 -0.000010  0.000088 -0.000001 -0.001644 -0.017453  0.120435  0.001294 -0.015082

   5.3   0     0.1238   -2.7720  0.000000 -0.000000  0.000001 -0.000004  0.000016 -0.000050  0.000048  0.000314  0.003159  0.020318
                                -0.022807 -0.099073  0.004384  0.025479  0.445984  0.357574 -0.018254  0.090219 -0.081492  0.000038
                                -0.000762 -0.005666 -0.089841  0.567663 -0.057804  0.056607  0.049527  0.090854 -0.592514  1.186798
                                -0.000179 -0.000011  0.000686 -0.000029 -0.003366  0.000015  0.017569  0.000154  0.000065 -0.000014
                                -0.000066 -0.000039  0.000296 -0.000019 -0.002690 -0.005776 -0.675069 -0.001136  0.094382

                                   1 3d2-    1 3d2-    1 3d2-    1 3d2-    1 3d2-    1 3d2-    1 3d2-    1 3d2-    1 3d2-    1 3d2- 
                                   1 3d2-    1 4f2-    1 4f2-    1 4f2-    1 4f2-    1 5g2-    1 5g4-    1 5g2-    1 5g4-    1 5g2- 
                                   1 5g4-    2 3d2-    2 3d2- 

   1.4   +    -0.6018  -16.9072 -0.000211  0.008674  0.109413  0.188658  0.502695  0.357903  0.228920  0.053610  0.062295 -0.146847
                                -0.002470  0.000084 -0.000032 -0.001280 -0.004282 -0.000512  0.000000 -0.001222  0.000000 -0.000543
                                -0.000000  0.001378 -0.000163

   2.4   0     0.1277   -2.7591  0.000042 -0.000746 -0.004503 -0.106833  0.701031 -0.060147  0.052610 -0.204110  0.113664 -0.724439
                                 1.099627  0.000081 -0.000378  0.001489 -0.005311  0.000023 -0.000000  0.000094  0.000000 -0.000074
                                -0.000000 -0.000594  0.009947

   3.4   0     0.4593   -4.5323 -0.000056 -0.001262 -0.033898  0.307709 -2.847476  0.068298 -0.287342  1.447032 -0.449418  2.770080
                                -0.649528 -0.000279  0.000703 -0.004036  0.018063  0.000162 -0.000000  0.000107  0.000000  0.000151
                                -0.000000  0.010939 -0.115243

   4.4   0     0.9285   -3.9591 -0.000028 -0.000210 -0.009488  0.124816 -1.111207  0.043957 -0.162577 -0.621124 -0.171604  1.091526
                                 0.080303  0.001519  0.002010  0.025890 -0.044535 -0.000251 -0.000000  0.001604 -0.000000 -0.001649
                                -0.000000 -0.069140  1.305921

 HOMO      5.1    -0.309676 =      -8.4267eV
 LUMO      6.1     0.009998 =       0.2721eV
 LUMO-HOMO         0.319675 =       8.6988eV


 **********************************************************************************************************************************
 DATASETS  * FILE   NREC   LENGTH (MB)   RECORD NAMES
              1      20      178.10       500      610      700      900      950      970     1000      129      960     1100   
                                          VAR    BASINP    GEOM    SYMINP    ZMAT    AOBASIS   BASIS     P2S    ABASIS      S 
                                         1400     1410     1420     1200     1210     1080     1600     1650     1300     1700   
                                           T        V       ECP      H0       H01     AOSYM     SMH    MOLCAS    ERIS     OPER   

              2       4        3.19       700     1000      520     2100   
                                         GEOM     BASIS   MCVARS     RHF  

 PROGRAMS   *        TOTAL       RHF       INT
 CPU TIMES  *        17.24      3.94     13.21
 REAL TIME  *        19.05 SEC
 DISK USED  *       693.56 MB      
 **********************************************************************************************************************************
 SETTING SCF(1)         =      -169.50308263  AU                              
 SETTING _CC_NORM_MAX   =         2.00000000                                  


1PROGRAM * CCSD (Restricted open-shell coupled cluster)     Authors: C. Hampel, H.-J. Werner, 1991, M. Deegan, P.J. Knowles, 1992


 Convergence thresholds:  THRVAR = 1.00D-08  THRDEN = 1.00D-06

 CCSD(T)     terms to be evaluated (factor= 1.000)


 Number of closed-shell orbitals:   9 (   5   2   2   0 )
 Number of active  orbitals:        1 (   0   0   0   1 )
 Number of external orbitals:     205 (  89  47  47  22 )

 Memory could be reduced to 42.59 Mwords without degradation in triples

 Number of N-1 electron functions:              19
 Number of N-2 electron functions:             171
 Number of singly external CSFs:              1289
 Number of doubly external CSFs:           1442724
 Total number of CSFs:                     1444013

 Molecular orbitals read from record     2100.2  Type=RHF/CANONICAL (state 1.4)

 Integral transformation finished. Total CPU:   1.25 sec, npass=  1  Memory used:   3.86 MW

 Starting RMP2 calculation

 Wavefunction is spin-projected

 ITER.      SQ.NORM     CORR.ENERGY   TOTAL ENERGY   ENERGY CHANGE        DEN1      VAR(S)    VAR(P)  DIIS     TIME
   1      1.15187398    -0.99944720  -170.50252984    -0.99944720    -0.00140603  0.10D-05  0.65D-03  1  1     1.35
   2      1.15344507    -1.00093184  -170.50401448    -0.00148464    -0.00000690  0.49D-07  0.57D-05  2  2     1.44
   3      1.15357642    -1.00099842  -170.50408105    -0.00006658    -0.00000005  0.34D-08  0.40D-07  3  3     1.53
   4      1.15358248    -1.00099982  -170.50408245    -0.00000140    -0.00000000  0.25D-09  0.37D-09  4  4     1.62
   5      1.15358266    -1.00099983  -170.50408246    -0.00000001    -0.00000000  0.26D-11  0.69D-11  5  5     1.73

 Norm of t1 vector:      0.02020003      S-energy:    -0.00292264      T1 diagnostic:  0.00004513
 Norm of t2 vector:      0.39137529      P-energy:    -0.99807719
                                         Alpha-Beta:  -0.69200506
                                         Alpha-Alpha: -0.17185411
                                         Beta-Beta:   -0.13421802

 Spin contamination <S**2-Sz**2-Sz>     0.00000000
  Reference energy                   -169.503082633916
  RHF-RMP2 correlation energy          -1.000999825102
 !RHF-RMP2 energy                    -170.504082459018
 (NB above energy spin projected)

 Starting RCCSD calculation

 ITER.      SQ.NORM     CORR.ENERGY   TOTAL ENERGY   ENERGY CHANGE        DEN1      VAR(S)    VAR(P)  DIIS     TIME
   1      1.11511882    -0.86503670  -170.36811933    -0.86503670    -0.06173678  0.11D-01  0.10D-01  0  0     4.61
   2      1.13643990    -0.91983895  -170.42292159    -0.05480225    -0.01129646  0.21D-02  0.29D-02  1  1     7.48
   3      1.13660034    -0.90726679  -170.41034942     0.01257216    -0.00075182  0.56D-03  0.13D-03  2  2    10.37
   4      1.14050715    -0.90825974  -170.41134237    -0.00099295    -0.00024956  0.20D-03  0.48D-04  3  3    13.23
   5      1.14733543    -0.90998291  -170.41306554    -0.00172317    -0.00005001  0.60D-04  0.62D-05  4  4    16.13
   6      1.15025803    -0.91024835  -170.41333098    -0.00026544    -0.00001848  0.22D-04  0.25D-05  5  5    19.03
   7      1.15237706    -0.91033260  -170.41341524    -0.00008425    -0.00000695  0.79D-05  0.79D-06  6  6    21.94
   8      1.15381876    -0.91035206  -170.41343470    -0.00001946    -0.00000226  0.21D-05  0.32D-06  6  1    24.83
   9      1.15479015    -0.91037427  -170.41345690    -0.00002220    -0.00000031  0.14D-06  0.90D-07  6  2    27.73
  10      1.15486151    -0.91036808  -170.41345071     0.00000619    -0.00000008  0.52D-07  0.19D-07  6  4    30.66
  11      1.15492578    -0.91037373  -170.41345636    -0.00000565    -0.00000003  0.13D-07  0.75D-08  6  2    33.57
  12      1.15492905    -0.91037218  -170.41345481     0.00000155    -0.00000000  0.93D-09  0.55D-09  6  3    36.49
  13      1.15492725    -0.91037173  -170.41345437     0.00000045    -0.00000000  0.26D-09  0.14D-09  6  5    39.39

 Norm of t1 vector:      0.15779813      S-energy:    -0.00322126      T1 diagnostic:  0.02504799
                                                                       D1 diagnostic:  0.08752206
 Norm of t2 vector:      0.36059257      P-energy:    -0.90715047
                                         Alpha-Beta:  -0.65798006
                                         Alpha-Alpha: -0.13892620
                                         Beta-Beta:   -0.11024421

 Singles amplitudes (print threshold =  0.500E-01):

         I         SYM. A    A   T(IA) [Beta-Beta]

         5         1         3      0.05693170

 Spin contamination <S**2-Sz**2-Sz>     0.00000000

 Memory could be reduced to 44.78 Mwords without degradation in triples
 

  Correlated core orbitals:             1.1       2.1       1.2       1.3
  Orbital energies:                    -5.0068   -3.2005   -3.2548   -3.2548
 
  RCCSD core-core energy               -0.132086029961
  RCCSD core-valence energy            -0.341271431862
  RCCSD valence correlation energy     -0.437014270987
 

 RESULTS
 =======

  Reference energy                   -169.503082633916
  RCCSD singles energy                 -0.003221262555
  RCCSD pair energy                    -0.907150470254
  RCCSD correlation energy             -0.910371732810
  Triples (T) contribution             -0.036430167783
  Total correlation energy             -0.946801900592
 
  RHF-RCCSD energy                   -170.413454366726
  RHF-RCCSD[T] energy                -170.454842686096
  RHF-RCCSD-T energy                 -170.449500216344
 !RHF-RCCSD(T) energy                -170.449884534508

 Program statistics:

 Available memory in ccsd:               511999000
 Min. memory needed in ccsd:               4286116
 Max. memory used in ccsd:                 6051973
 Max. memory used in cckext:               4847269 (13 integral passes)
 Max. memory used in cckint:               3856868 ( 1 integral passes)



 **********************************************************************************************************************************
 DATASETS  * FILE   NREC   LENGTH (MB)   RECORD NAMES
              1      20      178.10       500      610      700      900      950      970     1000      129      960     1100   
                                          VAR    BASINP    GEOM    SYMINP    ZMAT    AOBASIS   BASIS     P2S    ABASIS      S 
                                         1400     1410     1420     1200     1210     1080     1600     1650     1300     1700   
                                           T        V       ECP      H0       H01     AOSYM     SMH    MOLCAS    ERIS     OPER   

              2       4        3.19       700     1000      520     2100   
                                         GEOM     BASIS   MCVARS     RHF  

 PROGRAMS   *        TOTAL  RCCSD(T)       RHF       INT
 CPU TIMES  *       143.39    126.15      3.94     13.21
 REAL TIME  *       150.56 SEC
 DISK USED  *       953.28 MB      
 **********************************************************************************************************************************
 SETTING CCSD(1)        =      -170.44988453  AU                              

Geometry recognized as XYZ



 Recomputing integrals since geometry and symmetry changed


 Using spherical harmonics


1PROGRAM * SEWARD (Integral evaluation for generally contracted gaussian basis sets)     Author: Roland Lindh, 1990

 Geometry written to block  1 of record 701

 Orientation using atomic masses  
 Molecule type: Atom
 Symmetry elements: X,Y,Z
 Rotational constants:       0.0000000      0.0000000      0.0000000 GHz  (calculated with average atomic masses)

 Point group  D2h 



 ATOMIC COORDINATES

 NR  ATOM    CHARGE       X              Y              Z

   1  NI     18.00    0.000000000    0.000000000    0.000000000

 NUCLEAR CHARGE:                   18
 NUMBER OF PRIMITIVE AOS:         231
 NUMBER OF SYMMETRY AOS:          190
 NUMBER OF CONTRACTIONS:          190   (  54Ag  +  27B3u +  27B2u +  17B1g +  27B1u +  17B2g +  17B3g +   4Au  )
 NUMBER OF CORE ORBITALS:           4   (   1Ag  +   1B3u +   1B2u +   0B1g +   1B1u +   0B2g +   0B3g +   0Au  )
 NUMBER OF VALENCE ORBITALS:        6   (   3Ag  +   0B3u +   0B2u +   1B1g +   0B1u +   1B2g +   1B3g +   0Au  )

 MOLECULE CHANGED: INITIALIZING OCCUPATION AND DUMP RECORDS


 NUCLEAR REPULSION ENERGY    0.00000000

 EXTRA SYMMETRY OF AOS IN SYMMETRY 1:   1 1 1 1 1 1 1 1 1 1   1 1 1 1 1 1 1 1 1 1   1 1 1 2 3 2 3 2 3 2   3 2 3 2 3 2 3 2 3 2
                                        3 2 3 2 3 4 5 6 4 5   6 4 5 6
 EXTRA SYMMETRY OF AOS IN SYMMETRY 2:   1 1 1 1 1 1 1 1 1 1   1 1 1 1 1 1 1 1 1 2   3 2 3 2 3 2 3
 EXTRA SYMMETRY OF AOS IN SYMMETRY 3:   1 1 1 1 1 1 1 1 1 1   1 1 1 1 1 1 1 1 1 2   3 2 3 2 3 2 3
 EXTRA SYMMETRY OF AOS IN SYMMETRY 4:   1 1 1 1 1 1 1 1 1 1   1 2 3 2 3 2 3
 EXTRA SYMMETRY OF AOS IN SYMMETRY 5:   1 1 1 1 1 1 1 1 1 1   1 1 1 1 1 1 1 1 1 2   3 2 3 2 3 2 3
 EXTRA SYMMETRY OF AOS IN SYMMETRY 6:   1 1 1 1 1 1 1 1 1 1   1 2 3 2 3 2 3
 EXTRA SYMMETRY OF AOS IN SYMMETRY 7:   1 1 1 1 1 1 1 1 1 1   1 2 3 2 3 2 3

 Eigenvalues of metric

         1 0.411E-05 0.411E-05 0.545E-05 0.561E-04 0.180E-03 0.180E-03 0.582E-03 0.167E-02
         2 0.384E-05 0.270E-04 0.111E-02 0.469E-02 0.120E-01 0.271E-01 0.465E-01 0.865E-01
         3 0.384E-05 0.270E-04 0.111E-02 0.469E-02 0.120E-01 0.271E-01 0.465E-01 0.865E-01
         4 0.411E-05 0.180E-03 0.536E-01 0.120E+00 0.251E+00 0.251E+00 0.257E+00 0.449E+00
         5 0.384E-05 0.270E-04 0.111E-02 0.469E-02 0.120E-01 0.271E-01 0.465E-01 0.865E-01
         6 0.411E-05 0.180E-03 0.536E-01 0.120E+00 0.251E+00 0.251E+00 0.257E+00 0.449E+00
         7 0.411E-05 0.180E-03 0.536E-01 0.120E+00 0.251E+00 0.251E+00 0.257E+00 0.449E+00
         8 0.186E+00 0.527E+00 0.123E+01 0.205E+01


 Contracted 2-electron integrals neglected if value below      1.0D-12
 AO integral compression algorithm  1   Integral accuracy      1.0D-12

     148.374 MB (compressed) written to integral file ( 47.3%)


 NUMBER OF SORTED TWO-ELECTRON INTEGRALS:   21725389.     BUFFER LENGTH:  32768
 NUMBER OF SEGMENTS:   2  SEGMENT LENGTH:   15999094      RECORD LENGTH: 524288

 Memory used in sort:      16.56 MW

 SORT1 READ    39142000. AND WROTE    14699212. INTEGRALS IN     43 RECORDS. CPU TIME:     0.81 SEC, REAL TIME:     0.95 SEC
 SORT2 READ    14699212. AND WROTE    21725389. INTEGRALS IN    566 RECORDS. CPU TIME:     0.40 SEC, REAL TIME:     0.51 SEC

 FILE SIZES:   FILE 1:   157.0 MBYTE,  FILE 4:   180.4 MBYTE,   TOTAL:    337.4 MBYTE

 OPERATOR DM      FOR CENTER  0  COORDINATES:    0.000000    0.000000    0.000000


 **********************************************************************************************************************************
 DATASETS  * FILE   NREC   LENGTH (MB)   RECORD NAMES
              1      21       83.57       500      610      700      701      900      950      970     1001      129      960   
                                          VAR    BASINP    GEOM     GEOM    SYMINP    ZMAT    AOBASIS   BASIS     P2S    ABASIS    
                                         1100     1400     1410     1420     1200     1210     1080     1600     1650     1300   
                                           S        T        V       ECP      H0       H01     AOSYM     SMH    MOLCAS    ERIS   
                                         1700   
                                         OPER   

              2       6        3.58       700     1000      520     2100      701     1001   
                                         GEOM     BASIS   MCVARS     RHF     GEOM     BASIS   

 PROGRAMS   *        TOTAL       INT  RCCSD(T)       RHF       INT
 CPU TIMES  *       153.56     10.17    126.15      3.94     13.21
 REAL TIME  *       161.41 SEC
 DISK USED  *       953.28 MB      
 **********************************************************************************************************************************

1PROGRAM * RHF-SCF (OPEN SHELL)       Authors: W. Meyer, H.-J. Werner


 NUMBER OF ELECTRONS:      10+    8-    SPACE SYMMETRY=6    SPIN SYMMETRY: Triplet 
 CONVERGENCE THRESHOLDS:    1.00E-05 (Density)    1.00E-07 (Energy)
 MAX. NUMBER OF ITERATIONS:       60
 INTERPOLATION TYPE:            DIIS
 INTERPOLATION STEPS:              2 (START)      1 (STEP)
 LEVEL SHIFTS:                 -0.30 (CLOSED)  0.00 (OPEN) 


 Singly occupied orbitals:      1.4       1.7
 
 Extra symmetries of mos in symmetry 1:   1   1   3   2
 Orbital guess generated from atomic densities. Full valence occupancy:    4   1   1   1   1   1   1   0


 Molecular orbital dump at record        2101.2

 ITERATION    DDIFF          GRAD             ENERGY        2-EL.EN.            DIPOLE MOMENTS         DIIS   ORB.
    1      0.000D+00      0.000D+00      -167.65484798    230.496264    0.00000    0.00000    0.00000    0    start
    2      0.000D+00      0.102D+00      -168.36145664    284.799553    0.00000    0.00000    0.00000    1    diag,B
    3      0.376D-01      0.926D-01      -169.04057190    267.679518    0.00000    0.00000    0.00000    2    diag,B
    4      0.259D-01      0.122D-01      -169.05810081    265.505530    0.00000    0.00000    0.00000    3    diag,B
    5      0.985D-02      0.131D-02      -169.05966589    265.662052    0.00000    0.00000    0.00000    4    diag,B
    6      0.370D-02      0.415D-03      -169.05999220    265.824804    0.00000    0.00000    0.00000    5    diag,B
    7      0.168D-02      0.145D-03      -169.06004782    265.874445    0.00000    0.00000    0.00000    6    fixocc
    8      0.684D-03      0.431D-04      -169.06005199    265.887751    0.00000    0.00000    0.00000    7    diag,B
    9      0.269D-03      0.980D-05      -169.06005206    265.888671    0.00000    0.00000    0.00000    8    diag,B
   10      0.608D-04      0.104D-05      -169.06005206    265.888688    0.00000    0.00000    0.00000    9    orth
   11      0.438D-05      0.157D-06      -169.06005206    265.888686    0.00000    0.00000    0.00000    0    orth

 Final alpha occupancy:   4   1   1   1   1   1   1   0
 Final beta  occupancy:   4   1   1   0   1   1   0   0

 !RHF STATE 1.6 Energy               -169.060052060426
 Nuclear energy                         0.00000000
 One-electron energy                 -302.00439523
 Two-electron energy                  132.94434317
 Virial quotient                       -1.59039668
 !RHF STATE 1.6 Dipole moment           0.00000000     0.00000000     0.00000000
 Dipole moment /Debye                   0.00000000     0.00000000     0.00000000

 Orbital energies:

         1.1          2.1          3.1          4.1          5.1          6.1
     -5.096723    -0.281170    -0.704011    -0.644155     0.030996     0.124920

         1.2          2.2          3.2
     -3.302912     0.023968     0.080309

         1.3          2.3          3.3
     -3.311409     0.022360     0.076145

         1.4          2.4          3.4
     -0.770409     0.124824     0.438571

         1.5          2.5          3.5
     -3.302912     0.023968     0.080309

         1.6          2.6          3.6
     -0.644155     0.125678     0.446224

         1.7          2.7          3.7
     -0.770409     0.124824     0.438571

         1.8          2.8
      1.327856     3.858695

 HOMO      4.1    -0.644155 =     -17.5284eV
 LUMO      2.3     0.022360 =       0.6084eV
 LUMO-HOMO         0.666515 =      18.1368eV


 **********************************************************************************************************************************
 DATASETS  * FILE   NREC   LENGTH (MB)   RECORD NAMES
              1      21       83.57       500      610      700      701      900      950      970     1001      129      960   
                                          VAR    BASINP    GEOM     GEOM    SYMINP    ZMAT    AOBASIS   BASIS     P2S    ABASIS    
                                         1100     1400     1410     1420     1200     1210     1080     1600     1650     1300   
                                           S        T        V       ECP      H0       H01     AOSYM     SMH    MOLCAS    ERIS   
                                         1700   
                                         OPER   

              2       7        6.25       700     1000      520     2100      701     1001     2101   
                                         GEOM     BASIS   MCVARS     RHF     GEOM     BASIS     RHF  

 PROGRAMS   *        TOTAL       RHF       INT  RCCSD(T)       RHF       INT
 CPU TIMES  *       154.32      0.76     10.17    126.15      3.94     13.21
 REAL TIME  *       162.28 SEC
 DISK USED  *       953.28 MB      
 **********************************************************************************************************************************
 SETTING NI_SCF         =      -169.06005206  AU                              
 SETTING _CC_NORM_MAX   =         2.00000000                                  


1PROGRAM * CCSD (Restricted open-shell coupled cluster)     Authors: C. Hampel, H.-J. Werner, 1991, M. Deegan, P.J. Knowles, 1992


 Convergence thresholds:  THRVAR = 1.00D-08  THRDEN = 1.00D-06

 CCSD(T)     terms to be evaluated (factor= 1.000)


 Number of closed-shell orbitals:   8 (   4   1   1   0   1   1   0   0 )
 Number of active  orbitals:        2 (   0   0   0   1   0   0   1   0 )
 Number of external orbitals:     180 (  50  26  26  16  26  16  16   4 )

 Memory could be reduced to 17.41 Mwords without degradation in triples

 Number of N-1 electron functions:              18
 Number of N-2 electron functions:             153
 Number of singly external CSFs:               622
 Number of doubly external CSFs:            513983
 Total number of CSFs:                      514605

 Molecular orbitals read from record     2101.2  Type=RHF/CANONICAL (state 1.6)

 Integral transformation finished. Total CPU:   0.32 sec, npass=  1  Memory used:   2.63 MW

 Starting RMP2 calculation

 Wavefunction is spin-projected

 ITER.      SQ.NORM     CORR.ENERGY   TOTAL ENERGY   ENERGY CHANGE        DEN1      VAR(S)    VAR(P)  DIIS     TIME
   1      1.11203830    -0.84192524  -169.90197730    -0.84192524    -0.00110593  0.89D-06  0.72D-03  1  1     0.36
   2      1.11385966    -0.84309497  -169.90314703    -0.00116973    -0.00001492  0.11D-06  0.15D-04  2  2     0.38
   3      1.11413771    -0.84320358  -169.90325564    -0.00010862    -0.00000009  0.14D-07  0.68D-07  3  3     0.40
   4      1.11414983    -0.84320664  -169.90325870    -0.00000306    -0.00000000  0.69D-09  0.11D-08  4  4     0.42
   5      1.11415013    -0.84320658  -169.90325864     0.00000006    -0.00000000  0.20D-10  0.21D-10  5  5     0.46

 Norm of t1 vector:      0.02842966      S-energy:    -0.00558490      T1 diagnostic:  0.00007209
 Norm of t2 vector:      0.33666287      P-energy:    -0.83762168
                                         Alpha-Beta:  -0.58750361
                                         Alpha-Alpha: -0.15619168
                                         Beta-Beta:   -0.09392639

 Spin contamination <S**2-Sz**2-Sz>     0.00000000
  Reference energy                   -169.060052060426
  RHF-RMP2 correlation energy          -0.843206584045
 !RHF-RMP2 energy                    -169.903258644471
 (NB above energy spin projected)

 Starting RCCSD calculation

 ITER.      SQ.NORM     CORR.ENERGY   TOTAL ENERGY   ENERGY CHANGE        DEN1      VAR(S)    VAR(P)  DIIS     TIME
   1      1.10578168    -0.78299233  -169.84304439    -0.78299233    -0.02706329  0.52D-02  0.45D-02  0  0     1.20
   2      1.12285056    -0.80719782  -169.86724988    -0.02420549    -0.00307843  0.53D-03  0.10D-02  1  1     1.94
   3      1.12829338    -0.80547335  -169.86552541     0.00172447    -0.00063404  0.29D-03  0.24D-03  2  2     2.67
   4      1.13649710    -0.80805877  -169.86811083    -0.00258542    -0.00011064  0.27D-04  0.46D-04  3  3     3.40
   5      1.14087059    -0.80919757  -169.86924963    -0.00113880    -0.00003305  0.11D-05  0.15D-04  4  4     4.14
   6      1.14302374    -0.80945620  -169.86950826    -0.00025864    -0.00001373  0.40D-05  0.57D-05  5  5     4.87
   7      1.14320911    -0.80946935  -169.86952141    -0.00001315    -0.00000324  0.13D-05  0.12D-05  6  6     5.60
   8      1.14308214    -0.80944443  -169.86949649     0.00002492    -0.00000065  0.42D-06  0.18D-06  6  1     6.35
   9      1.14298506    -0.80942805  -169.86948011     0.00001638    -0.00000007  0.38D-07  0.29D-07  6  2     7.10
  10      1.14296197    -0.80943015  -169.86948221    -0.00000211    -0.00000001  0.28D-08  0.40D-08  6  4     7.85
  11      1.14296679    -0.80942956  -169.86948162     0.00000059    -0.00000000  0.11D-09  0.52D-09  6  3     8.59

 Norm of t1 vector:      0.12051521      S-energy:    -0.00596973      T1 diagnostic:  0.01896257
                                                                       D1 diagnostic:  0.06490986
 Norm of t2 vector:      0.35838928      P-energy:    -0.80345982
                                         Alpha-Beta:  -0.58348804
                                         Alpha-Alpha: -0.13451422
                                         Beta-Beta:   -0.08545756

 Singles amplitudes (print threshold =  0.500E-01):

         I         SYM. A    A   T(IA) [Alpha-Alpha]

         2         1         4     -0.05522717

 Doubles amplitudes (print threshold =  0.500E-01):

         I         J         SYM. A    SYM. B    A         B      T(IJ, AB) [Beta-Beta]

         9         4         4         7         1         1     -0.07698727
         9         4         7         4         1         1      0.07698727
 
         I         J         SYM. A    SYM. B    A         B      T(IJ, AB) [Alpha-Beta]

         2         2         2         2         2         2     -0.05552314
         2         2         3         3         2         2     -0.05806329
         2         2         5         5         2         2     -0.05552314

 Spin contamination <S**2-Sz**2-Sz>     0.00000000

 Memory could be reduced to 16.13 Mwords without degradation in triples
 

  Correlated core orbitals:             1.1       1.2       1.3       1.5
  Orbital energies:                    -5.2013   -3.4035   -3.4879   -3.4035
 
  RCCSD core-core energy               -0.136759921410
  RCCSD core-valence energy            -0.331941301033
  RCCSD valence correlation energy     -0.340728333666
 

 RESULTS
 =======

  Reference energy                   -169.060052060426
  RCCSD singles energy                 -0.005969731526
  RCCSD pair energy                    -0.803459824583
  RCCSD correlation energy             -0.809429556109
  Triples (T) contribution             -0.026379309120
  Total correlation energy             -0.835808865229
 
  RHF-RCCSD energy                   -169.869481616535
  RHF-RCCSD[T] energy                -169.897576624638
  RHF-RCCSD-T energy                 -169.895449481284
 !RHF-RCCSD(T) energy                -169.895860925655

 Program statistics:

 Available memory in ccsd:               511999000
 Min. memory needed in ccsd:               1561073
 Max. memory used in ccsd:                 2184253
 Max. memory used in cckext:               1692902 (11 integral passes)
 Max. memory used in cckint:               2631312 ( 1 integral passes)



 **********************************************************************************************************************************
 DATASETS  * FILE   NREC   LENGTH (MB)   RECORD NAMES
              1      21       83.57       500      610      700      701      900      950      970     1001      129      960   
                                          VAR    BASINP    GEOM     GEOM    SYMINP    ZMAT    AOBASIS   BASIS     P2S    ABASIS    
                                         1100     1400     1410     1420     1200     1210     1080     1600     1650     1300   
                                           S        T        V       ECP      H0       H01     AOSYM     SMH    MOLCAS    ERIS   
                                         1700   
                                         OPER   

              2       7        6.25       700     1000      520     2100      701     1001     2101   
                                         GEOM     BASIS   MCVARS     RHF     GEOM     BASIS     RHF  

 PROGRAMS   *        TOTAL  RCCSD(T)       RHF       INT  RCCSD(T)       RHF       INT
 CPU TIMES  *       180.94     26.61      0.76     10.17    126.15      3.94     13.21
 REAL TIME  *       190.54 SEC
 DISK USED  *       953.28 MB      
 **********************************************************************************************************************************
 SETTING NI_CCSD        =      -169.89586093  AU                              

Geometry recognized as XYZ



 Recomputing integrals since geometry and symmetry changed


 Using spherical harmonics


1PROGRAM * SEWARD (Integral evaluation for generally contracted gaussian basis sets)     Author: Roland Lindh, 1990

 Geometry written to block  1 of record 702

 Orientation using atomic masses  
 Molecule type: Atom
 Symmetry elements: X,Y,Z
 Rotational constants:       0.0000000      0.0000000      0.0000000 GHz  (calculated with average atomic masses)

 Point group  D2h 



 ATOMIC COORDINATES

 NR  ATOM    CHARGE       X              Y              Z

   1  H       1.00    0.000000000    0.000000000    0.000000000

 NUCLEAR CHARGE:                    1
 NUMBER OF PRIMITIVE AOS:          27
 NUMBER OF SYMMETRY AOS:           25
 NUMBER OF CONTRACTIONS:           25   (  10Ag  +   3B3u +   3B2u +   2B1g +   3B1u +   2B2g +   2B3g +   0Au  )
 NUMBER OF CORE ORBITALS:           0   (   0Ag  +   0B3u +   0B2u +   0B1g +   0B1u +   0B2g +   0B3g +   0Au  )
 NUMBER OF VALENCE ORBITALS:        1   (   1Ag  +   0B3u +   0B2u +   0B1g +   0B1u +   0B2g +   0B3g +   0Au  )

 MOLECULE CHANGED: INITIALIZING OCCUPATION AND DUMP RECORDS


 NUCLEAR REPULSION ENERGY    0.00000000

 EXTRA SYMMETRY OF AOS IN SYMMETRY 1:   1 1 1 1 1 1 2 3 2 3

 Eigenvalues of metric

         1 0.453E-01 0.168E+00 0.420E+00 0.574E+00 0.574E+00 0.859E+00 0.143E+01 0.143E+01
         2 0.230E+00 0.821E+00 0.195E+01
         3 0.230E+00 0.821E+00 0.195E+01
         4 0.574E+00 0.143E+01
         5 0.230E+00 0.821E+00 0.195E+01
         6 0.574E+00 0.143E+01
         7 0.574E+00 0.143E+01


 Contracted 2-electron integrals neglected if value below      1.0D-12
 AO integral compression algorithm  1   Integral accuracy      1.0D-12

     0.262 MB (compressed) written to integral file (100.0%)


 NUMBER OF SORTED TWO-ELECTRON INTEGRALS:       9151.     BUFFER LENGTH:  32768
 NUMBER OF SEGMENTS:   1  SEGMENT LENGTH:       9151      RECORD LENGTH: 524288

 Memory used in sort:       0.57 MW

 SORT1 READ       19237. AND WROTE        7791. INTEGRALS IN      1 RECORDS. CPU TIME:     0.00 SEC, REAL TIME:     0.00 SEC
 SORT2 READ        7791. AND WROTE        9151. INTEGRALS IN      1 RECORDS. CPU TIME:     0.00 SEC, REAL TIME:     0.00 SEC

 FILE SIZES:   FILE 1:     8.0 MBYTE,  FILE 4:     4.2 MBYTE,   TOTAL:     12.2 MBYTE

 OPERATOR DM      FOR CENTER  0  COORDINATES:    0.000000    0.000000    0.000000


 **********************************************************************************************************************************
 DATASETS  * FILE   NREC   LENGTH (MB)   RECORD NAMES
              1      20        7.78       500      610      700      702      900      950      970     1002      129      960   
                                          VAR    BASINP    GEOM     GEOM    SYMINP    ZMAT    AOBASIS   BASIS     P2S    ABASIS    
                                         1100     1400     1410     1200     1210     1080     1600     1650     1300     1700   
                                           S        T        V       H0       H01     AOSYM     SMH    MOLCAS    ERIS     OPER   

              2       9        6.51       700     1000      520     2100      701     1001     2101      702     1002   
                                         GEOM     BASIS   MCVARS     RHF     GEOM     BASIS     RHF     GEOM     BASIS   

 PROGRAMS   *        TOTAL       INT  RCCSD(T)       RHF       INT  RCCSD(T)       RHF       INT
 CPU TIMES  *       181.11      0.17     26.61      0.76     10.17    126.15      3.94     13.21
 REAL TIME  *       190.85 SEC
 DISK USED  *       953.28 MB      
 **********************************************************************************************************************************

1PROGRAM * RHF-SCF (OPEN SHELL)       Authors: W. Meyer, H.-J. Werner


 NUMBER OF ELECTRONS:       1+    0-    SPACE SYMMETRY=1    SPIN SYMMETRY: Doublet 
 CONVERGENCE THRESHOLDS:    1.00E-05 (Density)    1.00E-07 (Energy)
 MAX. NUMBER OF ITERATIONS:       60
 INTERPOLATION TYPE:            DIIS
 INTERPOLATION STEPS:              2 (START)      1 (STEP)
 LEVEL SHIFTS:                 -0.30 (CLOSED)  0.00 (OPEN) 


 Singly occupied orbitals:      1.1
 Orbital guess generated from atomic densities. Full valence occupancy:    1   0   0   0   0   0   0   0


 Molecular orbital dump at record        2102.2

 ITERATION    DDIFF          GRAD             ENERGY        2-EL.EN.            DIPOLE MOMENTS         DIIS   ORB.
    1      0.000D+00      0.000D+00        -0.48870214      0.000000    0.00000    0.00000    0.00000    0    start
    2      0.000D+00      0.127D-01        -0.49809459      0.000000    0.00000    0.00000    0.00000    1    diag,B
    3      0.108D-01      0.497D-02        -0.49982052      0.000000    0.00000    0.00000    0.00000    2    diag,B
    4      0.747D-02      0.125D-03        -0.49982131      0.000000    0.00000    0.00000    0.00000    3    diag,B
    5      0.274D-03      0.911D-05        -0.49982132      0.000000    0.00000    0.00000    0.00000    4    diag,B
    6      0.201D-04      0.919D-06        -0.49982132     -0.000000    0.00000    0.00000    0.00000    5    diag,B
    7      0.146D-05      0.930D-07        -0.49982132      0.000000    0.00000    0.00000    0.00000    0    orth

 Final alpha occupancy:   1   0   0   0   0   0   0
 Final beta  occupancy:   0   0   0   0   0   0   0

 !RHF STATE 1.1 Energy                 -0.499821317141
 Nuclear energy                         0.00000000
 One-electron energy                   -0.49982132
 Two-electron energy                    0.00000000
 Virial quotient                       -1.00099470
 !RHF STATE 1.1 Dipole moment           0.00000000     0.00000000     0.00000000
 Dipole moment /Debye                   0.00000000     0.00000000     0.00000000

 Orbital energies:

         1.1          2.1          3.1
     -0.499821     0.057509     0.442812

         1.2          2.2
      0.205842     0.985059

         1.3          2.3
      0.205842     0.985059

         1.4          2.4
      0.806884     3.839347

         1.5          2.5
      0.205842     0.985059

         1.6          2.6
      0.806884     3.839347

         1.7          2.7
      0.806884     3.839347

 HOMO      1.1    -0.499821 =     -13.6008eV
 LUMO      2.1     0.057509 =       1.5649eV
 LUMO-HOMO         0.557331 =      15.1657eV


 **********************************************************************************************************************************
 DATASETS  * FILE   NREC   LENGTH (MB)   RECORD NAMES
              1      20        7.78       500      610      700      702      900      950      970     1002      129      960   
                                          VAR    BASINP    GEOM     GEOM    SYMINP    ZMAT    AOBASIS   BASIS     P2S    ABASIS    
                                         1100     1400     1410     1200     1210     1080     1600     1650     1300     1700   
                                           S        T        V       H0       H01     AOSYM     SMH    MOLCAS    ERIS     OPER   

              2      10        9.00       700     1000      520     2100      701     1001     2101      702     1002     2102   
                                         GEOM     BASIS   MCVARS     RHF     GEOM     BASIS     RHF     GEOM     BASIS     RHF  

 PROGRAMS   *        TOTAL       RHF       INT  RCCSD(T)       RHF       INT  RCCSD(T)       RHF       INT
 CPU TIMES  *       181.13      0.02      0.17     26.61      0.76     10.17    126.15      3.94     13.21
 REAL TIME  *       190.91 SEC
 DISK USED  *       953.28 MB      
 **********************************************************************************************************************************
 SETTING H_SCF          =        -0.49982132  AU                              
 Output type csv         
                                                                                                                                                                                                                                                                

     Z,SCF,CCSD
   1.1,   -169.5030826,   -170.4498845
                                                  

        RHF-SCF         RCCSD(T)        RHF-SCF         RCCSD(T)        RHF-SCF 
     -0.49982132   -169.89586093   -169.06005206   -170.44988453   -169.50308263
 **********************************************************************************************************************************
 Variable memory released
