
 Primary working directories    : /tmp/cmelton
 Secondary working directories  : /tmp/cmelton
 Wavefunction directory         : /remote/cmelton/wfu/
 Main file repository           : /tmp/cmelton/

 SHA1      : 4c1979699e6aeda0524d0210415ba82a958648b0
 NAME      : 2012.1.39
 ARCHNAME  : Linux/x86_64
 FC        : /projects/sems/install/rhel6-x86_64/sems/compiler/intel/16.0.1/base/bin/ifort
 FCVERSION : 16.0.1
 BLASLIB   : -L/projects/sems/install/rhel6-x86_64/sems/compiler/intel/16.0.1/base/compilers_and_libraries_2016.1.150/linux/mkl/lib/intel64 -lmkl_intel_ilp64 -lmkl_sequential -lmkl_core
 id        : sandiacon

 Nodes            nprocs
 doppio.sandia.gov    1

 Using customized tuning parameters: mindgm=7; mindgv=16; mindgc=1; mindgr=1; noblas=0; minvec=7
 default implementation of scratch files=df  

 ***,Calculation for Be atom, singlet and triplet
 memory,2500,m
 gthresh,twoint=1.0E-12
 
 basis={
 ecp,O,2,2,0;
 6;                                                                              !Vd
   1 ,  10.27717748 ,       6.00000000 ;
   2 ,  15.99566749 ,    1232.50197768 ;
   2 ,  10.46901775 ,    -696.47008301 ;
   2 ,  14.63848010 ,   -2654.22657081 ;
   2 ,  12.57591181 ,    2101.67732548 ;
   3 ,   7.77739102 ,      61.66306486 ;
 6;                                                                              !Vs-Vd
   2 ,  12.39426073 , -656683.37638839 ;
   2 ,  12.38126171 ,  657858.57667068 ;
   2 ,   8.57671033 ,     511.50098405 ;
   2 ,   9.89256508 ,   -2579.54665641 ;
   2 ,  28.05641604 ,     -57.68129584 ;
   2 ,  17.24753607 ,     970.30940152 ;
 6;                                                                              !Vp-Vd
   2 ,  14.78918914 , -363027.24258186 ;
   2 ,  14.82014018 ,  361852.52314043 ;
   2 ,  22.89622221 ,   -1300.20069256 ;
   2 ,   8.51331893 ,    -181.96869573 ;
   2 ,  11.48609758 ,    2194.87589959 ;
   2 ,  27.22017524 ,     451.19906206 ;
 Including file /remote/cmelton/data/corrECP/VO/tn17_tn17/O-aug-cc-CVTZ.basis
 }
 
 geometry={
    1
    Oxygen
    O 0.0 0.0 0.0
 }
 {rhf;
  start,atden
  wf,6,7,2;
  occ,1,1,1,0,1,0,0,0;
  open,1.3,1.5;
 }
 O_scf=energy
 _CC_NORM_MAX=2.0
 {rccsd(t);maxit,100;core}
 O_ccsd=energy
 

 Variables initialized (782), CPU time= 0.01 sec
 Commands  initialized (547), CPU time= 0.01 sec, 517 directives.
 Default parameters read. Elapsed time= 0.46 sec

 Checking input...
 Passed
1


                                         ***  PROGRAM SYSTEM MOLPRO  ***
                         Copyright, University College Cardiff Consultants Limited, 2008

                                    Version 2012.1 linked Aug  2 2016 14:07:26


 **********************************************************************************************************************************
 LABEL *   Calculation for Be atom, singlet and triplet                                  
 Linux-3.10.0-693.5.2.el7.x86_64/doppio.sandia.gov(x86_64) 64 bit serial version         DATE: 06-Feb-18          TIME: 12:14:26  
 **********************************************************************************************************************************

 SHA1:             4c1979699e6aeda0524d0210415ba82a958648b0
 **********************************************************************************************************************************

 THRESHOLDS:

 ZERO    =  1.00D-12  ONEINT  =  1.00D-12  TWOINT  =  1.00D-12  PREFAC  =  1.00D-14  LOCALI  =  1.00D-09  EORDER  =  1.00D-04
 ENERGY  =  0.00D+00  ETEST   =  0.00D+00  EDENS   =  0.00D+00  THRDEDEF=  1.00D-06  GRADIENT=  1.00D-02  STEP    =  1.00D-03
 ORBITAL =  1.00D-05  CIVEC   =  1.00D-05  COEFF   =  1.00D-04  PRINTCI =  5.00D-02  PUNCHCI =  9.90D+01  OPTGRAD =  3.00D-04
 OPTENERG=  1.00D-06  OPTSTEP =  3.00D-04  THRGRAD =  1.00D-10  COMPRESS=  1.00D-11  VARMIN  =  1.00D-07  VARMAX  =  1.00D-03
 THRDOUB =  0.00D+00  THRDIV  =  1.00D-05  THRRED  =  1.00D-07  THRPSP  =  1.00D+00  THRDC   =  1.00D-10  THRCS   =  1.00D-10
 THRNRM  =  1.00D-08  THREQ   =  0.00D+00  THRDE   =  1.00D+00  THRREF  =  1.00D-05  SPARFAC =  1.00D+00  THRDLP  =  1.00D-07
 THRDIA  =  1.00D-10  THRDLS  =  1.00D-07  THRGPS  =  0.00D+00  THRKEX  =  0.00D+00  THRDIS  =  2.00D-01  THRVAR  =  1.00D-10
 THRLOC  =  1.00D-06  THRGAP  =  1.00D-06  THRLOCT = -1.00D+00  THRGAPT = -1.00D+00  THRORB  =  1.00D-06  THRMLTP =  0.00D+00
 THRCPQCI=  1.00D-10  KEXTA   =  0.00D+00  THRCOARS=  0.00D+00  SYMTOL  =  1.00D-06  GRADTOL =  1.00D-06  THROVL  =  1.00D-08
 THRORTH =  1.00D-08  GRID    =  1.00D-06  GRIDMAX =  1.00D-03  DTMAX   =  0.00D+00  THROCCDE=  1.00D-01  THROCCDE=  1.00D-01



 Variable memory set to 2500000000 words,  buffer space   230000 words

 SETTING BASIS          =    USERDEF

Geometry recognized as XYZ



 Recomputing integrals since basis changed


 Using spherical harmonics


1PROGRAM * SEWARD (Integral evaluation for generally contracted gaussian basis sets)     Author: Roland Lindh, 1990

 Geometry written to block  1 of record 700

 Orientation using atomic masses  
 Molecule type: Atom
 Symmetry elements: X,Y,Z
 Rotational constants:       0.0000000      0.0000000      0.0000000 GHz  (calculated with average atomic masses)

 Point group  D2h 



 ATOMIC COORDINATES

 NR  ATOM    CHARGE       X              Y              Z

   1  O       6.00    0.000000000    0.000000000    0.000000000

 NUCLEAR CHARGE:                    6
 NUMBER OF PRIMITIVE AOS:          81
 NUMBER OF SYMMETRY AOS:           71
 NUMBER OF CONTRACTIONS:           71   (  21Ag  +  12B3u +  12B2u +   4B1g +  12B1u +   4B2g +   4B3g +   2Au  )
 NUMBER OF CORE ORBITALS:           0   (   0Ag  +   0B3u +   0B2u +   0B1g +   0B1u +   0B2g +   0B3g +   0Au  )
 NUMBER OF VALENCE ORBITALS:        4   (   1Ag  +   1B3u +   1B2u +   0B1g +   1B1u +   0B2g +   0B3g +   0Au  )


 NUCLEAR REPULSION ENERGY    0.00000000

 EXTRA SYMMETRY OF AOS IN SYMMETRY 1:   1 1 1 1 1 1 1 1 1 1   1 1 1 2 3 2 3 2 3 2   3
 EXTRA SYMMETRY OF AOS IN SYMMETRY 2:   1 1 1 1 1 1 1 1 2 3   2 3
 EXTRA SYMMETRY OF AOS IN SYMMETRY 3:   1 1 1 1 1 1 1 1 2 3   2 3
 EXTRA SYMMETRY OF AOS IN SYMMETRY 5:   1 1 1 1 1 1 1 1 2 3   2 3

 Eigenvalues of metric

         1 0.267E-04 0.466E-03 0.119E-01 0.237E-01 0.730E-01 0.132E+00 0.255E+00 0.261E+00
         2 0.763E-02 0.514E-01 0.125E+00 0.335E+00 0.447E+00 0.447E+00 0.706E+00 0.127E+01
         3 0.763E-02 0.514E-01 0.125E+00 0.335E+00 0.447E+00 0.447E+00 0.706E+00 0.127E+01
         4 0.261E+00 0.743E+00 0.111E+01 0.188E+01
         5 0.763E-02 0.514E-01 0.125E+00 0.335E+00 0.447E+00 0.447E+00 0.706E+00 0.127E+01
         6 0.261E+00 0.743E+00 0.111E+01 0.188E+01
         7 0.261E+00 0.743E+00 0.111E+01 0.188E+01
         8 0.447E+00 0.155E+01


 Contracted 2-electron integrals neglected if value below      1.0D-12
 AO integral compression algorithm  1   Integral accuracy      1.0D-12

     4.456 MB (compressed) written to integral file ( 66.3%)


 NUMBER OF SORTED TWO-ELECTRON INTEGRALS:     465933.     BUFFER LENGTH:  32768
 NUMBER OF SEGMENTS:   1  SEGMENT LENGTH:     465933      RECORD LENGTH: 524288

 Memory used in sort:       1.02 MW

 SORT1 READ      886537. AND WROTE      360163. INTEGRALS IN      2 RECORDS. CPU TIME:     0.01 SEC, REAL TIME:     0.03 SEC
 SORT2 READ      360163. AND WROTE      465933. INTEGRALS IN     17 RECORDS. CPU TIME:     0.04 SEC, REAL TIME:     0.04 SEC

 FILE SIZES:   FILE 1:    12.1 MBYTE,  FILE 4:     8.4 MBYTE,   TOTAL:     20.5 MBYTE

 OPERATOR DM      FOR CENTER  0  COORDINATES:    0.000000    0.000000    0.000000


 **********************************************************************************************************************************
 DATASETS  * FILE   NREC   LENGTH (MB)   RECORD NAMES
              1      20        9.77       500      610      700      900      950      970     1000      129      960     1100   
                                          VAR    BASINP    GEOM    SYMINP    ZMAT    AOBASIS   BASIS     P2S    ABASIS      S 
                                         1400     1410     1420     1200     1210     1080     1600     1650     1300     1700   
                                           T        V       ECP      H0       H01     AOSYM     SMH    MOLCAS    ERIS     OPER   

 PROGRAMS   *        TOTAL       INT
 CPU TIMES  *         0.75      0.64
 REAL TIME  *         3.08 SEC
 DISK USED  *        20.81 MB      
 **********************************************************************************************************************************

1PROGRAM * RHF-SCF (OPEN SHELL)       Authors: W. Meyer, H.-J. Werner


 NUMBER OF ELECTRONS:       4+    2-    SPACE SYMMETRY=7    SPIN SYMMETRY: Triplet 
 CONVERGENCE THRESHOLDS:    1.00E-05 (Density)    1.00E-07 (Energy)
 MAX. NUMBER OF ITERATIONS:       60
 INTERPOLATION TYPE:            DIIS
 INTERPOLATION STEPS:              2 (START)      1 (STEP)
 LEVEL SHIFTS:                 -0.30 (CLOSED)  0.00 (OPEN) 


 Singly occupied orbitals:      1.3       1.5
 Orbital guess generated from atomic densities. Full valence occupancy:    1   1   1   0   1   0   0   0


 Molecular orbital dump at record        2100.2

 ITERATION    DDIFF          GRAD             ENERGY        2-EL.EN.            DIPOLE MOMENTS         DIIS   ORB.
    1      0.000D+00      0.000D+00       -15.62242027     20.278317    0.00000    0.00000    0.00000    0    start
    2      0.000D+00      0.192D-01       -15.64873333     21.308025    0.00000    0.00000    0.00000    1    diag,B
    3      0.620D-02      0.616D-02       -15.64981904     21.208696    0.00000    0.00000    0.00000    2    diag,B
    4      0.120D-02      0.148D-02       -15.64998152     21.210568    0.00000    0.00000    0.00000    3    diag,B
    5      0.650D-03      0.291D-03       -15.64999054     21.210093    0.00000    0.00000    0.00000    4    diag,B
    6      0.229D-03      0.390D-04       -15.64999070     21.209478    0.00000    0.00000    0.00000    5    diag,B
    7      0.308D-04      0.775D-05       -15.64999071     21.209418    0.00000    0.00000    0.00000    6    fixocc
    8      0.722D-05      0.177D-05       -15.64999071     21.209391    0.00000    0.00000    0.00000    0    orth

 Final alpha occupancy:   1   1   1   0   1   0   0   0
 Final beta  occupancy:   1   1   0   0   0   0   0   0

 !RHF STATE 1.7 Energy                -15.649990707975
 Nuclear energy                         0.00000000
 One-electron energy                  -26.25468629
 Two-electron energy                   10.60469558
 Virial quotient                       -1.34092559
 !RHF STATE 1.7 Dipole moment           0.00000000     0.00000000     0.00000000
 Dipole moment /Debye                   0.00000000     0.00000000     0.00000000

 Orbital energies:

         1.1          2.1          3.1
     -1.251244     0.150988     0.621821

         1.2          2.2          3.2
     -0.567645     0.162687     0.904539

         1.3          2.3          3.3
     -0.703752     0.153165     0.861311

         1.4          2.4
      0.637844     2.081771

         1.5          2.5          3.5
     -0.703752     0.153165     0.861311

         1.6          2.6
      0.637844     2.081771

         1.7          2.7
      0.621821     2.035081

         1.8          2.8
      2.017216     6.363922

 HOMO      1.2    -0.567645 =     -15.4464eV
 LUMO      2.1     0.150988 =       4.1086eV
 LUMO-HOMO         0.718632 =      19.5550eV


 **********************************************************************************************************************************
 DATASETS  * FILE   NREC   LENGTH (MB)   RECORD NAMES
              1      20        9.77       500      610      700      900      950      970     1000      129      960     1100   
                                          VAR    BASINP    GEOM    SYMINP    ZMAT    AOBASIS   BASIS     P2S    ABASIS      S 
                                         1400     1410     1420     1200     1210     1080     1600     1650     1300     1700   
                                           T        V       ECP      H0       H01     AOSYM     SMH    MOLCAS    ERIS     OPER   

              2       4        2.77       700     1000      520     2100   
                                         GEOM     BASIS   MCVARS     RHF  

 PROGRAMS   *        TOTAL       RHF       INT
 CPU TIMES  *         0.81      0.06      0.64
 REAL TIME  *         3.24 SEC
 DISK USED  *        20.81 MB      
 **********************************************************************************************************************************
 SETTING O_SCF          =       -15.64999071  AU                              
 SETTING _CC_NORM_MAX   =         2.00000000                                  


1PROGRAM * CCSD (Restricted open-shell coupled cluster)     Authors: C. Hampel, H.-J. Werner, 1991, M. Deegan, P.J. Knowles, 1992


 Convergence thresholds:  THRVAR = 1.00D-08  THRDEN = 1.00D-06

 CCSD(T)     terms to be evaluated (factor= 1.000)


 Number of closed-shell orbitals:   2 (   1   1   0   0   0   0   0   0 )
 Number of active  orbitals:        2 (   0   0   1   0   1   0   0   0 )
 Number of external orbitals:      67 (  20  11  11   4  11   4   4   2 )

 Memory could be reduced to 0.80 Mwords without degradation in triples

 Number of N-1 electron functions:               6
 Number of N-2 electron functions:              15
 Number of singly external CSFs:                86
 Number of doubly external CSFs:              8269
 Total number of CSFs:                        8355

 Molecular orbitals read from record     2100.2  Type=RHF/CANONICAL (state 1.7)

 Integral transformation finished. Total CPU:   0.01 sec, npass=  1  Memory used:   0.13 MW

 Starting RMP2 calculation

 Wavefunction is spin-projected

 ITER.      SQ.NORM     CORR.ENERGY   TOTAL ENERGY   ENERGY CHANGE        DEN1      VAR(S)    VAR(P)  DIIS     TIME
   1      1.03181764    -0.15834921   -15.80833992    -0.15834921    -0.00024040  0.13D-05  0.66D-04  1  1     0.02
   2      1.03197975    -0.15860355   -15.80859425    -0.00025433    -0.00000028  0.55D-08  0.88D-07  2  2     0.02
   3      1.03198342    -0.15860705   -15.80859776    -0.00000351    -0.00000000  0.13D-10  0.18D-09  3  3     0.02
   4      1.03198344    -0.15860705   -15.80859775     0.00000001    -0.00000000  0.17D-12  0.96D-12  4  4     0.02

 Norm of t1 vector:      0.03684240      S-energy:    -0.00427815      T1 diagnostic:  0.00056097
 Norm of t2 vector:      0.17500309      P-energy:    -0.15432890
                                         Alpha-Beta:  -0.11846835
                                         Alpha-Alpha: -0.03149194
                                         Beta-Beta:   -0.00436861

 Spin contamination <S**2-Sz**2-Sz>     0.00000000
  Reference energy                    -15.649990707975
  RHF-RMP2 correlation energy          -0.158607045336
 !RHF-RMP2 energy                     -15.808597753311
 (NB above energy spin projected)

 Starting RCCSD calculation

 ITER.      SQ.NORM     CORR.ENERGY   TOTAL ENERGY   ENERGY CHANGE        DEN1      VAR(S)    VAR(P)  DIIS     TIME
   1      1.03861703    -0.17075864   -15.82074935    -0.17075864    -0.00346895  0.27D-03  0.69D-03  1  1     0.04
   2      1.04187020    -0.17451953   -15.82451024    -0.00376089    -0.00016305  0.45D-04  0.33D-04  2  2     0.06
   3      1.04297600    -0.17513040   -15.82512110    -0.00061087    -0.00001255  0.59D-05  0.23D-05  3  3     0.07
   4      1.04328428    -0.17522393   -15.82521464    -0.00009354    -0.00000146  0.79D-06  0.29D-06  4  4     0.09
   5      1.04340454    -0.17525414   -15.82524485    -0.00003021    -0.00000006  0.27D-07  0.13D-07  5  5     0.11
   6      1.04341639    -0.17525430   -15.82524501    -0.00000016    -0.00000000  0.11D-08  0.56D-09  6  6     0.12

 Norm of t1 vector:      0.05663669      S-energy:    -0.00531093      T1 diagnostic:  0.00619013
                                                                       D1 diagnostic:  0.01192264
 Norm of t2 vector:      0.20052102      P-energy:    -0.16994337
                                         Alpha-Beta:  -0.13411322
                                         Alpha-Alpha: -0.03142129
                                         Beta-Beta:   -0.00440886

 Spin contamination <S**2-Sz**2-Sz>     0.00000000

 Memory could be reduced to 0.86 Mwords without degradation in triples
 

 RESULTS
 =======

  Reference energy                    -15.649990707975
  RCCSD singles energy                 -0.005310934500
  RCCSD pair energy                    -0.169943369433
  RCCSD correlation energy             -0.175254303932
  Triples (T) contribution             -0.003779716388
  Total correlation energy             -0.179034020321
 
  RHF-RCCSD energy                    -15.825245011907
  RHF-RCCSD[T] energy                 -15.829045942445
  RHF-RCCSD-T energy                  -15.828992583634
 !RHF-RCCSD(T) energy                 -15.829024728296

 Program statistics:

 Available memory in ccsd:              2499999732
 Min. memory needed in ccsd:                 49176
 Max. memory used in ccsd:                   56455
 Max. memory used in cckext:                 75801 ( 6 integral passes)
 Max. memory used in cckint:                130342 ( 1 integral passes)



 **********************************************************************************************************************************
 DATASETS  * FILE   NREC   LENGTH (MB)   RECORD NAMES
              1      20        9.77       500      610      700      900      950      970     1000      129      960     1100   
                                          VAR    BASINP    GEOM    SYMINP    ZMAT    AOBASIS   BASIS     P2S    ABASIS      S 
                                         1400     1410     1420     1200     1210     1080     1600     1650     1300     1700   
                                           T        V       ECP      H0       H01     AOSYM     SMH    MOLCAS    ERIS     OPER   

              2       4        2.77       700     1000      520     2100   
                                         GEOM     BASIS   MCVARS     RHF  

 PROGRAMS   *        TOTAL  RCCSD(T)       RHF       INT
 CPU TIMES  *         1.00      0.18      0.06      0.64
 REAL TIME  *         3.62 SEC
 DISK USED  *        20.81 MB      
 **********************************************************************************************************************************
 SETTING O_CCSD         =       -15.82902473  AU                              

        RCCSD(T)        RHF-SCF 
    -15.82902473    -15.64999071
 **********************************************************************************************************************************
 Variable memory released
