
 Primary working directories    : /tmp/cmelton
 Secondary working directories  : /tmp/cmelton
 Wavefunction directory         : /remote/cmelton/wfu/
 Main file repository           : /tmp/cmelton/

 SHA1      : 4c1979699e6aeda0524d0210415ba82a958648b0
 NAME      : 2012.1.39
 ARCHNAME  : Linux/x86_64
 FC        : /projects/sems/install/rhel6-x86_64/sems/compiler/intel/16.0.1/base/bin/ifort
 FCVERSION : 16.0.1
 BLASLIB   : -L/projects/sems/install/rhel6-x86_64/sems/compiler/intel/16.0.1/base/compilers_and_libraries_2016.1.150/linux/mkl/lib/intel64 -lmkl_intel_ilp64 -lmkl_sequential -lmkl_core
 id        : sandiacon

 Nodes            nprocs
 doppio.sandia.gov    1

 Using customized tuning parameters: mindgm=7; mindgv=16; mindgc=1; mindgr=1; noblas=0; minvec=7
 default implementation of scratch files=df  

 ***,Calculation for Be atom, singlet and triplet
 memory,512,m
 gparam,NOBUFF
 gthresh,twoint=1.e-12
 geometry={
 1
 V
 V  0.0 0.0 0.0
 }
 
 basis={
 Including file /remote/cmelton/data/corrECP/V/ae/dkh/basis/aug-cc-pwCV5Z-dk.basis
 }
 
 
 set,dkroll=1,dkho=10,dkhp=4
 
 Including file /remote/cmelton/data/corrECP/V/ae/dkh/basis/states.proc
 
 do i=12,12
     if (i.eq.1) then
         Is2d3
     else if (i.eq.2) then
         Is1d4
     else if (i.eq.3) then
         Id5
     else if (i.eq.4) then
         IIs1d3
     else if (i.eq.5) then
         IId4
     else if (i.eq.6) then
         VI
     else if (i.eq.7) then
         XII
     else if (i.eq.8) then
         As2d4
     else if (i.eq.9) then
         IIId3
     else if (i.eq.10) then
         IVd2
     else if (i.eq.11) then
         Vd1
     else if (i.eq.12) then
         Ne_core
     endif
     scf(i)=energy
     _CC_NORM_MAX=2.0
     {rccsd(t),maxit=100;core}
     ccsd(i)=energy
 enddo
 
 table,scf,ccsd
 save
 type,csv

 Variables initialized (782), CPU time= 0.00 sec
 Commands  initialized (547), CPU time= 0.01 sec, 517 directives.
 Default parameters read. Elapsed time= 0.07 sec

 Checking input...
 Passed
1


                                         ***  PROGRAM SYSTEM MOLPRO  ***
                         Copyright, University College Cardiff Consultants Limited, 2008

                                    Version 2012.1 linked Aug  2 2016 14:07:26


 **********************************************************************************************************************************
 LABEL *   Calculation for Be atom, singlet and triplet                                  
 Linux-3.10.0-693.5.2.el7.x86_64/doppio.sandia.gov(x86_64) 64 bit serial version         DATE: 28-Mar-18          TIME: 10:59:05  
 **********************************************************************************************************************************

 SHA1:             4c1979699e6aeda0524d0210415ba82a958648b0
 **********************************************************************************************************************************

 MOLPRO SYSTEM PARAMETERS:

 LSEG     =   128   INTREL   =     1   IVECT    =     1   MINVEC   =     7   IBANK    =     2   LTRACK   =  4096
 LTR      =     1   NCPUS    =     1   NOBUFF   =     1   IASYN    =     0   NCACHE   = 12288   MXMBLK   =    64
 MXMBLN   =    64   MINBR1   =  1000   NCHUNK1  =     1   LENBUF   = 32768   NTR      = 32768   MXDMP    =     3
 UNROLL   =     2   NOBLAS   =     0   MINDGM   =     7   MINDGV   =    16   MINDGL   =     3   MINDGR   =     1
 MINDGC   =     1   MINDGF   =  5000   MFLOPDGM = 34935   MFLOPDGV = 12518   MFLOPMXM = 10220   MFLOPMXV =  5741
 MPPLAT   =     3   MPPSPEED =  1600   MXMALAT  =     6   OLDDIAG2 =     0   MINCUDA  =   500   MINDGM2  =    90
 DSYEVD   =     0   DSYEVDG  =     0
 

 THRESHOLDS:

 ZERO    =  1.00D-12  ONEINT  =  1.00D-12  TWOINT  =  1.00D-12  PREFAC  =  1.00D-14  LOCALI  =  1.00D-09  EORDER  =  1.00D-04
 ENERGY  =  0.00D+00  ETEST   =  0.00D+00  EDENS   =  0.00D+00  THRDEDEF=  1.00D-06  GRADIENT=  1.00D-02  STEP    =  1.00D-03
 ORBITAL =  1.00D-05  CIVEC   =  1.00D-05  COEFF   =  1.00D-04  PRINTCI =  5.00D-02  PUNCHCI =  9.90D+01  OPTGRAD =  3.00D-04
 OPTENERG=  1.00D-06  OPTSTEP =  3.00D-04  THRGRAD =  1.00D-10  COMPRESS=  1.00D-11  VARMIN  =  1.00D-07  VARMAX  =  1.00D-03
 THRDOUB =  0.00D+00  THRDIV  =  1.00D-05  THRRED  =  1.00D-07  THRPSP  =  1.00D+00  THRDC   =  1.00D-10  THRCS   =  1.00D-10
 THRNRM  =  1.00D-08  THREQ   =  0.00D+00  THRDE   =  1.00D+00  THRREF  =  1.00D-05  SPARFAC =  1.00D+00  THRDLP  =  1.00D-07
 THRDIA  =  1.00D-10  THRDLS  =  1.00D-07  THRGPS  =  0.00D+00  THRKEX  =  0.00D+00  THRDIS  =  2.00D-01  THRVAR  =  1.00D-10
 THRLOC  =  1.00D-06  THRGAP  =  1.00D-06  THRLOCT = -1.00D+00  THRGAPT = -1.00D+00  THRORB  =  1.00D-06  THRMLTP =  0.00D+00
 THRCPQCI=  1.00D-10  KEXTA   =  0.00D+00  THRCOARS=  0.00D+00  SYMTOL  =  1.00D-06  GRADTOL =  1.00D-06  THROVL  =  1.00D-08
 THRORTH =  1.00D-08  GRID    =  1.00D-06  GRIDMAX =  1.00D-03  DTMAX   =  0.00D+00  THROCCDE=  1.00D-01  THROCCDE=  1.00D-01



Geometry recognized as XYZ


 Variable memory set to  512000000 words,  buffer space   230000 words

 SETTING BASIS          =    USERDEF
 SETTING DKROLL         =         1.00000000                                  
 SETTING DKHO           =        10.00000000                                  
 SETTING DKHP           =         4.00000000                                  

 DO I                   =        12.00000000   

 Running procedure=NE_CORE


 Recomputing integrals since basis changed


 Using spherical harmonics


1PROGRAM * SEWARD (Integral evaluation for generally contracted gaussian basis sets)     Author: Roland Lindh, 1990

 Geometry written to block  1 of record 700

 Orientation using atomic masses  
 Molecule type: Atom
 Symmetry elements: X,Y,Z
 Rotational constants:       0.0000000      0.0000000      0.0000000 GHz  (calculated with average atomic masses)

 Point group  D2h 



 ATOMIC COORDINATES

 NR  ATOM    CHARGE       X              Y              Z

   1  V      23.00    0.000000000    0.000000000    0.000000000

 NUCLEAR CHARGE:                   23
 NUMBER OF PRIMITIVE AOS:         493
 NUMBER OF SYMMETRY AOS:          345
 NUMBER OF CONTRACTIONS:          345   (  88Ag  +  47B3u +  47B2u +  34B1g +  47B1u +  34B2g +  34B3g +  14Au  )
 NUMBER OF CORE ORBITALS:           9   (   3Ag  +   2B3u +   2B2u +   0B1g +   2B1u +   0B2g +   0B3g +   0Au  )
 NUMBER OF VALENCE ORBITALS:        6   (   3Ag  +   0B3u +   0B2u +   1B1g +   0B1u +   1B2g +   1B3g +   0Au  )


 NUCLEAR REPULSION ENERGY    0.00000000

 One-electron integrals computed with SEWARD

 10nd-order Douglas-Kroll-Hess method activated. McWeeny DKH parametrization is used.

 Computing Douglas-Kroll integrals

 AO integral compression algorithm  1   Integral accuracy      1.0D-12

     850.657 MB (compressed) written to integral file ( 33.2%)


 NUMBER OF SORTED TWO-ELECTRON INTEGRALS:  228231103.     BUFFER LENGTH:  32768
 NUMBER OF SEGMENTS:   8  SEGMENT LENGTH:   31998948      RECORD LENGTH: 524288

 Memory used in sort:      32.56 MW

 SORT1 READ   320603050. AND WROTE   111133673. INTEGRALS IN    323 RECORDS. CPU TIME:     6.82 SEC, REAL TIME:     7.81 SEC
 SORT2 READ   111133673. AND WROTE   228231103. INTEGRALS IN   3245 RECORDS. CPU TIME:     2.64 SEC, REAL TIME:     3.23 SEC

 FILE SIZES:   FILE 1:   861.6 MBYTE,  FILE 4:  1354.8 MBYTE,   TOTAL:   2216.3 MBYTE

 OPERATOR DM      FOR CENTER  0  COORDINATES:    0.000000    0.000000    0.000000

 EXTRA SYMMETRY OF AOS IN SYMMETRY 1:   1 1 1 1 1 1 1 1 1 1   1 1 1 1 1 1 1 1 1 1   1 1 1 1 1 1 1 1 1 1   1 2 3 2 3 2 3 2 3 2
                                        3 2 3 2 3 2 3 2 3 2   3 2 3 2 3 2 3 2 3 2   3 4 5 6 4 5 6 4 5 6   4 5 6 4 5 6 7 8 910
                                        7 8 910 7 8 910
 EXTRA SYMMETRY OF AOS IN SYMMETRY 2:   1 1 1 1 1 1 1 1 1 1   1 1 1 1 1 1 1 1 1 1   1 1 1 2 3 2 3 2 3 2   3 2 3 2 3 4 5 6 4 5
                                        6 4 5 6 4 5 6
 EXTRA SYMMETRY OF AOS IN SYMMETRY 3:   1 1 1 1 1 1 1 1 1 1   1 1 1 1 1 1 1 1 1 1   1 1 1 2 3 2 3 2 3 2   3 2 3 2 3 4 5 6 4 5
                                        6 4 5 6 4 5 6
 EXTRA SYMMETRY OF AOS IN SYMMETRY 4:   1 1 1 1 1 1 1 1 1 1   1 1 1 1 1 2 3 2 3 2   3 2 3 2 3 4 5 6 4 5   6 4 5 6
 EXTRA SYMMETRY OF AOS IN SYMMETRY 5:   1 1 1 1 1 1 1 1 1 1   1 1 1 1 1 1 1 1 1 1   1 1 1 2 3 2 3 2 3 2   3 2 3 2 3 4 5 6 4 5
                                        6 4 5 6 4 5 6
 EXTRA SYMMETRY OF AOS IN SYMMETRY 6:   1 1 1 1 1 1 1 1 1 1   1 1 1 1 1 2 3 2 3 2   3 2 3 2 3 4 5 6 4 5   6 4 5 6
 EXTRA SYMMETRY OF AOS IN SYMMETRY 7:   1 1 1 1 1 1 1 1 1 1   1 1 1 1 1 2 3 2 3 2   3 2 3 2 3 4 5 6 4 5   6 4 5 6
 EXTRA SYMMETRY OF AOS IN SYMMETRY 8:   1 1 1 1 1 1 2 3 2 3   2 3 2 3

 Eigenvalues of metric

         1 0.175E-06 0.251E-05 0.778E-05 0.778E-05 0.361E-04 0.113E-03 0.272E-03 0.475E-03
         2 0.102E-05 0.121E-04 0.228E-03 0.792E-03 0.224E-02 0.515E-02 0.104E-01 0.181E-01
         3 0.102E-05 0.121E-04 0.228E-03 0.792E-03 0.224E-02 0.515E-02 0.104E-01 0.181E-01
         4 0.778E-05 0.475E-03 0.667E-02 0.189E-01 0.457E-01 0.889E-01 0.117E+00 0.117E+00
         5 0.102E-05 0.121E-04 0.228E-03 0.792E-03 0.224E-02 0.515E-02 0.104E-01 0.181E-01
         6 0.778E-05 0.475E-03 0.667E-02 0.189E-01 0.457E-01 0.889E-01 0.117E+00 0.117E+00
         7 0.778E-05 0.475E-03 0.667E-02 0.189E-01 0.457E-01 0.889E-01 0.117E+00 0.117E+00
         8 0.741E-01 0.259E+00 0.270E+00 0.270E+00 0.524E+00 0.615E+00 0.615E+00 0.106E+01


 **********************************************************************************************************************************
 DATASETS  * FILE   NREC   LENGTH (MB)   RECORD NAMES
              1      23      531.74       500      610      700      900      950      970     1000      129      960     1700   
                                          VAR    BASINP    GEOM    SYMINP    ZMAT    AOBASIS   BASIS     P2S    ABASIS    OPER   
                                         1101     1401     1411     1412     1650     1100     1400     1410     1200     1210   
                                          SR      EKINR    POTR     PVPR    MOLCAS      S      EKIN      POT      H0       H01  
                                         1300     1080     1600   
                                         ERIS     AOSYM     SMH  

 PROGRAMS   *        TOTAL       INT
 CPU TIMES  *        96.68     96.53
 REAL TIME  *       100.09 SEC
 DISK USED  *         2.22 GB      
 **********************************************************************************************************************************

1PROGRAM * RHF-SCF (CLOSED SHELL)       Authors: W. Meyer, H.-J. Werner


 NUMBER OF ELECTRONS:       5+    5-    SPACE SYMMETRY=1    SPIN SYMMETRY: Singlet 
 CONVERGENCE THRESHOLDS:    1.00E-05 (Density)    1.00E-07 (Energy)
 MAX. NUMBER OF ITERATIONS:       60
 INTERPOLATION TYPE:            DIIS
 INTERPOLATION STEPS:              2 (START)      1 (STEP)
 LEVEL SHIFTS:                  0.00 (CLOSED)  0.00 (OPEN) 



 Orbital guess generated from atomic densities. Full valence occupancy:    6   2   2   1   2   1   1   0


 Molecular orbital dump at record        2121.2

 ITERATION    DDIFF          GRAD             ENERGY        2-EL.EN.            DIPOLE MOMENTS         DIIS   ORB.
    1      0.000D+00      0.000D+00      -877.05362051    338.582463    0.00000    0.00000    0.00000    0    start
    2      0.000D+00      0.530D-01      -877.11411832    342.597669    0.00000    0.00000    0.00000    1    diag
    3      0.555D-03      0.719D-02      -877.11462288    342.269000    0.00000    0.00000    0.00000    2    diag
    4      0.540D-04      0.197D-03      -877.11462367    342.273518    0.00000    0.00000    0.00000    3    diag
    5      0.516D-05      0.500D-05      -877.11462367    342.273741    0.00000    0.00000    0.00000    4    diag
    6      0.114D-06      0.107D-06      -877.11462367    342.273742    0.00000    0.00000    0.00000    0    orth

 Final occupancy:   2   1   1   0   1   0   0   0

 !RHF STATE 1.1 Energy               -877.114623669232
 Nuclear energy                         0.00000000
 One-electron energy                -1048.25149444
 Two-electron energy                  171.13687077
 Virial quotient                       -0.96554571
 !RHF STATE 1.1 Dipole moment           0.00000000     0.00000000     0.00000000
 Dipole moment /Debye                   0.00000000     0.00000000     0.00000000

 Orbital energies:

         1.1          2.1          3.1          4.1
   -216.696751   -37.046773   -12.336511    -9.844111

         1.2          2.2          3.2
    -33.081784   -11.272108    -6.008699

         1.3          2.3          3.3
    -33.081784   -11.272108    -6.008699

         1.4          2.4
     -9.844111    -5.487812

         1.5          2.5          3.5
    -33.081784   -11.272108    -6.008699

         1.6          2.6
     -9.844111    -5.487812

         1.7          2.7
     -9.844111    -5.487812

         1.8          2.8
     -5.290855    -3.346835

 HOMO      1.2   -33.081784 =    -900.2011eV
 LUMO      3.1   -12.336511 =    -335.6935eV
 LUMO-HOMO        20.745273 =     564.5076eV


 **********************************************************************************************************************************
 DATASETS  * FILE   NREC   LENGTH (MB)   RECORD NAMES
              1      23      531.74       500      610      700      900      950      970     1000      129      960     1700   
                                          VAR    BASINP    GEOM    SYMINP    ZMAT    AOBASIS   BASIS     P2S    ABASIS    OPER   
                                         1101     1401     1411     1412     1650     1100     1400     1410     1200     1210   
                                          SR      EKINR    POTR     PVPR    MOLCAS      S      EKIN      POT      H0       H01  
                                         1300     1080     1600   
                                         ERIS     AOSYM     SMH  

              2       5        5.76       200      700     1000      520     2121   
                                        OPTIONS   GEOM     BASIS   MCVARS     RHF  

 PROGRAMS   *        TOTAL       RHF       INT
 CPU TIMES  *        99.40      2.72     96.53
 REAL TIME  *       103.13 SEC
 DISK USED  *         2.22 GB      
 **********************************************************************************************************************************
 SETTING SCF(12)        =      -877.11462367  AU                              
 SETTING _CC_NORM_MAX   =         2.00000000                                  


1PROGRAM * CCSD (Restricted open-shell coupled cluster)     Authors: C. Hampel, H.-J. Werner, 1991, M. Deegan, P.J. Knowles, 1992


 Convergence thresholds:  THRVAR = 1.00D-08  THRDEN = 1.00D-06

 CCSD(T)     terms to be evaluated (factor= 1.000)


 Number of closed-shell orbitals:   5 (   2   1   1   0   1   0   0   0 )
 Number of external orbitals:     340 (  86  46  46  34  46  34  34  14 )

 Memory could be reduced to 60.00 Mwords without degradation in triples

 Number of N-1 electron functions:              10
 Number of N-2 electron functions:              45
 Number of singly external CSFs:               620
 Number of doubly external CSFs:            541762
 Total number of CSFs:                      542382

 Molecular orbitals read from record     2121.2  Type=RHF/CANONICAL (state 1.1)

 Integral transformation finished. Total CPU:   1.78 sec, npass=  1  Memory used:   8.32 MW

 Starting RMP2 calculation

 Wavefunction is spin-projected

 ITER.      SQ.NORM     CORR.ENERGY   TOTAL ENERGY   ENERGY CHANGE        DEN1      VAR(S)    VAR(P)  DIIS     TIME
   1      1.00301714    -0.33443083  -877.44905450    -0.33443083    -0.00000160  0.96D-21  0.25D-07  1  1     1.81
   2      1.00301719    -0.33443243  -877.44905610    -0.00000160    -0.00000000  0.11D-25  0.32D-13  2  2     1.82
   3      1.00301719    -0.33443243  -877.44905610    -0.00000000    -0.00000000  0.14D-30  0.46D-19  3  3     1.84

 Norm of t1 vector:      0.00000000      S-energy:    -0.00000000      T1 diagnostic:  0.00000000
 Norm of t2 vector:      0.05492895      P-energy:    -0.33443243
                                         Alpha-Beta:  -0.24989697
                                         Alpha-Alpha: -0.04226773
                                         Beta-Beta:   -0.04226773

 Spin contamination <S**2-Sz**2-Sz>     0.00000000
  Reference energy                   -877.114623669232
  RHF-RMP2 correlation energy          -0.334432432404
 !RHF-RMP2 energy                    -877.449056101637
 (NB above energy spin projected)

 Starting RCCSD calculation

 ITER.      SQ.NORM     CORR.ENERGY   TOTAL ENERGY   ENERGY CHANGE        DEN1      VAR(S)    VAR(P)  DIIS     TIME
   1      1.00307660    -0.33691276  -877.45153643    -0.33691276    -0.00024057  0.12D-05  0.18D-05  1  1     4.24
   2      1.00308326    -0.33715299  -877.45177666    -0.00024023    -0.00000073  0.56D-08  0.79D-08  2  2     6.78
   3      1.00308357    -0.33715965  -877.45178332    -0.00000666    -0.00000000  0.22D-10  0.19D-10  3  3     9.34
   4      1.00308359    -0.33715992  -877.45178359    -0.00000027    -0.00000000  0.39D-13  0.32D-13  4  4    11.87

 Norm of t1 vector:      0.00117074      S-energy:     0.00000000      T1 diagnostic:  0.00026179
                                                                       D1 diagnostic:  0.00059414
 Norm of t2 vector:      0.05551770      P-energy:    -0.33715992
                                         Alpha-Beta:  -0.25335212
                                         Alpha-Alpha: -0.04190390
                                         Beta-Beta:   -0.04190390

 Spin contamination <S**2-Sz**2-Sz>     0.00000000

 Memory could be reduced to 60.28 Mwords without degradation in triples
 

  Correlated core orbitals:             1.1       2.2       3.1       1.2       2.2       1.3       2.3       1.5       2.5
  Orbital energies:                     0.0000    0.0000    0.0000    0.0000  -11.2721  -33.0818  -11.2721  -33.0818  -11.2721
 
  RCCSD core-core energy               -0.337159918995
 

 RESULTS
 =======

  Reference energy                   -877.114623669232
  RCCSD singles energy                  0.000000000131
  RCCSD pair energy                    -0.337159919127
  RCCSD correlation energy             -0.337159918995
  Triples (T) contribution             -0.000421879179
  Total correlation energy             -0.337581798174
 
  RHF-RCCSD energy                   -877.451783588227
  RHF-RCCSD[T] energy                -877.452206855118
  RHF-RCCSD-T energy                 -877.452204717008
 !RHF-RCCSD(T) energy                -877.452205467406

 Program statistics:

 Available memory in ccsd:               511999650
 Min. memory needed in ccsd:               1925323
 Max. memory used in ccsd:                 2534852
 Max. memory used in cckext:               2104260 ( 4 integral passes)
 Max. memory used in cckint:               8318649 ( 1 integral passes)



 **********************************************************************************************************************************
 DATASETS  * FILE   NREC   LENGTH (MB)   RECORD NAMES
              1      23      531.74       500      610      700      900      950      970     1000      129      960     1700   
                                          VAR    BASINP    GEOM    SYMINP    ZMAT    AOBASIS   BASIS     P2S    ABASIS    OPER   
                                         1101     1401     1411     1412     1650     1100     1400     1410     1200     1210   
                                          SR      EKINR    POTR     PVPR    MOLCAS      S      EKIN      POT      H0       H01  
                                         1300     1080     1600   
                                         ERIS     AOSYM     SMH  

              2       5        5.76       200      700     1000      520     2121   
                                        OPTIONS   GEOM     BASIS   MCVARS     RHF  

 PROGRAMS   *        TOTAL  RCCSD(T)       RHF       INT
 CPU TIMES  *       134.46     35.05      2.72     96.53
 REAL TIME  *       140.51 SEC
 DISK USED  *         2.22 GB      
 **********************************************************************************************************************************
 SETTING CCSD(12)       =      -877.45220547  AU                              
 Output type csv         
                                                                                                                                                                                                                                                                

        SCF,CCSD
      0.0000000,      0.0000000
      0.0000000,      0.0000000
      0.0000000,      0.0000000
      0.0000000,      0.0000000
      0.0000000,      0.0000000
      0.0000000,      0.0000000
      0.0000000,      0.0000000
      0.0000000,      0.0000000
      0.0000000,      0.0000000
      0.0000000,      0.0000000
      0.0000000,      0.0000000
   -877.1146237,   -877.4522055
                                                  

        RCCSD(T)        RHF-SCF 
   -877.45220547   -877.11462367
 **********************************************************************************************************************************
 Variable memory released
