
 Primary working directories    : /tmp/cmelton
 Secondary working directories  : /tmp/cmelton
 Wavefunction directory         : /remote/cmelton/wfu/
 Main file repository           : /tmp/cmelton/

 SHA1      : 4c1979699e6aeda0524d0210415ba82a958648b0
 NAME      : 2012.1.39
 ARCHNAME  : Linux/x86_64
 FC        : /projects/sems/install/rhel6-x86_64/sems/compiler/intel/16.0.1/base/bin/ifort
 FCVERSION : 16.0.1
 BLASLIB   : -L/projects/sems/install/rhel6-x86_64/sems/compiler/intel/16.0.1/base/compilers_and_libraries_2016.1.150/linux/mkl/lib/intel64 -lmkl_intel_ilp64 -lmkl_sequential -lmkl_core
 id        : sandiacon

 Nodes            nprocs
 doppio.sandia.gov    1

 Using customized tuning parameters: mindgm=7; mindgv=16; mindgc=1; mindgr=1; noblas=0; minvec=7
 default implementation of scratch files=df  

 ***,Calculation for Be atom, singlet and triplet
 memory,512,m
 gparam,NOBUFF
 gthresh,twoint=1.e-12
 geometry={
 1
 V
 V  0.0 0.0 0.0
 }
 
 basis={
 Including file /remote/cmelton/data/corrECP/V/ae/dkh/basis/aug-cc-pwCVQZ-dk.basis
 }
 
 
 set,dkroll=1,dkho=10,dkhp=4
 
 Including file /remote/cmelton/data/corrECP/V/ae/dkh/basis/states.proc
 
 do i=12,12
     if (i.eq.1) then
         Is2d3
     else if (i.eq.2) then
         Is1d4
     else if (i.eq.3) then
         Id5
     else if (i.eq.4) then
         IIs1d3
     else if (i.eq.5) then
         IId4
     else if (i.eq.6) then
         VI
     else if (i.eq.7) then
         XII
     else if (i.eq.8) then
         As2d4
     else if (i.eq.9) then
         IIId3
     else if (i.eq.10) then
         IVd2
     else if (i.eq.11) then
         Vd1
     else if (i.eq.12) then
         Ne_core
     endif
     scf(i)=energy
     _CC_NORM_MAX=2.0
     {rccsd(t),maxit=100;core}
     ccsd(i)=energy
 enddo
 
 table,scf,ccsd
 save
 type,csv

 Variables initialized (782), CPU time= 0.00 sec
 Commands  initialized (547), CPU time= 0.01 sec, 517 directives.
 Default parameters read. Elapsed time= 0.08 sec

 Checking input...
 Passed
1


                                         ***  PROGRAM SYSTEM MOLPRO  ***
                         Copyright, University College Cardiff Consultants Limited, 2008

                                    Version 2012.1 linked Aug  2 2016 14:07:26


 **********************************************************************************************************************************
 LABEL *   Calculation for Be atom, singlet and triplet                                  
 Linux-3.10.0-693.5.2.el7.x86_64/doppio.sandia.gov(x86_64) 64 bit serial version         DATE: 28-Mar-18          TIME: 10:59:00  
 **********************************************************************************************************************************

 SHA1:             4c1979699e6aeda0524d0210415ba82a958648b0
 **********************************************************************************************************************************

 MOLPRO SYSTEM PARAMETERS:

 LSEG     =   128   INTREL   =     1   IVECT    =     1   MINVEC   =     7   IBANK    =     2   LTRACK   =  4096
 LTR      =     1   NCPUS    =     1   NOBUFF   =     1   IASYN    =     0   NCACHE   = 12288   MXMBLK   =    64
 MXMBLN   =    64   MINBR1   =  1000   NCHUNK1  =     1   LENBUF   = 32768   NTR      = 32768   MXDMP    =     3
 UNROLL   =     2   NOBLAS   =     0   MINDGM   =     7   MINDGV   =    16   MINDGL   =     3   MINDGR   =     1
 MINDGC   =     1   MINDGF   =  5000   MFLOPDGM = 34935   MFLOPDGV = 12518   MFLOPMXM = 10220   MFLOPMXV =  5741
 MPPLAT   =     3   MPPSPEED =  1600   MXMALAT  =     6   OLDDIAG2 =     0   MINCUDA  =   500   MINDGM2  =    90
 DSYEVD   =     0   DSYEVDG  =     0
 

 THRESHOLDS:

 ZERO    =  1.00D-12  ONEINT  =  1.00D-12  TWOINT  =  1.00D-12  PREFAC  =  1.00D-14  LOCALI  =  1.00D-09  EORDER  =  1.00D-04
 ENERGY  =  0.00D+00  ETEST   =  0.00D+00  EDENS   =  0.00D+00  THRDEDEF=  1.00D-06  GRADIENT=  1.00D-02  STEP    =  1.00D-03
 ORBITAL =  1.00D-05  CIVEC   =  1.00D-05  COEFF   =  1.00D-04  PRINTCI =  5.00D-02  PUNCHCI =  9.90D+01  OPTGRAD =  3.00D-04
 OPTENERG=  1.00D-06  OPTSTEP =  3.00D-04  THRGRAD =  1.00D-10  COMPRESS=  1.00D-11  VARMIN  =  1.00D-07  VARMAX  =  1.00D-03
 THRDOUB =  0.00D+00  THRDIV  =  1.00D-05  THRRED  =  1.00D-07  THRPSP  =  1.00D+00  THRDC   =  1.00D-10  THRCS   =  1.00D-10
 THRNRM  =  1.00D-08  THREQ   =  0.00D+00  THRDE   =  1.00D+00  THRREF  =  1.00D-05  SPARFAC =  1.00D+00  THRDLP  =  1.00D-07
 THRDIA  =  1.00D-10  THRDLS  =  1.00D-07  THRGPS  =  0.00D+00  THRKEX  =  0.00D+00  THRDIS  =  2.00D-01  THRVAR  =  1.00D-10
 THRLOC  =  1.00D-06  THRGAP  =  1.00D-06  THRLOCT = -1.00D+00  THRGAPT = -1.00D+00  THRORB  =  1.00D-06  THRMLTP =  0.00D+00
 THRCPQCI=  1.00D-10  KEXTA   =  0.00D+00  THRCOARS=  0.00D+00  SYMTOL  =  1.00D-06  GRADTOL =  1.00D-06  THROVL  =  1.00D-08
 THRORTH =  1.00D-08  GRID    =  1.00D-06  GRIDMAX =  1.00D-03  DTMAX   =  0.00D+00  THROCCDE=  1.00D-01  THROCCDE=  1.00D-01



Geometry recognized as XYZ


 Variable memory set to  512000000 words,  buffer space   230000 words

 SETTING BASIS          =    USERDEF
 SETTING DKROLL         =         1.00000000                                  
 SETTING DKHO           =        10.00000000                                  
 SETTING DKHP           =         4.00000000                                  

 DO I                   =        12.00000000   

 Running procedure=NE_CORE


 Recomputing integrals since basis changed


 Using spherical harmonics


1PROGRAM * SEWARD (Integral evaluation for generally contracted gaussian basis sets)     Author: Roland Lindh, 1990

 Geometry written to block  1 of record 700

 Orientation using atomic masses  
 Molecule type: Atom
 Symmetry elements: X,Y,Z
 Rotational constants:       0.0000000      0.0000000      0.0000000 GHz  (calculated with average atomic masses)

 Point group  D2h 



 ATOMIC COORDINATES

 NR  ATOM    CHARGE       X              Y              Z

   1  V      23.00    0.000000000    0.000000000    0.000000000

 NUCLEAR CHARGE:                   23
 NUMBER OF PRIMITIVE AOS:         345
 NUMBER OF SYMMETRY AOS:          262
 NUMBER OF CONTRACTIONS:          262   (  65Ag  +  40B3u +  40B2u +  22B1g +  40B1u +  22B2g +  22B3g +  11Au  )
 NUMBER OF CORE ORBITALS:           9   (   3Ag  +   2B3u +   2B2u +   0B1g +   2B1u +   0B2g +   0B3g +   0Au  )
 NUMBER OF VALENCE ORBITALS:        6   (   3Ag  +   0B3u +   0B2u +   1B1g +   0B1u +   1B2g +   1B3g +   0Au  )


 NUCLEAR REPULSION ENERGY    0.00000000

 One-electron integrals computed with SEWARD

 10nd-order Douglas-Kroll-Hess method activated. McWeeny DKH parametrization is used.

 Computing Douglas-Kroll integrals

 AO integral compression algorithm  1   Integral accuracy      1.0D-12

     374.342 MB (compressed) written to integral file ( 38.4%)


 NUMBER OF SORTED TWO-ELECTRON INTEGRALS:   76744857.     BUFFER LENGTH:  32768
 NUMBER OF SEGMENTS:   5  SEGMENT LENGTH:   15998535      RECORD LENGTH: 524288

 Memory used in sort:      16.56 MW

 SORT1 READ   121794176. AND WROTE    44285678. INTEGRALS IN    130 RECORDS. CPU TIME:     2.48 SEC, REAL TIME:     2.90 SEC
 SORT2 READ    44285678. AND WROTE    76744857. INTEGRALS IN   1428 RECORDS. CPU TIME:     1.06 SEC, REAL TIME:     1.29 SEC

 FILE SIZES:   FILE 1:   383.8 MBYTE,  FILE 4:   545.3 MBYTE,   TOTAL:    929.1 MBYTE

 OPERATOR DM      FOR CENTER  0  COORDINATES:    0.000000    0.000000    0.000000

 EXTRA SYMMETRY OF AOS IN SYMMETRY 1:   1 1 1 1 1 1 1 1 1 1   1 1 1 1 1 1 1 1 1 1   1 1 1 1 1 2 3 2 3 2   3 2 3 2 3 2 3 2 3 2
                                        3 2 3 2 3 2 3 2 3 2   3 2 3 4 5 6 4 5 6 4   5 6 4 5 6
 EXTRA SYMMETRY OF AOS IN SYMMETRY 2:   1 1 1 1 1 1 1 1 1 1   1 1 1 1 1 1 1 1 1 1   1 2 3 2 3 2 3 2 3 2   3 4 5 6 4 5 6 4 5 6
 EXTRA SYMMETRY OF AOS IN SYMMETRY 3:   1 1 1 1 1 1 1 1 1 1   1 1 1 1 1 1 1 1 1 1   1 2 3 2 3 2 3 2 3 2   3 4 5 6 4 5 6 4 5 6
 EXTRA SYMMETRY OF AOS IN SYMMETRY 4:   1 1 1 1 1 1 1 1 1 1   1 1 1 1 2 3 2 3 2 3   2 3
 EXTRA SYMMETRY OF AOS IN SYMMETRY 5:   1 1 1 1 1 1 1 1 1 1   1 1 1 1 1 1 1 1 1 1   1 2 3 2 3 2 3 2 3 2   3 4 5 6 4 5 6 4 5 6
 EXTRA SYMMETRY OF AOS IN SYMMETRY 6:   1 1 1 1 1 1 1 1 1 1   1 1 1 1 2 3 2 3 2 3   2 3
 EXTRA SYMMETRY OF AOS IN SYMMETRY 7:   1 1 1 1 1 1 1 1 1 1   1 1 1 1 2 3 2 3 2 3   2 3
 EXTRA SYMMETRY OF AOS IN SYMMETRY 8:   1 1 1 1 1 2 3 2 3 2   3

 Eigenvalues of metric

         1 0.337E-06 0.173E-04 0.263E-04 0.263E-04 0.302E-03 0.831E-03 0.890E-03 0.890E-03
         2 0.633E-07 0.440E-05 0.579E-03 0.193E-02 0.495E-02 0.108E-01 0.206E-01 0.341E-01
         3 0.633E-07 0.440E-05 0.579E-03 0.193E-02 0.495E-02 0.108E-01 0.206E-01 0.341E-01
         4 0.263E-04 0.890E-03 0.102E-01 0.334E-01 0.713E-01 0.139E+00 0.251E+00 0.251E+00
         5 0.633E-07 0.440E-05 0.579E-03 0.193E-02 0.495E-02 0.108E-01 0.206E-01 0.341E-01
         6 0.263E-04 0.890E-03 0.102E-01 0.334E-01 0.713E-01 0.139E+00 0.251E+00 0.251E+00
         7 0.263E-04 0.890E-03 0.102E-01 0.334E-01 0.713E-01 0.139E+00 0.251E+00 0.251E+00
         8 0.134E+00 0.392E+00 0.415E+00 0.415E+00 0.808E+00 0.951E+00 0.951E+00 0.147E+01


 **********************************************************************************************************************************
 DATASETS  * FILE   NREC   LENGTH (MB)   RECORD NAMES
              1      23      218.95       500      610      700      900      950      970     1000      129      960     1700   
                                          VAR    BASINP    GEOM    SYMINP    ZMAT    AOBASIS   BASIS     P2S    ABASIS    OPER   
                                         1101     1401     1411     1412     1650     1100     1400     1410     1200     1210   
                                          SR      EKINR    POTR     PVPR    MOLCAS      S      EKIN      POT      H0       H01  
                                         1300     1080     1600   
                                         ERIS     AOSYM     SMH  

 PROGRAMS   *        TOTAL       INT
 CPU TIMES  *        30.40     30.26
 REAL TIME  *        32.02 SEC
 DISK USED  *       932.07 MB      
 **********************************************************************************************************************************

1PROGRAM * RHF-SCF (CLOSED SHELL)       Authors: W. Meyer, H.-J. Werner


 NUMBER OF ELECTRONS:       5+    5-    SPACE SYMMETRY=1    SPIN SYMMETRY: Singlet 
 CONVERGENCE THRESHOLDS:    1.00E-05 (Density)    1.00E-07 (Energy)
 MAX. NUMBER OF ITERATIONS:       60
 INTERPOLATION TYPE:            DIIS
 INTERPOLATION STEPS:              2 (START)      1 (STEP)
 LEVEL SHIFTS:                  0.00 (CLOSED)  0.00 (OPEN) 



 Orbital guess generated from atomic densities. Full valence occupancy:    6   2   2   1   2   1   1   0


 Molecular orbital dump at record        2121.2

 ITERATION    DDIFF          GRAD             ENERGY        2-EL.EN.            DIPOLE MOMENTS         DIIS   ORB.
    1      0.000D+00      0.000D+00      -877.05344412    338.582392    0.00000    0.00000    0.00000    0    start
    2      0.000D+00      0.598D-01      -877.11394227    342.597612    0.00000    0.00000    0.00000    1    diag
    3      0.269D-02      0.813D-02      -877.11444683    342.268942    0.00000    0.00000    0.00000    2    diag
    4      0.190D-03      0.223D-03      -877.11444762    342.273460    0.00000    0.00000    0.00000    3    diag
    5      0.331D-04      0.565D-05      -877.11444762    342.273683    0.00000    0.00000    0.00000    4    diag
    6      0.909D-06      0.120D-06      -877.11444762    342.273684    0.00000    0.00000    0.00000    0    orth

 Final occupancy:   2   1   1   0   1   0   0   0

 !RHF STATE 1.1 Energy               -877.114447616671
 Nuclear energy                         0.00000000
 One-electron energy                -1048.25128948
 Two-electron energy                  171.13684186
 Virial quotient                       -0.96559874
 !RHF STATE 1.1 Dipole moment           0.00000000     0.00000000     0.00000000
 Dipole moment /Debye                   0.00000000     0.00000000     0.00000000

 Orbital energies:

         1.1          2.1          3.1          4.1
   -216.696687   -37.046767   -12.336508    -9.844107

         1.2          2.2          3.2
    -33.081783   -11.272106    -6.008666

         1.3          2.3          3.3
    -33.081783   -11.272106    -6.008666

         1.4          2.4
     -9.844107    -5.487901

         1.5          2.5          3.5
    -33.081783   -11.272106    -6.008666

         1.6          2.6
     -9.844107    -5.487901

         1.7          2.7
     -9.844107    -5.487901

         1.8          2.8
     -5.287320    -3.335611

 HOMO      1.2   -33.081783 =    -900.2011eV
 LUMO      3.1   -12.336508 =    -335.6934eV
 LUMO-HOMO        20.745275 =     564.5077eV


 **********************************************************************************************************************************
 DATASETS  * FILE   NREC   LENGTH (MB)   RECORD NAMES
              1      23      218.95       500      610      700      900      950      970     1000      129      960     1700   
                                          VAR    BASINP    GEOM    SYMINP    ZMAT    AOBASIS   BASIS     P2S    ABASIS    OPER   
                                         1101     1401     1411     1412     1650     1100     1400     1410     1200     1210   
                                          SR      EKINR    POTR     PVPR    MOLCAS      S      EKIN      POT      H0       H01  
                                         1300     1080     1600   
                                         ERIS     AOSYM     SMH  

              2       5        5.59       200      700     1000      520     2121   
                                        OPTIONS   GEOM     BASIS   MCVARS     RHF  

 PROGRAMS   *        TOTAL       RHF       INT
 CPU TIMES  *        31.49      1.09     30.26
 REAL TIME  *        33.23 SEC
 DISK USED  *       932.07 MB      
 **********************************************************************************************************************************
 SETTING SCF(12)        =      -877.11444762  AU                              
 SETTING _CC_NORM_MAX   =         2.00000000                                  


1PROGRAM * CCSD (Restricted open-shell coupled cluster)     Authors: C. Hampel, H.-J. Werner, 1991, M. Deegan, P.J. Knowles, 1992


 Convergence thresholds:  THRVAR = 1.00D-08  THRDEN = 1.00D-06

 CCSD(T)     terms to be evaluated (factor= 1.000)


 Number of closed-shell orbitals:   5 (   2   1   1   0   1   0   0   0 )
 Number of external orbitals:     257 (  63  39  39  22  39  22  22  11 )

 Memory could be reduced to 26.45 Mwords without degradation in triples

 Number of N-1 electron functions:              10
 Number of N-2 electron functions:              45
 Number of singly external CSFs:               486
 Number of doubly external CSFs:            315528
 Total number of CSFs:                      316014

 Molecular orbitals read from record     2121.2  Type=RHF/CANONICAL (state 1.1)

 Integral transformation finished. Total CPU:   0.73 sec, npass=  1  Memory used:   3.63 MW

 Starting RMP2 calculation

 Wavefunction is spin-projected

 ITER.      SQ.NORM     CORR.ENERGY   TOTAL ENERGY   ENERGY CHANGE        DEN1      VAR(S)    VAR(P)  DIIS     TIME
   1      1.00296182    -0.32850572  -877.44295334    -0.32850572    -0.00000157  0.97D-21  0.25D-07  1  1     0.74
   2      1.00296187    -0.32850730  -877.44295492    -0.00000158    -0.00000000  0.11D-25  0.31D-13  2  2     0.75
   3      1.00296187    -0.32850730  -877.44295492    -0.00000000    -0.00000000  0.14D-30  0.45D-19  3  3     0.76

 Norm of t1 vector:      0.00000000      S-energy:    -0.00000000      T1 diagnostic:  0.00000000
 Norm of t2 vector:      0.05442307      P-energy:    -0.32850730
                                         Alpha-Beta:  -0.24470209
                                         Alpha-Alpha: -0.04190260
                                         Beta-Beta:   -0.04190260

 Spin contamination <S**2-Sz**2-Sz>     0.00000000
  Reference energy                   -877.114447616672
  RHF-RMP2 correlation energy          -0.328507299318
 !RHF-RMP2 energy                    -877.442954915990
 (NB above energy spin projected)

 Starting RCCSD calculation

 ITER.      SQ.NORM     CORR.ENERGY   TOTAL ENERGY   ENERGY CHANGE        DEN1      VAR(S)    VAR(P)  DIIS     TIME
   1      1.00301767    -0.33082956  -877.44527718    -0.33082956    -0.00022830  0.12D-05  0.17D-05  1  1     1.71
   2      1.00302390    -0.33105746  -877.44550508    -0.00022790    -0.00000074  0.60D-08  0.79D-08  2  2     2.75
   3      1.00302421    -0.33106397  -877.44551159    -0.00000651    -0.00000000  0.23D-10  0.19D-10  3  3     3.75
   4      1.00302422    -0.33106426  -877.44551187    -0.00000028    -0.00000000  0.39D-13  0.31D-13  4  4     4.76

 Norm of t1 vector:      0.00117823      S-energy:     0.00000000      T1 diagnostic:  0.00026346
                                                                       D1 diagnostic:  0.00059055
 Norm of t2 vector:      0.05498031      P-energy:    -0.33106426
                                         Alpha-Beta:  -0.24800803
                                         Alpha-Alpha: -0.04152811
                                         Beta-Beta:   -0.04152811

 Spin contamination <S**2-Sz**2-Sz>     0.00000000

 Memory could be reduced to 27.09 Mwords without degradation in triples
 

  Correlated core orbitals:             1.1       2.2       3.1       1.2       2.2       1.3       2.3       1.5       2.5
  Orbital energies:                     0.0000    0.0000    0.0000    0.0000  -11.2721  -33.0818  -11.2721  -33.0818  -11.2721
 
  RCCSD core-core energy               -0.331064257939
 

 RESULTS
 =======

  Reference energy                   -877.114447616672
  RCCSD singles energy                  0.000000000136
  RCCSD pair energy                    -0.331064258074
  RCCSD correlation energy             -0.331064257939
  Triples (T) contribution             -0.000395840846
  Total correlation energy             -0.331460098784
 
  RHF-RCCSD energy                   -877.445511874610
  RHF-RCCSD[T] energy                -877.445909108030
  RHF-RCCSD-T energy                 -877.445907024385
 !RHF-RCCSD(T) energy                -877.445907715456

 Program statistics:

 Available memory in ccsd:               511999650
 Min. memory needed in ccsd:               1125670
 Max. memory used in ccsd:                 1479624
 Max. memory used in cckext:               1232686 ( 4 integral passes)
 Max. memory used in cckint:               3631230 ( 1 integral passes)



 **********************************************************************************************************************************
 DATASETS  * FILE   NREC   LENGTH (MB)   RECORD NAMES
              1      23      218.95       500      610      700      900      950      970     1000      129      960     1700   
                                          VAR    BASINP    GEOM    SYMINP    ZMAT    AOBASIS   BASIS     P2S    ABASIS    OPER   
                                         1101     1401     1411     1412     1650     1100     1400     1410     1200     1210   
                                          SR      EKINR    POTR     PVPR    MOLCAS      S      EKIN      POT      H0       H01  
                                         1300     1080     1600   
                                         ERIS     AOSYM     SMH  

              2       5        5.59       200      700     1000      520     2121   
                                        OPTIONS   GEOM     BASIS   MCVARS     RHF  

 PROGRAMS   *        TOTAL  RCCSD(T)       RHF       INT
 CPU TIMES  *        43.95     12.46      1.09     30.26
 REAL TIME  *        46.65 SEC
 DISK USED  *       932.07 MB      
 **********************************************************************************************************************************
 SETTING CCSD(12)       =      -877.44590772  AU                              
 Output type csv         
                                                                                                                                                                                                                                                                

        SCF,CCSD
      0.0000000,      0.0000000
      0.0000000,      0.0000000
      0.0000000,      0.0000000
      0.0000000,      0.0000000
      0.0000000,      0.0000000
      0.0000000,      0.0000000
      0.0000000,      0.0000000
      0.0000000,      0.0000000
      0.0000000,      0.0000000
      0.0000000,      0.0000000
      0.0000000,      0.0000000
   -877.1144476,   -877.4459077
                                                  

        RCCSD(T)        RHF-SCF 
   -877.44590772   -877.11444762
 **********************************************************************************************************************************
 Variable memory released
