
 Primary working directories    : /tmp/cmelton
 Secondary working directories  : /tmp/cmelton
 Wavefunction directory         : /remote/cmelton/wfu/
 Main file repository           : /tmp/cmelton/

 SHA1      : 4c1979699e6aeda0524d0210415ba82a958648b0
 NAME      : 2012.1.39
 ARCHNAME  : Linux/x86_64
 FC        : /projects/sems/install/rhel6-x86_64/sems/compiler/intel/16.0.1/base/bin/ifort
 FCVERSION : 16.0.1
 BLASLIB   : -L/projects/sems/install/rhel6-x86_64/sems/compiler/intel/16.0.1/base/compilers_and_libraries_2016.1.150/linux/mkl/lib/intel64 -lmkl_intel_ilp64 -lmkl_sequential -lmkl_core
 id        : sandiacon

 Nodes            nprocs
 doppio.sandia.gov    1

 Using customized tuning parameters: mindgm=7; mindgv=16; mindgc=1; mindgr=1; noblas=0; minvec=7
 default implementation of scratch files=df  

 ***,Calculation for Be atom, singlet and triplet
 memory,512,m
 gparam,NOBUFF
 gthresh,twoint=1.e-12
 geometry={
 1
 V
 V  0.0 0.0 0.0
 }
 
 basis={
 Including file /remote/cmelton/data/corrECP/V/ae/dkh/basis/aug-cc-pwCVTZ-dk.basis
 }
 
 
 set,dkroll=1,dkho=10,dkhp=4
 
 Including file /remote/cmelton/data/corrECP/V/ae/dkh/basis/states.proc
 
 do i=12,12
     if (i.eq.1) then
         Is2d3
     else if (i.eq.2) then
         Is1d4
     else if (i.eq.3) then
         Id5
     else if (i.eq.4) then
         IIs1d3
     else if (i.eq.5) then
         IId4
     else if (i.eq.6) then
         VI
     else if (i.eq.7) then
         XII
     else if (i.eq.8) then
         As2d4
     else if (i.eq.9) then
         IIId3
     else if (i.eq.10) then
         IVd2
     else if (i.eq.11) then
         Vd1
     else if (i.eq.12) then
         Ne_core
     endif
     scf(i)=energy
     _CC_NORM_MAX=2.0
     {rccsd(t),maxit=100;core}
     ccsd(i)=energy
 enddo
 
 table,scf,ccsd
 save
 type,csv

 Variables initialized (782), CPU time= 0.00 sec
 Commands  initialized (547), CPU time= 0.01 sec, 517 directives.
 Default parameters read. Elapsed time= 0.11 sec

 Checking input...
 Passed
1


                                         ***  PROGRAM SYSTEM MOLPRO  ***
                         Copyright, University College Cardiff Consultants Limited, 2008

                                    Version 2012.1 linked Aug  2 2016 14:07:26


 **********************************************************************************************************************************
 LABEL *   Calculation for Be atom, singlet and triplet                                  
 Linux-3.10.0-693.5.2.el7.x86_64/doppio.sandia.gov(x86_64) 64 bit serial version         DATE: 28-Mar-18          TIME: 10:58:57  
 **********************************************************************************************************************************

 SHA1:             4c1979699e6aeda0524d0210415ba82a958648b0
 **********************************************************************************************************************************

 MOLPRO SYSTEM PARAMETERS:

 LSEG     =   128   INTREL   =     1   IVECT    =     1   MINVEC   =     7   IBANK    =     2   LTRACK   =  4096
 LTR      =     1   NCPUS    =     1   NOBUFF   =     1   IASYN    =     0   NCACHE   = 12288   MXMBLK   =    64
 MXMBLN   =    64   MINBR1   =  1000   NCHUNK1  =     1   LENBUF   = 32768   NTR      = 32768   MXDMP    =     3
 UNROLL   =     2   NOBLAS   =     0   MINDGM   =     7   MINDGV   =    16   MINDGL   =     3   MINDGR   =     1
 MINDGC   =     1   MINDGF   =  5000   MFLOPDGM = 34935   MFLOPDGV = 12518   MFLOPMXM = 10220   MFLOPMXV =  5741
 MPPLAT   =     3   MPPSPEED =  1600   MXMALAT  =     6   OLDDIAG2 =     0   MINCUDA  =   500   MINDGM2  =    90
 DSYEVD   =     0   DSYEVDG  =     0
 

 THRESHOLDS:

 ZERO    =  1.00D-12  ONEINT  =  1.00D-12  TWOINT  =  1.00D-12  PREFAC  =  1.00D-14  LOCALI  =  1.00D-09  EORDER  =  1.00D-04
 ENERGY  =  0.00D+00  ETEST   =  0.00D+00  EDENS   =  0.00D+00  THRDEDEF=  1.00D-06  GRADIENT=  1.00D-02  STEP    =  1.00D-03
 ORBITAL =  1.00D-05  CIVEC   =  1.00D-05  COEFF   =  1.00D-04  PRINTCI =  5.00D-02  PUNCHCI =  9.90D+01  OPTGRAD =  3.00D-04
 OPTENERG=  1.00D-06  OPTSTEP =  3.00D-04  THRGRAD =  1.00D-10  COMPRESS=  1.00D-11  VARMIN  =  1.00D-07  VARMAX  =  1.00D-03
 THRDOUB =  0.00D+00  THRDIV  =  1.00D-05  THRRED  =  1.00D-07  THRPSP  =  1.00D+00  THRDC   =  1.00D-10  THRCS   =  1.00D-10
 THRNRM  =  1.00D-08  THREQ   =  0.00D+00  THRDE   =  1.00D+00  THRREF  =  1.00D-05  SPARFAC =  1.00D+00  THRDLP  =  1.00D-07
 THRDIA  =  1.00D-10  THRDLS  =  1.00D-07  THRGPS  =  0.00D+00  THRKEX  =  0.00D+00  THRDIS  =  2.00D-01  THRVAR  =  1.00D-10
 THRLOC  =  1.00D-06  THRGAP  =  1.00D-06  THRLOCT = -1.00D+00  THRGAPT = -1.00D+00  THRORB  =  1.00D-06  THRMLTP =  0.00D+00
 THRCPQCI=  1.00D-10  KEXTA   =  0.00D+00  THRCOARS=  0.00D+00  SYMTOL  =  1.00D-06  GRADTOL =  1.00D-06  THROVL  =  1.00D-08
 THRORTH =  1.00D-08  GRID    =  1.00D-06  GRIDMAX =  1.00D-03  DTMAX   =  0.00D+00  THROCCDE=  1.00D-01  THROCCDE=  1.00D-01



Geometry recognized as XYZ


 Variable memory set to  512000000 words,  buffer space   230000 words

 SETTING BASIS          =    USERDEF
 SETTING DKROLL         =         1.00000000                                  
 SETTING DKHO           =        10.00000000                                  
 SETTING DKHP           =         4.00000000                                  

 DO I                   =        12.00000000   

 Running procedure=NE_CORE


 Recomputing integrals since basis changed


 Using spherical harmonics


1PROGRAM * SEWARD (Integral evaluation for generally contracted gaussian basis sets)     Author: Roland Lindh, 1990

 Geometry written to block  1 of record 700

 Orientation using atomic masses  
 Molecule type: Atom
 Symmetry elements: X,Y,Z
 Rotational constants:       0.0000000      0.0000000      0.0000000 GHz  (calculated with average atomic masses)

 Point group  D2h 



 ATOMIC COORDINATES

 NR  ATOM    CHARGE       X              Y              Z

   1  V      23.00    0.000000000    0.000000000    0.000000000

 NUCLEAR CHARGE:                   23
 NUMBER OF PRIMITIVE AOS:         225
 NUMBER OF SYMMETRY AOS:          185
 NUMBER OF CONTRACTIONS:          185   (  52Ag  +  27B3u +  27B2u +  16B1g +  27B1u +  16B2g +  16B3g +   4Au  )
 NUMBER OF CORE ORBITALS:           9   (   3Ag  +   2B3u +   2B2u +   0B1g +   2B1u +   0B2g +   0B3g +   0Au  )
 NUMBER OF VALENCE ORBITALS:        6   (   3Ag  +   0B3u +   0B2u +   1B1g +   0B1u +   1B2g +   1B3g +   0Au  )


 NUCLEAR REPULSION ENERGY    0.00000000

 One-electron integrals computed with SEWARD

 10nd-order Douglas-Kroll-Hess method activated. McWeeny DKH parametrization is used.

 Computing Douglas-Kroll integrals

 AO integral compression algorithm  1   Integral accuracy      1.0D-12

     123.994 MB (compressed) written to integral file ( 44.6%)


 NUMBER OF SORTED TWO-ELECTRON INTEGRALS:   19566767.     BUFFER LENGTH:  32768
 NUMBER OF SEGMENTS:   2  SEGMENT LENGTH:   15996239      RECORD LENGTH: 524288

 Memory used in sort:      16.55 MW

 SORT1 READ    34683935. AND WROTE    12872493. INTEGRALS IN     38 RECORDS. CPU TIME:     0.61 SEC, REAL TIME:     0.74 SEC
 SORT2 READ    12872493. AND WROTE    19566767. INTEGRALS IN    473 RECORDS. CPU TIME:     0.34 SEC, REAL TIME:     0.42 SEC

 FILE SIZES:   FILE 1:   132.6 MBYTE,  FILE 4:   159.4 MBYTE,   TOTAL:    292.0 MBYTE

 OPERATOR DM      FOR CENTER  0  COORDINATES:    0.000000    0.000000    0.000000

 EXTRA SYMMETRY OF AOS IN SYMMETRY 1:   1 1 1 1 1 1 1 1 1 1   1 1 1 1 1 1 1 1 1 1   1 1 1 2 3 2 3 2 3 2   3 2 3 2 3 2 3 2 3 2
                                        3 2 3 4 5 6 4 5 6 4   5 6
 EXTRA SYMMETRY OF AOS IN SYMMETRY 2:   1 1 1 1 1 1 1 1 1 1   1 1 1 1 1 1 1 1 1 2   3 2 3 2 3 2 3
 EXTRA SYMMETRY OF AOS IN SYMMETRY 3:   1 1 1 1 1 1 1 1 1 1   1 1 1 1 1 1 1 1 1 2   3 2 3 2 3 2 3
 EXTRA SYMMETRY OF AOS IN SYMMETRY 4:   1 1 1 1 1 1 1 1 1 1   2 3 2 3 2 3
 EXTRA SYMMETRY OF AOS IN SYMMETRY 5:   1 1 1 1 1 1 1 1 1 1   1 1 1 1 1 1 1 1 1 2   3 2 3 2 3 2 3
 EXTRA SYMMETRY OF AOS IN SYMMETRY 6:   1 1 1 1 1 1 1 1 1 1   2 3 2 3 2 3
 EXTRA SYMMETRY OF AOS IN SYMMETRY 7:   1 1 1 1 1 1 1 1 1 1   2 3 2 3 2 3

 Eigenvalues of metric

         1 0.708E-05 0.956E-04 0.384E-03 0.384E-03 0.598E-03 0.163E-02 0.319E-02 0.517E-02
         2 0.615E-07 0.440E-06 0.129E-02 0.473E-02 0.114E-01 0.228E-01 0.421E-01 0.748E-01
         3 0.615E-07 0.440E-06 0.129E-02 0.473E-02 0.114E-01 0.228E-01 0.421E-01 0.748E-01
         4 0.384E-03 0.455E-01 0.121E+00 0.222E+00 0.386E+00 0.386E+00 0.441E+00 0.694E+00
         5 0.615E-07 0.440E-06 0.129E-02 0.473E-02 0.114E-01 0.228E-01 0.421E-01 0.748E-01
         6 0.384E-03 0.455E-01 0.121E+00 0.222E+00 0.386E+00 0.386E+00 0.441E+00 0.694E+00
         7 0.384E-03 0.455E-01 0.121E+00 0.222E+00 0.386E+00 0.386E+00 0.441E+00 0.694E+00
         8 0.249E+00 0.590E+00 0.124E+01 0.192E+01


 **********************************************************************************************************************************
 DATASETS  * FILE   NREC   LENGTH (MB)   RECORD NAMES
              1      23       71.15       500      610      700      900      950      970     1000      129      960     1700   
                                          VAR    BASINP    GEOM    SYMINP    ZMAT    AOBASIS   BASIS     P2S    ABASIS    OPER   
                                         1101     1401     1411     1412     1650     1100     1400     1410     1200     1210   
                                          SR      EKINR    POTR     PVPR    MOLCAS      S      EKIN      POT      H0       H01  
                                         1300     1080     1600   
                                         ERIS     AOSYM     SMH  

 PROGRAMS   *        TOTAL       INT
 CPU TIMES  *         8.37      8.19
 REAL TIME  *         9.16 SEC
 DISK USED  *       294.89 MB      
 **********************************************************************************************************************************

1PROGRAM * RHF-SCF (CLOSED SHELL)       Authors: W. Meyer, H.-J. Werner


 NUMBER OF ELECTRONS:       5+    5-    SPACE SYMMETRY=1    SPIN SYMMETRY: Singlet 
 CONVERGENCE THRESHOLDS:    1.00E-05 (Density)    1.00E-07 (Energy)
 MAX. NUMBER OF ITERATIONS:       60
 INTERPOLATION TYPE:            DIIS
 INTERPOLATION STEPS:              2 (START)      1 (STEP)
 LEVEL SHIFTS:                  0.00 (CLOSED)  0.00 (OPEN) 



 Orbital guess generated from atomic densities. Full valence occupancy:    6   2   2   1   2   1   1   0


 Molecular orbital dump at record        2121.2

 ITERATION    DDIFF          GRAD             ENERGY        2-EL.EN.            DIPOLE MOMENTS         DIIS   ORB.
    1      0.000D+00      0.000D+00      -877.05298166    338.582195    0.00000    0.00000    0.00000    0    start
    2      0.000D+00      0.699D-01      -877.11348089    342.597451    0.00000    0.00000    0.00000    1    diag
    3      0.429D-02      0.949D-02      -877.11398546    342.268779    0.00000    0.00000    0.00000    2    diag
    4      0.191D-03      0.260D-03      -877.11398625    342.273297    0.00000    0.00000    0.00000    3    diag
    5      0.295D-04      0.660D-05      -877.11398625    342.273519    0.00000    0.00000    0.00000    4    diag
    6      0.810D-06      0.141D-06      -877.11398625    342.273520    0.00000    0.00000    0.00000    0    orth

 Final occupancy:   2   1   1   0   1   0   0   0

 !RHF STATE 1.1 Energy               -877.113986247968
 Nuclear energy                         0.00000000
 One-electron energy                -1048.25074625
 Two-electron energy                  171.13676000
 Virial quotient                       -0.96565459
 !RHF STATE 1.1 Dipole moment           0.00000000     0.00000000     0.00000000
 Dipole moment /Debye                   0.00000000     0.00000000     0.00000000

 Orbital energies:

         1.1          2.1          3.1          4.1
   -216.696527   -37.046751   -12.336486    -9.843494

         1.2          2.2          3.2
    -33.081778   -11.272104    -6.008708

         1.3          2.3          3.3
    -33.081778   -11.272104    -6.008708

         1.4          2.4
     -9.843494    -5.484059

         1.5          2.5          3.5
    -33.081778   -11.272104    -6.008708

         1.6          2.6
     -9.843494    -5.484059

         1.7          2.7
     -9.843494    -5.484059

         1.8          2.8
     -5.267430    -3.363586

 HOMO      1.2   -33.081778 =    -900.2010eV
 LUMO      3.1   -12.336486 =    -335.6928eV
 LUMO-HOMO        20.745293 =     564.5081eV


 **********************************************************************************************************************************
 DATASETS  * FILE   NREC   LENGTH (MB)   RECORD NAMES
              1      23       71.15       500      610      700      900      950      970     1000      129      960     1700   
                                          VAR    BASINP    GEOM    SYMINP    ZMAT    AOBASIS   BASIS     P2S    ABASIS    OPER   
                                         1101     1401     1411     1412     1650     1100     1400     1410     1200     1210   
                                          SR      EKINR    POTR     PVPR    MOLCAS      S      EKIN      POT      H0       H01  
                                         1300     1080     1600   
                                         ERIS     AOSYM     SMH  

              2       5        5.48       200      700     1000      520     2121   
                                        OPTIONS   GEOM     BASIS   MCVARS     RHF  

 PROGRAMS   *        TOTAL       RHF       INT
 CPU TIMES  *         8.72      0.34      8.19
 REAL TIME  *         9.58 SEC
 DISK USED  *       294.89 MB      
 **********************************************************************************************************************************
 SETTING SCF(12)        =      -877.11398625  AU                              
 SETTING _CC_NORM_MAX   =         2.00000000                                  


1PROGRAM * CCSD (Restricted open-shell coupled cluster)     Authors: C. Hampel, H.-J. Werner, 1991, M. Deegan, P.J. Knowles, 1992


 Convergence thresholds:  THRVAR = 1.00D-08  THRDEN = 1.00D-06

 CCSD(T)     terms to be evaluated (factor= 1.000)


 Number of closed-shell orbitals:   5 (   2   1   1   0   1   0   0   0 )
 Number of external orbitals:     180 (  50  26  26  16  26  16  16   4 )

 Memory could be reduced to 9.97 Mwords without degradation in triples

 Number of N-1 electron functions:              10
 Number of N-2 electron functions:              45
 Number of singly external CSFs:               356
 Number of doubly external CSFs:            158422
 Total number of CSFs:                      158778

 Molecular orbitals read from record     2121.2  Type=RHF/CANONICAL (state 1.1)

 Integral transformation finished. Total CPU:   0.19 sec, npass=  1  Memory used:   1.30 MW

 Starting RMP2 calculation

 Wavefunction is spin-projected

 ITER.      SQ.NORM     CORR.ENERGY   TOTAL ENERGY   ENERGY CHANGE        DEN1      VAR(S)    VAR(P)  DIIS     TIME
   1      1.00292627    -0.32017700  -877.43416324    -0.32017700    -0.00000156  0.97D-21  0.24D-07  1  1     0.21
   2      1.00292632    -0.32017856  -877.43416481    -0.00000156    -0.00000000  0.11D-25  0.31D-13  2  2     0.21
   3      1.00292632    -0.32017856  -877.43416481    -0.00000000    -0.00000000  0.14D-30  0.44D-19  3  3     0.22

 Norm of t1 vector:      0.00000000      S-energy:    -0.00000000      T1 diagnostic:  0.00000000
 Norm of t2 vector:      0.05409549      P-energy:    -0.32017856
                                         Alpha-Beta:  -0.23736494
                                         Alpha-Alpha: -0.04140681
                                         Beta-Beta:   -0.04140681

 Spin contamination <S**2-Sz**2-Sz>     0.00000000
  Reference energy                   -877.113986247968
  RHF-RMP2 correlation energy          -0.320178558886
 !RHF-RMP2 energy                    -877.434164806854
 (NB above energy spin projected)

 Starting RCCSD calculation

 ITER.      SQ.NORM     CORR.ENERGY   TOTAL ENERGY   ENERGY CHANGE        DEN1      VAR(S)    VAR(P)  DIIS     TIME
   1      1.00298066    -0.32245511  -877.43644136    -0.32245511    -0.00021858  0.12D-05  0.16D-05  1  1     0.51
   2      1.00298666    -0.32267357  -877.43665982    -0.00021846    -0.00000071  0.58D-08  0.76D-08  2  2     0.80
   3      1.00298696    -0.32267983  -877.43666608    -0.00000626    -0.00000000  0.20D-10  0.16D-10  3  3     1.09
   4      1.00298697    -0.32268009  -877.43666634    -0.00000026    -0.00000000  0.36D-13  0.29D-13  4  4     1.37

 Norm of t1 vector:      0.00116498      S-energy:     0.00000000      T1 diagnostic:  0.00026050
                                                                       D1 diagnostic:  0.00058980
 Norm of t2 vector:      0.05464081      P-energy:    -0.32268009
                                         Alpha-Beta:  -0.24062071
                                         Alpha-Alpha: -0.04102969
                                         Beta-Beta:   -0.04102969

 Spin contamination <S**2-Sz**2-Sz>     0.00000000

 Memory could be reduced to 10.04 Mwords without degradation in triples
 

  Correlated core orbitals:             1.1       2.2       3.1       1.2       2.2       1.3       2.3       1.5       2.5
  Orbital energies:                     0.0000    0.0000    0.0000    0.0000  -11.2721  -33.0818  -11.2721  -33.0818  -11.2721
 
  RCCSD core-core energy               -0.322680092782
 

 RESULTS
 =======

  Reference energy                   -877.113986247968
  RCCSD singles energy                  0.000000000133
  RCCSD pair energy                    -0.322680092915
  RCCSD correlation energy             -0.322680092782
  Triples (T) contribution             -0.000373554574
  Total correlation energy             -0.323053647356
 
  RHF-RCCSD energy                   -877.436666340750
  RHF-RCCSD[T] energy                -877.437041245084
  RHF-RCCSD-T energy                 -877.437039206777
 !RHF-RCCSD(T) energy                -877.437039895324

 Program statistics:

 Available memory in ccsd:               511999650
 Min. memory needed in ccsd:                574257
 Max. memory used in ccsd:                  750798
 Max. memory used in cckext:                620833 ( 4 integral passes)
 Max. memory used in cckint:               1298072 ( 1 integral passes)



 **********************************************************************************************************************************
 DATASETS  * FILE   NREC   LENGTH (MB)   RECORD NAMES
              1      23       71.15       500      610      700      900      950      970     1000      129      960     1700   
                                          VAR    BASINP    GEOM    SYMINP    ZMAT    AOBASIS   BASIS     P2S    ABASIS    OPER   
                                         1101     1401     1411     1412     1650     1100     1400     1410     1200     1210   
                                          SR      EKINR    POTR     PVPR    MOLCAS      S      EKIN      POT      H0       H01  
                                         1300     1080     1600   
                                         ERIS     AOSYM     SMH  

              2       5        5.48       200      700     1000      520     2121   
                                        OPTIONS   GEOM     BASIS   MCVARS     RHF  

 PROGRAMS   *        TOTAL  RCCSD(T)       RHF       INT
 CPU TIMES  *        12.33      3.61      0.34      8.19
 REAL TIME  *        13.61 SEC
 DISK USED  *       294.89 MB      
 **********************************************************************************************************************************
 SETTING CCSD(12)       =      -877.43703990  AU                              
 Output type csv         
                                                                                                                                                                                                                                                                

        SCF,CCSD
      0.0000000,      0.0000000
      0.0000000,      0.0000000
      0.0000000,      0.0000000
      0.0000000,      0.0000000
      0.0000000,      0.0000000
      0.0000000,      0.0000000
      0.0000000,      0.0000000
      0.0000000,      0.0000000
      0.0000000,      0.0000000
      0.0000000,      0.0000000
      0.0000000,      0.0000000
   -877.1139862,   -877.4370399
                                                  

        RCCSD(T)        RHF-SCF 
   -877.43703990   -877.11398625
 **********************************************************************************************************************************
 Variable memory released
