
 Primary working directories    : /tmp/cmelton
 Secondary working directories  : /tmp/cmelton
 Wavefunction directory         : /remote/cmelton/wfu/
 Main file repository           : /tmp/cmelton/

 SHA1      : 4c1979699e6aeda0524d0210415ba82a958648b0
 NAME      : 2012.1.39
 ARCHNAME  : Linux/x86_64
 FC        : /projects/sems/install/rhel6-x86_64/sems/compiler/intel/16.0.1/base/bin/ifort
 FCVERSION : 16.0.1
 BLASLIB   : -L/projects/sems/install/rhel6-x86_64/sems/compiler/intel/16.0.1/base/compilers_and_libraries_2016.1.150/linux/mkl/lib/intel64 -lmkl_intel_ilp64 -lmkl_sequential -lmkl_core
 id        : sandiacon

 Nodes            nprocs
 doppio.sandia.gov    1

 Using customized tuning parameters: mindgm=7; mindgv=16; mindgc=1; mindgr=1; noblas=0; minvec=7
 default implementation of scratch files=df  

 ***,Calculation for Be atom, singlet and triplet
 memory,512,m
 gthresh,twoint=1.0E-12
 
 set,dkroll=1,dkho=10,dkhp=4
 basis={
 Including file /remote/cmelton/data/corrECP/NiH/ae/aug-cc-pwCV5Z-dk.basis
 }
 
 ne    =29
 symm  =4
 ss    =1
 
 do i=1,1
     z(i) = 1.1 + 0.05*(i-1)
     geometry={
         2
         Oxygen
         Ni  0.0 0.0 0.0
         H  0.0 0.0 z(i)
     }
     {rhf
      wf,ne,symm,ss
      print,orbitals=3
     }
     scf(i)=energy
     _CC_NORM_MAX=2.0
     {rccsd(t);maxit,100;core}
     ccsd(i)=energy
 enddo
 
 geometry={
    1
    Vanadium
    Ni 0.0 0.0 0.0
 }
 {rhf;
  start,atden
  wf,28,6,2;
  occ,6,2,2,1,2,1,1,0;
  open,1.4,1.7
  sym,1,1,1,1,1,3,2
 }
 Ni_scf=energy
 _CC_NORM_MAX=2.0
 {rccsd(t);maxit,100;core}
 Ni_ccsd=energy
 
 geometry={
    1
    Oxygen
    H 0.0 0.0 0.0
 }
 {rhf;
  wf,1,1,1;
  occ,1,0,0,0,0,0,0,0;
  open,1.1;
 }
 H_scf=energy
 
 table,z,scf,ccsd
 save
 type,csv

 Variables initialized (782), CPU time= 0.01 sec
 Commands  initialized (547), CPU time= 0.01 sec, 517 directives.
 Default parameters read. Elapsed time= 0.09 sec

 Checking input...
 Passed
1


                                         ***  PROGRAM SYSTEM MOLPRO  ***
                         Copyright, University College Cardiff Consultants Limited, 2008

                                    Version 2012.1 linked Aug  2 2016 14:07:26


 **********************************************************************************************************************************
 LABEL *   Calculation for Be atom, singlet and triplet                                  
 Linux-3.10.0-693.5.2.el7.x86_64/doppio.sandia.gov(x86_64) 64 bit serial version         DATE: 14-Feb-18          TIME: 12:19:35  
 **********************************************************************************************************************************

 SHA1:             4c1979699e6aeda0524d0210415ba82a958648b0
 **********************************************************************************************************************************

 THRESHOLDS:

 ZERO    =  1.00D-12  ONEINT  =  1.00D-12  TWOINT  =  1.00D-12  PREFAC  =  1.00D-14  LOCALI  =  1.00D-09  EORDER  =  1.00D-04
 ENERGY  =  0.00D+00  ETEST   =  0.00D+00  EDENS   =  0.00D+00  THRDEDEF=  1.00D-06  GRADIENT=  1.00D-02  STEP    =  1.00D-03
 ORBITAL =  1.00D-05  CIVEC   =  1.00D-05  COEFF   =  1.00D-04  PRINTCI =  5.00D-02  PUNCHCI =  9.90D+01  OPTGRAD =  3.00D-04
 OPTENERG=  1.00D-06  OPTSTEP =  3.00D-04  THRGRAD =  1.00D-10  COMPRESS=  1.00D-11  VARMIN  =  1.00D-07  VARMAX  =  1.00D-03
 THRDOUB =  0.00D+00  THRDIV  =  1.00D-05  THRRED  =  1.00D-07  THRPSP  =  1.00D+00  THRDC   =  1.00D-10  THRCS   =  1.00D-10
 THRNRM  =  1.00D-08  THREQ   =  0.00D+00  THRDE   =  1.00D+00  THRREF  =  1.00D-05  SPARFAC =  1.00D+00  THRDLP  =  1.00D-07
 THRDIA  =  1.00D-10  THRDLS  =  1.00D-07  THRGPS  =  0.00D+00  THRKEX  =  0.00D+00  THRDIS  =  2.00D-01  THRVAR  =  1.00D-10
 THRLOC  =  1.00D-06  THRGAP  =  1.00D-06  THRLOCT = -1.00D+00  THRGAPT = -1.00D+00  THRORB  =  1.00D-06  THRMLTP =  0.00D+00
 THRCPQCI=  1.00D-10  KEXTA   =  0.00D+00  THRCOARS=  0.00D+00  SYMTOL  =  1.00D-06  GRADTOL =  1.00D-06  THROVL  =  1.00D-08
 THRORTH =  1.00D-08  GRID    =  1.00D-06  GRIDMAX =  1.00D-03  DTMAX   =  0.00D+00  THROCCDE=  1.00D-01  THROCCDE=  1.00D-01


 SETTING DKROLL         =         1.00000000                                  
 SETTING DKHO           =        10.00000000                                  
 SETTING DKHP           =         4.00000000                                  

 Variable memory set to  512000000 words,  buffer space   230000 words

 SETTING BASIS          =    USERDEF
 SETTING NE             =        29.00000000                                  
 SETTING SYMM           =         4.00000000                                  
 SETTING SS             =         1.00000000                                  

 DO I                   =         1.00000000   
 SETTING Z(1)           =         1.10000000                                  

Geometry recognized as XYZ



 Recomputing integrals since basis changed


 Using spherical harmonics


1PROGRAM * SEWARD (Integral evaluation for generally contracted gaussian basis sets)     Author: Roland Lindh, 1990

 Geometry written to block  1 of record 700


 Point group  C2v 



 ATOMIC COORDINATES

 NR  ATOM    CHARGE       X              Y              Z

   1  NI     28.00    0.000000000    0.000000000    0.000000000
   2  H       1.00    0.000000000    0.000000000    2.078698745

 Bond lengths in Bohr (Angstrom)

 1-2  2.078698745
     ( 1.100000000)

 NUCLEAR CHARGE:                   29
 NUMBER OF PRIMITIVE AOS:         601
 NUMBER OF SYMMETRY AOS:          428
 NUMBER OF CONTRACTIONS:          428   ( 169A1  + 100B1  + 100B2  +  59A2  )
 NUMBER OF CORE ORBITALS:           9   (   5A1  +   2B1  +   2B2  +   0A2  )
 NUMBER OF VALENCE ORBITALS:        7   (   4A1  +   1B1  +   1B2  +   1A2  )


 NUCLEAR REPULSION ENERGY   13.46996532

 One-electron integrals computed with SEWARD

 10nd-order Douglas-Kroll-Hess method activated. McWeeny DKH parametrization is used.

 Computing Douglas-Kroll integrals

 AO integral compression algorithm  1   Integral accuracy      1.0D-12

     2754.085 MB (compressed) written to integral file ( 32.6%)


 NUMBER OF SORTED TWO-ELECTRON INTEGRALS: 1071064830.     BUFFER LENGTH:  32768
 NUMBER OF SEGMENTS:  34  SEGMENT LENGTH:   31997895      RECORD LENGTH: 524288

 Memory used in sort:      32.55 MW

 SORT1 READ  1054872234. AND WROTE   468409615. INTEGRALS IN   1356 RECORDS. CPU TIME:    14.96 SEC, REAL TIME:    21.95 SEC
 SORT2 READ   468409615. AND WROTE  1071064830. INTEGRALS IN  10506 RECORDS. CPU TIME:    10.88 SEC, REAL TIME:    13.59 SEC

 FILE SIZES:   FILE 1:  2767.6 MBYTE,  FILE 4:  5687.5 MBYTE,   TOTAL:   8455.1 MBYTE

 OPERATOR DM      FOR CENTER  0  COORDINATES:    0.000000    0.000000    0.000000

 EXTRA SYMMETRY OF AOS IN SYMMETRY 1:   1 1 1 1 1 1 1 1 1 1   1 1 1 1 1 1 1 1 1 1   1 1 1 1 1 1 1 1 1 1   1 1 1 1 1 1 1 1 1 1
                                        1 1 1 1 1 1 1 1 1 1   1 1 1 1 1 2 1 2 1 2   1 2 1 2 1 2 1 2 1 2   1 2 1 2 1 2 1 2 1 2
                                        1 2 1 2 1 2 1 2 1 2   1 2 1 2 1 2 1 3 2 1   3 2 1 3 2 1 3 2 1 3   2 2 3 1 2 3 1 2 3 1
                                        2 3 1 4 3 2 1 4 3 2   1 4 3 2 1 1 1 1 1 1   1 1 1 1 1 1 1 1 1 1   2 1 2 1 2 1 2 1 2 1
                                        2 1 2 1 3 2 1 3 2
 EXTRA SYMMETRY OF AOS IN SYMMETRY 2:   1 1 1 1 1 1 1 1 1 1   1 1 1 1 1 1 1 1 1 1   1 1 1 1 1 1 1 1 1 1   1 1 1 1 1 1 1 1 1 2
                                        1 2 1 2 1 2 1 2 1 2   1 2 1 2 1 2 1 2 1 2   1 2 3 1 2 3 1 2 3 1   2 3 3 2 1 3 2 1 3 2
                                        1 1 1 1 1 1 1 1 1 1   1 2 1 2 1 2 1 2 1 2
 EXTRA SYMMETRY OF AOS IN SYMMETRY 3:   1 1 1 1 1 1 1 1 1 1   1 1 1 1 1 1 1 1 1 1   1 1 1 1 1 1 1 1 1 1   1 1 1 1 1 1 1 1 1 2
                                        1 2 1 2 1 2 1 2 1 2   1 2 1 2 1 2 1 2 1 2   1 2 3 1 2 3 1 2 3 1   2 3 3 2 1 3 2 1 3 2
                                        1 1 1 1 1 1 1 1 1 1   1 2 1 2 1 2 1 2 1 2
 EXTRA SYMMETRY OF AOS IN SYMMETRY 4:   1 1 1 1 1 1 1 1 1 1   1 1 1 1 1 1 1 1 1 1   1 1 2 1 2 1 2 1 2 1   2 2 1 2 1 2 1 2 1 1
                                        3 2 1 3 2 1 3 2 1 1   1 1 1 1 1 1 2 1 2

 Eigenvalues of metric

         1 0.149E-07 0.176E-07 0.221E-06 0.570E-06 0.577E-05 0.629E-05 0.706E-05 0.218E-04
         2 0.183E-07 0.248E-06 0.693E-05 0.203E-03 0.300E-03 0.467E-03 0.797E-03 0.181E-02
         3 0.183E-07 0.248E-06 0.693E-05 0.203E-03 0.300E-03 0.467E-03 0.797E-03 0.181E-02
         4 0.706E-05 0.480E-03 0.339E-02 0.612E-02 0.171E-01 0.210E-01 0.451E-01 0.516E-01


 **********************************************************************************************************************************
 DATASETS  * FILE   NREC   LENGTH (MB)   RECORD NAMES
              1      23     2194.43       500      610      700      900      950      970     1000      129      960     1700   
                                          VAR    BASINP    GEOM    SYMINP    ZMAT    AOBASIS   BASIS     P2S    ABASIS    OPER   
                                         1101     1401     1411     1412     1650     1100     1400     1410     1200     1210   
                                          SR      EKINR    POTR     PVPR    MOLCAS      S      EKIN      POT      H0       H01  
                                         1300     1080     1600   
                                         ERIS     AOSYM     SMH  

 PROGRAMS   *        TOTAL       INT
 CPU TIMES  *       282.44    282.34
 REAL TIME  *       296.27 SEC
 DISK USED  *         8.46 GB      
 **********************************************************************************************************************************

1PROGRAM * RHF-SCF (OPEN SHELL)       Authors: W. Meyer, H.-J. Werner


 NUMBER OF ELECTRONS:      15+   14-    SPACE SYMMETRY=4    SPIN SYMMETRY: Doublet 
 CONVERGENCE THRESHOLDS:    1.00E-05 (Density)    1.00E-07 (Energy)
 MAX. NUMBER OF ITERATIONS:       60
 INTERPOLATION TYPE:            DIIS
 INTERPOLATION STEPS:              2 (START)      1 (STEP)
 LEVEL SHIFTS:                 -0.30 (CLOSED)  0.00 (OPEN) 



 Orbital guess generated from atomic densities. Full valence occupancy:    9   3   3   1

 Molecular orbital dump at record        2100.2

 ITERATION    DDIFF          GRAD             ENERGY        2-EL.EN.            DIPOLE MOMENTS         DIIS   ORB.
    1      0.000D+00      0.000D+00     -1519.52333063   1207.849206    0.00000    0.00000   -1.65050    0    start
    2      0.000D+00      0.852D-02     -1519.53980205   1221.229790    0.00000    0.00000   -1.29858    1    diag,B
    3      0.127D-02      0.478D-02     -1519.55025681   1211.302631    0.00000    0.00000   -1.33247    2    diag,B
    4      0.495D-03      0.230D-02     -1519.55355464   1214.355916    0.00000    0.00000   -1.30268    3    diag,B
    5      0.200D-03      0.429D-03     -1519.55489605   1214.102693    0.00000    0.00000   -1.26738    4    diag,B
    6      0.257D-03      0.303D-03     -1519.55591347   1213.917754    0.00000    0.00000   -1.22075    5    diag,B
    7      0.308D-03      0.168D-03     -1519.55636942   1213.747079    0.00000    0.00000   -1.17023    6    fixocc
    8      0.233D-03      0.883D-04     -1519.55652349   1213.640997    0.00000    0.00000   -1.12607    7    diag,B
    9      0.129D-03      0.358D-04     -1519.55655135   1213.575028    0.00000    0.00000   -1.10252    8    diag,B
   10      0.551D-04      0.131D-04     -1519.55655399   1213.562329    0.00000    0.00000   -1.09522    9    orth
   11      0.231D-04      0.341D-05     -1519.55655411   1213.557886    0.00000    0.00000   -1.09434    9    diag,B
   12      0.157D-04      0.130D-05     -1519.55655412   1213.558388    0.00000    0.00000   -1.09432    9    diag,B
   13      0.607D-05      0.353D-06     -1519.55655412   1213.558238    0.00000    0.00000   -1.09433    0    orth

 Final alpha occupancy:   8   3   3   1
 Final beta  occupancy:   8   3   3   0

 !RHF STATE 1.4 Energy              -1519.556554120964
 Nuclear energy                        13.46996532
 One-electron energy                -2139.80563860
 Two-electron energy                  606.77911916
 Virial quotient                       -0.95330296
 !RHF STATE 1.4 Dipole moment           0.00000000     0.00000000    -1.09432763
 Dipole moment /Debye                   0.00000000     0.00000000    -2.78132121

 ELECTRON ORBITALS
 =================


   Orb  Occ    Energy  Couls-En    Coefficients

                                   1 1s      1 1s      1 1s      1 1s      1 1s      1 1s      1 1s      1 1s      1 1s      1 1s   
                                   1 1s      1 1s      1 1s      1 1s      1 1s      1 1s      1 1s      1 1s      1 1s      1 1s   
                                   1 1s      1 1s      1 1s      1 1s      1 1s      1 1s      1 1s      1 1s      1 1s      1 1s   
                                   1 1s      1 2pz     1 2pz     1 2pz     1 2pz     1 2pz     1 2pz     1 2pz     1 2pz     1 2pz  
                                   1 2pz     1 2pz     1 2pz     1 2pz     1 2pz     1 2pz     1 2pz     1 2pz     1 2pz     1 2pz  
                                   1 2pz     1 2pz     1 2pz     1 2pz     1 3d0     1 3d2+    1 3d0     1 3d2+    1 3d0     1 3d2+ 
                                   1 3d0     1 3d2+    1 3d0     1 3d2+    1 3d0     1 3d2+    1 3d0     1 3d2+    1 3d0     1 3d2+ 
                                   1 3d0     1 3d2+    1 3d0     1 3d2+    1 3d0     1 3d2+    1 3d0     1 3d2+    1 3d0     1 3d2+ 
                                   1 3d0     1 3d2+    1 3d0     1 3d2+    1 4f0     1 4f2+    1 4f0     1 4f2+    1 4f0     1 4f2+ 
                                   1 4f0     1 4f2+    1 4f0     1 4f2+    1 4f0     1 4f2+    1 5g0     1 5g4+    1 5g2+    1 5g0  
                                   1 5g4+    1 5g2+    1 5g0     1 5g4+    1 5g2+    1 5g0     1 5g4+    1 5g2+    1 5g0     1 5g4+ 
                                   1 5g2+    1 6h2+    1 6h4+    1 6h0     1 6h2+    1 6h4+    1 6h0     1 6h2+    1 6h4+    1 6h0  
                                   1 6h2+    1 6h4+    1 6h0     1 7i6+    1 7i4+    1 7i2+    1 7i0     1 7i6+    1 7i4+    1 7i2+ 
                                   1 7i0     1 7i6+    1 7i4+    1 7i2+    1 7i0     2 1s      2 1s      2 1s      2 1s      2 1s   
                                   2 1s      2 1s      2 1s      2 1s      2 2pz     2 2pz     2 2pz     2 2pz     2 2pz     2 3d0  
                                   2 3d2+    2 3d0     2 3d2+    2 3d0     2 3d2+    2 3d0     2 3d2+    2 4f0     2 4f2+    2 4f0  
                                   2 4f2+    2 4f0     2 4f2+    2 5g0     2 5g4+    2 5g2+    2 5g0     2 5g4+    2 5g2+ 

   1.1   2  -308.6575 -705.1600  0.000012  0.000028  0.000079  0.000185  0.000412  0.000865  0.001784  0.003665  0.007628  0.016104
                                 0.034106  0.070257  0.134458  0.223910  0.292221  0.250168  0.108039  0.015752  0.001547 -0.004659
                                -0.000754 -0.000774  0.000043 -0.000022 -0.000011 -0.000008 -0.000004  0.000001  0.004888  0.000992
                                 0.000000 -0.000000 -0.000000 -0.000000 -0.000000 -0.000000 -0.000000 -0.000002 -0.000005 -0.000004
                                 0.000002  0.000001  0.000015  0.000002  0.000001  0.000001  0.000002 -0.000010 -0.000009 -0.000003
                                 0.000000 -0.000015 -0.000003  0.000000 -0.000000  0.000000 -0.000001 -0.000000 -0.000002  0.000000
                                -0.000001 -0.000000  0.000001  0.000000  0.000004  0.000000  0.000000  0.000000  0.000001 -0.000000
                                -0.000004  0.000000 -0.000003 -0.000000 -0.000002  0.000000 -0.000000 -0.000000 -0.000003 -0.000000
                                -0.000002 -0.000000  0.000000  0.000000  0.000003 -0.000000 -0.000001  0.000000  0.000002 -0.000000
                                -0.000002  0.000000 -0.000002  0.000000 -0.000000  0.000000 -0.000001  0.000001 -0.000000  0.000000
                                -0.000000  0.000000 -0.000000  0.000000 -0.000000 -0.000001 -0.000000  0.000000 -0.000000  0.000000
                                -0.000000 -0.000000 -0.000000 -0.000000  0.000000 -0.000000  0.000000 -0.000000 -0.000000 -0.000000
                                 0.000000 -0.000000 -0.000000  0.000000  0.000000  0.000000 -0.000000 -0.000000  0.000000 -0.000000
                                 0.000000  0.000000 -0.000000  0.000000 -0.000000  0.000000 -0.000000  0.000000 -0.000001  0.000000
                                 0.000014  0.000014  0.000005 -0.000000  0.000000 -0.000001 -0.000007 -0.000006 -0.000001  0.000000
                                 0.000000  0.000001 -0.000000  0.000002 -0.000000  0.000000 -0.000000 -0.000000 -0.000000 -0.000000
                                 0.000000 -0.000000  0.000000  0.000000  0.000000 -0.000000 -0.000000  0.000000 -0.000000

   2.1   2   -38.4796 -136.3656 -0.000004 -0.000009 -0.000025 -0.000058 -0.000129 -0.000270 -0.000559 -0.001152 -0.002412 -0.005140
                                -0.011077 -0.023534 -0.047788 -0.088653 -0.140825 -0.161122 -0.063949  0.201788  0.473443  0.417019
                                 0.111220  0.014113  0.001358  0.000360 -0.000020 -0.000064 -0.000031  0.000004 -0.033585 -0.007125
                                 0.000001  0.000000  0.000000  0.000000  0.000001  0.000002  0.000006  0.000016  0.000042  0.000086
                                 0.000128  0.000171  0.000279  0.000122  0.000610 -0.000056  0.000042 -0.000035 -0.000063 -0.000030
                                -0.000000 -0.000092 -0.000607  0.000000 -0.000000  0.000000 -0.000002 -0.000000 -0.000009  0.000000
                                -0.000058 -0.000000 -0.000239  0.000000 -0.000331  0.000000 -0.000036  0.000000  0.000037 -0.000000
                                -0.000007  0.000000 -0.000029 -0.000000 -0.000019  0.000000 -0.000003 -0.000000  0.000120 -0.000000
                                 0.000193 -0.000000  0.000000  0.000000  0.000041 -0.000000 -0.000032  0.000000 -0.000010 -0.000000
                                 0.000001  0.000000 -0.000015  0.000000 -0.000004  0.000000 -0.000010  0.000014 -0.000000 -0.000047
                                 0.000078  0.000000 -0.000007  0.000023 -0.000000 -0.000007  0.000010  0.000000 -0.000003 -0.000001
                                -0.000000 -0.000000  0.000000  0.000000  0.000000 -0.000000  0.000001 -0.000000 -0.000000  0.000002
                                 0.000000 -0.000000 -0.000002 -0.000000  0.000000  0.000000 -0.000000  0.000000  0.000000 -0.000000
                                 0.000000 -0.000000  0.000000  0.000000  0.000000  0.000000  0.000000  0.000000  0.000002  0.000014
                                 0.000039  0.000074  0.000041 -0.000003 -0.000002 -0.000005 -0.000003 -0.000012 -0.000006  0.000002
                                 0.000000 -0.000004 -0.000000 -0.000006 -0.000000 -0.000004 -0.000000  0.000001 -0.000000  0.000004
                                 0.000000  0.000002  0.000000 -0.000001 -0.000000 -0.000000 -0.000001 -0.000000 -0.000000

   3.1   2   -32.9330 -129.4262  0.000000  0.000000  0.000000  0.000000  0.000000  0.000000  0.000000  0.000001  0.000001  0.000003
                                 0.000006  0.000014  0.000028  0.000052  0.000082  0.000097  0.000037 -0.000129 -0.000252  0.000089
                                 0.000061  0.000860 -0.000441  0.000349  0.000329  0.000274  0.000150 -0.000048 -0.000304 -0.000881
                                -0.000007  0.000024  0.000071  0.000269  0.000897  0.002945  0.008949  0.025083  0.062871  0.134583
                                 0.231270  0.303485  0.273755  0.128775  0.043177  0.001821  0.000798  0.000347  0.000312  0.000123
                                -0.000011 -0.006225 -0.018067 -0.000004  0.000000 -0.000000  0.000001 -0.000000  0.000003 -0.000000
                                 0.000039  0.000000  0.000123 -0.000000 -0.000053 -0.000000 -0.000066 -0.000000 -0.000019 -0.000000
                                 0.000158 -0.000000  0.000075 -0.000000  0.000088 -0.000000  0.000008 -0.000000  0.000040  0.000000
                                 0.000084  0.000000 -0.000003  0.000000 -0.000233 -0.000000 -0.000097 -0.000000 -0.000131  0.000000
                                 0.000065 -0.000000  0.000034 -0.000000  0.000015  0.000000  0.000032 -0.000000  0.000000 -0.000024
                                -0.000000 -0.000000  0.000017 -0.000000  0.000000  0.000031 -0.000000 -0.000000  0.000001  0.000000
                                 0.000000  0.000000 -0.000017  0.000017 -0.000000  0.000019 -0.000021  0.000000 -0.000003  0.000017
                                -0.000000  0.000002  0.000001  0.000000  0.000000 -0.000000  0.000000 -0.000000 -0.000000  0.000000
                                -0.000001  0.000000  0.000000 -0.000000  0.000007  0.000000  0.000001 -0.000002  0.000032 -0.000007
                                -0.000323 -0.000493 -0.000164  0.000033 -0.000011  0.000035  0.000183  0.000170  0.000036 -0.000004
                                -0.000000 -0.000049  0.000000 -0.000055  0.000000  0.000001  0.000000  0.000005  0.000000  0.000016
                                -0.000000 -0.000001 -0.000000  0.000001  0.000000  0.000000 -0.000001 -0.000000  0.000000

   4.1   2    -4.8666  -43.0144  0.000001  0.000003  0.000009  0.000022  0.000048  0.000101  0.000209  0.000432  0.000904  0.001930
                                 0.004167  0.008889  0.018176  0.034196  0.055714  0.066572  0.027634 -0.101877 -0.312944 -0.407145
                                -0.005464  0.465755  0.557111  0.208244  0.010849 -0.004640 -0.000349 -0.000936  0.046691  0.010060
                                -0.000161 -0.000000 -0.000000 -0.000000 -0.000001 -0.000005 -0.000014 -0.000039 -0.000106 -0.000219
                                -0.000422 -0.000431 -0.005148 -0.000966 -0.024522  0.002915 -0.000528 -0.001665 -0.000059 -0.000842
                                -0.000256  0.004988  0.026351 -0.000086  0.000000  0.000000  0.000002 -0.000000  0.000009  0.000000
                                 0.000057 -0.000000  0.000163 -0.000000 -0.000917 -0.000000 -0.001174 -0.000000  0.000552  0.000000
                                 0.000339 -0.000000 -0.000081  0.000000 -0.000141 -0.000000 -0.000121  0.000000  0.000446  0.000000
                                 0.000899  0.000000 -0.000022 -0.000000 -0.000057  0.000000 -0.000045 -0.000000 -0.000092  0.000000
                                 0.000379 -0.000000  0.000224  0.000000 -0.000030 -0.000000 -0.000070  0.000144  0.000000 -0.000044
                                 0.000003 -0.000000 -0.000076  0.000429  0.000000  0.000008  0.000459 -0.000000  0.000006  0.000058
                                 0.000000  0.000000 -0.000000 -0.000000 -0.000000 -0.000000  0.000009  0.000000 -0.000001  0.000103
                                -0.000000 -0.000004  0.000044 -0.000000  0.000000  0.000000 -0.000001  0.000000 -0.000000  0.000000
                                 0.000004 -0.000000  0.000001 -0.000000  0.000034  0.000008  0.000063  0.000302  0.000937  0.002610
                                 0.002426  0.000809  0.002440  0.000754 -0.000273 -0.001051 -0.001653 -0.000536 -0.000546  0.000251
                                 0.000000  0.000567  0.000000  0.000524  0.000000  0.000092  0.000000 -0.000140  0.000000 -0.000228
                                -0.000000 -0.000068  0.000000  0.000045 -0.000000  0.000000  0.000044  0.000000  0.000000

   5.1   2    -3.1880  -38.9438 -0.000000 -0.000000 -0.000000 -0.000000 -0.000000 -0.000001 -0.000001 -0.000002 -0.000005 -0.000010
                                -0.000021 -0.000045 -0.000090 -0.000174 -0.000274 -0.000350 -0.000101  0.000418  0.001940 -0.008918
                                -0.004825 -0.018528  0.001956 -0.009775 -0.002012  0.010305  0.002608  0.000215  0.012027  0.018206
                                 0.000015 -0.000009 -0.000026 -0.000099 -0.000330 -0.001086 -0.003316 -0.009400 -0.024014 -0.053019
                                -0.094453 -0.130561 -0.108334  0.043736  0.268753  0.398868  0.311683  0.112068  0.014375  0.003492
                                 0.000132 -0.000968  0.005602  0.000014 -0.000001  0.000000 -0.000010 -0.000000 -0.000052  0.000000
                                -0.000214 -0.000000 -0.000607  0.000000 -0.000956  0.000000 -0.001478  0.000000 -0.001215 -0.000000
                                -0.000790  0.000000  0.001642  0.000000  0.002814  0.000000  0.000388  0.000000 -0.000155 -0.000000
                                 0.000036 -0.000000 -0.000011 -0.000000 -0.000133 -0.000000 -0.000890 -0.000000 -0.001701  0.000000
                                -0.000081 -0.000000  0.000731  0.000000  0.000579  0.000000  0.000025 -0.000001 -0.000000  0.000038
                                -0.000001  0.000000  0.000328 -0.000002 -0.000000  0.000722 -0.000004  0.000000  0.000291 -0.000002
                                 0.000000  0.000000 -0.000024  0.000024 -0.000000 -0.000108  0.000106  0.000000 -0.000029  0.000244
                                 0.000000  0.000042  0.000125 -0.000000  0.000000  0.000000 -0.000002  0.000000  0.000001 -0.000000
                                 0.000003  0.000000 -0.000000  0.000000  0.000086  0.000028  0.000218  0.001061  0.003738  0.010336
                                 0.007308 -0.008319 -0.004378 -0.000152 -0.000736 -0.002940 -0.003493  0.000280  0.000398  0.000574
                                 0.000000  0.001208 -0.000000  0.001052 -0.000000  0.000723 -0.000000 -0.000303 -0.000000 -0.000444
                                 0.000000 -0.000257  0.000000  0.000119 -0.000000 -0.000000  0.000059  0.000000 -0.000000

   6.1   2    -0.5649  -23.3499 -0.000000 -0.000000 -0.000001 -0.000002 -0.000004 -0.000008 -0.000018 -0.000036 -0.000076 -0.000162
                                -0.000349 -0.000745 -0.001522 -0.002876 -0.004680 -0.005660 -0.002281  0.008601  0.028863  0.015481
                                -0.012005 -0.094130 -0.067614 -0.053325 -0.003709  0.039648  0.036703 -0.003592  0.021431  0.043034
                                 0.000237  0.000001  0.000003  0.000011  0.000037  0.000123  0.000372  0.001063  0.002701  0.006033
                                 0.010635  0.015343 -0.003196 -0.010522 -0.113443 -0.052244 -0.041661 -0.012269  0.029828  0.039263
                                 0.002883  0.016802  0.077853 -0.000435  0.000130 -0.000000  0.001188 -0.000000  0.006522 -0.000000
                                 0.024090 -0.000000  0.065313 -0.000000  0.126878 -0.000000  0.191689 -0.000000  0.221556 -0.000000
                                 0.197599 -0.000000  0.135731 -0.000000  0.056370 -0.000000  0.007958 -0.000000  0.002795 -0.000000
                                 0.005961 -0.000000 -0.000299  0.000000  0.000158 -0.000000  0.000689  0.000000  0.002080 -0.000000
                                 0.004981  0.000000  0.001786  0.000000 -0.000072  0.000000 -0.000067 -0.000054  0.000000 -0.000366
                                -0.000029  0.000000  0.000353 -0.000162  0.000000  0.001241 -0.000304 -0.000000  0.000711 -0.000192
                                -0.000000 -0.000000  0.000004  0.000023  0.000000  0.000018  0.000088 -0.000000 -0.000007  0.000403
                                 0.000000 -0.000032  0.000178  0.000000 -0.000034 -0.000000  0.000038  0.000000 -0.000049 -0.000000
                                 0.000088  0.000000 -0.000111 -0.000000  0.000239  0.000234  0.001790  0.009206  0.035673  0.108680
                                 0.205182  0.178239  0.006525  0.001328 -0.001619 -0.007510 -0.022571 -0.018795  0.003793  0.000956
                                -0.000000  0.002812 -0.000000  0.005136  0.000000  0.002008 -0.000000 -0.000434  0.000000 -0.000831
                                 0.000000 -0.000466 -0.000000  0.000107 -0.000004 -0.000000 -0.000012 -0.000049 -0.000000

   7.1   2    -0.5435  -29.8981  0.000000 -0.000000  0.000000 -0.000000 -0.000000 -0.000000 -0.000000 -0.000000 -0.000000 -0.000000
                                -0.000000 -0.000000 -0.000000  0.000000 -0.000000  0.000000 -0.000000  0.000000 -0.000000  0.000000
                                 0.000000  0.000000  0.000000 -0.000000  0.000000 -0.000000 -0.000000 -0.000000 -0.000000 -0.000000
                                 0.000000  0.000000  0.000000  0.000000  0.000000  0.000000  0.000000  0.000000  0.000000  0.000000
                                 0.000000  0.000000 -0.000000 -0.000000 -0.000000  0.000000 -0.000000 -0.000000  0.000000 -0.000000
                                -0.000000  0.000000  0.000000  0.000000  0.000000  0.000180  0.000000  0.001634  0.000000  0.008986
                                 0.000000  0.033148  0.000000  0.090448  0.000000  0.181639  0.000000  0.266843  0.000000  0.296037
                                 0.000000  0.259176  0.000000  0.172018  0.000000  0.066719 -0.000000  0.006319 -0.000000  0.001087
                                -0.000000  0.001720 -0.000000 -0.000132  0.000000  0.000007  0.000000  0.000026  0.000000  0.000090
                                -0.000000 -0.001127 -0.000000 -0.004415 -0.000000 -0.002404 -0.000000 -0.000000 -0.000080  0.000000
                                -0.000000 -0.000224 -0.000000  0.000000 -0.000269 -0.000000 -0.000000  0.000172 -0.000000  0.000000
                                 0.000166  0.000030  0.000000 -0.000000  0.000031  0.000000  0.000000  0.000156 -0.000000 -0.000000
                                 0.000010  0.000000 -0.000000 -0.000109 -0.000000  0.000031  0.000000 -0.000161 -0.000000  0.000030
                                 0.000000 -0.000307 -0.000000  0.000149 -0.000000  0.000000  0.000000  0.000000  0.000000  0.000000
                                 0.000000  0.000000  0.000000 -0.000000 -0.000000 -0.000000 -0.000000 -0.000000 -0.000000 -0.000000
                                 0.000149  0.000000  0.000849  0.000000  0.001048  0.000000  0.000590 -0.000000 -0.000188 -0.000000
                                -0.000430 -0.000000 -0.000099  0.000000 -0.000000  0.000096  0.000000 -0.000000  0.000022

   8.1   2    -0.3096  -15.7361 -0.000000 -0.000001 -0.000002 -0.000004 -0.000009 -0.000019 -0.000038 -0.000079 -0.000166 -0.000355
                                -0.000765 -0.001634 -0.003343 -0.006305 -0.010297 -0.012389 -0.005143  0.019337  0.062288  0.078716
                                -0.004045 -0.116698 -0.175517 -0.134017  0.069107  0.280327  0.283719  0.059851 -0.003837  0.000225
                                -0.002252  0.000001  0.000002  0.000007  0.000022  0.000073  0.000224  0.000637  0.001625  0.003609
                                 0.006410  0.009035  0.004008 -0.004603 -0.039440 -0.031064 -0.027175 -0.008720  0.003513  0.016136
                                 0.006508  0.003721  0.018012 -0.000386 -0.000084  0.000000 -0.000760  0.000000 -0.004181  0.000000
                                -0.015417  0.000000 -0.042127  0.000000 -0.085100  0.000000 -0.124223 -0.000000 -0.138704  0.000000
                                -0.129099 -0.000000 -0.102185  0.000000 -0.059404 -0.000000 -0.014758  0.000000 -0.000170 -0.000000
                                -0.000200  0.000000  0.000265  0.000000  0.000067  0.000000  0.000213 -0.000000  0.000767  0.000000
                                 0.001818 -0.000000  0.002854  0.000000  0.002956 -0.000000  0.000087  0.000018  0.000000  0.000172
                                 0.000080 -0.000000  0.000308  0.000181  0.000000 -0.000272  0.000134 -0.000000 -0.000587  0.000019
                                 0.000000  0.000000  0.000003 -0.000028 -0.000000  0.000009 -0.000024  0.000000  0.000000 -0.000202
                                -0.000000 -0.000048 -0.000080 -0.000000  0.000022  0.000000 -0.000030 -0.000000  0.000033 -0.000000
                                -0.000030 -0.000000  0.000062 -0.000000 -0.000161  0.000099  0.000746  0.003916  0.015045  0.044290
                                 0.124831  0.180617  0.096694  0.006354  0.000757  0.002092 -0.004636 -0.007839  0.005010 -0.000606
                                 0.000000 -0.000099 -0.000000 -0.000373 -0.000000 -0.002251  0.000000  0.000209 -0.000000  0.000350
                                -0.000000  0.000678  0.000000 -0.000092  0.000000  0.000000 -0.000115  0.000001  0.000000

   9.1   0     0.0085   -4.5540 -0.000000 -0.000000 -0.000000 -0.000000 -0.000000 -0.000000 -0.000000 -0.000001 -0.000001 -0.000004
                                -0.000005 -0.000020 -0.000019 -0.000089 -0.000024 -0.000293  0.000404 -0.001102  0.005396 -0.113783
                                -0.044040 -0.106873  0.012777 -0.013596 -0.077930  0.674400  3.754121 -1.170081  0.128760  0.121671
                                 1.794653 -0.000001 -0.000002 -0.000006 -0.000019 -0.000064 -0.000194 -0.000555 -0.001410 -0.003150
                                -0.005540 -0.008043  0.003949  0.006308  0.101410  0.023907  0.024102  0.009667  0.076558  1.166074
                                 0.409043 -0.011332 -0.082165 -0.566279  0.000022  0.000000  0.000189  0.000000  0.001102  0.000000
                                 0.003782  0.000000  0.012454  0.000000  0.046761  0.000000  0.042475  0.000000  0.027807  0.000000
                                 0.045243  0.000000  0.029186 -0.000000  0.204139  0.000000  0.253487 -0.000000 -0.011363 -0.000000
                                -0.022155 -0.000000  0.071831  0.000000 -0.000035 -0.000000  0.000001  0.000000 -0.000535 -0.000000
                                 0.000691  0.000000  0.012934 -0.000000  0.043851 -0.000000 -0.000019  0.000020 -0.000000 -0.000104
                                 0.000050 -0.000000 -0.000153  0.000115 -0.000000  0.001249  0.000105 -0.000000  0.007092 -0.000062
                                -0.000000 -0.000000 -0.000009  0.000019  0.000000 -0.000017 -0.000019 -0.000000  0.000002  0.000173
                                -0.000000  0.000098  0.001142 -0.000000 -0.000011 -0.000000  0.000025 -0.000000 -0.000016  0.000000
                                -0.000053 -0.000000 -0.000031  0.000000  0.000242 -0.000035 -0.000266 -0.001417 -0.005182 -0.016418
                                -0.105144 -0.493501 -3.560255 -0.711086 -0.000710  0.001379  0.011488  0.025117  0.592445  0.000334
                                -0.000000 -0.002895  0.000000  0.001923  0.000000  0.032532  0.000000 -0.000033  0.000000  0.000920
                                -0.000000 -0.002880 -0.000000  0.000057 -0.000002 -0.000000 -0.000544  0.000018  0.000000

  10.1   0     0.0239   -2.6055  0.000000  0.000000  0.000000  0.000000  0.000001  0.000002  0.000004  0.000010  0.000019  0.000046
                                 0.000082  0.000220  0.000335  0.000907  0.000846  0.002411 -0.001772  0.004487 -0.033541  0.621572
                                 0.257109  0.724494 -0.117806  0.203149 -0.596160 -0.671609 -0.890834  5.842211 -0.712396 -0.780789
                                 5.951176  0.000000  0.000000  0.000001  0.000004  0.000011  0.000043  0.000089  0.000322  0.000453
                                 0.001558 -0.000585  0.077677  0.018657  0.476513 -0.029306  0.035708 -0.065822 -0.785162 -0.656366
                                 1.451001 -0.082703 -0.478648  2.600421 -0.000001 -0.000000 -0.000007 -0.000000 -0.000041 -0.000000
                                -0.000134 -0.000000 -0.000478 -0.000000 -0.002511 -0.000000 -0.002770 -0.000000  0.002754 -0.000000
                                -0.010567 -0.000000 -0.159996  0.000000 -0.348200 -0.000000 -0.096036  0.000000  0.000694  0.000000
                                 0.001846  0.000000  0.457423 -0.000000  0.000085 -0.000000 -0.000402  0.000000  0.001303 -0.000000
                                -0.004410  0.000000 -0.054074 -0.000000 -0.083449  0.000000  0.000051 -0.000003 -0.000000 -0.000188
                                -0.000022  0.000000  0.000571 -0.000005 -0.000000 -0.005751  0.000077  0.000000 -0.010283  0.000088
                                 0.000000 -0.000000  0.000002 -0.000019  0.000000  0.000003  0.000073 -0.000000 -0.000000 -0.000427
                                 0.000000 -0.000027 -0.001050  0.000000  0.000001 -0.000000  0.000007  0.000000  0.000000  0.000000
                                -0.000016  0.000000  0.000002 -0.000000 -0.000073 -0.000000 -0.000053  0.000125 -0.001722 -0.005512
                                 0.273145  1.739786 -0.333439-10.958617 -0.000257  0.003109 -0.093375 -0.306339  0.195559 -0.000145
                                -0.000000  0.006879 -0.000000  0.011233 -0.000000 -0.083075 -0.000000 -0.001115 -0.000000  0.003042
                                 0.000000  0.029984  0.000000  0.000118  0.000001  0.000000 -0.005300 -0.000006 -0.000000

  11.1   0     0.0480   -5.3521 -0.000000 -0.000000 -0.000000 -0.000001 -0.000001 -0.000003 -0.000006 -0.000011 -0.000025 -0.000049
                                -0.000120 -0.000220 -0.000540 -0.000800 -0.001811 -0.001075 -0.002637  0.008176 -0.011352  0.498214
                                 0.190993  0.463104 -0.093800  0.104188 -0.351723 -3.432321-13.945672  8.558578 -0.549234 -0.544523
                                 0.169714 -0.000001 -0.000002 -0.000008 -0.000028 -0.000094 -0.000277 -0.000813 -0.002003 -0.004646
                                -0.007696 -0.012887  0.049187  0.018637  0.323899  0.025933  0.072944 -0.083869 -1.270447 -5.209710
                                -1.107399 -0.063072 -0.297642  2.162169  0.000023  0.000000  0.000241  0.000000  0.001185  0.000000
                                 0.005023  0.000000  0.008700  0.000000 -0.033413  0.000000  0.011946  0.000000  0.064120 -0.000000
                                -0.008824  0.000000 -0.144397 -0.000000 -0.901309  0.000000 -0.835947 -0.000000  0.026981 -0.000000
                                 0.052930 -0.000000  0.477442  0.000000  0.000124 -0.000000 -0.000711  0.000000  0.001967 -0.000000
                                -0.007789  0.000000 -0.090104 -0.000000 -0.237032 -0.000000 -0.000035  0.000026 -0.000000 -0.000120
                                 0.000081  0.000000  0.000154  0.000135 -0.000000 -0.009291  0.000028  0.000000 -0.029986 -0.000185
                                -0.000000  0.000000 -0.000012 -0.000018  0.000000 -0.000025  0.000149  0.000000  0.000003 -0.000646
                                -0.000000  0.000149 -0.004578 -0.000000 -0.000013  0.000000 -0.000024 -0.000000 -0.000019 -0.000000
                                 0.000169 -0.000000 -0.000036  0.000000 -0.000546 -0.000042 -0.000332 -0.001616 -0.007372 -0.031352
                                 0.409892  3.245191 12.414782 -5.697214  0.000568 -0.004827 -0.128531 -0.526178 -2.311369 -0.000677
                                 0.000000  0.015864 -0.000000  0.023063  0.000000 -0.113848 -0.000000 -0.000910 -0.000000 -0.003757
                                 0.000000  0.028199 -0.000000  0.000170 -0.000003 -0.000000 -0.001573  0.000028 -0.000000

                                   1 2px     1 2px     1 2px     1 2px     1 2px     1 2px     1 2px     1 2px     1 2px     1 2px  
                                   1 2px     1 2px     1 2px     1 2px     1 2px     1 2px     1 2px     1 2px     1 2px     1 2px  
                                   1 2px     1 2px     1 2px     1 3d1+    1 3d1+    1 3d1+    1 3d1+    1 3d1+    1 3d1+    1 3d1+ 
                                   1 3d1+    1 3d1+    1 3d1+    1 3d1+    1 3d1+    1 3d1+    1 3d1+    1 3d1+    1 4f1+    1 4f3+ 
                                   1 4f1+    1 4f3+    1 4f1+    1 4f3+    1 4f1+    1 4f3+    1 4f1+    1 4f3+    1 4f1+    1 4f3+ 
                                   1 5g1+    1 5g3+    1 5g1+    1 5g3+    1 5g1+    1 5g3+    1 5g1+    1 5g3+    1 5g1+    1 5g3+ 
                                   1 6h1+    1 6h3+    1 6h5+    1 6h1+    1 6h3+    1 6h5+    1 6h1+    1 6h3+    1 6h5+    1 6h1+ 
                                   1 6h3+    1 6h5+    1 7i5+    1 7i3+    1 7i1+    1 7i5+    1 7i3+    1 7i1+    1 7i5+    1 7i3+ 
                                   1 7i1+    2 2px     2 2px     2 2px     2 2px     2 2px     2 3d1+    2 3d1+    2 3d1+    2 3d1+ 
                                   2 4f1+    2 4f3+    2 4f1+    2 4f3+    2 4f1+    2 4f3+    2 5g1+    2 5g3+    2 5g1+    2 5g3+ 


   1.2   2   -32.9441 -129.4330  0.000024  0.000071  0.000269  0.000897  0.002945  0.008948  0.025080  0.062861  0.134564  0.231218
                                 0.303495  0.272625  0.128579  0.036241  0.001969  0.000669  0.000150  0.000041 -0.000008  0.000002
                                -0.004852 -0.011270 -0.000001 -0.000000 -0.000001 -0.000009 -0.000011  0.000019  0.000038  0.000019
                                -0.000008  0.000019 -0.000018 -0.000002 -0.000003 -0.000004  0.000007  0.000000 -0.000090  0.000104
                                 0.000092  0.000192  0.000054  0.000169  0.000048  0.000052 -0.000000  0.000017 -0.000002 -0.000001
                                 0.000024  0.000000 -0.000020 -0.000000  0.000008 -0.000000  0.000004 -0.000001 -0.000003  0.000000
                                 0.000012  0.000004 -0.000026 -0.000015 -0.000004  0.000030  0.000008  0.000001 -0.000005 -0.000002
                                -0.000000  0.000003  0.000000  0.000000  0.000000 -0.000000  0.000000 -0.000000 -0.000000 -0.000000
                                 0.000003  0.000002 -0.000002 -0.000011  0.000006  0.000004 -0.000002  0.000015  0.000007  0.000000
                                -0.000003 -0.000000 -0.000013  0.000000 -0.000002 -0.000001  0.000003 -0.000000  0.000005  0.000000

   2.2   2    -3.1701  -38.9982 -0.000009 -0.000026 -0.000099 -0.000331 -0.001090 -0.003331 -0.009439 -0.024118 -0.053237 -0.094872
                                -0.131032 -0.111543  0.043243  0.260924  0.402673  0.311987  0.112618  0.010490 -0.000529  0.000320
                                 0.001843  0.015262 -0.000096  0.000000  0.000003  0.000017  0.000053  0.000078 -0.000295  0.000448
                                 0.000413 -0.001734 -0.000767  0.000210 -0.000133  0.000320  0.000649  0.000018  0.000156  0.000307
                                 0.000014  0.000950  0.000135  0.001863  0.001030  0.002612  0.000314  0.001331  0.000022  0.000006
                                 0.000010  0.000000  0.000027 -0.000001  0.000138 -0.000001  0.000101 -0.000021  0.000006  0.000012
                                 0.000018  0.000005 -0.000038  0.000079  0.000026 -0.000172  0.000122  0.000007 -0.000046  0.000003
                                 0.000002  0.000064 -0.000000  0.000000 -0.000001  0.000000  0.000000  0.000002  0.000000  0.000001
                                 0.000046  0.000127  0.000590  0.001247  0.000246  0.000263 -0.000175 -0.000545 -0.000523 -0.000107
                                 0.000152  0.000001  0.000271  0.000004  0.000155 -0.000044 -0.000073 -0.000004 -0.000074  0.000010

   3.2   2    -0.5262  -29.5660 -0.000000 -0.000000 -0.000000 -0.000001 -0.000002 -0.000005 -0.000019 -0.000037 -0.000114 -0.000110
                                -0.000507  0.009308  0.002524  0.059197 -0.001440  0.002675 -0.005600 -0.008185 -0.001375 -0.000245
                                -0.010300 -0.058230  0.000090  0.000177  0.001609  0.008846  0.032639  0.088976  0.177754  0.262013
                                 0.292254  0.258867  0.175297  0.071533  0.007175  0.001476  0.002615 -0.000190  0.000015 -0.000000
                                 0.000131 -0.000002  0.000229 -0.000007  0.000091 -0.000018 -0.003707 -0.000053 -0.002433 -0.000025
                                -0.000115  0.000039 -0.000372  0.000038 -0.000220  0.000144  0.000724  0.000227  0.000439  0.000152
                                 0.000043  0.000000 -0.000000  0.000058 -0.000001 -0.000000  0.000365  0.000003  0.000001  0.000111
                                -0.000019  0.000001 -0.000062  0.000014  0.000053 -0.000091  0.000022  0.000067 -0.000179  0.000041
                                 0.000282  0.001019  0.004655  0.011094  0.006835  0.001315 -0.000778 -0.002272 -0.001627  0.000634
                                 0.000459 -0.000000  0.000394  0.000018 -0.000145  0.000024 -0.000134 -0.000003  0.000002 -0.000015

   4.2   0     0.0241   -3.4126  0.000000  0.000001  0.000003  0.000009  0.000040  0.000091  0.000355  0.000634  0.002157  0.001699
                                 0.010198 -0.208537 -0.053147 -1.171837  0.027820 -0.039923  0.013270 -0.169279  0.042465 -0.473488
                                 0.228958  1.163451  1.214128  0.000001  0.000010  0.000042  0.000219  0.000115 -0.004810 -0.001204
                                 0.004100 -0.003273 -0.051759 -0.076012 -0.080541  0.002629  0.005267 -0.135171  0.000034  0.000001
                                -0.000145  0.000019  0.000551  0.000052 -0.001685 -0.000025 -0.027807 -0.000158 -0.022051 -0.000218
                                 0.000055 -0.000001 -0.000218 -0.000001  0.000568 -0.000003 -0.003769 -0.000001 -0.009075 -0.000009
                                -0.000002 -0.000001  0.000008  0.000004 -0.000002  0.000013 -0.000071  0.000002 -0.000001 -0.001987
                                 0.000012 -0.000109 -0.000001  0.000000 -0.000011 -0.000001  0.000000  0.000050 -0.000001  0.000000
                                -0.000191  0.000530 -0.002252  0.027119  0.137724  0.294431 -0.000205 -0.000340 -0.037973 -0.082586
                                 0.000140  0.000000  0.004501 -0.000001  0.016632  0.000035 -0.000406  0.000001 -0.000548 -0.000007

   5.2   0     0.0738   -3.4683  0.000000  0.000001  0.000002  0.000011  0.000023  0.000116  0.000190  0.000879  0.000867  0.004637
                                -0.004786  0.307945  0.072487  1.695073 -0.080424  0.044670 -0.079256 -0.098373 -0.378623  0.765520
                                -0.329203 -1.705613 -0.632324  0.000003  0.000072  0.000151  0.001668 -0.003869 -0.092823 -0.032654
                                 0.037398 -0.038615 -0.005327 -0.262878  0.304328  0.045118  0.087332 -1.107266  0.000052  0.000001
                                -0.000229  0.000016  0.000963  0.000044 -0.003600 -0.000022 -0.043810 -0.000147 -0.022543 -0.000189
                                 0.000011 -0.000003 -0.000104 -0.000007  0.000378 -0.000016 -0.006158 -0.000012 -0.012918  0.000016
                                -0.000063 -0.000001  0.000007  0.000227 -0.000002  0.000012 -0.000874  0.000002 -0.000001 -0.002322
                                 0.000011 -0.000094 -0.000003  0.000001 -0.000034 -0.000007  0.000002  0.000156 -0.000006  0.000001
                                -0.000531 -0.000448  0.001190  0.021404  0.247776  0.225765  0.000636 -0.005607 -0.050741 -0.128125
                                -0.000243  0.000001  0.012490 -0.000005  0.016347  0.000037 -0.000713  0.000000 -0.003873 -0.000006

   6.2   0     0.0795   -5.1761  0.000001  0.000002  0.000007  0.000029  0.000076  0.000302  0.000641  0.002256  0.003297  0.010748
                                -0.002691  0.485467  0.110361  2.571839 -0.133523  0.020703 -0.023599  0.646221  0.301217  1.808236
                                -0.514499 -2.602655 -1.088550  0.000000 -0.000019  0.000008 -0.000495  0.002646  0.046057  0.018619
                                -0.017431  0.025887  0.139718  0.272983  0.020252 -0.021495 -0.042079  0.534886 -0.000118  0.000003
                                 0.000508  0.000047 -0.001587  0.000127  0.004624 -0.000068  0.085202 -0.000421  0.070751 -0.000532
                                -0.000152  0.000000  0.000596  0.000002 -0.001586  0.000002  0.012168  0.000005  0.028737 -0.000032
                                 0.000016 -0.000003  0.000019 -0.000101 -0.000006  0.000033  0.000474  0.000004 -0.000004  0.006301
                                 0.000030 -0.000270  0.000001 -0.000000  0.000043  0.000001  0.000000 -0.000191  0.000002 -0.000001
                                 0.000705 -0.000493  0.008188 -0.067491 -0.420657 -0.819472  0.000273  0.002456  0.114601  0.256125
                                -0.000343 -0.000000 -0.015541  0.000001 -0.047221  0.000073  0.001304  0.000001  0.002217 -0.000016

                                   1 2py     1 2py     1 2py     1 2py     1 2py     1 2py     1 2py     1 2py     1 2py     1 2py  
                                   1 2py     1 2py     1 2py     1 2py     1 2py     1 2py     1 2py     1 2py     1 2py     1 2py  
                                   1 2py     1 2py     1 2py     1 3d1-    1 3d1-    1 3d1-    1 3d1-    1 3d1-    1 3d1-    1 3d1- 
                                   1 3d1-    1 3d1-    1 3d1-    1 3d1-    1 3d1-    1 3d1-    1 3d1-    1 3d1-    1 4f1-    1 4f3- 
                                   1 4f1-    1 4f3-    1 4f1-    1 4f3-    1 4f1-    1 4f3-    1 4f1-    1 4f3-    1 4f1-    1 4f3- 
                                   1 5g1-    1 5g3-    1 5g1-    1 5g3-    1 5g1-    1 5g3-    1 5g1-    1 5g3-    1 5g1-    1 5g3- 
                                   1 6h1-    1 6h3-    1 6h5-    1 6h1-    1 6h3-    1 6h5-    1 6h1-    1 6h3-    1 6h5-    1 6h1- 
                                   1 6h3-    1 6h5-    1 7i5-    1 7i3-    1 7i1-    1 7i5-    1 7i3-    1 7i1-    1 7i5-    1 7i3- 
                                   1 7i1-    2 2py     2 2py     2 2py     2 2py     2 2py     2 3d1-    2 3d1-    2 3d1-    2 3d1- 
                                   2 4f1-    2 4f3-    2 4f1-    2 4f3-    2 4f1-    2 4f3-    2 5g1-    2 5g3-    2 5g1-    2 5g3- 


   1.3   2   -32.9441 -129.4330  0.000024  0.000071  0.000269  0.000897  0.002945  0.008948  0.025080  0.062861  0.134564  0.231218
                                 0.303495  0.272623  0.128579  0.036237  0.001969  0.000669  0.000150  0.000041 -0.000008  0.000002
                                -0.004850 -0.011266 -0.000001 -0.000000 -0.000001 -0.000009 -0.000011  0.000019  0.000038  0.000019
                                -0.000008  0.000019 -0.000018 -0.000002 -0.000003 -0.000004  0.000007  0.000000 -0.000090 -0.000104
                                 0.000092 -0.000192  0.000054 -0.000169  0.000048 -0.000052 -0.000000 -0.000017 -0.000002  0.000001
                                 0.000024 -0.000000 -0.000020  0.000000  0.000008  0.000000  0.000004  0.000001 -0.000003 -0.000000
                                 0.000012 -0.000004 -0.000026 -0.000015  0.000004  0.000030  0.000008 -0.000001 -0.000005 -0.000002
                                 0.000000  0.000003  0.000000 -0.000000  0.000000 -0.000000 -0.000000 -0.000000 -0.000000  0.000000
                                 0.000003  0.000002 -0.000002 -0.000011  0.000006  0.000004 -0.000002  0.000015  0.000007  0.000000
                                -0.000003  0.000000 -0.000013 -0.000000 -0.000002  0.000001  0.000003  0.000000  0.000005 -0.000000

   2.3   2    -3.1701  -38.9982 -0.000009 -0.000026 -0.000099 -0.000331 -0.001090 -0.003331 -0.009439 -0.024118 -0.053237 -0.094872
                                -0.131032 -0.111542  0.043243  0.260927  0.402673  0.311987  0.112617  0.010490 -0.000529  0.000320
                                 0.001842  0.015259 -0.000096  0.000000  0.000003  0.000017  0.000053  0.000078 -0.000295  0.000448
                                 0.000413 -0.001734 -0.000767  0.000210 -0.000133  0.000320  0.000649  0.000018  0.000156 -0.000307
                                 0.000014 -0.000950  0.000135 -0.001863  0.001030 -0.002612  0.000314 -0.001331  0.000022 -0.000006
                                 0.000010 -0.000000  0.000027  0.000001  0.000138  0.000001  0.000101  0.000021  0.000006 -0.000012
                                 0.000018 -0.000005 -0.000038  0.000079 -0.000026 -0.000172  0.000122 -0.000007 -0.000046  0.000003
                                -0.000002  0.000064 -0.000000 -0.000000 -0.000001  0.000000 -0.000000  0.000002  0.000000 -0.000001
                                 0.000046  0.000127  0.000590  0.001247  0.000246  0.000263 -0.000175 -0.000545 -0.000523 -0.000107
                                 0.000152 -0.000001  0.000271 -0.000004  0.000155  0.000044 -0.000073  0.000004 -0.000074 -0.000010

   3.3   2    -0.5262  -29.5660 -0.000000 -0.000000 -0.000000 -0.000001 -0.000002 -0.000005 -0.000019 -0.000037 -0.000114 -0.000110
                                -0.000507  0.009308  0.002524  0.059197 -0.001440  0.002675 -0.005600 -0.008185 -0.001375 -0.000245
                                -0.010300 -0.058230  0.000090  0.000177  0.001609  0.008846  0.032639  0.088976  0.177754  0.262013
                                 0.292254  0.258867  0.175297  0.071533  0.007175  0.001476  0.002615 -0.000190  0.000015  0.000000
                                 0.000131  0.000002  0.000229  0.000007  0.000091  0.000018 -0.003707  0.000053 -0.002433  0.000025
                                -0.000115 -0.000039 -0.000372 -0.000038 -0.000220 -0.000144  0.000724 -0.000227  0.000439 -0.000152
                                 0.000043 -0.000000 -0.000000  0.000058  0.000001 -0.000000  0.000365 -0.000003  0.000001  0.000111
                                 0.000019  0.000001 -0.000062 -0.000014  0.000053 -0.000091 -0.000022  0.000067 -0.000179 -0.000041
                                 0.000282  0.001019  0.004655  0.011094  0.006835  0.001315 -0.000778 -0.002272 -0.001627  0.000634
                                 0.000459  0.000000  0.000394 -0.000018 -0.000145 -0.000024 -0.000134  0.000003  0.000002  0.000015

   4.3   0     0.0241   -3.4126  0.000000  0.000001  0.000003  0.000009  0.000040  0.000091  0.000355  0.000634  0.002157  0.001699
                                 0.010198 -0.208537 -0.053147 -1.171838  0.027820 -0.039923  0.013270 -0.169279  0.042465 -0.473488
                                 0.228958  1.163451  1.214128  0.000001  0.000010  0.000042  0.000219  0.000115 -0.004810 -0.001204
                                 0.004100 -0.003273 -0.051759 -0.076012 -0.080541  0.002629  0.005267 -0.135171  0.000034 -0.000001
                                -0.000145 -0.000019  0.000551 -0.000052 -0.001685  0.000025 -0.027807  0.000158 -0.022051  0.000218
                                 0.000055  0.000001 -0.000218  0.000001  0.000568  0.000003 -0.003769  0.000001 -0.009075  0.000009
                                -0.000002  0.000001  0.000008  0.000004  0.000002  0.000013 -0.000071 -0.000002 -0.000001 -0.001987
                                -0.000012 -0.000109 -0.000001 -0.000000 -0.000011 -0.000001 -0.000000  0.000050 -0.000001 -0.000000
                                -0.000191  0.000530 -0.002252  0.027119  0.137724  0.294431 -0.000205 -0.000340 -0.037973 -0.082586
                                 0.000140 -0.000000  0.004501  0.000001  0.016632 -0.000035 -0.000406 -0.000001 -0.000548  0.000007

   5.3   0     0.0738   -3.4683  0.000000  0.000001  0.000002  0.000011  0.000023  0.000116  0.000190  0.000879  0.000867  0.004637
                                -0.004786  0.307945  0.072487  1.695074 -0.080424  0.044670 -0.079256 -0.098373 -0.378623  0.765520
                                -0.329203 -1.705613 -0.632324  0.000003  0.000072  0.000151  0.001668 -0.003869 -0.092823 -0.032654
                                 0.037398 -0.038615 -0.005327 -0.262878  0.304328  0.045118  0.087332 -1.107266  0.000052 -0.000001
                                -0.000229 -0.000016  0.000963 -0.000044 -0.003600  0.000022 -0.043810  0.000147 -0.022543  0.000189
                                 0.000011  0.000003 -0.000104  0.000007  0.000378  0.000016 -0.006158  0.000012 -0.012918 -0.000016
                                -0.000063  0.000001  0.000007  0.000227  0.000002  0.000012 -0.000874 -0.000002 -0.000001 -0.002322
                                -0.000011 -0.000094 -0.000003 -0.000001 -0.000034 -0.000007 -0.000002  0.000156 -0.000006 -0.000001
                                -0.000531 -0.000448  0.001190  0.021404  0.247776  0.225765  0.000636 -0.005607 -0.050741 -0.128125
                                -0.000243 -0.000001  0.012490  0.000005  0.016347 -0.000037 -0.000713 -0.000000 -0.003873  0.000006

   6.3   0     0.0795   -5.1761  0.000001  0.000002  0.000007  0.000029  0.000076  0.000302  0.000641  0.002256  0.003297  0.010748
                                -0.002691  0.485467  0.110361  2.571839 -0.133523  0.020703 -0.023599  0.646221  0.301217  1.808236
                                -0.514499 -2.602656 -1.088550  0.000000 -0.000019  0.000008 -0.000495  0.002646  0.046057  0.018619
                                -0.017431  0.025887  0.139718  0.272983  0.020252 -0.021495 -0.042079  0.534886 -0.000118 -0.000003
                                 0.000508 -0.000047 -0.001587 -0.000127  0.004624  0.000068  0.085202  0.000421  0.070751  0.000532
                                -0.000152 -0.000000  0.000596 -0.000002 -0.001586 -0.000002  0.012168 -0.000005  0.028737  0.000032
                                 0.000016  0.000003  0.000019 -0.000101  0.000006  0.000033  0.000474 -0.000004 -0.000004  0.006301
                                -0.000030 -0.000270  0.000001  0.000000  0.000043  0.000001 -0.000000 -0.000191  0.000002  0.000001
                                 0.000705 -0.000493  0.008188 -0.067491 -0.420657 -0.819472  0.000273  0.002456  0.114601  0.256125
                                -0.000343  0.000000 -0.015541 -0.000001 -0.047221 -0.000073  0.001304 -0.000001  0.002217  0.000016

                                   1 3d2-    1 3d2-    1 3d2-    1 3d2-    1 3d2-    1 3d2-    1 3d2-    1 3d2-    1 3d2-    1 3d2- 
                                   1 3d2-    1 3d2-    1 3d2-    1 3d2-    1 3d2-    1 4f2-    1 4f2-    1 4f2-    1 4f2-    1 4f2- 
                                   1 4f2-    1 5g2-    1 5g4-    1 5g2-    1 5g4-    1 5g2-    1 5g4-    1 5g2-    1 5g4-    1 5g2- 
                                   1 5g4-    1 6h4-    1 6h2-    1 6h4-    1 6h2-    1 6h4-    1 6h2-    1 6h4-    1 6h2-    1 7i2- 
                                   1 7i6-    1 7i4-    1 7i2-    1 7i6-    1 7i4-    1 7i2-    1 7i6-    1 7i4-    2 3d2-    2 3d2- 
                                   2 3d2-    2 3d2-    2 4f2-    2 4f2-    2 4f2-    2 5g2-    2 5g4-    2 5g2-    2 5g4- 

   1.4   +    -0.6007  -30.2760  0.000182  0.001653  0.009095  0.033538  0.091502  0.184163  0.271110  0.300193  0.258448  0.163008
                                 0.056503  0.003999  0.001028  0.001663 -0.000007  0.000008  0.000024  0.000103 -0.001157 -0.004355
                                -0.001935 -0.000219  0.000000 -0.000570 -0.000000 -0.001089  0.000000 -0.000644 -0.000000 -0.000100
                                 0.000000  0.000000  0.000030  0.000000  0.000030 -0.000000  0.000167  0.000000 -0.000038  0.000056
                                -0.000221  0.000000  0.000073 -0.000330  0.000000  0.000210 -0.000596  0.000000  0.000140  0.000835
                                 0.001172  0.000581 -0.000180 -0.000502 -0.000193  0.000094 -0.000000  0.000057  0.000000

   2.4   0     0.0746   -3.2571 -0.000001 -0.000070 -0.000071 -0.001692  0.006201  0.120186  0.043284 -0.038780  0.035237 -0.081566
                                 0.144675 -0.414905 -0.057548 -0.109933  1.225701  0.000040 -0.000167  0.000468 -0.001094 -0.001354
                                -0.021238  0.000014 -0.000000 -0.000020  0.000000  0.000113 -0.000000 -0.000638  0.000000 -0.002774
                                -0.000000  0.000000  0.000001 -0.000000 -0.000005  0.000000  0.000016 -0.000000 -0.000700 -0.000009
                                 0.000005 -0.000000  0.000026  0.000010  0.000000 -0.000080  0.000007 -0.000000 -0.000300  0.001172
                                 0.001849  0.027373  0.000305 -0.001925 -0.005353 -0.000062  0.000000  0.001854 -0.000000

   3.4   0     0.2382   -5.1646 -0.000031 -0.000109 -0.001474 -0.001447 -0.034188 -0.370079 -0.170909  0.054780 -0.145517  0.233960
                                -0.417585  1.742686  0.160680  0.307341 -0.875734 -0.000052  0.000169 -0.000656  0.001365  0.021635
                                 0.020613 -0.000055 -0.000000  0.000365  0.000000 -0.000661 -0.000000  0.004375  0.000000  0.009377
                                -0.000000  0.000000  0.000033 -0.000000 -0.000126  0.000000  0.000338 -0.000000  0.002886  0.000048
                                 0.000022  0.000000 -0.000218  0.000047 -0.000000  0.000553  0.000021  0.000000  0.001878 -0.007156
                                -0.002147 -0.123178 -0.001340  0.010353  0.025413  0.000012  0.000000 -0.010718 -0.000000

   4.4   0     0.5738   -6.3319 -0.000004  0.000103 -0.000151  0.002747 -0.017635 -0.290309 -0.115708  0.089036 -0.113815  0.015432
                                -0.695754  0.100028  0.134910  0.261752 -0.051340 -0.000824  0.004431 -0.009058  0.031047 -0.239103
                                 0.671246  0.000656 -0.000000 -0.002525  0.000000  0.006330 -0.000000 -0.033496  0.000000 -0.039887
                                -0.000000 -0.000000 -0.000443  0.000000  0.001503 -0.000000 -0.004463  0.000000 -0.014454 -0.000430
                                -0.000004  0.000000  0.001686 -0.000010 -0.000000 -0.004556  0.000001  0.000000 -0.011664  0.050147
                                 0.000461  0.748368  0.006144 -0.063649 -0.163309  0.002136  0.000000  0.073208 -0.000000

 HOMO      8.1    -0.309611 =      -8.4249eV
 LUMO      9.1     0.008504 =       0.2314eV
 LUMO-HOMO         0.318114 =       8.6563eV


 **********************************************************************************************************************************
 DATASETS  * FILE   NREC   LENGTH (MB)   RECORD NAMES
              1      23     2194.43       500      610      700      900      950      970     1000      129      960     1700   
                                          VAR    BASINP    GEOM    SYMINP    ZMAT    AOBASIS   BASIS     P2S    ABASIS    OPER   
                                         1101     1401     1411     1412     1650     1100     1400     1410     1200     1210   
                                          SR      EKINR    POTR     PVPR    MOLCAS      S      EKIN      POT      H0       H01  
                                         1300     1080     1600   
                                         ERIS     AOSYM     SMH  

              2       4        4.31       700     1000      520     2100   
                                         GEOM     BASIS   MCVARS     RHF  

 PROGRAMS   *        TOTAL       RHF       INT
 CPU TIMES  *       329.78     47.34    282.34
 REAL TIME  *       347.59 SEC
 DISK USED  *         8.46 GB      
 **********************************************************************************************************************************
 SETTING SCF(1)         =     -1519.55655412  AU                              
 SETTING _CC_NORM_MAX   =         2.00000000                                  


1PROGRAM * CCSD (Restricted open-shell coupled cluster)     Authors: C. Hampel, H.-J. Werner, 1991, M. Deegan, P.J. Knowles, 1992


 Convergence thresholds:  THRVAR = 1.00D-08  THRDEN = 1.00D-06

 CCSD(T)     terms to be evaluated (factor= 1.000)


 Number of closed-shell orbitals:  14 (   8   3   3   0 )
 Number of active  orbitals:        1 (   0   0   0   1 )
 Number of external orbitals:     413 ( 161  97  97  58 )

 Memory could be reduced to 431.98 Mwords without degradation in triples

 Number of N-1 electron functions:              29
 Number of N-2 electron functions:             406
 Number of singly external CSFs:              3799
 Number of doubly external CSFs:          13646644
 Total number of CSFs:                    13650443

 Molecular orbitals read from record     2100.2  Type=RHF/CANONICAL (state 1.4)

 Integral transformation finished. Total CPU:  22.94 sec, npass=  1  Memory used:  41.62 MW

 Starting RMP2 calculation

 Wavefunction is spin-projected

 ITER.      SQ.NORM     CORR.ENERGY   TOTAL ENERGY   ENERGY CHANGE        DEN1      VAR(S)    VAR(P)  DIIS     TIME
   1      1.15729142    -1.51213802 -1521.06869214    -1.51213802    -0.00141802  0.11D-05  0.66D-03  1  1    24.01
   2      1.15887131    -1.51363295 -1521.07018707    -0.00149493    -0.00000704  0.51D-07  0.58D-05  2  2    25.01
   3      1.15900473    -1.51370189 -1521.07025601    -0.00006894    -0.00000005  0.35D-08  0.42D-07  3  3    26.08
   4      1.15901099    -1.51370333 -1521.07025745    -0.00000144    -0.00000000  0.26D-09  0.38D-09  4  4    27.22
   5      1.15901118    -1.51370334 -1521.07025746    -0.00000001    -0.00000000  0.27D-11  0.74D-11  5  5    28.45

 Norm of t1 vector:      0.01968215      S-energy:    -0.00284173      T1 diagnostic:  0.00003468
 Norm of t2 vector:      0.39827603      P-energy:    -1.51086161
                                         Alpha-Beta:  -1.04540668
                                         Alpha-Alpha: -0.25467241
                                         Beta-Beta:   -0.21078253

 Spin contamination <S**2-Sz**2-Sz>     0.00000000
  Reference energy                  -1519.556554120964
  RHF-RMP2 correlation energy          -1.513703340291
 !RHF-RMP2 energy                   -1521.070257461255
 (NB above energy spin projected)

 Starting RCCSD calculation

 ITER.      SQ.NORM     CORR.ENERGY   TOTAL ENERGY   ENERGY CHANGE        DEN1      VAR(S)    VAR(P)  DIIS     TIME
   1      1.11236342    -1.34252947 -1520.89908359    -1.34252947    -0.07130790  0.95D-02  0.12D-01  0  0    89.07
   2      1.13536076    -1.40622313 -1520.96277725    -0.06369366    -0.01316327  0.22D-02  0.33D-02  1  1   147.69
   3      1.13388103    -1.39070636 -1520.94726048     0.01551677    -0.00072498  0.52D-03  0.12D-03  2  2   205.20
   4      1.13640355    -1.39123390 -1520.94778802    -0.00052754    -0.00028373  0.23D-03  0.54D-04  3  3   261.73
   5      1.14143672    -1.39262357 -1520.94917770    -0.00138968    -0.00006784  0.69D-04  0.93D-05  4  4   318.42
   6      1.14140281    -1.39261648 -1520.94917060     0.00000710    -0.00006848  0.70D-04  0.95D-05  5  5   375.04
   7      1.14137086    -1.39261597 -1520.94917009     0.00000051    -0.00006915  0.70D-04  0.95D-05  6  6   431.78
   8      1.14001290    -1.39244735 -1520.94900147     0.00016862    -0.00010636  0.11D-03  0.16D-04  6  1   487.53
   9      1.14025852    -1.39257447 -1520.94912859    -0.00012712    -0.00009596  0.10D-03  0.14D-04  6  2   543.42
  10      1.14156366    -1.39274971 -1520.94930384    -0.00017525    -0.00005920  0.58D-04  0.98D-05  6  3   601.66
  11      1.14484013    -1.39311207 -1520.94966619    -0.00036236    -0.00001876  0.22D-04  0.16D-05  6  4   660.49
  12      1.14397193    -1.39303779 -1520.94959191     0.00007428    -0.00002463  0.27D-04  0.28D-05  6  3   719.34
  13      1.14259733    -1.39276626 -1520.94932038     0.00027152    -0.00004298  0.47D-04  0.55D-05  6  2   778.34
  14      1.14545075    -1.39306104 -1520.94961517    -0.00029478    -0.00001853  0.18D-04  0.17D-05  6  3   837.71
  15      1.14311198    -1.39288891 -1520.94944303     0.00017214    -0.00003603  0.38D-04  0.43D-05  6  4   896.47
  16      1.14492528    -1.39316330 -1520.94971742    -0.00027439    -0.00001759  0.16D-04  0.18D-05  6  3   954.67
  17      1.14737755    -1.39329849 -1520.94985261    -0.00013519    -0.00000704  0.44D-05  0.58D-06  6  4  1013.17
  18      1.14745131    -1.39335973 -1520.94991385    -0.00006124    -0.00000655  0.21D-05  0.33D-06  6  2  1070.46
  19      1.14576595    -1.39318876 -1520.94974288     0.00017097    -0.00001181  0.92D-05  0.12D-05  6  4  1126.35
  20      1.15048785    -1.39381161 -1520.95036573    -0.00062286    -0.00001537  0.11D-04  0.23D-05  6  3  1182.05
  21      1.14770311    -1.39316491 -1520.94971903     0.00064670    -0.00000811  0.46D-05  0.12D-05  6  4  1237.36
  22      1.14844460    -1.39330195 -1520.94985607    -0.00013704    -0.00000174  0.81D-06  0.25D-06  6  3  1293.38
  23      1.14784134    -1.39332770 -1520.94988182    -0.00002575    -0.00000158  0.70D-06  0.21D-06  6  2  1349.30
  24      1.14772249    -1.39330328 -1520.94985740     0.00002442    -0.00000178  0.92D-06  0.21D-06  6  4  1405.59
  25      1.14808974    -1.39335715 -1520.94991127    -0.00005387    -0.00000127  0.41D-06  0.28D-06  6  3  1459.83
  26      1.14731319    -1.39324591 -1520.94980004     0.00011124    -0.00000241  0.19D-05  0.43D-06  6  1  1514.34
  27      1.14650852    -1.39315164 -1520.94970576     0.00009428    -0.00000532  0.54D-05  0.80D-06  6  2  1568.14
  28      1.14683326    -1.39315605 -1520.94971017    -0.00000441    -0.00000450  0.42D-05  0.69D-06  6  4  1621.97
  29      1.14677157    -1.39315841 -1520.94971253    -0.00000236    -0.00000468  0.43D-05  0.77D-06  6  3  1676.36
  30      1.14696605    -1.39318018 -1520.94973430    -0.00002177    -0.00000386  0.34D-05  0.65D-06  6  1  1730.67
  31      1.14683200    -1.39315708 -1520.94971120     0.00002310    -0.00000452  0.42D-05  0.71D-06  6  3  1783.21
  32      1.14682629    -1.39315848 -1520.94971260    -0.00000140    -0.00000450  0.42D-05  0.71D-06  6  1  1835.61
  33      1.14680087    -1.39316055 -1520.94971467    -0.00000207    -0.00000448  0.42D-05  0.71D-06  6  3  1887.95
  34      1.14629974    -1.39315685 -1520.94971097     0.00000370    -0.00000601  0.60D-05  0.98D-06  6  4  1940.34
  35      1.14607365    -1.39314662 -1520.94970074     0.00001023    -0.00000713  0.72D-05  0.12D-05  6  2  1992.69
  36      1.14591841    -1.39313270 -1520.94968682     0.00001392    -0.00000799  0.81D-05  0.13D-05  6  4  2045.03
  37      1.14606316    -1.39314481 -1520.94969893    -0.00001212    -0.00000724  0.72D-05  0.12D-05  6  2  2097.45
  38      1.14584859    -1.39312758 -1520.94968170     0.00001723    -0.00000834  0.86D-05  0.13D-05  6  4  2149.91
  39      1.14585238    -1.39312952 -1520.94968364    -0.00000194    -0.00000831  0.85D-05  0.13D-05  6  2  2202.44
  40      1.14603854    -1.39314430 -1520.94969843    -0.00001479    -0.00000747  0.73D-05  0.13D-05  6  4  2254.84
  41      1.14586361    -1.39313384 -1520.94968796     0.00001046    -0.00000824  0.84D-05  0.13D-05  6  2  2307.36
  42      1.14590317    -1.39313649 -1520.94969061    -0.00000265    -0.00000805  0.82D-05  0.13D-05  6  4  2363.91
  43      1.14611042    -1.39315605 -1520.94971017    -0.00001955    -0.00000708  0.68D-05  0.12D-05  6  2  2420.89
  44      1.14616076    -1.39314175 -1520.94969587     0.00001430    -0.00000681  0.68D-05  0.11D-05  6  3  2478.10
  45      1.14606461    -1.39313264 -1520.94968676     0.00000911    -0.00000712  0.76D-05  0.11D-05  6  1  2534.20
  46      1.14608064    -1.39316668 -1520.94972080    -0.00003404    -0.00000666  0.72D-05  0.10D-05  6  3  2590.27
  47      1.14612072    -1.39316921 -1520.94972333    -0.00000253    -0.00000643  0.70D-05  0.97D-06  6  4  2646.45
  48      1.14613651    -1.39316944 -1520.94972356    -0.00000023    -0.00000636  0.70D-05  0.96D-06  6  1  2702.44
  49      1.14612554    -1.39316890 -1520.94972302     0.00000054    -0.00000641  0.70D-05  0.97D-06  6  4  2758.42
  50      1.14601190    -1.39315339 -1520.94970751     0.00001551    -0.00000702  0.77D-05  0.10D-05  6  2  2814.50
  51      1.14608940    -1.39316491 -1520.94971903    -0.00001152    -0.00000648  0.74D-05  0.91D-06  6  3  2870.57
  52      1.14613288    -1.39316639 -1520.94972051    -0.00000148    -0.00000630  0.71D-05  0.89D-06  6  1  2926.65
  53      1.14623820    -1.39318370 -1520.94973782    -0.00001731    -0.00000573  0.65D-05  0.80D-06  6  3  2979.94
  54      1.14604835    -1.39315356 -1520.94970768     0.00003014    -0.00000681  0.76D-05  0.99D-06  6  1  3032.41
  55      1.14599345    -1.39315673 -1520.94971085    -0.00000317    -0.00000701  0.79D-05  0.10D-05  6  2  3085.84
  56      1.14601378    -1.39316060 -1520.94971472    -0.00000387    -0.00000681  0.78D-05  0.97D-06  6  4  3139.34
  57      1.14611593    -1.39317619 -1520.94973031    -0.00001559    -0.00000620  0.72D-05  0.87D-06  6  2  3192.05
  58      1.14627351    -1.39319411 -1520.94974824    -0.00001793    -0.00000540  0.64D-05  0.73D-06  6  3  3245.31
  59      1.14626785    -1.39319450 -1520.94974862    -0.00000038    -0.00000542  0.64D-05  0.74D-06  6  1  3297.98
  60      1.14633463    -1.39319849 -1520.94975261    -0.00000399    -0.00000514  0.61D-05  0.69D-06  6  4  3350.97
  61      1.14634138    -1.39319921 -1520.94975333    -0.00000072    -0.00000510  0.60D-05  0.68D-06  6  2  3403.85
  62      1.14632813    -1.39319849 -1520.94975261     0.00000072    -0.00000515  0.61D-05  0.69D-06  6  1  3456.73
  63      1.14645799    -1.39321188 -1520.94976600    -0.00001339    -0.00000459  0.55D-05  0.60D-06  6  3  3509.45
  64      1.14639262    -1.39320589 -1520.94976001     0.00000599    -0.00000487  0.58D-05  0.64D-06  6  1  3562.27
  65      1.14627243    -1.39319503 -1520.94974915     0.00001086    -0.00000539  0.64D-05  0.73D-06  6  2  3615.10
  66      1.14629387    -1.39319813 -1520.94975225    -0.00000310    -0.00000527  0.63D-05  0.71D-06  6  4  3667.68
  67      1.14651093    -1.39321992 -1520.94977404    -0.00002179    -0.00000433  0.52D-05  0.56D-06  6  3  3720.30
  68      1.14663370    -1.39323020 -1520.94978432    -0.00001028    -0.00000385  0.47D-05  0.49D-06  6  1  3772.88
  69      1.14662294    -1.39322931 -1520.94978343     0.00000089    -0.00000389  0.47D-05  0.49D-06  6  2  3826.29
  70      1.14665484    -1.39323249 -1520.94978661    -0.00000318    -0.00000378  0.46D-05  0.48D-06  6  1  3878.95
  71      1.14666592    -1.39323314 -1520.94978727    -0.00000066    -0.00000374  0.45D-05  0.47D-06  6  2  3932.01
  72      1.14666670    -1.39323272 -1520.94978684     0.00000043    -0.00000374  0.45D-05  0.47D-06  6  1  3984.85
  73      1.14668176    -1.39323408 -1520.94978820    -0.00000137    -0.00000368  0.45D-05  0.46D-06  6  2  4037.72
  74      1.14666335    -1.39323304 -1520.94978716     0.00000105    -0.00000373  0.45D-05  0.47D-06  6  4  4090.64
  75      1.14695259    -1.39326009 -1520.94981421    -0.00002705    -0.00000274  0.34D-05  0.33D-06  6  3  4143.38
  76      1.14727493    -1.39329030 -1520.94984442    -0.00003021    -0.00000188  0.23D-05  0.21D-06  6  5  4196.48
  77      1.14751823    -1.39330721 -1520.94986134    -0.00001691    -0.00000135  0.17D-05  0.14D-06  6  6  4249.51
  78      1.14759715    -1.39331307 -1520.94986719    -0.00000585    -0.00000119  0.15D-05  0.12D-06  6  5  4301.94
  79      1.14771184    -1.39332007 -1520.94987419    -0.00000701    -0.00000099  0.12D-05  0.98D-07  6  3  4354.32
  80      1.14775344    -1.39332434 -1520.94987846    -0.00000426    -0.00000093  0.11D-05  0.91D-07  6  6  4406.68
  81      1.14769728    -1.39332328 -1520.94987740     0.00000106    -0.00000103  0.13D-05  0.10D-06  6  5  4459.37
  82      1.14776517    -1.39332459 -1520.94987871    -0.00000131    -0.00000091  0.11D-05  0.88D-07  6  3  4511.71
  83      1.14789194    -1.39333135 -1520.94988548    -0.00000676    -0.00000072  0.86D-06  0.68D-07  6  6  4563.95
  84      1.14789768    -1.39333184 -1520.94988596    -0.00000049    -0.00000071  0.85D-06  0.67D-07  6  5  4616.61
  85      1.14788981    -1.39333185 -1520.94988597    -0.00000001    -0.00000072  0.87D-06  0.68D-07  6  3  4669.08
  86      1.14789601    -1.39332968 -1520.94988380     0.00000217    -0.00000071  0.84D-06  0.67D-07  6  6  4721.25
  87      1.14791014    -1.39333037 -1520.94988449    -0.00000070    -0.00000069  0.81D-06  0.65D-07  6  3  4773.55
  88      1.14786474    -1.39333002 -1520.94988414     0.00000036    -0.00000075  0.92D-06  0.72D-07  6  5  4825.75
  89      1.14790743    -1.39333234 -1520.94988646    -0.00000233    -0.00000068  0.84D-06  0.65D-07  6  4  4878.21
  90      1.14802011    -1.39333826 -1520.94989238    -0.00000591    -0.00000053  0.64D-06  0.50D-07  6  6  4930.35
  91      1.14803496    -1.39333895 -1520.94989308    -0.00000070    -0.00000052  0.61D-06  0.48D-07  6  4  4982.60
  92      1.14803110    -1.39333719 -1520.94989131     0.00000176    -0.00000052  0.61D-06  0.48D-07  6  6  5034.76
  93      1.14801982    -1.39333661 -1520.94989073     0.00000058    -0.00000053  0.63D-06  0.50D-07  6  5  5087.05
  94      1.14808078    -1.39334069 -1520.94989481    -0.00000408    -0.00000046  0.54D-06  0.42D-07  6  3  5139.47
  95      1.14807130    -1.39333996 -1520.94989408     0.00000074    -0.00000047  0.55D-06  0.43D-07  6  6  5192.16
  96      1.14806402    -1.39333833 -1520.94989245     0.00000162    -0.00000047  0.55D-06  0.44D-07  6  3  5244.50
  97      1.14807003    -1.39333820 -1520.94989232     0.00000014    -0.00000045  0.54D-06  0.43D-07  6  6  5297.18
  98      1.14808475    -1.39333865 -1520.94989277    -0.00000045    -0.00000043  0.52D-06  0.41D-07  6  3  5349.36
  99      1.14810395    -1.39333914 -1520.94989326    -0.00000049    -0.00000041  0.49D-06  0.39D-07  6  6  5401.77

 Norm of t1 vector:      0.14140771      S-energy:    -0.00308616      T1 diagnostic:  0.01812571
                                                                       D1 diagnostic:  0.07711014
 Norm of t2 vector:      0.35792151      P-energy:    -1.39025298
                                         Alpha-Beta:  -0.99284325
                                         Alpha-Alpha: -0.21560721
                                         Beta-Beta:   -0.18180252

 ?CONVERGENCE NOT REACHED AFTER MAX. ITERATIONS

 ?ERROR: NO CONVERGENCE. TRIPLES WILL NOT BE DONE. THIS CAN BE AVOIDED USING THE NOCHECK OPTION.

 Spin contamination <S**2-Sz**2-Sz>     0.00000000
 

  Correlated core orbitals:             1.1       2.1       3.1       4.1       5.1       1.2       2.2       1.3       2.3
  Orbital energies:                  -308.6577  -38.4961  -32.9361   -4.9121   -3.1991  -32.9670   -3.2474  -32.9670   -3.2474
 
  RCCSD core-core energy               -0.515358131051
  RCCSD core-valence energy            -0.428679543674
  RCCSD valence correlation energy     -0.449301467012
 

 RESULTS
 =======

  Reference energy                  -1519.556554120964
  RCCSD singles energy                 -0.003086158510
  RCCSD pair energy                    -1.390252983227
  RCCSD correlation energy             -1.393339141737
 
 !RHF-RCCSD energy                  -1520.949893262700

 Program statistics:

 Available memory in ccsd:               511997950
 Min. memory needed in ccsd:              38190459
 Max. memory used in ccsd:                55451491
 Max. memory used in cckext:              42973868 (99 integral passes)
 Max. memory used in cckint:              41620741 ( 1 integral passes)

 
 ? Error
 ? No convergence. This error exit can be avoided using the NOCHECK option
 ? The problem occurs in ccsd
