
 Primary working directories    : /tmp/cmelton
 Secondary working directories  : /tmp/cmelton
 Wavefunction directory         : /remote/cmelton/wfu/
 Main file repository           : /tmp/cmelton/

 SHA1      : 4c1979699e6aeda0524d0210415ba82a958648b0
 NAME      : 2012.1.39
 ARCHNAME  : Linux/x86_64
 FC        : /projects/sems/install/rhel6-x86_64/sems/compiler/intel/16.0.1/base/bin/ifort
 FCVERSION : 16.0.1
 BLASLIB   : -L/projects/sems/install/rhel6-x86_64/sems/compiler/intel/16.0.1/base/compilers_and_libraries_2016.1.150/linux/mkl/lib/intel64 -lmkl_intel_ilp64 -lmkl_sequential -lmkl_core
 id        : sandiacon

 Nodes            nprocs
 doppio.sandia.gov    1

 Using customized tuning parameters: mindgm=7; mindgv=16; mindgc=1; mindgr=1; noblas=0; minvec=7
 default implementation of scratch files=df  

 ***,Calculation for Be atom, singlet and triplet
 memory,512,m
 gthresh,twoint=1.0E-12
 
 set,dkroll=1,dkho=10,dkhp=4
 basis={
 Including file /remote/cmelton/data/corrECP/NiH/ae/aug-cc-pwCVQZ-dk.basis
 }
 
 ne    =29
 symm  =4
 ss    =1
 
 do i=1,1
     z(i) = 1.1+ 0.05*(i-1)
     geometry={
         2
         Oxygen
         Ni  0.0 0.0 0.0
         H  0.0 0.0 z(i)
     }
     {rhf
      wf,ne,symm,ss
      print,orbitals=3
     }
     scf(i)=energy
     _CC_NORM_MAX=2.0
     {rccsd(t);maxit,100;core}
     ccsd(i)=energy
 enddo
 
 geometry={
    1
    Vanadium
    Ni 0.0 0.0 0.0
 }
 {rhf;
  start,atden
  wf,28,6,2;
  occ,6,2,2,1,2,1,1,0;
  open,1.4,1.7
  sym,1,1,1,1,1,3,2
 }
 Ni_scf=energy
 _CC_NORM_MAX=2.0
 {rccsd(t);maxit,100;core}
 Ni_ccsd=energy
 
 geometry={
    1
    Oxygen
    H 0.0 0.0 0.0
 }
 {rhf;
  wf,1,1,1;
  occ,1,0,0,0,0,0,0,0;
  open,1.1;
 }
 H_scf=energy
 
 table,z,scf,ccsd
 save
 type,csv

 Variables initialized (782), CPU time= 0.01 sec
 Commands  initialized (547), CPU time= 0.01 sec, 517 directives.
 Default parameters read. Elapsed time= 0.07 sec

 Checking input...
 Passed
1


                                         ***  PROGRAM SYSTEM MOLPRO  ***
                         Copyright, University College Cardiff Consultants Limited, 2008

                                    Version 2012.1 linked Aug  2 2016 14:07:26


 **********************************************************************************************************************************
 LABEL *   Calculation for Be atom, singlet and triplet                                  
 Linux-3.10.0-693.5.2.el7.x86_64/doppio.sandia.gov(x86_64) 64 bit serial version         DATE: 14-Feb-18          TIME: 12:19:46  
 **********************************************************************************************************************************

 SHA1:             4c1979699e6aeda0524d0210415ba82a958648b0
 **********************************************************************************************************************************

 THRESHOLDS:

 ZERO    =  1.00D-12  ONEINT  =  1.00D-12  TWOINT  =  1.00D-12  PREFAC  =  1.00D-14  LOCALI  =  1.00D-09  EORDER  =  1.00D-04
 ENERGY  =  0.00D+00  ETEST   =  0.00D+00  EDENS   =  0.00D+00  THRDEDEF=  1.00D-06  GRADIENT=  1.00D-02  STEP    =  1.00D-03
 ORBITAL =  1.00D-05  CIVEC   =  1.00D-05  COEFF   =  1.00D-04  PRINTCI =  5.00D-02  PUNCHCI =  9.90D+01  OPTGRAD =  3.00D-04
 OPTENERG=  1.00D-06  OPTSTEP =  3.00D-04  THRGRAD =  1.00D-10  COMPRESS=  1.00D-11  VARMIN  =  1.00D-07  VARMAX  =  1.00D-03
 THRDOUB =  0.00D+00  THRDIV  =  1.00D-05  THRRED  =  1.00D-07  THRPSP  =  1.00D+00  THRDC   =  1.00D-10  THRCS   =  1.00D-10
 THRNRM  =  1.00D-08  THREQ   =  0.00D+00  THRDE   =  1.00D+00  THRREF  =  1.00D-05  SPARFAC =  1.00D+00  THRDLP  =  1.00D-07
 THRDIA  =  1.00D-10  THRDLS  =  1.00D-07  THRGPS  =  0.00D+00  THRKEX  =  0.00D+00  THRDIS  =  2.00D-01  THRVAR  =  1.00D-10
 THRLOC  =  1.00D-06  THRGAP  =  1.00D-06  THRLOCT = -1.00D+00  THRGAPT = -1.00D+00  THRORB  =  1.00D-06  THRMLTP =  0.00D+00
 THRCPQCI=  1.00D-10  KEXTA   =  0.00D+00  THRCOARS=  0.00D+00  SYMTOL  =  1.00D-06  GRADTOL =  1.00D-06  THROVL  =  1.00D-08
 THRORTH =  1.00D-08  GRID    =  1.00D-06  GRIDMAX =  1.00D-03  DTMAX   =  0.00D+00  THROCCDE=  1.00D-01  THROCCDE=  1.00D-01


 SETTING DKROLL         =         1.00000000                                  
 SETTING DKHO           =        10.00000000                                  
 SETTING DKHP           =         4.00000000                                  

 Variable memory set to  512000000 words,  buffer space   230000 words

 SETTING BASIS          =    USERDEF
 SETTING NE             =        29.00000000                                  
 SETTING SYMM           =         4.00000000                                  
 SETTING SS             =         1.00000000                                  

 DO I                   =         1.00000000   
 SETTING Z(1)           =         1.10000000                                  

Geometry recognized as XYZ



 Recomputing integrals since basis changed


 Using spherical harmonics


1PROGRAM * SEWARD (Integral evaluation for generally contracted gaussian basis sets)     Author: Roland Lindh, 1990

 Geometry written to block  1 of record 700


 Point group  C2v 



 ATOMIC COORDINATES

 NR  ATOM    CHARGE       X              Y              Z

   1  NI     28.00    0.000000000    0.000000000    0.000000000
   2  H       1.00    0.000000000    0.000000000    2.078698745

 Bond lengths in Bohr (Angstrom)

 1-2  2.078698745
     ( 1.100000000)

 NUCLEAR CHARGE:                   29
 NUMBER OF PRIMITIVE AOS:         402
 NUMBER OF SYMMETRY AOS:          310
 NUMBER OF CONTRACTIONS:          310   ( 126A1  +  73B1  +  73B2  +  38A2  )
 NUMBER OF CORE ORBITALS:           9   (   5A1  +   2B1  +   2B2  +   0A2  )
 NUMBER OF VALENCE ORBITALS:        7   (   4A1  +   1B1  +   1B2  +   1A2  )


 NUCLEAR REPULSION ENERGY   13.46996532

 One-electron integrals computed with SEWARD

 10nd-order Douglas-Kroll-Hess method activated. McWeeny DKH parametrization is used.

 Computing Douglas-Kroll integrals

 AO integral compression algorithm  1   Integral accuracy      1.0D-12

     906.756 MB (compressed) written to integral file ( 37.9%)


 NUMBER OF SORTED TWO-ELECTRON INTEGRALS:  297476048.     BUFFER LENGTH:  32768
 NUMBER OF SEGMENTS:  10  SEGMENT LENGTH:   31996000      RECORD LENGTH: 524288

 Memory used in sort:      32.55 MW

 SORT1 READ   299065286. AND WROTE   139513517. INTEGRALS IN    403 RECORDS. CPU TIME:     3.41 SEC, REAL TIME:     4.53 SEC
 SORT2 READ   139513517. AND WROTE   297476048. INTEGRALS IN   3459 RECORDS. CPU TIME:     2.88 SEC, REAL TIME:     3.62 SEC

 FILE SIZES:   FILE 1:   917.5 MBYTE,  FILE 4:  1690.3 MBYTE,   TOTAL:   2607.9 MBYTE

 OPERATOR DM      FOR CENTER  0  COORDINATES:    0.000000    0.000000    0.000000

 EXTRA SYMMETRY OF AOS IN SYMMETRY 1:   1 1 1 1 1 1 1 1 1 1   1 1 1 1 1 1 1 1 1 1   1 1 1 1 1 1 1 1 1 1   1 1 1 1 1 1 1 1 1 1
                                        1 1 1 1 1 1 1 2 1 2   1 2 1 2 1 2 1 2 1 2   1 2 1 2 1 2 1 2 1 2   1 2 1 2 1 2 1 2 1 2
                                        1 2 1 2 1 3 2 1 3 2   1 3 2 1 3 2 2 3 1 2   3 1 2 3 1 1 1 1 1 1   1 1 1 1 1 1 1 2 1 2
                                        1 2 1 2 1 2
 EXTRA SYMMETRY OF AOS IN SYMMETRY 2:   1 1 1 1 1 1 1 1 1 1   1 1 1 1 1 1 1 1 1 1   1 1 1 1 1 1 1 1 1 1   1 1 1 1 1 1 2 1 2 1
                                        2 1 2 1 2 1 2 1 2 1   2 1 2 1 2 3 1 2 3 1   2 3 1 1 1 1 1 1 1 1   2 1 2
 EXTRA SYMMETRY OF AOS IN SYMMETRY 3:   1 1 1 1 1 1 1 1 1 1   1 1 1 1 1 1 1 1 1 1   1 1 1 1 1 1 1 1 1 1   1 1 1 1 1 1 2 1 2 1
                                        2 1 2 1 2 1 2 1 2 1   2 1 2 1 2 3 1 2 3 1   2 3 1 1 1 1 1 1 1 1   2 1 2
 EXTRA SYMMETRY OF AOS IN SYMMETRY 4:   1 1 1 1 1 1 1 1 1 1   1 1 1 1 1 1 1 1 1 1   2 1 2 1 2 1 2 2 1 2   1 2 1 1 1 1 1 1

 Eigenvalues of metric

         1 0.493E-06 0.858E-06 0.467E-05 0.893E-05 0.135E-04 0.185E-04 0.206E-04 0.718E-04
         2 0.903E-06 0.102E-04 0.203E-04 0.466E-03 0.723E-03 0.974E-03 0.191E-02 0.415E-02
         3 0.903E-06 0.102E-04 0.203E-04 0.466E-03 0.723E-03 0.974E-03 0.191E-02 0.415E-02
         4 0.206E-04 0.743E-03 0.955E-02 0.236E-01 0.334E-01 0.637E-01 0.814E-01 0.127E+00


 **********************************************************************************************************************************
 DATASETS  * FILE   NREC   LENGTH (MB)   RECORD NAMES
              1      23      674.01       500      610      700      900      950      970     1000      129      960     1700   
                                          VAR    BASINP    GEOM    SYMINP    ZMAT    AOBASIS   BASIS     P2S    ABASIS    OPER   
                                         1101     1401     1411     1412     1650     1100     1400     1410     1200     1210   
                                          SR      EKINR    POTR     PVPR    MOLCAS      S      EKIN      POT      H0       H01  
                                         1300     1080     1600   
                                         ERIS     AOSYM     SMH  

 PROGRAMS   *        TOTAL       INT
 CPU TIMES  *        55.90     55.81
 REAL TIME  *        59.29 SEC
 DISK USED  *         2.61 GB      
 **********************************************************************************************************************************

1PROGRAM * RHF-SCF (OPEN SHELL)       Authors: W. Meyer, H.-J. Werner


 NUMBER OF ELECTRONS:      15+   14-    SPACE SYMMETRY=4    SPIN SYMMETRY: Doublet 
 CONVERGENCE THRESHOLDS:    1.00E-05 (Density)    1.00E-07 (Energy)
 MAX. NUMBER OF ITERATIONS:       60
 INTERPOLATION TYPE:            DIIS
 INTERPOLATION STEPS:              2 (START)      1 (STEP)
 LEVEL SHIFTS:                 -0.30 (CLOSED)  0.00 (OPEN) 



 Orbital guess generated from atomic densities. Full valence occupancy:    9   3   3   1

 Molecular orbital dump at record        2100.2

 ITERATION    DDIFF          GRAD             ENERGY        2-EL.EN.            DIPOLE MOMENTS         DIIS   ORB.
    1      0.000D+00      0.000D+00     -1519.52281729   1207.855743    0.00000    0.00000   -1.65052    0    start
    2      0.000D+00      0.997D-02     -1519.53924029   1221.223657    0.00000    0.00000   -1.29871    1    diag,B
    3      0.165D-02      0.560D-02     -1519.54968749   1211.313253    0.00000    0.00000   -1.33255    2    diag,B
    4      0.846D-03      0.268D-02     -1519.55297112   1214.355751    0.00000    0.00000   -1.30281    3    diag,B
    5      0.313D-03      0.503D-03     -1519.55431197   1214.102377    0.00000    0.00000   -1.26753    4    diag,B
    6      0.456D-03      0.355D-03     -1519.55532912   1213.917462    0.00000    0.00000   -1.22089    5    diag,B
    7      0.502D-03      0.197D-03     -1519.55578391   1213.747486    0.00000    0.00000   -1.17040    6    fixocc
    8      0.330D-03      0.103D-03     -1519.55593747   1213.641285    0.00000    0.00000   -1.12627    7    diag,B
    9      0.178D-03      0.419D-04     -1519.55596518   1213.575527    0.00000    0.00000   -1.10274    8    diag,B
   10      0.785D-04      0.153D-04     -1519.55596779   1213.562908    0.00000    0.00000   -1.09548    9    orth
   11      0.599D-04      0.397D-05     -1519.55596791   1213.558476    0.00000    0.00000   -1.09461    9    diag,B
   12      0.330D-04      0.152D-05     -1519.55596792   1213.559017    0.00000    0.00000   -1.09459    9    diag,B
   13      0.699D-05      0.410D-06     -1519.55596792   1213.558826    0.00000    0.00000   -1.09460    0    orth

 Final alpha occupancy:   8   3   3   1
 Final beta  occupancy:   8   3   3   0

 !RHF STATE 1.4 Energy              -1519.555967923278
 Nuclear energy                        13.46996532
 One-electron energy                -2139.80534614
 Two-electron energy                  606.77941290
 Virial quotient                       -0.95337896
 !RHF STATE 1.4 Dipole moment           0.00000000     0.00000000    -1.09460112
 Dipole moment /Debye                   0.00000000     0.00000000    -2.78201630

 ELECTRON ORBITALS
 =================


   Orb  Occ    Energy  Couls-En    Coefficients

                                   1 1s      1 1s      1 1s      1 1s      1 1s      1 1s      1 1s      1 1s      1 1s      1 1s   
                                   1 1s      1 1s      1 1s      1 1s      1 1s      1 1s      1 1s      1 1s      1 1s      1 1s   
                                   1 1s      1 1s      1 1s      1 1s      1 1s      1 2pz     1 2pz     1 2pz     1 2pz     1 2pz  
                                   1 2pz     1 2pz     1 2pz     1 2pz     1 2pz     1 2pz     1 2pz     1 2pz     1 2pz     1 2pz  
                                   1 2pz     1 2pz     1 2pz     1 2pz     1 2pz     1 2pz     1 3d0     1 3d2+    1 3d0     1 3d2+ 
                                   1 3d0     1 3d2+    1 3d0     1 3d2+    1 3d0     1 3d2+    1 3d0     1 3d2+    1 3d0     1 3d2+ 
                                   1 3d0     1 3d2+    1 3d0     1 3d2+    1 3d0     1 3d2+    1 3d0     1 3d2+    1 3d0     1 3d2+ 
                                   1 3d0     1 3d2+    1 3d0     1 3d2+    1 4f0     1 4f2+    1 4f0     1 4f2+    1 4f0     1 4f2+ 
                                   1 4f0     1 4f2+    1 4f0     1 4f2+    1 5g0     1 5g4+    1 5g2+    1 5g0     1 5g4+    1 5g2+ 
                                   1 5g0     1 5g4+    1 5g2+    1 5g0     1 5g4+    1 5g2+    1 6h2+    1 6h4+    1 6h0     1 6h2+ 
                                   1 6h4+    1 6h0     1 6h2+    1 6h4+    1 6h0     2 1s      2 1s      2 1s      2 1s      2 1s   
                                   2 1s      2 1s      2 2pz     2 2pz     2 2pz     2 2pz     2 3d0     2 3d2+    2 3d0     2 3d2+ 
                                   2 3d0     2 3d2+    2 4f0     2 4f2+    2 4f0     2 4f2+ 

   1.1   2  -308.6574 -705.1597  0.000071  0.000201  0.000527  0.001267  0.002988  0.007044  0.016813  0.039949  0.090435  0.182026
                                 0.294644  0.321754  0.176748  0.027558 -0.002571  0.010393  0.001125  0.001438 -0.000080 -0.000040
                                -0.000000 -0.000002 -0.009551 -0.001862 -0.000000 -0.000000 -0.000000 -0.000000 -0.000000 -0.000001
                                -0.000003 -0.000006 -0.000002  0.000001  0.000007  0.000059 -0.000029 -0.000107  0.000025 -0.000020
                                -0.000028 -0.000002  0.000000 -0.000053  0.000112 -0.000000 -0.000000 -0.000000 -0.000001  0.000000
                                -0.000002 -0.000000 -0.000000  0.000000  0.000003 -0.000000  0.000019 -0.000000  0.000007 -0.000000
                                -0.000002  0.000000 -0.000013 -0.000000 -0.000007  0.000000  0.000000 -0.000000 -0.000009  0.000000
                                -0.000017  0.000000 -0.000000  0.000000  0.000002  0.000000 -0.000001 -0.000000  0.000001  0.000000
                                -0.000006 -0.000000 -0.000002 -0.000000 -0.000001  0.000001  0.000000  0.000000 -0.000000 -0.000000
                                -0.000000  0.000000  0.000000 -0.000002 -0.000000 -0.000000  0.000000 -0.000000 -0.000000 -0.000000
                                -0.000000  0.000000  0.000000 -0.000000 -0.000001 -0.000000  0.000000 -0.000001  0.000013  0.000046
                                 0.000006  0.000001 -0.000000 -0.000009 -0.000016 -0.000003  0.000000 -0.000000  0.000003  0.000000
                                 0.000001  0.000000  0.000001  0.000000 -0.000000 -0.000000

   2.1   2   -38.4796 -136.3656 -0.000022 -0.000063 -0.000165 -0.000396 -0.000937 -0.002223 -0.005353 -0.012988 -0.030485 -0.066542
                                -0.125140 -0.182592 -0.122005  0.215217  0.557020  0.379606  0.054460  0.015957  0.000167 -0.000161
                                -0.000077  0.000009 -0.022509 -0.019140  0.000000  0.000000  0.000000  0.000001  0.000002  0.000007
                                 0.000021  0.000056  0.000111  0.000151  0.000233  0.000412 -0.000106 -0.000511  0.000086 -0.000040
                                -0.000158 -0.000038  0.000001 -0.000221  0.000515  0.000001 -0.000000  0.000000 -0.000003 -0.000000
                                -0.000019  0.000000 -0.000128 -0.000000 -0.000298  0.000000 -0.000228  0.000000 -0.000027  0.000000
                                 0.000036 -0.000000 -0.000058  0.000000 -0.000045 -0.000000 -0.000003  0.000000  0.000182 -0.000000
                                 0.000171 -0.000000  0.000000 -0.000000  0.000039 -0.000000 -0.000053  0.000000  0.000014  0.000000
                                -0.000018 -0.000000 -0.000014  0.000000 -0.000024  0.000038  0.000000 -0.000041  0.000073  0.000000
                                 0.000000  0.000012  0.000000 -0.000008  0.000004 -0.000000  0.000000  0.000000  0.000000 -0.000000
                                -0.000000  0.000002 -0.000000 -0.000000  0.000001  0.000000  0.000001  0.000004  0.000027  0.000223
                                 0.000084 -0.000004 -0.000001 -0.000009 -0.000069 -0.000018 -0.000003  0.000000 -0.000003 -0.000000
                                 0.000000 -0.000000  0.000003 -0.000000  0.000005  0.000000

   3.1   2   -32.9329 -129.4261  0.000000  0.000000  0.000000  0.000000  0.000001  0.000001  0.000003  0.000008  0.000018  0.000039
                                 0.000073  0.000107  0.000075 -0.000144 -0.000264 -0.000380 -0.000210  0.000198 -0.000247  0.000164
                                 0.000105  0.000008  0.000236 -0.000096  0.000002  0.000057  0.000208  0.000843  0.003123  0.010729
                                 0.032426  0.084327  0.178569  0.291053  0.327412  0.202454  0.055546  0.008475  0.000485  0.000220
                                 0.000197  0.000067  0.000007  0.002835 -0.004249 -0.000000  0.000000  0.000000  0.000002  0.000000
                                 0.000009  0.000000  0.000082  0.000000  0.000149  0.000000  0.000061 -0.000000  0.000030  0.000000
                                -0.000077  0.000000  0.000094  0.000000  0.000063  0.000000  0.000012 -0.000000 -0.000066  0.000000
                                -0.000070  0.000000  0.000001  0.000000 -0.000305  0.000000 -0.000036  0.000000 -0.000107  0.000000
                                 0.000039 -0.000000  0.000022 -0.000000  0.000025 -0.000000 -0.000000 -0.000014 -0.000000  0.000000
                                 0.000002 -0.000000 -0.000000  0.000019 -0.000000 -0.000000 -0.000000 -0.000010  0.000010  0.000000
                                 0.000015 -0.000016 -0.000000 -0.000002  0.000008  0.000000  0.000006 -0.000008 -0.000005 -0.000134
                                -0.000112 -0.000007  0.000005 -0.000058 -0.000036 -0.000004  0.000018  0.000000  0.000068  0.000000
                                 0.000036  0.000000 -0.000024 -0.000000 -0.000018 -0.000000

   4.1   2    -4.8666  -43.0144  0.000008  0.000023  0.000062  0.000148  0.000351  0.000834  0.002008  0.004890  0.011511  0.025434
                                 0.048622  0.074098  0.051736 -0.107348 -0.386248 -0.379008  0.302838  0.674714  0.301213 -0.000454
                                -0.008648  0.003006  0.038775  0.015358  0.000291 -0.000000 -0.000000 -0.000001 -0.000005 -0.000017
                                -0.000053 -0.000137 -0.000312 -0.000474 -0.000797 -0.001988  0.002171  0.004687  0.001081 -0.003309
                                -0.007449 -0.002324  0.000396  0.001520 -0.002842  0.000255  0.000000 -0.000000  0.000004 -0.000000
                                 0.000017 -0.000000  0.000122 -0.000000  0.000279 -0.000000  0.000199 -0.000000  0.000207 -0.000000
                                 0.000486 -0.000000 -0.001809 -0.000000 -0.002219  0.000000 -0.000110 -0.000000 -0.000114  0.000000
                                -0.000902  0.000000  0.000119  0.000000 -0.000074  0.000000 -0.000079  0.000000  0.000142  0.000000
                                -0.000211 -0.000000 -0.000500 -0.000000 -0.000090  0.000141  0.000000 -0.000035  0.000145  0.000000
                                -0.000152  0.000547  0.000000 -0.000121  0.000242  0.000000 -0.000000 -0.000000 -0.000004  0.000000
                                 0.000000  0.000043  0.000000 -0.000004  0.000041  0.000060  0.000392  0.001425  0.004722  0.012672
                                 0.005831 -0.001809 -0.000977 -0.002590 -0.004877 -0.001436  0.000714 -0.000000  0.000993 -0.000000
                                 0.000312  0.000000 -0.000398  0.000000  0.000181 -0.000000

   5.1   2    -3.1880  -38.9437 -0.000000 -0.000000 -0.000000 -0.000001 -0.000002 -0.000004 -0.000010 -0.000024 -0.000059 -0.000124
                                -0.000255 -0.000345 -0.000327  0.000765  0.001016  0.016296  0.008670  0.043027 -0.013567  0.006803
                                -0.000853 -0.000726 -0.017270 -0.046193  0.000238 -0.000021 -0.000076 -0.000310 -0.001152 -0.003977
                                -0.012187 -0.032423 -0.071214 -0.121026 -0.143587 -0.047745  0.210773  0.417964  0.366470  0.157776
                                 0.022718 -0.001827  0.000395  0.005516 -0.015363 -0.000118 -0.000002 -0.000000 -0.000020  0.000000
                                -0.000092  0.000000 -0.000411  0.000000 -0.000548  0.000000  0.002362  0.000000  0.000481  0.000000
                                -0.002059  0.000000  0.001040  0.000000  0.003525  0.000000 -0.000466  0.000000 -0.001388 -0.000000
                                -0.003996 -0.000000  0.000118  0.000000 -0.000340  0.000000 -0.001556  0.000000 -0.000998  0.000000
                                 0.000039  0.000000  0.000862  0.000000  0.000022 -0.000001 -0.000000  0.000161 -0.000001 -0.000000
                                 0.000525 -0.000003  0.000000  0.000286 -0.000003  0.000000 -0.000000 -0.000051  0.000038 -0.000000
                                -0.000113  0.000180 -0.000000  0.000030  0.000172  0.000207  0.001395  0.006296  0.015147 -0.008828
                                 0.002871 -0.000008 -0.002952 -0.003958  0.001686 -0.000664  0.001388  0.000000  0.000949  0.000000
                                 0.000494 -0.000000 -0.000535 -0.000000 -0.000201 -0.000000

   6.1   2    -0.5649  -23.3515 -0.000001 -0.000002 -0.000005 -0.000012 -0.000029 -0.000070 -0.000168 -0.000409 -0.000965 -0.002129
                                -0.004095 -0.006232 -0.004451  0.009464  0.033932  0.051926 -0.020523 -0.018927 -0.070620 -0.044619
                                -0.043115 -0.008467 -0.023384 -0.068650 -0.004038  0.000002  0.000009  0.000035  0.000129  0.000450
                                 0.001364  0.003692  0.007979  0.014096  0.014823 -0.013273 -0.018329 -0.026235 -0.051246 -0.019392
                                -0.016110 -0.004994 -0.000619  0.015121 -0.031631 -0.001452  0.000262  0.000000  0.002326  0.000000
                                 0.011957  0.000000  0.040716  0.000000  0.102302  0.000000  0.185082  0.000000  0.230538  0.000000
                                 0.221726  0.000000  0.161957  0.000000  0.056393  0.000000  0.008594  0.000000 -0.002138  0.000000
                                -0.007987  0.000000 -0.000873  0.000000  0.000398  0.000000  0.000972  0.000000  0.004530 -0.000000
                                 0.000772 -0.000000 -0.005853 -0.000000 -0.000201 -0.000061 -0.000000 -0.000135 -0.000078 -0.000000
                                 0.000662 -0.000224 -0.000000 -0.000379 -0.000325  0.000000  0.000000  0.000007  0.000000  0.000000
                                 0.000023  0.000316  0.000000 -0.000036  0.000114  0.001668  0.012514  0.059537  0.188268  0.312240
                                 0.155909  0.013121 -0.006485 -0.022507 -0.040241 -0.020159  0.002785  0.000000  0.006531  0.000000
                                 0.001418  0.000000 -0.001189 -0.000000 -0.000075 -0.000000

   7.1   2    -0.5434  -29.8977 -0.000000  0.000000  0.000000  0.000000  0.000000  0.000000  0.000000  0.000000  0.000000  0.000000
                                 0.000000  0.000000  0.000000 -0.000000 -0.000000 -0.000000 -0.000000 -0.000000  0.000000  0.000000
                                -0.000000  0.000000  0.000000  0.000000 -0.000000 -0.000000 -0.000000 -0.000000 -0.000000 -0.000000
                                -0.000000 -0.000000 -0.000000 -0.000000 -0.000000  0.000000  0.000000  0.000000  0.000000  0.000000
                                 0.000000 -0.000000 -0.000000 -0.000000  0.000000  0.000000 -0.000000  0.000360 -0.000000  0.003203
                                -0.000000  0.016452 -0.000000  0.056170 -0.000000  0.140198 -0.000000  0.244941 -0.000000  0.307880
                                -0.000000  0.295244 -0.000000  0.214121 -0.000000  0.095152 -0.000000  0.011869  0.000000  0.000503
                                 0.000000  0.000505  0.000000 -0.000430 -0.000000  0.000014 -0.000000  0.000078 -0.000000 -0.000351
                                 0.000000 -0.003212  0.000000 -0.003865  0.000000  0.000000 -0.000122  0.000000  0.000000 -0.000346
                                -0.000000  0.000000 -0.000079  0.000000  0.000000  0.000346  0.000036 -0.000000  0.000000  0.000056
                                -0.000000 -0.000000  0.000163  0.000000  0.000000 -0.000000 -0.000000 -0.000000 -0.000000 -0.000000
                                -0.000000 -0.000000  0.000000  0.000000  0.000000 -0.000000 -0.000000  0.000520 -0.000000  0.001241
                                -0.000000  0.000486  0.000000 -0.000511  0.000000  0.000057

   8.1   2    -0.3096  -15.7354 -0.000002 -0.000004 -0.000011 -0.000027 -0.000064 -0.000153 -0.000369 -0.000899 -0.002115 -0.004685
                                -0.008964 -0.013760 -0.009617  0.020310  0.077447  0.070787 -0.081189 -0.243093 -0.158954  0.235747
                                 0.377803  0.132952  0.000619  0.046067 -0.002228  0.000001  0.000005  0.000021  0.000078  0.000270
                                 0.000823  0.002207  0.004820  0.008336  0.009465 -0.001663 -0.013615 -0.017815 -0.037343 -0.003386
                                 0.027376  0.022619  0.008012  0.003624 -0.013337  0.000431 -0.000168 -0.000000 -0.001489 -0.000000
                                -0.007658 -0.000000 -0.026105 -0.000000 -0.065533 -0.000000 -0.116621 -0.000000 -0.145437 -0.000000
                                -0.140984 -0.000000 -0.110312 -0.000000 -0.068757 -0.000000 -0.022165  0.000000  0.000903  0.000000
                                 0.002972 -0.000000  0.000462 -0.000000  0.000142 -0.000000  0.000333 -0.000000  0.001480 -0.000000
                                 0.005916 -0.000000  0.005407 -0.000000  0.000135  0.000030  0.000000  0.000219  0.000150 -0.000000
                                 0.000486  0.000179 -0.000000  0.000341  0.000059 -0.000000  0.000000  0.000004 -0.000029  0.000000
                                 0.000016 -0.000079 -0.000000 -0.000031  0.000095  0.000693  0.005372  0.024977  0.079295  0.160079
                                 0.126002  0.005871  0.002547  0.003477  0.004865  0.011437 -0.001246 -0.000000 -0.002288  0.000000
                                -0.003241  0.000000  0.000607  0.000000  0.000379 -0.000000

   9.1   0     0.0097   -4.8780 -0.000000 -0.000000 -0.000000 -0.000000 -0.000001 -0.000002 -0.000006 -0.000014 -0.000038 -0.000070
                                -0.000168 -0.000174 -0.000282  0.000733 -0.000462  0.032019  0.021844  0.151429 -0.024602 -0.369972
                                 0.330740  0.014441 -0.036587 -0.147430  1.655726 -0.000001 -0.000005 -0.000020 -0.000070 -0.000261
                                -0.000739 -0.002157 -0.004216 -0.008799 -0.003851  0.057164 -0.019345 -0.123749  0.075977 -0.045615
                                -0.183894 -0.142701  0.246648 -0.052295  0.154226 -0.440844  0.000046 -0.000000  0.000407 -0.000000
                                 0.002083 -0.000000  0.007143 -0.000000  0.017575 -0.000000  0.031296  0.000000  0.041534  0.000000
                                 0.036286 -0.000000 -0.012502  0.000000 -0.030775 -0.000000  0.050592  0.000000  0.000439 -0.000000
                                -0.001206 -0.000000  0.136879 -0.000000 -0.000071  0.000000 -0.000041 -0.000000 -0.000322  0.000000
                                -0.014086 -0.000000 -0.019956  0.000000 -0.000118  0.000032  0.000000  0.000152  0.000095  0.000000
                                -0.001338  0.000142  0.000000 -0.004344  0.000005 -0.000000  0.000000 -0.000011 -0.000017 -0.000000
                                -0.000032  0.000187  0.000000  0.000072 -0.001053 -0.000276 -0.001880 -0.011733 -0.012114  0.250620
                                -0.231900 -1.188040  0.000424 -0.029215 -0.097416 -0.026844  0.001364 -0.000000  0.013508  0.000000
                                 0.011095 -0.000000 -0.000901  0.000000 -0.000790  0.000000

  10.1   0     0.0269   -2.6910  0.000000  0.000001  0.000001  0.000004  0.000009  0.000020  0.000049  0.000116  0.000284  0.000597
                                 0.001227  0.001682  0.001560 -0.003617 -0.006372 -0.074675 -0.030261 -0.194411  0.077076  0.546688
                                -0.557939  3.921006  0.076087  0.215973  5.080137  0.000000  0.000001  0.000002  0.000008  0.000027
                                 0.000084  0.000219  0.000493  0.000811  0.001073  0.000944 -0.001708 -0.000056 -0.008410  0.024989
                                 0.175187 -0.139457  1.255848 -0.000677 -0.002087  2.030597  0.000003  0.000000  0.000014  0.000000
                                 0.000144  0.000000  0.000152  0.000000  0.003434 -0.000000  0.019551 -0.000000  0.009811 -0.000000
                                -0.001404  0.000000  0.029871 -0.000000 -0.011948  0.000000 -0.047766 -0.000000 -0.007784  0.000000
                                -0.018132  0.000000  0.374327  0.000000 -0.000001 -0.000000 -0.000115  0.000000  0.000109 -0.000000
                                 0.002018  0.000000 -0.012184 -0.000000  0.000052 -0.000007  0.000000 -0.000208 -0.000018 -0.000000
                                 0.000839  0.000037 -0.000000 -0.002651  0.000130 -0.000000 -0.000000  0.000001 -0.000015  0.000000
                                 0.000004  0.000062 -0.000000 -0.000013 -0.000145 -0.000026 -0.000612  0.000077 -0.002860 -0.150500
                                -0.462337 -8.323701  0.000672 -0.001724  0.173979  0.231199  0.000907  0.000000 -0.015441 -0.000000
                                -0.075213  0.000000  0.001145 -0.000000  0.005015  0.000000

  11.1   0     0.0567   -5.8710 -0.000000 -0.000001 -0.000002 -0.000005 -0.000012 -0.000029 -0.000069 -0.000172 -0.000394 -0.000906
                                -0.001649 -0.002731 -0.001522  0.002861  0.018753 -0.065909 -0.077639 -0.501390  0.047199  1.251071
                                -3.302087  3.313377  0.094607  0.438663 -0.484881 -0.000002 -0.000007 -0.000027 -0.000114 -0.000338
                                -0.001219 -0.002695 -0.007535 -0.008065 -0.029422 -0.182222  0.126615  0.506026 -0.097914  0.204178
                                 0.373914 -0.819048 -0.920411  0.157487 -0.465054  1.366514  0.000053 -0.000000  0.000462 -0.000000
                                 0.002419 -0.000000  0.008052 -0.000000  0.021572 -0.000000  0.039581 -0.000000  0.040452 -0.000000
                                 0.050703 -0.000000  0.171442 -0.000000  0.114268  0.000000 -0.170382 -0.000000 -0.002914  0.000000
                                -0.000500  0.000000  0.184856  0.000000  0.000044 -0.000000 -0.000507  0.000000 -0.000136 -0.000000
                                 0.042208  0.000000  0.023757 -0.000000  0.000201  0.000047  0.000000 -0.001172  0.000138  0.000000
                                 0.003797  0.000124 -0.000000  0.010955 -0.000175  0.000000 -0.000000 -0.000016  0.000104 -0.000000
                                -0.000047 -0.000412  0.000000  0.000111  0.002932 -0.000262 -0.003096 -0.003487 -0.098477 -0.923609
                                 2.009501 -1.860179 -0.006209  0.083900  0.301868 -0.380534 -0.002515  0.000000 -0.046842 -0.000000
                                -0.057416  0.000000  0.002831 -0.000000  0.004789  0.000000

                                   1 2px     1 2px     1 2px     1 2px     1 2px     1 2px     1 2px     1 2px     1 2px     1 2px  
                                   1 2px     1 2px     1 2px     1 2px     1 2px     1 2px     1 2px     1 2px     1 2px     1 2px  
                                   1 2px     1 3d1+    1 3d1+    1 3d1+    1 3d1+    1 3d1+    1 3d1+    1 3d1+    1 3d1+    1 3d1+ 
                                   1 3d1+    1 3d1+    1 3d1+    1 3d1+    1 3d1+    1 4f1+    1 4f3+    1 4f1+    1 4f3+    1 4f1+ 
                                   1 4f3+    1 4f1+    1 4f3+    1 4f1+    1 4f3+    1 5g1+    1 5g3+    1 5g1+    1 5g3+    1 5g1+ 
                                   1 5g3+    1 5g1+    1 5g3+    1 6h1+    1 6h3+    1 6h5+    1 6h1+    1 6h3+    1 6h5+    1 6h1+ 
                                   1 6h3+    1 6h5+    2 2px     2 2px     2 2px     2 2px     2 3d1+    2 3d1+    2 3d1+    2 4f1+ 
                                   2 4f3+    2 4f1+    2 4f3+ 

   1.2   2   -32.9441 -129.4330  0.000057  0.000208  0.000843  0.003123  0.010727  0.032422  0.084314  0.178541  0.290993  0.327490
                                 0.202958  0.055260  0.007413  0.000602  0.000272  0.000081  0.000006  0.000003  0.002563 -0.003319
                                -0.000001 -0.000000 -0.000003 -0.000014 -0.000001  0.000032  0.000043  0.000011 -0.000015  0.000024
                                 0.000008  0.000001  0.000000 -0.000009  0.000000 -0.000078  0.000180  0.000141  0.000199  0.000024
                                 0.000120  0.000037  0.000025  0.000002  0.000003  0.000020  0.000000 -0.000015 -0.000000  0.000004
                                -0.000000  0.000007 -0.000000  0.000007  0.000002 -0.000016 -0.000012 -0.000003  0.000024  0.000006
                                 0.000001 -0.000004  0.000002 -0.000020 -0.000037 -0.000010  0.000000  0.000021  0.000015 -0.000000
                                -0.000000 -0.000006 -0.000000

   2.2   2    -3.1700  -38.9982 -0.000021 -0.000076 -0.000311 -0.001157 -0.003994 -0.012238 -0.032562 -0.071512 -0.121550 -0.144148
                                -0.047141  0.211448  0.422612  0.366506  0.159167  0.016976 -0.001775  0.000817  0.004648 -0.015766
                                -0.000250  0.000001  0.000005  0.000034  0.000053  0.000478  0.002308  0.001293 -0.001216 -0.001323
                                 0.000170 -0.000241 -0.000716 -0.001604  0.000027  0.000227  0.000624 -0.000174  0.001301  0.000897
                                 0.002808  0.000707  0.002101 -0.000011  0.000184  0.000016 -0.000000  0.000069 -0.000001  0.000181
                                -0.000008  0.000010 -0.000018  0.000030  0.000012 -0.000081  0.000116  0.000026 -0.000179  0.000079
                                 0.000000  0.000046  0.000478  0.001211  0.000388  0.000449 -0.000457 -0.000632 -0.000074  0.000313
                                 0.000001  0.000122 -0.000012

   3.2   2    -0.5261  -29.5657 -0.000000 -0.000000 -0.000001 -0.000002 -0.000007 -0.000021 -0.000059 -0.000124 -0.000234 -0.000206
                                 0.000885 -0.000116 -0.003330  0.002175 -0.003446 -0.010563 -0.002606  0.000349 -0.000807  0.004325
                                -0.000096  0.000355  0.003153  0.016200  0.055279  0.138188  0.242464  0.303596  0.293232  0.216983
                                 0.098272  0.014082 -0.000176 -0.000959 -0.000714  0.000075 -0.000001  0.000108 -0.000005  0.000475
                                -0.000013 -0.001984 -0.000036 -0.004702 -0.000053 -0.000192  0.000046 -0.000492  0.000083  0.000222
                                 0.000184  0.000800  0.000232  0.000043 -0.000000 -0.000000  0.000157  0.000002 -0.000000  0.000319
                                -0.000006  0.000002  0.004027  0.009196  0.011993  0.001558 -0.002054 -0.002295 -0.000280  0.000863
                                 0.000007 -0.000309  0.000056

   4.2   0     0.0249   -3.4931  0.000001  0.000002  0.000011  0.000035  0.000148  0.000365  0.001243  0.001961  0.005671 -0.002781
                                -0.083185  0.039231  0.172234 -0.054580  0.021982 -0.088242  0.114148 -0.378389  0.074538 -0.195754
                                 1.174362  0.000002  0.000016  0.000102  0.000248  0.001524  0.006754  0.004192  0.001038 -0.015010
                                -0.040139 -0.045089 -0.002318 -0.005511 -0.123092  0.000040  0.000005 -0.000149  0.000043  0.000601
                                 0.000027 -0.008147 -0.000111 -0.010513 -0.000245 -0.000022 -0.000001  0.000073 -0.000003 -0.000225
                                -0.000003 -0.003507 -0.000002 -0.000040 -0.000001  0.000009  0.000170 -0.000004  0.000028 -0.000775
                                 0.000010 -0.000072 -0.000233  0.006581  0.053595  0.163585  0.000260 -0.011640 -0.046375  0.001107
                                -0.000000  0.009269  0.000024

   5.2   0     0.0798   -4.4866  0.000001  0.000005  0.000018  0.000080  0.000220  0.000862  0.001726  0.005449  0.004373  0.025451
                                 0.182043 -0.116630 -0.434935  0.056020 -0.072894  0.143304 -0.265263  1.371265 -0.158802  0.420220
                                -0.995342  0.000013  0.000068  0.000577  0.000927  0.011692  0.062798  0.035041 -0.011612  0.043247
                                -0.118743  0.178986 -0.023968 -0.056965 -0.733584  0.000008  0.000009  0.000029  0.000079 -0.000071
                                 0.000048  0.001504 -0.000223 -0.013735 -0.000469  0.000042 -0.000004 -0.000207 -0.000012  0.000642
                                -0.000016  0.000472  0.000002  0.000036 -0.000003  0.000017 -0.000175 -0.000007  0.000051  0.000637
                                 0.000019 -0.000135  0.003514 -0.011959  0.067235  0.005201 -0.000552  0.004718 -0.025278  0.000246
                                -0.000002 -0.005424  0.000053

   6.2   0     0.0852   -4.4954  0.000001  0.000005  0.000018  0.000077  0.000223  0.000831  0.001771  0.005179  0.005020  0.021659
                                 0.141186 -0.092997 -0.334958  0.030506 -0.050475  0.382940  0.235325  1.144208 -0.122815  0.318716
                                -0.662644 -0.000012 -0.000045 -0.000538 -0.000419 -0.013744 -0.081440 -0.042921  0.015715  0.016155
                                 0.245174 -0.141557  0.032443  0.077157  0.934914 -0.000161  0.000009  0.000718  0.000078 -0.002398
                                 0.000047  0.025029 -0.000222  0.050617 -0.000454  0.000025  0.000004 -0.000059  0.000009  0.000357
                                 0.000017  0.012728 -0.000012  0.000094 -0.000003  0.000017 -0.000484 -0.000007  0.000050  0.002337
                                 0.000019 -0.000133  0.001000 -0.001574 -0.220772 -0.519968 -0.000724  0.036209  0.186648 -0.004279
                                 0.000002 -0.027152  0.000028

                                   1 2py     1 2py     1 2py     1 2py     1 2py     1 2py     1 2py     1 2py     1 2py     1 2py  
                                   1 2py     1 2py     1 2py     1 2py     1 2py     1 2py     1 2py     1 2py     1 2py     1 2py  
                                   1 2py     1 3d1-    1 3d1-    1 3d1-    1 3d1-    1 3d1-    1 3d1-    1 3d1-    1 3d1-    1 3d1- 
                                   1 3d1-    1 3d1-    1 3d1-    1 3d1-    1 3d1-    1 4f1-    1 4f3-    1 4f1-    1 4f3-    1 4f1- 
                                   1 4f3-    1 4f1-    1 4f3-    1 4f1-    1 4f3-    1 5g1-    1 5g3-    1 5g1-    1 5g3-    1 5g1- 
                                   1 5g3-    1 5g1-    1 5g3-    1 6h1-    1 6h3-    1 6h5-    1 6h1-    1 6h3-    1 6h5-    1 6h1- 
                                   1 6h3-    1 6h5-    2 2py     2 2py     2 2py     2 2py     2 3d1-    2 3d1-    2 3d1-    2 4f1- 
                                   2 4f3-    2 4f1-    2 4f3- 

   1.3   2   -32.9441 -129.4330  0.000057  0.000208  0.000843  0.003123  0.010727  0.032422  0.084314  0.178541  0.290993  0.327490
                                 0.202958  0.055260  0.007413  0.000602  0.000272  0.000081  0.000006  0.000003  0.002563 -0.003319
                                -0.000001 -0.000000 -0.000003 -0.000014 -0.000001  0.000032  0.000043  0.000011 -0.000015  0.000024
                                 0.000008  0.000001  0.000000 -0.000009  0.000000 -0.000078 -0.000180  0.000141 -0.000199  0.000024
                                -0.000120  0.000037 -0.000025  0.000002 -0.000003  0.000020 -0.000000 -0.000015  0.000000  0.000004
                                 0.000000  0.000007  0.000000  0.000007 -0.000002 -0.000016 -0.000012  0.000003  0.000024  0.000006
                                -0.000001 -0.000004  0.000002 -0.000020 -0.000037 -0.000010  0.000000  0.000021  0.000015 -0.000000
                                 0.000000 -0.000006  0.000000

   2.3   2    -3.1700  -38.9982 -0.000021 -0.000076 -0.000311 -0.001157 -0.003994 -0.012238 -0.032562 -0.071512 -0.121550 -0.144148
                                -0.047141  0.211448  0.422612  0.366506  0.159167  0.016976 -0.001775  0.000817  0.004648 -0.015766
                                -0.000250  0.000001  0.000005  0.000034  0.000053  0.000478  0.002308  0.001293 -0.001216 -0.001323
                                 0.000170 -0.000241 -0.000716 -0.001604  0.000027  0.000227 -0.000624 -0.000174 -0.001301  0.000897
                                -0.002808  0.000707 -0.002101 -0.000011 -0.000184  0.000016  0.000000  0.000069  0.000001  0.000181
                                 0.000008  0.000010  0.000018  0.000030 -0.000012 -0.000081  0.000116 -0.000026 -0.000179  0.000079
                                -0.000000  0.000046  0.000478  0.001211  0.000388  0.000449 -0.000457 -0.000632 -0.000074  0.000313
                                -0.000001  0.000122  0.000012

   3.3   2    -0.5261  -29.5657 -0.000000 -0.000000 -0.000001 -0.000002 -0.000007 -0.000021 -0.000059 -0.000124 -0.000234 -0.000206
                                 0.000885 -0.000116 -0.003330  0.002175 -0.003446 -0.010563 -0.002606  0.000349 -0.000807  0.004325
                                -0.000096  0.000355  0.003153  0.016200  0.055279  0.138188  0.242464  0.303596  0.293232  0.216983
                                 0.098272  0.014082 -0.000176 -0.000959 -0.000714  0.000075  0.000001  0.000108  0.000005  0.000475
                                 0.000013 -0.001984  0.000036 -0.004702  0.000053 -0.000192 -0.000046 -0.000492 -0.000083  0.000222
                                -0.000184  0.000800 -0.000232  0.000043  0.000000 -0.000000  0.000157 -0.000002 -0.000000  0.000319
                                 0.000006  0.000002  0.004027  0.009196  0.011993  0.001558 -0.002054 -0.002295 -0.000280  0.000863
                                -0.000007 -0.000309 -0.000056

   4.3   0     0.0249   -3.4931  0.000001  0.000002  0.000011  0.000035  0.000148  0.000365  0.001243  0.001961  0.005671 -0.002781
                                -0.083185  0.039231  0.172234 -0.054580  0.021982 -0.088242  0.114148 -0.378389  0.074538 -0.195754
                                 1.174362  0.000002  0.000016  0.000102  0.000248  0.001524  0.006754  0.004192  0.001038 -0.015010
                                -0.040139 -0.045089 -0.002318 -0.005511 -0.123092  0.000040 -0.000005 -0.000149 -0.000043  0.000601
                                -0.000027 -0.008147  0.000111 -0.010513  0.000245 -0.000022  0.000001  0.000073  0.000003 -0.000225
                                 0.000003 -0.003507  0.000002 -0.000040  0.000001  0.000009  0.000170  0.000004  0.000028 -0.000775
                                -0.000010 -0.000072 -0.000233  0.006581  0.053595  0.163585  0.000260 -0.011640 -0.046375  0.001107
                                 0.000000  0.009269 -0.000024

   5.3   0     0.0798   -4.4866  0.000001  0.000005  0.000018  0.000080  0.000220  0.000862  0.001726  0.005449  0.004373  0.025451
                                 0.182043 -0.116630 -0.434935  0.056020 -0.072894  0.143304 -0.265263  1.371265 -0.158802  0.420220
                                -0.995342  0.000013  0.000068  0.000577  0.000927  0.011692  0.062798  0.035041 -0.011612  0.043247
                                -0.118743  0.178986 -0.023968 -0.056965 -0.733584  0.000008 -0.000009  0.000029 -0.000079 -0.000071
                                -0.000048  0.001504  0.000223 -0.013735  0.000469  0.000042  0.000004 -0.000207  0.000012  0.000642
                                 0.000016  0.000472 -0.000002  0.000036  0.000003  0.000017 -0.000175  0.000007  0.000051  0.000637
                                -0.000019 -0.000135  0.003514 -0.011959  0.067235  0.005201 -0.000552  0.004718 -0.025278  0.000246
                                 0.000002 -0.005424 -0.000053

   6.3   0     0.0852   -4.4954  0.000001  0.000005  0.000018  0.000077  0.000223  0.000831  0.001771  0.005179  0.005020  0.021659
                                 0.141186 -0.092997 -0.334958  0.030506 -0.050475  0.382940  0.235325  1.144208 -0.122815  0.318716
                                -0.662644 -0.000012 -0.000045 -0.000538 -0.000419 -0.013744 -0.081440 -0.042921  0.015715  0.016155
                                 0.245174 -0.141557  0.032443  0.077157  0.934914 -0.000161 -0.000009  0.000718 -0.000078 -0.002398
                                -0.000047  0.025029  0.000222  0.050617  0.000454  0.000025 -0.000004 -0.000059 -0.000009  0.000357
                                -0.000017  0.012728  0.000012  0.000094  0.000003  0.000017 -0.000484  0.000007  0.000050  0.002337
                                -0.000019 -0.000133  0.001000 -0.001574 -0.220772 -0.519968 -0.000724  0.036209  0.186648 -0.004279
                                -0.000002 -0.027152 -0.000028

                                   1 3d2-    1 3d2-    1 3d2-    1 3d2-    1 3d2-    1 3d2-    1 3d2-    1 3d2-    1 3d2-    1 3d2- 
                                   1 3d2-    1 3d2-    1 3d2-    1 3d2-    1 4f2-    1 4f2-    1 4f2-    1 4f2-    1 4f2-    1 5g2- 
                                   1 5g4-    1 5g2-    1 5g4-    1 5g2-    1 5g4-    1 5g2-    1 5g4-    1 6h4-    1 6h2-    1 6h4- 
                                   1 6h2-    1 6h4-    1 6h2-    2 3d2-    2 3d2-    2 3d2-    2 4f2-    2 4f2- 

   1.4   +    -0.6007  -30.2762  0.000365  0.003242  0.016651  0.056820  0.141889  0.248580  0.312774  0.296957  0.207056  0.083469
                                 0.008147  0.000506  0.000509 -0.000221  0.000015  0.000082 -0.000354 -0.003191 -0.003216 -0.000323
                                 0.000000 -0.000986  0.000000 -0.000980  0.000000 -0.000144 -0.000000 -0.000000  0.000035 -0.000000
                                 0.000064  0.000000  0.000148  0.000519  0.001179  0.000261 -0.000549  0.000106

   2.4   0     0.0829   -3.4510 -0.000017 -0.000051 -0.000741 -0.000315 -0.020602 -0.124996 -0.064323  0.030811 -0.063789  0.124262
                                -0.344270  0.050539  0.119436  1.184684 -0.000051  0.000190 -0.000539  0.002082 -0.006344  0.000005
                                 0.000000  0.000045 -0.000000 -0.000039 -0.000000  0.000265  0.000000 -0.000000  0.000001  0.000000
                                -0.000008 -0.000000  0.000017  0.000398 -0.001515  0.006020 -0.000171  0.001220

   3.4   0     0.2719   -5.6078 -0.000032 -0.000578 -0.001514 -0.011886  0.030384  0.324247  0.127065 -0.160857  0.165656 -0.370571
                                 1.625897 -0.153622 -0.364132 -0.805548  0.000003 -0.000106  0.000096 -0.001315  0.012359  0.000005
                                 0.000000  0.000266 -0.000000 -0.000385  0.000000  0.000093  0.000000  0.000000 -0.000035 -0.000000
                                 0.000125 -0.000000 -0.000433 -0.002573  0.013348 -0.076005  0.000447  0.002886

   4.4   0     0.7154   -6.5336 -0.000038 -0.000218 -0.001734 -0.003100 -0.033246 -0.174513 -0.099950  0.032564 -0.123749 -0.604004
                                -0.530555  0.065318  0.156899  0.144701  0.001635 -0.003914  0.018831 -0.036875 -0.249369  0.001482
                                -0.000000 -0.005231 -0.000000  0.018569 -0.000000 -0.053290 -0.000000  0.000000  0.000206 -0.000000
                                -0.000952  0.000000  0.003447  0.022716 -0.093422  1.737999  0.003947 -0.215447

 HOMO      8.1    -0.309616 =      -8.4251eV
 LUMO      9.1     0.009749 =       0.2653eV
 LUMO-HOMO         0.319365 =       8.6904eV


 **********************************************************************************************************************************
 DATASETS  * FILE   NREC   LENGTH (MB)   RECORD NAMES
              1      23      674.01       500      610      700      900      950      970     1000      129      960     1700   
                                          VAR    BASINP    GEOM    SYMINP    ZMAT    AOBASIS   BASIS     P2S    ABASIS    OPER   
                                         1101     1401     1411     1412     1650     1100     1400     1410     1200     1210   
                                          SR      EKINR    POTR     PVPR    MOLCAS      S      EKIN      POT      H0       H01  
                                         1300     1080     1600   
                                         ERIS     AOSYM     SMH  

              2       4        3.60       700     1000      520     2100   
                                         GEOM     BASIS   MCVARS     RHF  

 PROGRAMS   *        TOTAL       RHF       INT
 CPU TIMES  *        68.54     12.64     55.81
 REAL TIME  *        73.12 SEC
 DISK USED  *         2.61 GB      
 **********************************************************************************************************************************
 SETTING SCF(1)         =     -1519.55596792  AU                              
 SETTING _CC_NORM_MAX   =         2.00000000                                  


1PROGRAM * CCSD (Restricted open-shell coupled cluster)     Authors: C. Hampel, H.-J. Werner, 1991, M. Deegan, P.J. Knowles, 1992


 Convergence thresholds:  THRVAR = 1.00D-08  THRDEN = 1.00D-06

 CCSD(T)     terms to be evaluated (factor= 1.000)


 Number of closed-shell orbitals:  14 (   8   3   3   0 )
 Number of active  orbitals:        1 (   0   0   0   1 )
 Number of external orbitals:     295 ( 118  70  70  37 )

 Memory could be reduced to 167.51 Mwords without degradation in triples

 Number of N-1 electron functions:              29
 Number of N-2 electron functions:             406
 Number of singly external CSFs:              2766
 Number of doubly external CSFs:           7024232
 Total number of CSFs:                     7026998

 Molecular orbitals read from record     2100.2  Type=RHF/CANONICAL (state 1.4)

 Integral transformation finished. Total CPU:   5.47 sec, npass=  1  Memory used:  15.91 MW

 Starting RMP2 calculation

 Wavefunction is spin-projected

 ITER.      SQ.NORM     CORR.ENERGY   TOTAL ENERGY   ENERGY CHANGE        DEN1      VAR(S)    VAR(P)  DIIS     TIME
   1      1.15657821    -1.47508379 -1521.03105171    -1.47508379    -0.00141866  0.11D-05  0.66D-03  1  1     5.95
   2      1.15815887    -1.47657966 -1521.03254758    -0.00149587    -0.00000702  0.51D-07  0.58D-05  2  2     6.39
   3      1.15829209    -1.47664846 -1521.03261638    -0.00006880    -0.00000005  0.35D-08  0.42D-07  3  3     6.88
   4      1.15829834    -1.47664989 -1521.03261782    -0.00000143    -0.00000000  0.26D-09  0.38D-09  4  4     7.40
   5      1.15829853    -1.47664990 -1521.03261783    -0.00000001    -0.00000000  0.27D-11  0.73D-11  5  5     7.97

 Norm of t1 vector:      0.01964483      S-energy:    -0.00281918      T1 diagnostic:  0.00003474
 Norm of t2 vector:      0.39738219      P-energy:    -1.47383072
                                         Alpha-Beta:  -1.01448436
                                         Alpha-Alpha: -0.25131287
                                         Beta-Beta:   -0.20803350

 Spin contamination <S**2-Sz**2-Sz>     0.00000000
  Reference energy                  -1519.555967923279
  RHF-RMP2 correlation energy          -1.476649903289
 !RHF-RMP2 energy                   -1521.032617826569
 (NB above energy spin projected)

 Starting RCCSD calculation

 ITER.      SQ.NORM     CORR.ENERGY   TOTAL ENERGY   ENERGY CHANGE        DEN1      VAR(S)    VAR(P)  DIIS     TIME
   1      1.11270477    -1.30842751 -1520.86439543    -1.30842751    -0.07103052  0.98D-02  0.12D-01  0  0    26.08
   2      1.13555153    -1.37176092 -1520.92772884    -0.06333341    -0.01306280  0.22D-02  0.32D-02  1  1    44.88
   3      1.13431621    -1.35633529 -1520.91230321     0.01542563    -0.00073621  0.54D-03  0.12D-03  2  2    64.94
   4      1.13743043    -1.35708843 -1520.91305636    -0.00075315    -0.00024447  0.19D-03  0.48D-04  3  3    85.83
   5      1.14409088    -1.35880835 -1520.91477627    -0.00171992    -0.00003935  0.46D-04  0.49D-05  4  4   107.36
   6      1.14638729    -1.35903384 -1520.91500177    -0.00022549    -0.00001431  0.16D-04  0.19D-05  5  5   129.08
   7      1.14799356    -1.35907865 -1520.91504657    -0.00004481    -0.00000529  0.59D-05  0.63D-06  6  6   150.53
   8      1.14905420    -1.35908471 -1520.91505263    -0.00000606    -0.00000181  0.16D-05  0.28D-06  6  1   172.01
   9      1.14970589    -1.35910220 -1520.91507012    -0.00001749    -0.00000038  0.19D-06  0.99D-07  6  2   193.55
  10      1.14986498    -1.35910617 -1520.91507409    -0.00000397    -0.00000008  0.41D-07  0.19D-07  6  3   215.11
  11      1.14984666    -1.35910412 -1520.91507204     0.00000205    -0.00000002  0.94D-08  0.39D-08  6  4   236.64
  12      1.14987440    -1.35910616 -1520.91507409    -0.00000205    -0.00000000  0.24D-08  0.12D-08  6  5   257.85
  13      1.14986621    -1.35910389 -1520.91507181     0.00000228    -0.00000000  0.65D-09  0.17D-09  6  6   278.47
  14      1.14986840    -1.35910493 -1520.91507285    -0.00000104    -0.00000000  0.18D-09  0.42D-10  6  1   298.68
  15      1.14987063    -1.35910489 -1520.91507281     0.00000004    -0.00000000  0.82D-10  0.15D-10  6  2   319.05

 Norm of t1 vector:      0.14638969      S-energy:    -0.00307254      T1 diagnostic:  0.01878509
                                                                       D1 diagnostic:  0.08053900
 Norm of t2 vector:      0.35838623      P-energy:    -1.35603234
                                         Alpha-Beta:  -0.96442884
                                         Alpha-Alpha: -0.21243328
                                         Beta-Beta:   -0.17917022

 Singles amplitudes (print threshold =  0.500E-01):

         I         SYM. A    A   T(IA) [Beta-Beta]

         8         1         3      0.05065222

 Spin contamination <S**2-Sz**2-Sz>     0.00000000

 Memory could be reduced to 177.80 Mwords without degradation in triples
 

  Correlated core orbitals:             1.1       2.1       3.1       4.1       5.1       1.2       2.2       1.3       2.3
  Orbital energies:                  -308.6576  -38.4961  -32.9361   -4.9121   -3.1990  -32.9670   -3.2474  -32.9670   -3.2474
 
  RCCSD core-core energy               -0.501757753288
  RCCSD core-valence energy            -0.413203181786
  RCCSD valence correlation energy     -0.444143949927
 

 RESULTS
 =======

  Reference energy                  -1519.555967923279
  RCCSD singles energy                 -0.003072541676
  RCCSD pair energy                    -1.356032343326
  RCCSD correlation energy             -1.359104885001
  Triples (T) contribution             -0.039766373446
  Total correlation energy             -1.398871258448
 
  RHF-RCCSD energy                  -1520.915072808281
  RHF-RCCSD[T] energy               -1520.959142051596
  RHF-RCCSD-T energy                -1520.954597650736
 !RHF-RCCSD(T) energy               -1520.954839181727

 Program statistics:

 Available memory in ccsd:               511997950
 Min. memory needed in ccsd:              19750858
 Max. memory used in ccsd:                28630156
 Max. memory used in cckext:              22347090 (15 integral passes)
 Max. memory used in cckint:              15906898 ( 1 integral passes)



 **********************************************************************************************************************************
 DATASETS  * FILE   NREC   LENGTH (MB)   RECORD NAMES
              1      23      674.01       500      610      700      900      950      970     1000      129      960     1700   
                                          VAR    BASINP    GEOM    SYMINP    ZMAT    AOBASIS   BASIS     P2S    ABASIS    OPER   
                                         1101     1401     1411     1412     1650     1100     1400     1410     1200     1210   
                                          SR      EKINR    POTR     PVPR    MOLCAS      S      EKIN      POT      H0       H01  
                                         1300     1080     1600   
                                         ERIS     AOSYM     SMH  

              2       4        3.60       700     1000      520     2100   
                                         GEOM     BASIS   MCVARS     RHF  

 PROGRAMS   *        TOTAL  RCCSD(T)       RHF       INT
 CPU TIMES  *      1479.73   1411.19     12.64     55.81
 REAL TIME  *      1523.26 SEC
 DISK USED  *         4.23 GB      
 **********************************************************************************************************************************
 SETTING CCSD(1)        =     -1520.95483918  AU                              

Geometry recognized as XYZ



 Recomputing integrals since geometry and symmetry changed


 Using spherical harmonics


1PROGRAM * SEWARD (Integral evaluation for generally contracted gaussian basis sets)     Author: Roland Lindh, 1990

 Geometry written to block  1 of record 701

 Orientation using atomic masses  
 Molecule type: Atom
 Symmetry elements: X,Y,Z
 Rotational constants:       0.0000000      0.0000000      0.0000000 GHz  (calculated with average atomic masses)

 Point group  D2h 



 ATOMIC COORDINATES

 NR  ATOM    CHARGE       X              Y              Z

   1  NI     28.00    0.000000000    0.000000000    0.000000000

 NUCLEAR CHARGE:                   28
 NUMBER OF PRIMITIVE AOS:         345
 NUMBER OF SYMMETRY AOS:          262
 NUMBER OF CONTRACTIONS:          262   (  65Ag  +  40B3u +  40B2u +  22B1g +  40B1u +  22B2g +  22B3g +  11Au  )
 NUMBER OF CORE ORBITALS:           9   (   3Ag  +   2B3u +   2B2u +   0B1g +   2B1u +   0B2g +   0B3g +   0Au  )
 NUMBER OF VALENCE ORBITALS:        6   (   3Ag  +   0B3u +   0B2u +   1B1g +   0B1u +   1B2g +   1B3g +   0Au  )

 MOLECULE CHANGED: INITIALIZING OCCUPATION AND DUMP RECORDS


 NUCLEAR REPULSION ENERGY    0.00000000

 One-electron integrals computed with SEWARD

 10nd-order Douglas-Kroll-Hess method activated. McWeeny DKH parametrization is used.

 Computing Douglas-Kroll integrals

 AO integral compression algorithm  1   Integral accuracy      1.0D-13

     468.976 MB (compressed) written to integral file ( 48.1%)


 NUMBER OF SORTED TWO-ELECTRON INTEGRALS:   76744857.     BUFFER LENGTH:  32768
 NUMBER OF SEGMENTS:   5  SEGMENT LENGTH:   15998535      RECORD LENGTH: 524288

 Memory used in sort:      16.56 MW

 SORT1 READ   121794176. AND WROTE    46352598. INTEGRALS IN    135 RECORDS. CPU TIME:     2.48 SEC, REAL TIME:     2.93 SEC
 SORT2 READ    46352598. AND WROTE    76744857. INTEGRALS IN   1789 RECORDS. CPU TIME:     1.14 SEC, REAL TIME:     1.44 SEC

 FILE SIZES:   FILE 1:   478.7 MBYTE,  FILE 4:   566.3 MBYTE,   TOTAL:   1044.9 MBYTE

 OPERATOR DM      FOR CENTER  0  COORDINATES:    0.000000    0.000000    0.000000

 EXTRA SYMMETRY OF AOS IN SYMMETRY 1:   1 1 1 1 1 1 1 1 1 1   1 1 1 1 1 1 1 1 1 1   1 1 1 1 1 2 3 2 3 2   3 2 3 2 3 2 3 2 3 2
                                        3 2 3 2 3 2 3 2 3 2   3 2 3 4 5 6 4 5 6 4   5 6 4 5 6
 EXTRA SYMMETRY OF AOS IN SYMMETRY 2:   1 1 1 1 1 1 1 1 1 1   1 1 1 1 1 1 1 1 1 1   1 2 3 2 3 2 3 2 3 2   3 4 5 6 4 5 6 4 5 6
 EXTRA SYMMETRY OF AOS IN SYMMETRY 3:   1 1 1 1 1 1 1 1 1 1   1 1 1 1 1 1 1 1 1 1   1 2 3 2 3 2 3 2 3 2   3 4 5 6 4 5 6 4 5 6
 EXTRA SYMMETRY OF AOS IN SYMMETRY 4:   1 1 1 1 1 1 1 1 1 1   1 1 1 1 2 3 2 3 2 3   2 3
 EXTRA SYMMETRY OF AOS IN SYMMETRY 5:   1 1 1 1 1 1 1 1 1 1   1 1 1 1 1 1 1 1 1 1   1 2 3 2 3 2 3 2 3 2   3 4 5 6 4 5 6 4 5 6
 EXTRA SYMMETRY OF AOS IN SYMMETRY 6:   1 1 1 1 1 1 1 1 1 1   1 1 1 1 2 3 2 3 2 3   2 3
 EXTRA SYMMETRY OF AOS IN SYMMETRY 7:   1 1 1 1 1 1 1 1 1 1   1 1 1 1 2 3 2 3 2 3   2 3
 EXTRA SYMMETRY OF AOS IN SYMMETRY 8:   1 1 1 1 1 2 3 2 3 2   3

 Eigenvalues of metric

         1 0.635E-06 0.898E-05 0.207E-04 0.207E-04 0.283E-03 0.747E-03 0.747E-03 0.824E-03
         2 0.922E-06 0.107E-04 0.484E-03 0.198E-02 0.535E-02 0.126E-01 0.235E-01 0.411E-01
         3 0.922E-06 0.107E-04 0.484E-03 0.198E-02 0.535E-02 0.126E-01 0.235E-01 0.411E-01
         4 0.207E-04 0.747E-03 0.976E-02 0.354E-01 0.721E-01 0.148E+00 0.158E+00 0.158E+00
         5 0.922E-06 0.107E-04 0.484E-03 0.198E-02 0.535E-02 0.126E-01 0.235E-01 0.411E-01
         6 0.207E-04 0.747E-03 0.976E-02 0.354E-01 0.721E-01 0.148E+00 0.158E+00 0.158E+00
         7 0.207E-04 0.747E-03 0.976E-02 0.354E-01 0.721E-01 0.148E+00 0.158E+00 0.158E+00
         8 0.111E+00 0.271E+00 0.271E+00 0.349E+00 0.777E+00 0.887E+00 0.887E+00 0.149E+01


 **********************************************************************************************************************************
 DATASETS  * FILE   NREC   LENGTH (MB)   RECORD NAMES
              1      24      275.47       500      610      700      701      900      950      970     1001      129      960   
                                          VAR    BASINP    GEOM     GEOM    SYMINP    ZMAT    AOBASIS   BASIS     P2S    ABASIS    
                                         1700     1101     1401     1411     1412     1650     1100     1400     1410     1200   
                                         OPER      SR      EKINR    POTR     PVPR    MOLCAS      S      EKIN      POT      H0  
                                         1210     1300     1080     1600   
                                          H01     ERIS     AOSYM     SMH  

              2       6        4.17       700     1000      520     2100      701     1001   
                                         GEOM     BASIS   MCVARS     RHF     GEOM     BASIS   

 PROGRAMS   *        TOTAL       INT  RCCSD(T)       RHF       INT
 CPU TIMES  *      1511.21     31.48   1411.19     12.64     55.81
 REAL TIME  *      1556.58 SEC
 DISK USED  *         4.23 GB      
 **********************************************************************************************************************************

1PROGRAM * RHF-SCF (OPEN SHELL)       Authors: W. Meyer, H.-J. Werner


 NUMBER OF ELECTRONS:      15+   13-    SPACE SYMMETRY=6    SPIN SYMMETRY: Triplet 
 CONVERGENCE THRESHOLDS:    1.00E-05 (Density)    1.00E-07 (Energy)
 MAX. NUMBER OF ITERATIONS:       60
 INTERPOLATION TYPE:            DIIS
 INTERPOLATION STEPS:              2 (START)      1 (STEP)
 LEVEL SHIFTS:                 -0.30 (CLOSED)  0.00 (OPEN) 


 Singly occupied orbitals:      1.4       1.7
 
 Extra symmetries of mos in symmetry 1:   1   1   1   1   3   2
 Orbital guess generated from atomic densities. Full valence occupancy:    6   2   2   1   2   1   1   0


 Molecular orbital dump at record        2101.2

 ITERATION    DDIFF          GRAD             ENERGY        2-EL.EN.            DIPOLE MOMENTS         DIIS   ORB.
    1      0.000D+00      0.000D+00     -1518.90885716   1150.944883    0.00000    0.00000    0.00000    0    start
    2      0.000D+00      0.263D-01     -1519.02655648   1195.222319    0.00000    0.00000    0.00000    1    diag,B
    3      0.209D-01      0.241D-01     -1519.11026840   1179.554092    0.00000    0.00000    0.00000    2    diag,B
    4      0.864D-02      0.259D-02     -1519.11338118   1179.146498    0.00000    0.00000    0.00000    3    diag,B
    5      0.382D-02      0.736D-03     -1519.11444748   1179.320147    0.00000    0.00000    0.00000    4    diag,B
    6      0.194D-02      0.278D-03     -1519.11479738   1179.599816    0.00000    0.00000    0.00000    5    diag,B
    7      0.120D-02      0.104D-03     -1519.11484916   1179.706561    0.00000    0.00000    0.00000    6    fixocc
    8      0.698D-03      0.212D-04     -1519.11485084   1179.719702    0.00000    0.00000    0.00000    7    diag,B
    9      0.102D-03      0.685D-05     -1519.11485099   1179.717796    0.00000    0.00000    0.00000    8    diag,B
   10      0.796D-04      0.149D-05     -1519.11485100   1179.717617    0.00000    0.00000    0.00000    9    orth
   11      0.188D-04      0.398D-06     -1519.11485100   1179.717534    0.00000    0.00000    0.00000    9    diag,B
   12      0.350D-05      0.824D-07     -1519.11485100   1179.717591    0.00000    0.00000    0.00000    0    orth

 Final alpha occupancy:   6   2   2   1   2   1   1   0
 Final beta  occupancy:   6   2   2   0   2   1   0   0

 !RHF STATE 1.6 Energy              -1519.114850998768
 Nuclear energy                         0.00000000
 One-electron energy                -2108.97364634
 Two-electron energy                  589.85879535
 Virial quotient                       -0.95366144
 !RHF STATE 1.6 Dipole moment           0.00000000     0.00000000     0.00000000
 Dipole moment /Debye                   0.00000000     0.00000000     0.00000000

 Orbital energies:

         1.1          2.1          3.1          4.1          5.1          6.1          7.1          8.1
   -308.795162   -38.626589    -5.004543    -0.281252    -0.701093    -0.641916     0.029839     0.082062

         1.2          2.2          3.2          4.2
    -33.079685    -3.299515     0.022494     0.071302

         1.3          2.3          3.3          4.3
    -33.098071    -3.311745     0.021159     0.067656

         1.4          2.4          3.4
     -0.767355     0.082054     0.262906

         1.5          2.5          3.5          4.5
    -33.079685    -3.299515     0.022494     0.071302

         1.6          2.6          3.6
     -0.641916     0.082385     0.265809

         1.7          2.7          3.7
     -0.767355     0.082054     0.262906

         1.8          2.8
      0.814217     2.421828

 HOMO      6.1    -0.641916 =     -17.4674eV
 LUMO      3.3     0.021159 =       0.5758eV
 LUMO-HOMO         0.663075 =      18.0432eV


 **********************************************************************************************************************************
 DATASETS  * FILE   NREC   LENGTH (MB)   RECORD NAMES
              1      24      275.47       500      610      700      701      900      950      970     1001      129      960   
                                          VAR    BASINP    GEOM     GEOM    SYMINP    ZMAT    AOBASIS   BASIS     P2S    ABASIS    
                                         1700     1101     1401     1411     1412     1650     1100     1400     1410     1200   
                                         OPER      SR      EKINR    POTR     PVPR    MOLCAS      S      EKIN      POT      H0  
                                         1210     1300     1080     1600   
                                          H01     ERIS     AOSYM     SMH  

              2       7        6.97       700     1000      520     2100      701     1001     2101   
                                         GEOM     BASIS   MCVARS     RHF     GEOM     BASIS     RHF  

 PROGRAMS   *        TOTAL       RHF       INT  RCCSD(T)       RHF       INT
 CPU TIMES  *      1513.48      2.27     31.48   1411.19     12.64     55.81
 REAL TIME  *      1559.19 SEC
 DISK USED  *         4.23 GB      
 **********************************************************************************************************************************
 SETTING NI_SCF         =     -1519.11485100  AU                              
 SETTING _CC_NORM_MAX   =         2.00000000                                  


1PROGRAM * CCSD (Restricted open-shell coupled cluster)     Authors: C. Hampel, H.-J. Werner, 1991, M. Deegan, P.J. Knowles, 1992


 Convergence thresholds:  THRVAR = 1.00D-08  THRDEN = 1.00D-06

 CCSD(T)     terms to be evaluated (factor= 1.000)


 Number of closed-shell orbitals:  13 (   6   2   2   0   2   1   0   0 )
 Number of active  orbitals:        2 (   0   0   0   1   0   0   1   0 )
 Number of external orbitals:     247 (  59  38  38  21  38  21  21  11 )

 Memory could be reduced to 60.68 Mwords without degradation in triples

 Number of N-1 electron functions:              28
 Number of N-2 electron functions:             378
 Number of singly external CSFs:              1250
 Number of doubly external CSFs:           2385491
 Total number of CSFs:                     2386741

 Molecular orbitals read from record     2101.2  Type=RHF/CANONICAL (state 1.6)

 Integral transformation finished. Total CPU:   1.18 sec, npass=  1  Memory used:  10.16 MW

 Starting RMP2 calculation

 Wavefunction is spin-projected

 ITER.      SQ.NORM     CORR.ENERGY   TOTAL ENERGY   ENERGY CHANGE        DEN1      VAR(S)    VAR(P)  DIIS     TIME
   1      1.11574200    -1.31147371 -1520.42632471    -1.31147371    -0.00111754  0.83D-06  0.72D-03  1  1     1.31
   2      1.11755619    -1.31265323 -1520.42750423    -0.00117952    -0.00001505  0.94D-07  0.15D-04  2  2     1.44
   3      1.11783441    -1.31276349 -1520.42761449    -0.00011026    -0.00000009  0.12D-07  0.70D-07  3  3     1.57
   4      1.11784668    -1.31276656 -1520.42761756    -0.00000307    -0.00000000  0.62D-09  0.11D-08  4  4     1.73
   5      1.11784701    -1.31276650 -1520.42761750     0.00000006    -0.00000000  0.19D-10  0.21D-10  5  5     1.90

 Norm of t1 vector:      0.02724483      S-energy:    -0.00531185      T1 diagnostic:  0.00005188
 Norm of t2 vector:      0.34220568      P-energy:    -1.30745465
                                         Alpha-Beta:  -0.90633348
                                         Alpha-Alpha: -0.23743493
                                         Beta-Beta:   -0.16368623

 Spin contamination <S**2-Sz**2-Sz>     0.00000000
  Reference energy                  -1519.114850998767
  RHF-RMP2 correlation energy          -1.312766500929
 !RHF-RMP2 energy                   -1520.427617499697
 (NB above energy spin projected)

 Starting RCCSD calculation

 ITER.      SQ.NORM     CORR.ENERGY   TOTAL ENERGY   ENERGY CHANGE        DEN1      VAR(S)    VAR(P)  DIIS     TIME
   1      1.10419772    -1.22539929 -1520.34025029    -1.22539929    -0.03231523  0.50D-02  0.48D-02  0  0     5.78
   2      1.12147530    -1.25456720 -1520.36941820    -0.02916790    -0.00354405  0.53D-03  0.11D-02  1  1     9.73
   3      1.12614574    -1.25129204 -1520.36614304     0.00327516    -0.00060875  0.29D-03  0.23D-03  2  2    13.66
   4      1.13273351    -1.25332060 -1520.36817160    -0.00202857    -0.00014023  0.45D-04  0.60D-04  3  3    17.65
   5      1.13825263    -1.25478497 -1520.36963597    -0.00146437    -0.00002992  0.10D-05  0.14D-04  4  4    21.57
   6      1.13976456    -1.25495829 -1520.36980929    -0.00017332    -0.00001074  0.22D-05  0.46D-05  5  5    25.52
   7      1.14006585    -1.25499376 -1520.36984476    -0.00003546    -0.00000276  0.95D-06  0.10D-05  6  6    29.50
   8      1.14001994    -1.25498664 -1520.36983764     0.00000712    -0.00000059  0.38D-06  0.17D-06  6  1    33.43
   9      1.13992777    -1.25497536 -1520.36982635     0.00001128    -0.00000006  0.29D-07  0.23D-07  6  2    37.38
  10      1.13991896    -1.25497967 -1520.36983067    -0.00000432    -0.00000001  0.33D-08  0.37D-08  6  4    41.32
  11      1.13992165    -1.25497937 -1520.36983036     0.00000031    -0.00000000  0.14D-09  0.52D-09  6  3    45.33

 Norm of t1 vector:      0.11793170      S-energy:    -0.00560534      T1 diagnostic:  0.01494647
                                                                       D1 diagnostic:  0.06578702
 Norm of t2 vector:      0.35498417      P-energy:    -1.24937402
                                         Alpha-Beta:  -0.88824960
                                         Alpha-Alpha: -0.20998814
                                         Beta-Beta:   -0.15113629

 Singles amplitudes (print threshold =  0.500E-01):

         I         SYM. A    A   T(IA) [Alpha-Alpha]

         4         1         4     -0.05532970

 Doubles amplitudes (print threshold =  0.500E-01):

         I         J         SYM. A    SYM. B    A         B      T(IJ, AB) [Beta-Beta]

        14         6         4         7         1         1      0.07312935
        14         6         7         4         1         1     -0.07312935
 
         I         J         SYM. A    SYM. B    A         B      T(IJ, AB) [Alpha-Beta]

         4         4         2         2         2         2     -0.05128565
         4         4         3         3         2         2     -0.05415998
         4         4         5         5         2         2     -0.05128565

 Spin contamination <S**2-Sz**2-Sz>     0.00000000

 Memory could be reduced to 56.23 Mwords without degradation in triples
 

  Correlated core orbitals:             1.1       2.1       3.1       1.2       2.2       1.3       2.3       1.5       2.5
  Orbital energies:                  -308.7956  -38.6612   -5.0990  -33.1070   -3.3909  -33.1462   -3.4713  -33.1070   -3.3909
 
  RCCSD core-core energy               -0.506963399458
  RCCSD core-valence energy            -0.401909170839
  RCCSD valence correlation energy     -0.346106795803
 

 RESULTS
 =======

  Reference energy                  -1519.114850998767
  RCCSD singles energy                 -0.005605341330
  RCCSD pair energy                    -1.249374024770
  RCCSD correlation energy             -1.254979366100
  Triples (T) contribution             -0.029017747777
  Total correlation energy             -1.283997113876
 
  RHF-RCCSD energy                  -1520.369830364867
  RHF-RCCSD[T] energy               -1520.400408630182
  RHF-RCCSD-T energy                -1520.398527133427
 !RHF-RCCSD(T) energy               -1520.398848112644

 Program statistics:

 Available memory in ccsd:               511997950
 Min. memory needed in ccsd:               6762581
 Max. memory used in ccsd:                 9764085
 Max. memory used in cckext:               7466977 (11 integral passes)
 Max. memory used in cckint:              10160339 ( 1 integral passes)



 **********************************************************************************************************************************
 DATASETS  * FILE   NREC   LENGTH (MB)   RECORD NAMES
              1      24      275.47       500      610      700      701      900      950      970     1001      129      960   
                                          VAR    BASINP    GEOM     GEOM    SYMINP    ZMAT    AOBASIS   BASIS     P2S    ABASIS    
                                         1700     1101     1401     1411     1412     1650     1100     1400     1410     1200   
                                         OPER      SR      EKINR    POTR     PVPR    MOLCAS      S      EKIN      POT      H0  
                                         1210     1300     1080     1600   
                                          H01     ERIS     AOSYM     SMH  

              2       7        6.97       700     1000      520     2100      701     1001     2101   
                                         GEOM     BASIS   MCVARS     RHF     GEOM     BASIS     RHF  

 PROGRAMS   *        TOTAL  RCCSD(T)       RHF       INT  RCCSD(T)       RHF       INT
 CPU TIMES  *      1758.61    245.13      2.27     31.48   1411.19     12.64     55.81
 REAL TIME  *      1815.38 SEC
 DISK USED  *         4.23 GB      
 **********************************************************************************************************************************
 SETTING NI_CCSD        =     -1520.39884811  AU                              

Geometry recognized as XYZ



 Recomputing integrals since geometry and symmetry changed


 Using spherical harmonics


1PROGRAM * SEWARD (Integral evaluation for generally contracted gaussian basis sets)     Author: Roland Lindh, 1990

 Geometry written to block  1 of record 702

 Orientation using atomic masses  
 Molecule type: Atom
 Symmetry elements: X,Y,Z
 Rotational constants:       0.0000000      0.0000000      0.0000000 GHz  (calculated with average atomic masses)

 Point group  D2h 



 ATOMIC COORDINATES

 NR  ATOM    CHARGE       X              Y              Z

   1  H       1.00    0.000000000    0.000000000    0.000000000

 NUCLEAR CHARGE:                    1
 NUMBER OF PRIMITIVE AOS:          57
 NUMBER OF SYMMETRY AOS:           48
 NUMBER OF CONTRACTIONS:           48   (  13Ag  +   8B3u +   8B2u +   3B1g +   8B1u +   3B2g +   3B3g +   2Au  )
 NUMBER OF CORE ORBITALS:           0   (   0Ag  +   0B3u +   0B2u +   0B1g +   0B1u +   0B2g +   0B3g +   0Au  )
 NUMBER OF VALENCE ORBITALS:        1   (   1Ag  +   0B3u +   0B2u +   0B1g +   0B1u +   0B2g +   0B3g +   0Au  )

 MOLECULE CHANGED: INITIALIZING OCCUPATION AND DUMP RECORDS


 NUCLEAR REPULSION ENERGY    0.00000000

 One-electron integrals computed with SEWARD

 10nd-order Douglas-Kroll-Hess method activated. McWeeny DKH parametrization is used.

 Computing Douglas-Kroll integrals

 AO integral compression algorithm  1   Integral accuracy      1.0D-13

     1.311 MB (compressed) written to integral file ( 94.2%)


 NUMBER OF SORTED TWO-ELECTRON INTEGRALS:      99109.     BUFFER LENGTH:  32768
 NUMBER OF SEGMENTS:   1  SEGMENT LENGTH:      99109      RECORD LENGTH: 524288

 Memory used in sort:       0.66 MW

 SORT1 READ      189868. AND WROTE       76974. INTEGRALS IN      1 RECORDS. CPU TIME:     0.00 SEC, REAL TIME:     0.01 SEC
 SORT2 READ       76974. AND WROTE       99109. INTEGRALS IN      5 RECORDS. CPU TIME:     0.01 SEC, REAL TIME:     0.01 SEC

 FILE SIZES:   FILE 1:     9.1 MBYTE,  FILE 4:     4.2 MBYTE,   TOTAL:     13.3 MBYTE

 OPERATOR DM      FOR CENTER  0  COORDINATES:    0.000000    0.000000    0.000000

 EXTRA SYMMETRY OF AOS IN SYMMETRY 1:   1 1 1 1 1 1 1 2 3 2   3 2 3
 EXTRA SYMMETRY OF AOS IN SYMMETRY 2:   1 1 1 1 2 3 2 3
 EXTRA SYMMETRY OF AOS IN SYMMETRY 3:   1 1 1 1 2 3 2 3
 EXTRA SYMMETRY OF AOS IN SYMMETRY 5:   1 1 1 1 2 3 2 3

 Eigenvalues of metric

         1 0.258E-01 0.995E-01 0.260E+00 0.274E+00 0.274E+00 0.552E+00 0.873E+00 0.873E+00
         2 0.840E-01 0.378E+00 0.618E+00 0.618E+00 0.111E+01 0.138E+01 0.138E+01 0.243E+01
         3 0.840E-01 0.378E+00 0.618E+00 0.618E+00 0.111E+01 0.138E+01 0.138E+01 0.243E+01
         4 0.274E+00 0.873E+00 0.185E+01
         5 0.840E-01 0.378E+00 0.618E+00 0.618E+00 0.111E+01 0.138E+01 0.138E+01 0.243E+01
         6 0.274E+00 0.873E+00 0.185E+01
         7 0.274E+00 0.873E+00 0.185E+01
         8 0.618E+00 0.138E+01


 **********************************************************************************************************************************
 DATASETS  * FILE   NREC   LENGTH (MB)   RECORD NAMES
              1      24        8.39       500      610      700      702      900      950      970     1002      129      960   
                                          VAR    BASINP    GEOM     GEOM    SYMINP    ZMAT    AOBASIS   BASIS     P2S    ABASIS    
                                         1700     1101     1401     1411     1412     1650     1100     1400     1410     1200   
                                         OPER      SR      EKINR    POTR     PVPR    MOLCAS      S      EKIN      POT      H0  
                                         1210     1300     1080     1600   
                                          H01     ERIS     AOSYM     SMH  

              2       9        7.30       700     1000      520     2100      701     1001     2101      702     1002   
                                         GEOM     BASIS   MCVARS     RHF     GEOM     BASIS     RHF     GEOM     BASIS   

 PROGRAMS   *        TOTAL       INT  RCCSD(T)       RHF       INT  RCCSD(T)       RHF       INT
 CPU TIMES  *      1758.82      0.21    245.13      2.27     31.48   1411.19     12.64     55.81
 REAL TIME  *      1815.70 SEC
 DISK USED  *         4.23 GB      
 **********************************************************************************************************************************

1PROGRAM * RHF-SCF (OPEN SHELL)       Authors: W. Meyer, H.-J. Werner


 NUMBER OF ELECTRONS:       1+    0-    SPACE SYMMETRY=1    SPIN SYMMETRY: Doublet 
 CONVERGENCE THRESHOLDS:    1.00E-05 (Density)    1.00E-07 (Energy)
 MAX. NUMBER OF ITERATIONS:       60
 INTERPOLATION TYPE:            DIIS
 INTERPOLATION STEPS:              2 (START)      1 (STEP)
 LEVEL SHIFTS:                 -0.30 (CLOSED)  0.00 (OPEN) 


 Singly occupied orbitals:      1.1
 Orbital guess generated from atomic densities. Full valence occupancy:    1   0   0   0   0   0   0   0


 Molecular orbital dump at record        2102.2

 ITERATION    DDIFF          GRAD             ENERGY        2-EL.EN.            DIPOLE MOMENTS         DIIS   ORB.
    1      0.000D+00      0.000D+00        -0.48879942     -0.000000    0.00000    0.00000    0.00000    0    start
    2      0.000D+00      0.110D-01        -0.49821120      0.000000    0.00000    0.00000    0.00000    1    diag,B
    3      0.642D-02      0.431D-02        -0.49995402      0.000000    0.00000    0.00000    0.00000    2    diag,B
    4      0.444D-02      0.114D-03        -0.49995493      0.000000    0.00000    0.00000    0.00000    3    diag,B
    5      0.179D-03      0.781D-05        -0.49995494     -0.000000    0.00000    0.00000    0.00000    4    diag,B
    6      0.132D-04      0.569D-06        -0.49995494      0.000000    0.00000    0.00000    0.00000    5    diag,B
    7      0.745D-06      0.774D-07        -0.49995494     -0.000000    0.00000    0.00000    0.00000    0    orth

 Final alpha occupancy:   1   0   0   0   0   0   0   0
 Final beta  occupancy:   0   0   0   0   0   0   0   0

 !RHF STATE 1.1 Energy                 -0.499954938572
 Nuclear energy                         0.00000000
 One-electron energy                   -0.49995494
 Two-electron energy                   -0.00000000
 Virial quotient                       -1.00019471
 !RHF STATE 1.1 Dipole moment           0.00000000     0.00000000     0.00000000
 Dipole moment /Debye                   0.00000000     0.00000000     0.00000000

 Orbital energies:

         1.1          2.1          3.1
     -0.499955     0.051127     0.360847

         1.2          2.2
      0.171452     0.741423

         1.3          2.3
      0.171452     0.741423

         1.4          2.4
      0.613308     2.447675

         1.5          2.5
      0.171452     0.741423

         1.6          2.6
      0.613308     2.447675

         1.7          2.7
      0.613308     2.447675

         1.8          2.8
      1.558725     6.549846

 HOMO      1.1    -0.499955 =     -13.6045eV
 LUMO      2.1     0.051127 =       1.3912eV
 LUMO-HOMO         0.551082 =      14.9957eV


 **********************************************************************************************************************************
 DATASETS  * FILE   NREC   LENGTH (MB)   RECORD NAMES
              1      24        8.39       500      610      700      702      900      950      970     1002      129      960   
                                          VAR    BASINP    GEOM     GEOM    SYMINP    ZMAT    AOBASIS   BASIS     P2S    ABASIS    
                                         1700     1101     1401     1411     1412     1650     1100     1400     1410     1200   
                                         OPER      SR      EKINR    POTR     PVPR    MOLCAS      S      EKIN      POT      H0  
                                         1210     1300     1080     1600   
                                          H01     ERIS     AOSYM     SMH  

              2      10        9.79       700     1000      520     2100      701     1001     2101      702     1002     2102   
                                         GEOM     BASIS   MCVARS     RHF     GEOM     BASIS     RHF     GEOM     BASIS     RHF  

 PROGRAMS   *        TOTAL       RHF       INT  RCCSD(T)       RHF       INT  RCCSD(T)       RHF       INT
 CPU TIMES  *      1758.85      0.03      0.21    245.13      2.27     31.48   1411.19     12.64     55.81
 REAL TIME  *      1815.76 SEC
 DISK USED  *         4.23 GB      
 **********************************************************************************************************************************
 SETTING H_SCF          =        -0.49995494  AU                              
 Output type csv         
                                                                                                                                                                                                                                                                

     Z,SCF,CCSD
   1.1,   -1519.555968,   -1520.954839
                                                  

        RHF-SCF         RCCSD(T)        RHF-SCF         RCCSD(T)        RHF-SCF 
     -0.49995494  -1520.39884811  -1519.11485100  -1520.95483918  -1519.55596792
 **********************************************************************************************************************************
 Variable memory released
