
 Primary working directories    : /tmp/cmelton
 Secondary working directories  : /tmp/cmelton
 Wavefunction directory         : /remote/cmelton/wfu/
 Main file repository           : /tmp/cmelton/

 SHA1      : 4c1979699e6aeda0524d0210415ba82a958648b0
 NAME      : 2012.1.39
 ARCHNAME  : Linux/x86_64
 FC        : /projects/sems/install/rhel6-x86_64/sems/compiler/intel/16.0.1/base/bin/ifort
 FCVERSION : 16.0.1
 BLASLIB   : -L/projects/sems/install/rhel6-x86_64/sems/compiler/intel/16.0.1/base/compilers_and_libraries_2016.1.150/linux/mkl/lib/intel64 -lmkl_intel_ilp64 -lmkl_sequential -lmkl_core
 id        : sandiacon

 Nodes            nprocs
 doppio.sandia.gov    1

 Using customized tuning parameters: mindgm=7; mindgv=16; mindgc=1; mindgr=1; noblas=0; minvec=7
 default implementation of scratch files=df  

 ***,Calculation for Be atom, singlet and triplet
 memory,512,m
 gthresh,twoint=1.0E-12
 
 set,dkroll=1,dkho=10,dkhp=4
 basis={
 Including file /remote/cmelton/data/corrECP/NiH/ae/aug-cc-pwCVTZ-dk.basis
 }
 
 ne    =29
 symm  =4
 ss    =1
 
 do i=1,1
     z(i) = 1.1 + 0.05*(i-1)
     geometry={
         2
         Oxygen
         Ni  0.0 0.0 0.0
         H  0.0 0.0 z(i)
     }
     {rhf
      wf,ne,symm,ss
      print,orbitals=3
     }
     scf(i)=energy
     _CC_NORM_MAX=2.0
     {rccsd(t);maxit,100;core}
     ccsd(i)=energy
 enddo
 
 geometry={
    1
    Vanadium
    Ni 0.0 0.0 0.0
 }
 {rhf;
  start,atden
  wf,28,6,2;
  occ,6,2,2,1,2,1,1,0;
  open,1.4,1.7
  sym,1,1,1,1,1,3,2
 }
 Ni_scf=energy
 _CC_NORM_MAX=2.0
 {rccsd(t);maxit,100;core}
 Ni_ccsd=energy
 
 geometry={
    1
    Oxygen
    H 0.0 0.0 0.0
 }
 {rhf;
  wf,1,1,1;
  occ,1,0,0,0,0,0,0,0;
  open,1.1;
 }
 H_scf=energy
 
 table,z,scf,ccsd
 save
 type,csv

 Variables initialized (782), CPU time= 0.01 sec
 Commands  initialized (547), CPU time= 0.01 sec, 517 directives.
 Default parameters read. Elapsed time= 0.07 sec

 Checking input...
 Passed
1


                                         ***  PROGRAM SYSTEM MOLPRO  ***
                         Copyright, University College Cardiff Consultants Limited, 2008

                                    Version 2012.1 linked Aug  2 2016 14:07:26


 **********************************************************************************************************************************
 LABEL *   Calculation for Be atom, singlet and triplet                                  
 Linux-3.10.0-693.5.2.el7.x86_64/doppio.sandia.gov(x86_64) 64 bit serial version         DATE: 14-Feb-18          TIME: 12:20:06  
 **********************************************************************************************************************************

 SHA1:             4c1979699e6aeda0524d0210415ba82a958648b0
 **********************************************************************************************************************************

 THRESHOLDS:

 ZERO    =  1.00D-12  ONEINT  =  1.00D-12  TWOINT  =  1.00D-12  PREFAC  =  1.00D-14  LOCALI  =  1.00D-09  EORDER  =  1.00D-04
 ENERGY  =  0.00D+00  ETEST   =  0.00D+00  EDENS   =  0.00D+00  THRDEDEF=  1.00D-06  GRADIENT=  1.00D-02  STEP    =  1.00D-03
 ORBITAL =  1.00D-05  CIVEC   =  1.00D-05  COEFF   =  1.00D-04  PRINTCI =  5.00D-02  PUNCHCI =  9.90D+01  OPTGRAD =  3.00D-04
 OPTENERG=  1.00D-06  OPTSTEP =  3.00D-04  THRGRAD =  1.00D-10  COMPRESS=  1.00D-11  VARMIN  =  1.00D-07  VARMAX  =  1.00D-03
 THRDOUB =  0.00D+00  THRDIV  =  1.00D-05  THRRED  =  1.00D-07  THRPSP  =  1.00D+00  THRDC   =  1.00D-10  THRCS   =  1.00D-10
 THRNRM  =  1.00D-08  THREQ   =  0.00D+00  THRDE   =  1.00D+00  THRREF  =  1.00D-05  SPARFAC =  1.00D+00  THRDLP  =  1.00D-07
 THRDIA  =  1.00D-10  THRDLS  =  1.00D-07  THRGPS  =  0.00D+00  THRKEX  =  0.00D+00  THRDIS  =  2.00D-01  THRVAR  =  1.00D-10
 THRLOC  =  1.00D-06  THRGAP  =  1.00D-06  THRLOCT = -1.00D+00  THRGAPT = -1.00D+00  THRORB  =  1.00D-06  THRMLTP =  0.00D+00
 THRCPQCI=  1.00D-10  KEXTA   =  0.00D+00  THRCOARS=  0.00D+00  SYMTOL  =  1.00D-06  GRADTOL =  1.00D-06  THROVL  =  1.00D-08
 THRORTH =  1.00D-08  GRID    =  1.00D-06  GRIDMAX =  1.00D-03  DTMAX   =  0.00D+00  THROCCDE=  1.00D-01  THROCCDE=  1.00D-01


 SETTING DKROLL         =         1.00000000                                  
 SETTING DKHO           =        10.00000000                                  
 SETTING DKHP           =         4.00000000                                  

 Variable memory set to  512000000 words,  buffer space   230000 words

 SETTING BASIS          =    USERDEF
 SETTING NE             =        29.00000000                                  
 SETTING SYMM           =         4.00000000                                  
 SETTING SS             =         1.00000000                                  

 DO I                   =         1.00000000   
 SETTING Z(1)           =         1.10000000                                  

Geometry recognized as XYZ



 Recomputing integrals since basis changed


 Using spherical harmonics


1PROGRAM * SEWARD (Integral evaluation for generally contracted gaussian basis sets)     Author: Roland Lindh, 1990

 Geometry written to block  1 of record 700


 Point group  C2v 



 ATOMIC COORDINATES

 NR  ATOM    CHARGE       X              Y              Z

   1  NI     28.00    0.000000000    0.000000000    0.000000000
   2  H       1.00    0.000000000    0.000000000    2.078698745

 Bond lengths in Bohr (Angstrom)

 1-2  2.078698745
     ( 1.100000000)

 NUCLEAR CHARGE:                   29
 NUMBER OF PRIMITIVE AOS:         258
 NUMBER OF SYMMETRY AOS:          215
 NUMBER OF CONTRACTIONS:          215   (  94A1  +  49B1  +  49B2  +  23A2  )
 NUMBER OF CORE ORBITALS:           9   (   5A1  +   2B1  +   2B2  +   0A2  )
 NUMBER OF VALENCE ORBITALS:        7   (   4A1  +   1B1  +   1B2  +   1A2  )


 NUCLEAR REPULSION ENERGY   13.46996532

 One-electron integrals computed with SEWARD

 10nd-order Douglas-Kroll-Hess method activated. McWeeny DKH parametrization is used.

 Computing Douglas-Kroll integrals

 AO integral compression algorithm  1   Integral accuracy      1.0D-12

     260.833 MB (compressed) written to integral file ( 44.4%)


 NUMBER OF SORTED TWO-ELECTRON INTEGRALS:   70128552.     BUFFER LENGTH:  32768
 NUMBER OF SEGMENTS:   5  SEGMENT LENGTH:   15997746      RECORD LENGTH: 524288

 Memory used in sort:      16.55 MW

 SORT1 READ    73431408. AND WROTE    34159310. INTEGRALS IN    101 RECORDS. CPU TIME:     0.83 SEC, REAL TIME:     1.12 SEC
 SORT2 READ    34159310. AND WROTE    70128552. INTEGRALS IN    995 RECORDS. CPU TIME:     0.78 SEC, REAL TIME:     0.99 SEC

 FILE SIZES:   FILE 1:   270.0 MBYTE,  FILE 4:   423.7 MBYTE,   TOTAL:    693.7 MBYTE

 OPERATOR DM      FOR CENTER  0  COORDINATES:    0.000000    0.000000    0.000000

 EXTRA SYMMETRY OF AOS IN SYMMETRY 1:   1 1 1 1 1 1 1 1 1 1   1 1 1 1 1 1 1 1 1 1   1 1 1 1 1 1 1 1 1 1   1 1 1 1 1 1 1 1 1 1
                                        1 1 1 2 1 2 1 2 1 2   1 2 1 2 1 2 1 2 1 2   1 2 1 2 1 2 1 2 1 2   1 2 1 3 2 1 3 2 1 3
                                        2 1 1 1 1 1 1 1 1 1   1 2 1 2
 EXTRA SYMMETRY OF AOS IN SYMMETRY 2:   1 1 1 1 1 1 1 1 1 1   1 1 1 1 1 1 1 1 1 1   1 1 1 1 1 1 1 1 1 1   1 2 1 2 1 2 1 2 1 2
                                        1 2 1 2 1 1 1 1 1
 EXTRA SYMMETRY OF AOS IN SYMMETRY 3:   1 1 1 1 1 1 1 1 1 1   1 1 1 1 1 1 1 1 1 1   1 1 1 1 1 1 1 1 1 1   1 2 1 2 1 2 1 2 1 2
                                        1 2 1 2 1 1 1 1 1
 EXTRA SYMMETRY OF AOS IN SYMMETRY 4:   1 1 1 1 1 1 1 1 1 1   1 1 1 1 1 1 2 1 2 1   2 1 1

 Eigenvalues of metric

         1 0.298E-05 0.377E-05 0.411E-05 0.417E-05 0.234E-04 0.427E-04 0.903E-04 0.160E-03
         2 0.371E-05 0.394E-05 0.265E-04 0.175E-03 0.110E-02 0.452E-02 0.699E-02 0.118E-01
         3 0.371E-05 0.394E-05 0.265E-04 0.175E-03 0.110E-02 0.452E-02 0.699E-02 0.118E-01
         4 0.411E-05 0.180E-03 0.534E-01 0.119E+00 0.136E+00 0.228E+00 0.233E+00 0.251E+00


 **********************************************************************************************************************************
 DATASETS  * FILE   NREC   LENGTH (MB)   RECORD NAMES
              1      23      178.47       500      610      700      900      950      970     1000      129      960     1700   
                                          VAR    BASINP    GEOM    SYMINP    ZMAT    AOBASIS   BASIS     P2S    ABASIS    OPER   
                                         1101     1401     1411     1412     1650     1100     1400     1410     1200     1210   
                                          SR      EKINR    POTR     PVPR    MOLCAS      S      EKIN      POT      H0       H01  
                                         1300     1080     1600   
                                         ERIS     AOSYM     SMH  

 PROGRAMS   *        TOTAL       INT
 CPU TIMES  *        12.73     12.63
 REAL TIME  *        13.95 SEC
 DISK USED  *       694.02 MB      
 **********************************************************************************************************************************

1PROGRAM * RHF-SCF (OPEN SHELL)       Authors: W. Meyer, H.-J. Werner


 NUMBER OF ELECTRONS:      15+   14-    SPACE SYMMETRY=4    SPIN SYMMETRY: Doublet 
 CONVERGENCE THRESHOLDS:    1.00E-05 (Density)    1.00E-07 (Energy)
 MAX. NUMBER OF ITERATIONS:       60
 INTERPOLATION TYPE:            DIIS
 INTERPOLATION STEPS:              2 (START)      1 (STEP)
 LEVEL SHIFTS:                 -0.30 (CLOSED)  0.00 (OPEN) 



 Orbital guess generated from atomic densities. Full valence occupancy:    9   3   3   1

 Molecular orbital dump at record        2100.2

 ITERATION    DDIFF          GRAD             ENERGY        2-EL.EN.            DIPOLE MOMENTS         DIIS   ORB.
    1      0.000D+00      0.000D+00     -1519.51999536   1207.796470    0.00000    0.00000   -1.64896    0    start
    2      0.000D+00      0.119D-01     -1519.53638314   1221.252135    0.00000    0.00000   -1.29817    1    diag,B
    3      0.225D-02      0.672D-02     -1519.54697382   1211.316353    0.00000    0.00000   -1.33243    2    diag,B
    4      0.121D-02      0.319D-02     -1519.55024194   1214.341827    0.00000    0.00000   -1.30292    3    diag,B
    5      0.373D-03      0.599D-03     -1519.55158428   1214.089673    0.00000    0.00000   -1.26784    4    diag,B
    6      0.419D-03      0.423D-03     -1519.55260459   1213.903978    0.00000    0.00000   -1.22110    5    diag,B
    7      0.488D-03      0.234D-03     -1519.55305941   1213.733611    0.00000    0.00000   -1.17033    6    fixocc
    8      0.419D-03      0.123D-03     -1519.55321196   1213.628074    0.00000    0.00000   -1.12620    7    diag,B
    9      0.298D-03      0.500D-04     -1519.55323969   1213.561883    0.00000    0.00000   -1.10253    8    diag,B
   10      0.149D-03      0.180D-04     -1519.55324224   1213.549690    0.00000    0.00000   -1.09546    9    orth
   11      0.417D-04      0.484D-05     -1519.55324236   1213.545047    0.00000    0.00000   -1.09455    9    diag,B
   12      0.139D-04      0.180D-05     -1519.55324237   1213.545634    0.00000    0.00000   -1.09452    9    diag,B
   13      0.663D-05      0.484D-06     -1519.55324237   1213.545497    0.00000    0.00000   -1.09453    0    orth

 Final alpha occupancy:   8   3   3   1
 Final beta  occupancy:   8   3   3   0

 !RHF STATE 1.4 Energy              -1519.553242373168
 Nuclear energy                        13.46996532
 One-electron energy                -2139.79595603
 Two-electron energy                  606.77274834
 Virial quotient                       -0.95346132
 !RHF STATE 1.4 Dipole moment           0.00000000     0.00000000    -1.09453390
 Dipole moment /Debye                   0.00000000     0.00000000    -2.78184546

 ELECTRON ORBITALS
 =================


   Orb  Occ    Energy  Couls-En    Coefficients

                                   1 1s      1 1s      1 1s      1 1s      1 1s      1 1s      1 1s      1 1s      1 1s      1 1s   
                                   1 1s      1 1s      1 1s      1 1s      1 1s      1 1s      1 1s      1 1s      1 1s      1 1s   
                                   1 1s      1 1s      1 1s      1 2pz     1 2pz     1 2pz     1 2pz     1 2pz     1 2pz     1 2pz  
                                   1 2pz     1 2pz     1 2pz     1 2pz     1 2pz     1 2pz     1 2pz     1 2pz     1 2pz     1 2pz  
                                   1 2pz     1 2pz     1 3d0     1 3d2+    1 3d0     1 3d2+    1 3d0     1 3d2+    1 3d0     1 3d2+ 
                                   1 3d0     1 3d2+    1 3d0     1 3d2+    1 3d0     1 3d2+    1 3d0     1 3d2+    1 3d0     1 3d2+ 
                                   1 3d0     1 3d2+    1 3d0     1 3d2+    1 4f0     1 4f2+    1 4f0     1 4f2+    1 4f0     1 4f2+ 
                                   1 4f0     1 4f2+    1 5g0     1 5g4+    1 5g2+    1 5g0     1 5g4+    1 5g2+    1 5g0     1 5g4+ 
                                   1 5g2+    2 1s      2 1s      2 1s      2 1s      2 1s      2 1s      2 2pz     2 2pz     2 2pz  
                                   2 3d0     2 3d2+    2 3d0     2 3d2+ 

   1.1   2  -308.6574 -705.1593  0.000165  0.000475  0.001298  0.003320  0.008492  0.021833  0.055173  0.128574  0.251407  0.354144
                                 0.270478  0.065890 -0.002492  0.005966  0.004224 -0.003942 -0.000352 -0.000053  0.000015 -0.000001
                                -0.006911  0.003137  0.000001 -0.000000 -0.000000 -0.000000 -0.000000 -0.000003 -0.000007 -0.000001
                                 0.000003 -0.000000 -0.000003  0.000002  0.000022 -0.000002 -0.000061  0.000005  0.000002  0.000003
                                -0.000020 -0.000000 -0.000001 -0.000000 -0.000003 -0.000000  0.000001  0.000000 -0.000010 -0.000000
                                 0.000042  0.000000 -0.000002 -0.000000 -0.000025  0.000000  0.000001 -0.000000  0.000012  0.000000
                                -0.000043 -0.000000  0.000001  0.000000  0.000002 -0.000000  0.000001  0.000000 -0.000003 -0.000000
                                -0.000006  0.000000 -0.000001  0.000001  0.000000  0.000001 -0.000000 -0.000000 -0.000002  0.000000
                                 0.000000  0.000000 -0.000001  0.000003  0.000081 -0.000001 -0.000001 -0.000003 -0.000045 -0.000008
                                 0.000004  0.000000  0.000010 -0.000000

   2.1   2   -38.4799 -136.3658 -0.000051 -0.000148 -0.000406 -0.001042 -0.002682 -0.006975 -0.018078 -0.044373 -0.097116 -0.171543
                                -0.186296  0.061645  0.524351  0.498921  0.106679 -0.042529 -0.003375 -0.000592  0.000184 -0.000002
                                -0.022333  0.036837  0.000009  0.000000  0.000000  0.000002  0.000007  0.000022  0.000064  0.000126
                                 0.000181  0.000232  0.000136 -0.000011  0.000088 -0.000009 -0.000724  0.000075  0.000025 -0.000014
                                -0.000083  0.000001 -0.000003  0.000000 -0.000038 -0.000000 -0.000227  0.000000 -0.000358 -0.000000
                                 0.000080  0.000000 -0.000003 -0.000000 -0.000296  0.000000  0.000018 -0.000000  0.000263  0.000000
                                -0.000053 -0.000000  0.000015  0.000000  0.000019 -0.000000 -0.000035  0.000000 -0.000018 -0.000000
                                -0.000071  0.000000 -0.000039  0.000060  0.000000 -0.000026  0.000059 -0.000000 -0.000017  0.000006
                                 0.000000  0.000001 -0.000002  0.000026  0.000951 -0.000037 -0.000016 -0.000028 -0.000527 -0.000088
                                 0.000040  0.000000  0.000120 -0.000000

   3.1   2   -32.9332 -129.4265  0.000000  0.000000  0.000000  0.000001  0.000002  0.000004  0.000011  0.000026  0.000057  0.000101
                                 0.000111 -0.000041 -0.000308 -0.000118  0.000170 -0.000984 -0.000218 -0.000042  0.000218 -0.000054
                                -0.000258  0.000964  0.000002  0.000134  0.000590  0.002648  0.010301  0.034634  0.096353  0.209907
                                 0.332486  0.329199  0.154953  0.022704 -0.000603  0.000583 -0.000057  0.000103 -0.000000 -0.001787
                                 0.002471 -0.000004  0.000002  0.000000  0.000021  0.000000  0.000141  0.000000  0.000002  0.000000
                                 0.001179  0.000000 -0.000037  0.000000 -0.000016  0.000000  0.000023  0.000000  0.000073 -0.000000
                                -0.001212  0.000000 -0.000000  0.000000 -0.000334  0.000000 -0.000014  0.000000 -0.000072 -0.000000
                                 0.000012 -0.000000  0.000020 -0.000000 -0.000000 -0.000009 -0.000000 -0.000000 -0.000001 -0.000000
                                 0.000000  0.000002 -0.000001  0.000068  0.000091 -0.000197  0.000021 -0.000048 -0.000056  0.000041
                                 0.000024  0.000000  0.000005  0.000000

   4.1   2    -4.8668  -43.0147  0.000019  0.000056  0.000152  0.000390  0.001004  0.002622  0.006796  0.016861  0.037207  0.068299
                                 0.076939 -0.027055 -0.326089 -0.437602  0.200655  0.652264  0.360864  0.003861  0.001153  0.002899
                                -0.026344  0.068770  0.000540 -0.000000 -0.000001 -0.000004 -0.000016 -0.000057 -0.000156 -0.000370
                                -0.000541 -0.000902 -0.001621  0.003321  0.007608 -0.000842 -0.010719  0.002455  0.000995  0.001573
                                -0.006077  0.000287  0.000004 -0.000000  0.000035 -0.000000  0.000219 -0.000000  0.000750 -0.000000
                                 0.001149  0.000000  0.001139 -0.000000 -0.004280 -0.000000  0.000298 -0.000000 -0.000807  0.000000
                                -0.001778 -0.000000  0.000334  0.000000 -0.000110  0.000000  0.000005  0.000000  0.000235  0.000000
                                -0.000915  0.000000 -0.000104  0.000161 -0.000000 -0.000045  0.000230  0.000000 -0.000115  0.000611
                                -0.000000  0.000180  0.000940  0.003881  0.014620 -0.005104 -0.002428 -0.002049 -0.007509  0.000366
                                 0.001133 -0.000000  0.001315  0.000000

   5.1   2    -3.1882  -38.9441 -0.000000 -0.000000 -0.000001 -0.000002 -0.000005 -0.000013 -0.000035 -0.000081 -0.000199 -0.000311
                                -0.000473  0.000397  0.000782  0.006549  0.014573 -0.046689 -0.016530 -0.019935 -0.036087  0.004458
                                -0.011949  0.046881 -0.000532 -0.000049 -0.000217 -0.000974 -0.003819 -0.012997 -0.037177 -0.084006
                                -0.140547 -0.138668  0.051633  0.332612  0.420641  0.276901  0.037439 -0.023634 -0.000282 -0.010666
                                 0.031737  0.000133 -0.000019 -0.000000 -0.000166 -0.000000 -0.000609 -0.000000 -0.005554 -0.000000
                                 0.021144 -0.000000 -0.001737 -0.000000 -0.002512 -0.000000 -0.004109 -0.000000  0.004941 -0.000000
                                -0.023280  0.000000  0.000074  0.000000 -0.000755  0.000000 -0.001878  0.000000 -0.000382 -0.000000
                                -0.001112  0.000000  0.000044 -0.000001  0.000000  0.000235 -0.000001  0.000000  0.000518 -0.000005
                                 0.000000  0.000609  0.003779  0.015061  0.017358  0.045770 -0.000515 -0.005927 -0.006506 -0.012048
                                 0.002174 -0.000000  0.000744  0.000000

   6.1   2    -0.5649  -23.3482 -0.000002 -0.000005 -0.000013 -0.000033 -0.000084 -0.000219 -0.000570 -0.001411 -0.003130 -0.005735
                                -0.006566  0.002458  0.028413  0.043579 -0.013221 -0.096458 -0.068709  0.026936  0.045211 -0.007228
                                -0.004964  0.005428 -0.001829  0.000006  0.000024  0.000109  0.000432  0.001459  0.004226  0.009454
                                 0.016298  0.014461 -0.017555 -0.038454 -0.033350 -0.033769  0.014112  0.052127  0.006765  0.009967
                                -0.030275 -0.002087  0.002530 -0.000000  0.018609 -0.000000  0.072363 -0.000000  0.176315 -0.000000
                                 0.232548 -0.000000  0.274559 -0.000000  0.186809 -0.000000  0.056968 -0.000000 -0.002568 -0.000000
                                 0.027501  0.000000 -0.000557  0.000000  0.000566 -0.000000  0.002549  0.000000  0.005529  0.000000
                                 0.000449  0.000000 -0.000230 -0.000082  0.000000 -0.000155 -0.000074  0.000000  0.000827 -0.000383
                                -0.000000  0.005032  0.036369  0.155353  0.265881  0.079100  0.008754 -0.016572 -0.018559 -0.000834
                                 0.003796 -0.000000  0.000511 -0.000000

   7.1   2    -0.5434  -29.8974 -0.000000 -0.000000 -0.000000 -0.000000 -0.000000 -0.000000 -0.000000 -0.000000 -0.000000 -0.000000
                                -0.000000  0.000000  0.000000  0.000000 -0.000000 -0.000000 -0.000000 -0.000000  0.000000 -0.000000
                                -0.000000  0.000000  0.000000  0.000000  0.000000  0.000000  0.000000  0.000000  0.000000  0.000000
                                 0.000000  0.000000 -0.000000 -0.000000 -0.000000 -0.000000  0.000000  0.000000  0.000000  0.000000
                                -0.000000 -0.000000  0.000000  0.003484  0.000000  0.025618  0.000000  0.099852  0.000000  0.239449
                                 0.000000  0.357455  0.000000  0.357881  0.000000  0.239564  0.000000  0.065526 -0.000000  0.001209
                                 0.000000 -0.001552  0.000000 -0.002496  0.000000  0.000052  0.000000 -0.000046  0.000000 -0.001170
                                -0.000000 -0.004771 -0.000000 -0.000000 -0.000171 -0.000000 -0.000000 -0.000456  0.000000 -0.000000
                                 0.000402  0.000000  0.000000  0.000000  0.000000  0.000000 -0.000000 -0.000000 -0.000000  0.000000
                                 0.000000  0.001497  0.000000  0.000140

   8.1   2    -0.3096  -15.7358 -0.000004 -0.000010 -0.000028 -0.000072 -0.000184 -0.000482 -0.001249 -0.003102 -0.006854 -0.012637
                                -0.014314  0.005074  0.063907  0.090736 -0.047413 -0.180866 -0.189026  0.235699  0.376098  0.124518
                                 0.003276 -0.014466 -0.011707  0.000003  0.000015  0.000066  0.000258  0.000879  0.002521  0.005705
                                 0.009606  0.009439 -0.004723 -0.026094 -0.037315 -0.025231  0.024886  0.034367  0.003189  0.001071
                                 0.000503 -0.002112 -0.001622  0.000000 -0.011910  0.000000 -0.046510  0.000000 -0.107948  0.000000
                                -0.193558  0.000000 -0.170664  0.000000 -0.126747  0.000000 -0.059679  0.000000 -0.004624  0.000000
                                 0.028069 -0.000000 -0.006654 -0.000000  0.000220  0.000000  0.000748 -0.000000  0.003072 -0.000000
                                 0.008239 -0.000000  0.000198  0.000057 -0.000000  0.000233  0.000181 -0.000000  0.000359  0.000159
                                 0.000000  0.002105  0.015430  0.063413  0.153025  0.150688  0.034831  0.004710  0.004383  0.016401
                                -0.002177  0.000000 -0.001234 -0.000000

   9.1   0     0.0103   -4.9930 -0.000000 -0.000000 -0.000001 -0.000001 -0.000004 -0.000009 -0.000026 -0.000057 -0.000148 -0.000215
                                -0.000374  0.000375  0.000295  0.006959  0.017722 -0.068356 -0.025641 -0.060051  1.593899 -0.908417
                                -0.014155  0.072798  1.265979 -0.000003 -0.000014 -0.000062 -0.000254 -0.000821 -0.002500 -0.005226
                                -0.010142 -0.004387  0.040652  0.000297 -0.125929  0.054293 -0.087002  0.373392  0.076165 -0.032625
                                 0.160725 -0.617175  0.000451 -0.000000  0.003341 -0.000000  0.012883 -0.000000  0.035338  0.000000
                                 0.014772 -0.000000  0.049478 -0.000000  0.023496 -0.000000  0.138203  0.000000 -0.004989 -0.000000
                                 0.031843  0.000000  0.083189 -0.000000 -0.000148 -0.000000  0.000037  0.000000 -0.001741 -0.000000
                                 0.000662  0.000000 -0.000072  0.000049  0.000000 -0.000174  0.000127  0.000000 -0.000191  0.000111
                                 0.000000 -0.000819 -0.005999 -0.025846 -0.044642 -1.310007 -0.167472 -0.001850 -0.023382  0.271485
                                 0.000999  0.000000  0.012182 -0.000000

  10.1   0     0.0297   -2.8296  0.000001  0.000001  0.000004  0.000010  0.000027  0.000070  0.000180  0.000448  0.000984  0.001831
                                 0.002037 -0.000655 -0.009452 -0.011927  0.009288  0.028633  0.026275  0.391855  1.017800  2.575354
                                -0.003135 -0.003714  4.202981  0.000000  0.000001  0.000006  0.000018  0.000084  0.000162  0.000607
                                 0.000283  0.003340  0.019495 -0.015864 -0.096729  0.013504  0.065927  0.494722  0.975663 -0.017366
                                 0.092555  1.841541  0.000043 -0.000000  0.000309 -0.000000  0.001258 -0.000000  0.001628 -0.000000
                                 0.007569  0.000000  0.004968 -0.000000  0.036768  0.000000  0.082940 -0.000000  0.001531  0.000000
                                -0.003722 -0.000000  0.259194  0.000000  0.000014  0.000000 -0.000342 -0.000000  0.000926  0.000000
                                 0.008419 -0.000000  0.000016 -0.000007 -0.000000 -0.000127 -0.000025  0.000000  0.000722  0.000132
                                -0.000000 -0.000252 -0.000496 -0.009449 -0.111055 -1.649092 -6.474381 -0.000310  0.080251  0.423990
                                -0.003815 -0.000000 -0.025119  0.000000

  11.1   0     0.0592   -5.9564 -0.000001 -0.000002 -0.000005 -0.000014 -0.000036 -0.000094 -0.000244 -0.000608 -0.001335 -0.002482
                                -0.002763  0.000889  0.012810  0.015441 -0.018223  0.007375 -0.016347  0.181423 -4.979023  5.033970
                                 0.007101 -0.054125 -0.169168 -0.000005 -0.000020 -0.000094 -0.000343 -0.001270 -0.003306 -0.008499
                                -0.011207 -0.023853 -0.076534  0.093118  0.421012 -0.035604  0.151237 -1.518217 -0.718987  0.071679
                                -0.368351  1.563314  0.000530 -0.000000  0.003789 -0.000000  0.015374 -0.000000  0.014244 -0.000000
                                 0.221432  0.000000  0.045369 -0.000000  0.078247  0.000000 -0.281810 -0.000000  0.026772  0.000000
                                -0.168238 -0.000000  0.174152  0.000000  0.000127  0.000000 -0.001205 -0.000000  0.003707  0.000000
                                -0.011145 -0.000000 -0.000113  0.000071  0.000000 -0.000093  0.000191  0.000000 -0.000436 -0.000026
                                 0.000000 -0.000996 -0.006878 -0.030900 -0.111609  3.463578 -3.338935 -0.004844  0.053527 -0.948709
                                -0.000944 -0.000000 -0.030022  0.000000

                                   1 2px     1 2px     1 2px     1 2px     1 2px     1 2px     1 2px     1 2px     1 2px     1 2px  
                                   1 2px     1 2px     1 2px     1 2px     1 2px     1 2px     1 2px     1 2px     1 2px     1 3d1+ 
                                   1 3d1+    1 3d1+    1 3d1+    1 3d1+    1 3d1+    1 3d1+    1 3d1+    1 3d1+    1 3d1+    1 3d1+ 
                                   1 4f1+    1 4f3+    1 4f1+    1 4f3+    1 4f1+    1 4f3+    1 4f1+    1 4f3+    1 5g1+    1 5g3+ 
                                   1 5g1+    1 5g3+    1 5g1+    1 5g3+    2 2px     2 2px     2 2px     2 3d1+    2 3d1+ 

   1.2   2   -32.9444 -129.4334  0.000134  0.000590  0.002647  0.010300  0.034629  0.096338  0.209870  0.332437  0.329303  0.154993
                                 0.022525 -0.001040  0.000632  0.000032  0.000033 -0.000005 -0.001690  0.002772  0.000002 -0.000003
                                -0.000017  0.000014  0.000061  0.000012 -0.000012 -0.000009  0.000004 -0.000012  0.000005  0.000001
                                -0.000035  0.000253  0.000141  0.000187  0.000002  0.000068  0.000012  0.000006  0.000015 -0.000000
                                -0.000013 -0.000000  0.000002 -0.000000  0.000000 -0.000003 -0.000008 -0.000002 -0.000000

   2.2   2    -3.1702  -38.9986 -0.000049 -0.000218 -0.000978 -0.003837 -0.013045 -0.037357 -0.084288 -0.141399 -0.138009  0.061856
                                 0.328134  0.383911  0.281010  0.042991 -0.002263  0.001394 -0.019701  0.072723 -0.000423  0.000007
                                 0.000038  0.000170 -0.001165  0.009887 -0.001168 -0.000817  0.000059  0.002070 -0.009212 -0.000095
                                 0.000179  0.000937  0.000075  0.002227  0.001419  0.002910  0.000192  0.000878  0.000030 -0.000001
                                 0.000085  0.000002  0.000295 -0.000021  0.001220  0.000262  0.000266 -0.000622  0.000222

   3.2   2    -0.5261  -29.5647 -0.000000 -0.000000 -0.000002 -0.000007 -0.000023 -0.000071 -0.000144 -0.000295 -0.000115  0.001457
                                 0.000085 -0.006605  0.001479 -0.011449  0.003563  0.003993 -0.001149  0.007494 -0.000941  0.003430
                                 0.025225  0.098258  0.237346  0.334145  0.356646  0.241372  0.075470 -0.001010  0.015898 -0.000337
                                 0.000110 -0.000002  0.000257 -0.000009  0.000157 -0.000022 -0.005512 -0.000035 -0.000299  0.000066
                                -0.000473  0.000084  0.000632  0.000292  0.009643  0.014643 -0.010306 -0.004374  0.000790

   4.2   0     0.0273   -3.7336  0.000002  0.000008  0.000039  0.000135  0.000526  0.001292  0.003576  0.004031  0.012170  0.049933
                                -0.050117 -0.241712  0.024365 -0.031154  0.110799 -0.243147 -0.045787  0.221569  1.098292  0.000018
                                 0.000151  0.000502  0.004401 -0.022733  0.003648 -0.003299 -0.030463 -0.003760  0.024703 -0.104554
                                 0.000036  0.000017 -0.000090  0.000061  0.000319 -0.000020 -0.003051 -0.000263 -0.000005 -0.000001
                                 0.000010 -0.000004  0.000038 -0.000001  0.002149  0.005372  0.106861  0.000159 -0.013713

   5.2   0     0.0924   -5.8511  0.000005  0.000022  0.000086  0.000394  0.001124  0.003946  0.006776  0.018050 -0.009672 -0.182855
                                 0.081617  0.695090 -0.161895  0.182189 -0.085474  1.558577  0.156330 -0.750046 -1.062576  0.000043
                                 0.000369  0.001146  0.013325 -0.070991  0.008862 -0.002569  0.035071 -0.012368  0.076046 -0.112726
                                -0.000028  0.000043  0.000282  0.000153 -0.001413 -0.000064  0.001128 -0.000699 -0.000017 -0.000003
                                 0.000048 -0.000009 -0.000087 -0.000001  0.001614  0.017420 -0.120484 -0.001280  0.015060

   6.2   0     0.1238   -4.3841  0.000001  0.000004  0.000020  0.000069  0.000266  0.000665  0.001803  0.002130  0.005818  0.022172
                                -0.022924 -0.098226  0.003926  0.025372  0.443528  0.359250 -0.020544  0.089518 -0.082941 -0.000206
                                -0.001899 -0.005153 -0.093653  0.577842 -0.058075  0.056570  0.048884  0.095089 -0.603176  1.186628
                                -0.000176  0.000009  0.000685  0.000030 -0.003360 -0.000014  0.017499 -0.000152  0.000063  0.000014
                                -0.000065  0.000039  0.000289  0.000019 -0.002709 -0.005626 -0.673554 -0.001139  0.094189

                                   1 2py     1 2py     1 2py     1 2py     1 2py     1 2py     1 2py     1 2py     1 2py     1 2py  
                                   1 2py     1 2py     1 2py     1 2py     1 2py     1 2py     1 2py     1 2py     1 2py     1 3d1- 
                                   1 3d1-    1 3d1-    1 3d1-    1 3d1-    1 3d1-    1 3d1-    1 3d1-    1 3d1-    1 3d1-    1 3d1- 
                                   1 4f1-    1 4f3-    1 4f1-    1 4f3-    1 4f1-    1 4f3-    1 4f1-    1 4f3-    1 5g1-    1 5g3- 
                                   1 5g1-    1 5g3-    1 5g1-    1 5g3-    2 2py     2 2py     2 2py     2 3d1-    2 3d1- 

   1.3   2   -32.9444 -129.4334  0.000134  0.000590  0.002647  0.010300  0.034629  0.096338  0.209870  0.332437  0.329303  0.154993
                                 0.022525 -0.001040  0.000632  0.000032  0.000033 -0.000005 -0.001690  0.002772  0.000002 -0.000003
                                -0.000017  0.000014  0.000061  0.000012 -0.000012 -0.000009  0.000004 -0.000012  0.000005  0.000001
                                -0.000035 -0.000253  0.000141 -0.000187  0.000002 -0.000068  0.000012 -0.000006  0.000015  0.000000
                                -0.000013  0.000000  0.000002  0.000000  0.000000 -0.000003 -0.000008 -0.000002 -0.000000

   2.3   2    -3.1702  -38.9986 -0.000049 -0.000218 -0.000978 -0.003837 -0.013045 -0.037357 -0.084288 -0.141399 -0.138009  0.061856
                                 0.328134  0.383911  0.281010  0.042991 -0.002263  0.001394 -0.019701  0.072723 -0.000423  0.000007
                                 0.000038  0.000170 -0.001165  0.009887 -0.001168 -0.000817  0.000059  0.002070 -0.009212 -0.000095
                                 0.000179 -0.000937  0.000075 -0.002227  0.001419 -0.002910  0.000192 -0.000878  0.000030  0.000001
                                 0.000085 -0.000002  0.000295  0.000021  0.001220  0.000262  0.000266 -0.000622  0.000222

   3.3   2    -0.5261  -29.5647 -0.000000 -0.000000 -0.000002 -0.000007 -0.000023 -0.000071 -0.000144 -0.000295 -0.000115  0.001457
                                 0.000085 -0.006605  0.001479 -0.011449  0.003563  0.003993 -0.001149  0.007494 -0.000941  0.003430
                                 0.025225  0.098258  0.237346  0.334145  0.356646  0.241372  0.075470 -0.001010  0.015898 -0.000337
                                 0.000110  0.000002  0.000257  0.000009  0.000157  0.000022 -0.005512  0.000035 -0.000299 -0.000066
                                -0.000473 -0.000084  0.000632 -0.000292  0.009643  0.014643 -0.010306 -0.004374  0.000790

   4.3   0     0.0273   -3.7336  0.000002  0.000008  0.000039  0.000135  0.000526  0.001292  0.003576  0.004031  0.012170  0.049933
                                -0.050117 -0.241712  0.024365 -0.031154  0.110799 -0.243147 -0.045787  0.221569  1.098292  0.000018
                                 0.000151  0.000502  0.004401 -0.022733  0.003648 -0.003299 -0.030463 -0.003760  0.024703 -0.104554
                                 0.000036 -0.000017 -0.000090 -0.000061  0.000319  0.000020 -0.003051  0.000263 -0.000005  0.000001
                                 0.000010  0.000004  0.000038  0.000001  0.002149  0.005372  0.106861  0.000159 -0.013713

   5.3   0     0.0924   -5.8511  0.000005  0.000022  0.000086  0.000394  0.001124  0.003946  0.006776  0.018050 -0.009672 -0.182855
                                 0.081617  0.695090 -0.161895  0.182189 -0.085474  1.558577  0.156330 -0.750046 -1.062576  0.000043
                                 0.000369  0.001146  0.013325 -0.070991  0.008862 -0.002569  0.035071 -0.012368  0.076046 -0.112726
                                -0.000028 -0.000043  0.000282 -0.000153 -0.001413  0.000064  0.001128  0.000699 -0.000017  0.000003
                                 0.000048  0.000009 -0.000087  0.000001  0.001614  0.017420 -0.120484 -0.001280  0.015060

   6.3   0     0.1238   -4.3841  0.000001  0.000004  0.000020  0.000069  0.000266  0.000665  0.001803  0.002130  0.005818  0.022172
                                -0.022924 -0.098226  0.003926  0.025372  0.443528  0.359250 -0.020544  0.089518 -0.082941 -0.000206
                                -0.001899 -0.005153 -0.093653  0.577842 -0.058075  0.056570  0.048884  0.095089 -0.603176  1.186628
                                -0.000176 -0.000009  0.000685 -0.000030 -0.003360  0.000014  0.017499  0.000152  0.000063 -0.000014
                                -0.000065 -0.000039  0.000289 -0.000019 -0.002709 -0.005626 -0.673554 -0.001139  0.094189

                                   1 3d2-    1 3d2-    1 3d2-    1 3d2-    1 3d2-    1 3d2-    1 3d2-    1 3d2-    1 3d2-    1 3d2- 
                                   1 3d2-    1 4f2-    1 4f2-    1 4f2-    1 4f2-    1 5g2-    1 5g4-    1 5g2-    1 5g4-    1 5g2- 
                                   1 5g4-    2 3d2-    2 3d2- 

   1.4   +    -0.6007  -30.2757  0.003526  0.025925  0.101010  0.242493  0.361711  0.360448  0.228578  0.054206  0.001410 -0.000131
                                -0.002604  0.000050 -0.000025 -0.001251 -0.004265 -0.000493  0.000000 -0.001218  0.000000 -0.000530
                                 0.000000  0.001379 -0.000087

   2.4   0     0.1277   -4.3662 -0.000174 -0.001757 -0.004053 -0.110222  0.709934 -0.060363  0.052629 -0.204182  0.117425 -0.733767
                                 1.099635  0.000083 -0.000378  0.001492 -0.005326  0.000022  0.000000  0.000094 -0.000000 -0.000074
                                 0.000000 -0.000603  0.010051

   3.4   0     0.4593   -7.7050 -0.000993 -0.005555 -0.032033  0.294038 -2.812765  0.067536 -0.287112  1.446640 -0.434316  2.733701
                                -0.649456 -0.000267  0.000706 -0.004052  0.018114  0.000158 -0.000000  0.000107  0.000000  0.000148
                                -0.000000  0.010911 -0.114903

   4.4   0     0.9278   -7.0105 -0.000267 -0.001303 -0.009026  0.121043 -1.100615  0.043732 -0.162326 -0.621576 -0.167425  1.080511
                                 0.080441  0.001462  0.002081  0.025999 -0.044383 -0.000253 -0.000000  0.001608  0.000000 -0.001632
                                -0.000000 -0.069074  1.305765

 HOMO      8.1    -0.309636 =      -8.4256eV
 LUMO      9.1     0.010283 =       0.2798eV
 LUMO-HOMO         0.319919 =       8.7055eV


 **********************************************************************************************************************************
 DATASETS  * FILE   NREC   LENGTH (MB)   RECORD NAMES
              1      23      178.47       500      610      700      900      950      970     1000      129      960     1700   
                                          VAR    BASINP    GEOM    SYMINP    ZMAT    AOBASIS   BASIS     P2S    ABASIS    OPER   
                                         1101     1401     1411     1412     1650     1100     1400     1410     1200     1210   
                                          SR      EKINR    POTR     PVPR    MOLCAS      S      EKIN      POT      H0       H01  
                                         1300     1080     1600   
                                         ERIS     AOSYM     SMH  

              2       4        3.19       700     1000      520     2100   
                                         GEOM     BASIS   MCVARS     RHF  

 PROGRAMS   *        TOTAL       RHF       INT
 CPU TIMES  *        16.17      3.44     12.63
 REAL TIME  *        17.74 SEC
 DISK USED  *       694.02 MB      
 **********************************************************************************************************************************
 SETTING SCF(1)         =     -1519.55324237  AU                              
 SETTING _CC_NORM_MAX   =         2.00000000                                  


1PROGRAM * CCSD (Restricted open-shell coupled cluster)     Authors: C. Hampel, H.-J. Werner, 1991, M. Deegan, P.J. Knowles, 1992


 Convergence thresholds:  THRVAR = 1.00D-08  THRDEN = 1.00D-06

 CCSD(T)     terms to be evaluated (factor= 1.000)


 Number of closed-shell orbitals:  14 (   8   3   3   0 )
 Number of active  orbitals:        1 (   0   0   0   1 )
 Number of external orbitals:     200 (  86  46  46  22 )

 Memory could be reduced to 58.18 Mwords without degradation in triples

 Number of N-1 electron functions:              29
 Number of N-2 electron functions:             406
 Number of singly external CSFs:              1951
 Number of doubly external CSFs:           3269336
 Total number of CSFs:                     3271287

 Molecular orbitals read from record     2100.2  Type=RHF/CANONICAL (state 1.4)

 Integral transformation finished. Total CPU:   1.39 sec, npass=  1  Memory used:   5.84 MW

 Starting RMP2 calculation

 Wavefunction is spin-projected

 ITER.      SQ.NORM     CORR.ENERGY   TOTAL ENERGY   ENERGY CHANGE        DEN1      VAR(S)    VAR(P)  DIIS     TIME
   1      1.15455622    -1.41216720 -1520.96540958    -1.41216720    -0.00141931  0.10D-05  0.66D-03  1  1     1.60
   2      1.15613528    -1.41366406 -1520.96690643    -0.00149685    -0.00000703  0.51D-07  0.58D-05  2  2     1.78
   3      1.15626857    -1.41373270 -1520.96697507    -0.00006865    -0.00000005  0.35D-08  0.42D-07  3  3     1.99
   4      1.15627481    -1.41373413 -1520.96697651    -0.00000143    -0.00000000  0.26D-09  0.38D-09  4  4     2.21
   5      1.15627499    -1.41373414 -1520.96697651    -0.00000001    -0.00000000  0.27D-11  0.72D-11  5  5     2.45

 Norm of t1 vector:      0.01950929      S-energy:    -0.00274334      T1 diagnostic:  0.00003472
 Norm of t2 vector:      0.39483462      P-energy:    -1.41099080
                                         Alpha-Beta:  -0.96311976
                                         Alpha-Alpha: -0.24488155
                                         Beta-Beta:   -0.20298949

 Spin contamination <S**2-Sz**2-Sz>     0.00000000
  Reference energy                  -1519.553242373172
  RHF-RMP2 correlation energy          -1.413734139382
 !RHF-RMP2 energy                   -1520.966976512555
 (NB above energy spin projected)

 Starting RCCSD calculation

 ITER.      SQ.NORM     CORR.ENERGY   TOTAL ENERGY   ENERGY CHANGE        DEN1      VAR(S)    VAR(P)  DIIS     TIME
   1      1.11257871    -1.24908003 -1520.80232240    -1.24908003    -0.07042773  0.10D-01  0.11D-01  0  0     9.01
   2      1.13519191    -1.31168483 -1520.86492720    -0.06260480    -0.01282112  0.21D-02  0.32D-02  1  1    15.37
   3      1.13444039    -1.29651642 -1520.84975879     0.01516841    -0.00075855  0.57D-03  0.13D-03  2  2    21.77
   4      1.13776761    -1.29736096 -1520.85060333    -0.00084454    -0.00025697  0.21D-03  0.50D-04  3  3    28.36
   5      1.14483396    -1.29915229 -1520.85239467    -0.00179134    -0.00004361  0.51D-04  0.54D-05  4  4    34.93
   6      1.14737188    -1.29938495 -1520.85262732    -0.00023266    -0.00001643  0.19D-04  0.22D-05  5  5    41.21
   7      1.14924095    -1.29944181 -1520.85268418    -0.00005686    -0.00000604  0.67D-05  0.71D-06  6  6    47.38
   8      1.15049685    -1.29945104 -1520.85269342    -0.00000923    -0.00000197  0.17D-05  0.31D-06  6  1    53.69
   9      1.15127441    -1.29947244 -1520.85271481    -0.00002140    -0.00000029  0.13D-06  0.87D-07  6  2    59.89
  10      1.15131813    -1.29946903 -1520.85271140     0.00000341    -0.00000007  0.47D-07  0.18D-07  6  4    66.20
  11      1.15138401    -1.29947488 -1520.85271725    -0.00000585    -0.00000002  0.11D-07  0.65D-08  6  2    72.99
  12      1.15139367    -1.29947511 -1520.85271748    -0.00000023    -0.00000000  0.92D-09  0.53D-09  6  3    79.67

 Norm of t1 vector:      0.15225504      S-energy:    -0.00300420      T1 diagnostic:  0.01955927
                                                                       D1 diagnostic:  0.08408403
 Norm of t2 vector:      0.35806714      P-energy:    -1.29647090
                                         Alpha-Beta:  -0.91585409
                                         Alpha-Alpha: -0.20630721
                                         Beta-Beta:   -0.17430960

 Singles amplitudes (print threshold =  0.500E-01):

         I         SYM. A    A   T(IA) [Beta-Beta]

         8         1         3      0.05456729

 Spin contamination <S**2-Sz**2-Sz>     0.00000000

 Memory could be reduced to 62.34 Mwords without degradation in triples
 

  Correlated core orbitals:             1.1       2.1       3.1       4.1       5.1       1.2       2.2       1.3       2.3
  Orbital energies:                  -308.6576  -38.4964  -32.9364   -4.9123   -3.1992  -32.9673   -3.2475  -32.9673   -3.2475
 
  RCCSD core-core energy               -0.482323609763
  RCCSD core-valence energy            -0.385700620794
  RCCSD valence correlation energy     -0.431450874966
 

 RESULTS
 =======

  Reference energy                  -1519.553242373172
  RCCSD singles energy                 -0.003004204837
  RCCSD pair energy                    -1.296470900686
  RCCSD correlation energy             -1.299475105523
  Triples (T) contribution             -0.037889893982
  Total correlation energy             -1.337364999505
 
  RHF-RCCSD energy                  -1520.852717478695
  RHF-RCCSD[T] energy               -1520.895259803608
  RHF-RCCSD-T energy                -1520.890310040236
 !RHF-RCCSD(T) energy               -1520.890607372678

 Program statistics:

 Available memory in ccsd:               511997950
 Min. memory needed in ccsd:               9272396
 Max. memory used in ccsd:                13400561
 Max. memory used in cckext:              10727947 (12 integral passes)
 Max. memory used in cckint:               5843422 ( 1 integral passes)



 **********************************************************************************************************************************
 DATASETS  * FILE   NREC   LENGTH (MB)   RECORD NAMES
              1      23      178.47       500      610      700      900      950      970     1000      129      960     1700   
                                          VAR    BASINP    GEOM    SYMINP    ZMAT    AOBASIS   BASIS     P2S    ABASIS    OPER   
                                         1101     1401     1411     1412     1650     1100     1400     1410     1200     1210   
                                          SR      EKINR    POTR     PVPR    MOLCAS      S      EKIN      POT      H0       H01  
                                         1300     1080     1600   
                                         ERIS     AOSYM     SMH  

              2       4        3.19       700     1000      520     2100   
                                         GEOM     BASIS   MCVARS     RHF  

 PROGRAMS   *        TOTAL  RCCSD(T)       RHF       INT
 CPU TIMES  *       386.42    370.25      3.44     12.63
 REAL TIME  *       400.64 SEC
 DISK USED  *         1.54 GB      
 **********************************************************************************************************************************
 SETTING CCSD(1)        =     -1520.89060737  AU                              

Geometry recognized as XYZ



 Recomputing integrals since geometry and symmetry changed


 Using spherical harmonics


1PROGRAM * SEWARD (Integral evaluation for generally contracted gaussian basis sets)     Author: Roland Lindh, 1990

 Geometry written to block  1 of record 701

 Orientation using atomic masses  
 Molecule type: Atom
 Symmetry elements: X,Y,Z
 Rotational constants:       0.0000000      0.0000000      0.0000000 GHz  (calculated with average atomic masses)

 Point group  D2h 



 ATOMIC COORDINATES

 NR  ATOM    CHARGE       X              Y              Z

   1  NI     28.00    0.000000000    0.000000000    0.000000000

 NUCLEAR CHARGE:                   28
 NUMBER OF PRIMITIVE AOS:         231
 NUMBER OF SYMMETRY AOS:          190
 NUMBER OF CONTRACTIONS:          190   (  54Ag  +  27B3u +  27B2u +  17B1g +  27B1u +  17B2g +  17B3g +   4Au  )
 NUMBER OF CORE ORBITALS:           9   (   3Ag  +   2B3u +   2B2u +   0B1g +   2B1u +   0B2g +   0B3g +   0Au  )
 NUMBER OF VALENCE ORBITALS:        6   (   3Ag  +   0B3u +   0B2u +   1B1g +   0B1u +   1B2g +   1B3g +   0Au  )

 MOLECULE CHANGED: INITIALIZING OCCUPATION AND DUMP RECORDS


 NUCLEAR REPULSION ENERGY    0.00000000

 One-electron integrals computed with SEWARD

 10nd-order Douglas-Kroll-Hess method activated. McWeeny DKH parametrization is used.

 Computing Douglas-Kroll integrals

 AO integral compression algorithm  1   Integral accuracy      1.0D-12

     148.374 MB (compressed) written to integral file ( 47.3%)


 NUMBER OF SORTED TWO-ELECTRON INTEGRALS:   21725389.     BUFFER LENGTH:  32768
 NUMBER OF SEGMENTS:   2  SEGMENT LENGTH:   15999094      RECORD LENGTH: 524288

 Memory used in sort:      16.56 MW

 SORT1 READ    39142000. AND WROTE    14699212. INTEGRALS IN     43 RECORDS. CPU TIME:     0.73 SEC, REAL TIME:     0.87 SEC
 SORT2 READ    14699212. AND WROTE    21725389. INTEGRALS IN    566 RECORDS. CPU TIME:     0.39 SEC, REAL TIME:     0.50 SEC

 FILE SIZES:   FILE 1:   157.2 MBYTE,  FILE 4:   180.4 MBYTE,   TOTAL:    337.6 MBYTE

 OPERATOR DM      FOR CENTER  0  COORDINATES:    0.000000    0.000000    0.000000

 EXTRA SYMMETRY OF AOS IN SYMMETRY 1:   1 1 1 1 1 1 1 1 1 1   1 1 1 1 1 1 1 1 1 1   1 1 1 2 3 2 3 2 3 2   3 2 3 2 3 2 3 2 3 2
                                        3 2 3 2 3 4 5 6 4 5   6 4 5 6
 EXTRA SYMMETRY OF AOS IN SYMMETRY 2:   1 1 1 1 1 1 1 1 1 1   1 1 1 1 1 1 1 1 1 2   3 2 3 2 3 2 3
 EXTRA SYMMETRY OF AOS IN SYMMETRY 3:   1 1 1 1 1 1 1 1 1 1   1 1 1 1 1 1 1 1 1 2   3 2 3 2 3 2 3
 EXTRA SYMMETRY OF AOS IN SYMMETRY 4:   1 1 1 1 1 1 1 1 1 1   1 2 3 2 3 2 3
 EXTRA SYMMETRY OF AOS IN SYMMETRY 5:   1 1 1 1 1 1 1 1 1 1   1 1 1 1 1 1 1 1 1 2   3 2 3 2 3 2 3
 EXTRA SYMMETRY OF AOS IN SYMMETRY 6:   1 1 1 1 1 1 1 1 1 1   1 2 3 2 3 2 3
 EXTRA SYMMETRY OF AOS IN SYMMETRY 7:   1 1 1 1 1 1 1 1 1 1   1 2 3 2 3 2 3

 Eigenvalues of metric

         1 0.411E-05 0.411E-05 0.545E-05 0.561E-04 0.180E-03 0.180E-03 0.582E-03 0.167E-02
         2 0.384E-05 0.270E-04 0.111E-02 0.469E-02 0.120E-01 0.271E-01 0.465E-01 0.865E-01
         3 0.384E-05 0.270E-04 0.111E-02 0.469E-02 0.120E-01 0.271E-01 0.465E-01 0.865E-01
         4 0.411E-05 0.180E-03 0.536E-01 0.120E+00 0.251E+00 0.251E+00 0.257E+00 0.449E+00
         5 0.384E-05 0.270E-04 0.111E-02 0.469E-02 0.120E-01 0.271E-01 0.465E-01 0.865E-01
         6 0.411E-05 0.180E-03 0.536E-01 0.120E+00 0.251E+00 0.251E+00 0.257E+00 0.449E+00
         7 0.411E-05 0.180E-03 0.536E-01 0.120E+00 0.251E+00 0.251E+00 0.257E+00 0.449E+00
         8 0.186E+00 0.527E+00 0.123E+01 0.205E+01


 **********************************************************************************************************************************
 DATASETS  * FILE   NREC   LENGTH (MB)   RECORD NAMES
              1      24       83.74       500      610      700      701      900      950      970     1001      129      960   
                                          VAR    BASINP    GEOM     GEOM    SYMINP    ZMAT    AOBASIS   BASIS     P2S    ABASIS    
                                         1700     1101     1401     1411     1412     1650     1100     1400     1410     1200   
                                         OPER      SR      EKINR    POTR     PVPR    MOLCAS      S      EKIN      POT      H0  
                                         1210     1300     1080     1600   
                                          H01     ERIS     AOSYM     SMH  

              2       6        3.58       700     1000      520     2100      701     1001   
                                         GEOM     BASIS   MCVARS     RHF     GEOM     BASIS   

 PROGRAMS   *        TOTAL       INT  RCCSD(T)       RHF       INT
 CPU TIMES  *       396.43     10.01    370.25      3.44     12.63
 REAL TIME  *       411.27 SEC
 DISK USED  *         1.54 GB      
 **********************************************************************************************************************************

1PROGRAM * RHF-SCF (OPEN SHELL)       Authors: W. Meyer, H.-J. Werner


 NUMBER OF ELECTRONS:      15+   13-    SPACE SYMMETRY=6    SPIN SYMMETRY: Triplet 
 CONVERGENCE THRESHOLDS:    1.00E-05 (Density)    1.00E-07 (Energy)
 MAX. NUMBER OF ITERATIONS:       60
 INTERPOLATION TYPE:            DIIS
 INTERPOLATION STEPS:              2 (START)      1 (STEP)
 LEVEL SHIFTS:                 -0.30 (CLOSED)  0.00 (OPEN) 


 Singly occupied orbitals:      1.4       1.7
 
 Extra symmetries of mos in symmetry 1:   1   1   1   1   3   2
 Orbital guess generated from atomic densities. Full valence occupancy:    6   2   2   1   2   1   1   0


 Molecular orbital dump at record        2101.2

 ITERATION    DDIFF          GRAD             ENERGY        2-EL.EN.            DIPOLE MOMENTS         DIIS   ORB.
    1      0.000D+00      0.000D+00     -1518.90601962   1150.897568    0.00000    0.00000    0.00000    0    start
    2      0.000D+00      0.304D-01     -1519.02392170   1195.230348    0.00000    0.00000    0.00000    1    diag,B
    3      0.154D-01      0.278D-01     -1519.10783718   1179.550594    0.00000    0.00000    0.00000    2    diag,B
    4      0.604D-02      0.299D-02     -1519.11096697   1179.133639    0.00000    0.00000    0.00000    3    diag,B
    5      0.331D-02      0.849D-03     -1519.11203560   1179.308695    0.00000    0.00000    0.00000    4    diag,B
    6      0.219D-02      0.320D-03     -1519.11238491   1179.589360    0.00000    0.00000    0.00000    5    diag,B
    7      0.152D-02      0.120D-03     -1519.11243691   1179.695789    0.00000    0.00000    0.00000    6    fixocc
    8      0.679D-03      0.242D-04     -1519.11243858   1179.708934    0.00000    0.00000    0.00000    7    diag,B
    9      0.138D-03      0.785D-05     -1519.11243873   1179.706877    0.00000    0.00000    0.00000    8    diag,B
   10      0.934D-04      0.167D-05     -1519.11243873   1179.706731    0.00000    0.00000    0.00000    9    orth
   11      0.223D-04      0.453D-06     -1519.11243873   1179.706670    0.00000    0.00000    0.00000    9    diag,B
   12      0.391D-05      0.957D-07     -1519.11243873   1179.706721    0.00000    0.00000    0.00000    0    orth

 Final alpha occupancy:   6   2   2   1   2   1   1   0
 Final beta  occupancy:   6   2   2   0   2   1   0   0

 !RHF STATE 1.6 Energy              -1519.112438734516
 Nuclear energy                         0.00000000
 One-electron energy                -2108.96579917
 Two-electron energy                  589.85336044
 Virial quotient                       -0.95374392
 !RHF STATE 1.6 Dipole moment           0.00000000     0.00000000     0.00000000
 Dipole moment /Debye                   0.00000000     0.00000000     0.00000000

 Orbital energies:

         1.1          2.1          3.1          4.1          5.1          6.1          7.1          8.1
   -308.795203   -38.626868    -5.004687    -0.281290    -0.701013    -0.641824     0.030999     0.124931

         1.2          2.2          3.2          4.2
    -33.079966    -3.299638     0.024111     0.080828

         1.3          2.3          3.3          4.3
    -33.098417    -3.311915     0.022556     0.076748

         1.4          2.4          3.4
     -0.767304     0.124835     0.438680

         1.5          2.5          3.5          4.5
    -33.079966    -3.299638     0.024111     0.080828

         1.6          2.6          3.6
     -0.641824     0.125696     0.446349

         1.7          2.7          3.7
     -0.767304     0.124835     0.438680

         1.8          2.8
      1.327383     3.854473

 HOMO      6.1    -0.641824 =     -17.4649eV
 LUMO      3.3     0.022556 =       0.6138eV
 LUMO-HOMO         0.664380 =      18.0787eV


 **********************************************************************************************************************************
 DATASETS  * FILE   NREC   LENGTH (MB)   RECORD NAMES
              1      24       83.74       500      610      700      701      900      950      970     1001      129      960   
                                          VAR    BASINP    GEOM     GEOM    SYMINP    ZMAT    AOBASIS   BASIS     P2S    ABASIS    
                                         1700     1101     1401     1411     1412     1650     1100     1400     1410     1200   
                                         OPER      SR      EKINR    POTR     PVPR    MOLCAS      S      EKIN      POT      H0  
                                         1210     1300     1080     1600   
                                          H01     ERIS     AOSYM     SMH  

              2       7        6.25       700     1000      520     2100      701     1001     2101   
                                         GEOM     BASIS   MCVARS     RHF     GEOM     BASIS     RHF  

 PROGRAMS   *        TOTAL       RHF       INT  RCCSD(T)       RHF       INT
 CPU TIMES  *       397.29      0.86     10.01    370.25      3.44     12.63
 REAL TIME  *       412.26 SEC
 DISK USED  *         1.54 GB      
 **********************************************************************************************************************************
 SETTING NI_SCF         =     -1519.11243873  AU                              
 SETTING _CC_NORM_MAX   =         2.00000000                                  


1PROGRAM * CCSD (Restricted open-shell coupled cluster)     Authors: C. Hampel, H.-J. Werner, 1991, M. Deegan, P.J. Knowles, 1992


 Convergence thresholds:  THRVAR = 1.00D-08  THRDEN = 1.00D-06

 CCSD(T)     terms to be evaluated (factor= 1.000)


 Number of closed-shell orbitals:  13 (   6   2   2   0   2   1   0   0 )
 Number of active  orbitals:        2 (   0   0   0   1   0   0   1   0 )
 Number of external orbitals:     175 (  48  25  25  16  25  16  16   4 )

 Memory could be reduced to 25.02 Mwords without degradation in triples

 Number of N-1 electron functions:              28
 Number of N-2 electron functions:             378
 Number of singly external CSFs:               942
 Number of doubly external CSFs:           1206392
 Total number of CSFs:                     1207334

 Molecular orbitals read from record     2101.2  Type=RHF/CANONICAL (state 1.6)

 Integral transformation finished. Total CPU:   0.40 sec, npass=  1  Memory used:   3.77 MW

 Starting RMP2 calculation

 Wavefunction is spin-projected

 ITER.      SQ.NORM     CORR.ENERGY   TOTAL ENERGY   ENERGY CHANGE        DEN1      VAR(S)    VAR(P)  DIIS     TIME
   1      1.11379228    -1.25164653 -1520.36408527    -1.25164653    -0.00110926  0.81D-06  0.71D-03  1  1     0.47
   2      1.11559739    -1.25281796 -1520.36525670    -0.00117143    -0.00001497  0.95D-07  0.15D-04  2  2     0.54
   3      1.11587472    -1.25292754 -1520.36536627    -0.00010957    -0.00000009  0.12D-07  0.67D-07  3  3     0.61
   4      1.11588658    -1.25293047 -1520.36536921    -0.00000294    -0.00000000  0.64D-09  0.10D-08  4  4     0.70
   5      1.11588688    -1.25293041 -1520.36536915     0.00000006    -0.00000000  0.19D-10  0.20D-10  5  5     0.78

 Norm of t1 vector:      0.02707187      S-energy:    -0.00517164      T1 diagnostic:  0.00005164
 Norm of t2 vector:      0.33934347      P-energy:    -1.24775877
                                         Alpha-Beta:  -0.85759443
                                         Alpha-Alpha: -0.23058066
                                         Beta-Beta:   -0.15958369

 Spin contamination <S**2-Sz**2-Sz>     0.00000000
  Reference energy                  -1519.112438734516
  RHF-RMP2 correlation energy          -1.252930412823
 !RHF-RMP2 energy                   -1520.365369147338
 (NB above energy spin projected)

 Starting RCCSD calculation

 ITER.      SQ.NORM     CORR.ENERGY   TOTAL ENERGY   ENERGY CHANGE        DEN1      VAR(S)    VAR(P)  DIIS     TIME
   1      1.10362421    -1.16822379 -1520.28066252    -1.16822379    -0.03207415  0.51D-02  0.49D-02  0  0     2.72
   2      1.12095899    -1.19705814 -1520.30949688    -0.02883436    -0.00349892  0.52D-03  0.11D-02  1  1     4.47
   3      1.12578957    -1.19396278 -1520.30640151     0.00309537    -0.00061764  0.29D-03  0.24D-03  2  2     6.23
   4      1.13265468    -1.19610984 -1520.30854857    -0.00214706    -0.00013787  0.41D-04  0.59D-04  3  3     8.14
   5      1.13803360    -1.19753358 -1520.30997231    -0.00142374    -0.00003252  0.10D-05  0.15D-04  4  4    10.05
   6      1.13973539    -1.19772635 -1520.31016508    -0.00019277    -0.00001197  0.26D-05  0.51D-05  5  5    11.85
   7      1.14007261    -1.19776894 -1520.31020768    -0.00004260    -0.00000295  0.11D-05  0.11D-05  6  6    13.65
   8      1.14003784    -1.19776115 -1520.31019989     0.00000779    -0.00000065  0.42D-06  0.19D-06  6  1    15.46
   9      1.13995035    -1.19775057 -1520.31018931     0.00001058    -0.00000007  0.34D-07  0.27D-07  6  2    17.26
  10      1.13993791    -1.19775469 -1520.31019342    -0.00000412    -0.00000001  0.26D-08  0.35D-08  6  4    19.06
  11      1.13994214    -1.19775390 -1520.31019263     0.00000079    -0.00000000  0.11D-09  0.45D-09  6  3    20.85

 Norm of t1 vector:      0.11804388      S-energy:    -0.00546982      T1 diagnostic:  0.01495106
                                                                       D1 diagnostic:  0.06464888
 Norm of t2 vector:      0.35497575      P-energy:    -1.19228408
                                         Alpha-Beta:  -0.84163405
                                         Alpha-Alpha: -0.20342695
                                         Beta-Beta:   -0.14722307

 Singles amplitudes (print threshold =  0.500E-01):

         I         SYM. A    A   T(IA) [Alpha-Alpha]

         4         1         4     -0.05457193

 Doubles amplitudes (print threshold =  0.500E-01):

         I         J         SYM. A    SYM. B    A         B      T(IJ, AB) [Beta-Beta]

        14         6         4         7         1         1     -0.07555328
        14         6         7         4         1         1      0.07555328
 
         I         J         SYM. A    SYM. B    A         B      T(IJ, AB) [Alpha-Beta]

         4         4         2         2         2         2     -0.05496690
         4         4         3         3         2         2     -0.05747340
         4         4         5         5         2         2     -0.05496690

 Spin contamination <S**2-Sz**2-Sz>     0.00000000

 Memory could be reduced to 22.49 Mwords without degradation in triples
 

  Correlated core orbitals:             1.1       2.1       3.1       1.2       2.2       1.3       2.3       1.5       2.5
  Orbital energies:                  -308.7956  -38.6614   -5.0991  -33.1073   -3.3910  -33.1465   -3.4714  -33.1073   -3.3910
 
  RCCSD core-core energy               -0.487360352440
  RCCSD core-valence energy            -0.375074226526
  RCCSD valence correlation energy     -0.335319319131
 

 RESULTS
 =======

  Reference energy                  -1519.112438734516
  RCCSD singles energy                 -0.005469822222
  RCCSD pair energy                    -1.192284075876
  RCCSD correlation energy             -1.197753898097
  Triples (T) contribution             -0.027468643820
  Total correlation energy             -1.225222541917
 
  RHF-RCCSD energy                  -1520.310192632613
  RHF-RCCSD[T] energy               -1520.339307436262
  RHF-RCCSD-T energy                -1520.337301405091
 !RHF-RCCSD(T) energy               -1520.337661276433

 Program statistics:

 Available memory in ccsd:               511997950
 Min. memory needed in ccsd:               3457227
 Max. memory used in ccsd:                 4973121
 Max. memory used in cckext:               3959262 (11 integral passes)
 Max. memory used in cckint:               3770603 ( 1 integral passes)



 **********************************************************************************************************************************
 DATASETS  * FILE   NREC   LENGTH (MB)   RECORD NAMES
              1      24       83.74       500      610      700      701      900      950      970     1001      129      960   
                                          VAR    BASINP    GEOM     GEOM    SYMINP    ZMAT    AOBASIS   BASIS     P2S    ABASIS    
                                         1700     1101     1401     1411     1412     1650     1100     1400     1410     1200   
                                         OPER      SR      EKINR    POTR     PVPR    MOLCAS      S      EKIN      POT      H0  
                                         1210     1300     1080     1600   
                                          H01     ERIS     AOSYM     SMH  

              2       7        6.25       700     1000      520     2100      701     1001     2101   
                                         GEOM     BASIS   MCVARS     RHF     GEOM     BASIS     RHF  

 PROGRAMS   *        TOTAL  RCCSD(T)       RHF       INT  RCCSD(T)       RHF       INT
 CPU TIMES  *       475.39     78.10      0.86     10.01    370.25      3.44     12.63
 REAL TIME  *       494.50 SEC
 DISK USED  *         1.54 GB      
 **********************************************************************************************************************************
 SETTING NI_CCSD        =     -1520.33766128  AU                              

Geometry recognized as XYZ



 Recomputing integrals since geometry and symmetry changed


 Using spherical harmonics


1PROGRAM * SEWARD (Integral evaluation for generally contracted gaussian basis sets)     Author: Roland Lindh, 1990

 Geometry written to block  1 of record 702

 Orientation using atomic masses  
 Molecule type: Atom
 Symmetry elements: X,Y,Z
 Rotational constants:       0.0000000      0.0000000      0.0000000 GHz  (calculated with average atomic masses)

 Point group  D2h 



 ATOMIC COORDINATES

 NR  ATOM    CHARGE       X              Y              Z

   1  H       1.00    0.000000000    0.000000000    0.000000000

 NUCLEAR CHARGE:                    1
 NUMBER OF PRIMITIVE AOS:          27
 NUMBER OF SYMMETRY AOS:           25
 NUMBER OF CONTRACTIONS:           25   (  10Ag  +   3B3u +   3B2u +   2B1g +   3B1u +   2B2g +   2B3g +   0Au  )
 NUMBER OF CORE ORBITALS:           0   (   0Ag  +   0B3u +   0B2u +   0B1g +   0B1u +   0B2g +   0B3g +   0Au  )
 NUMBER OF VALENCE ORBITALS:        1   (   1Ag  +   0B3u +   0B2u +   0B1g +   0B1u +   0B2g +   0B3g +   0Au  )

 MOLECULE CHANGED: INITIALIZING OCCUPATION AND DUMP RECORDS


 NUCLEAR REPULSION ENERGY    0.00000000

 One-electron integrals computed with SEWARD

 10nd-order Douglas-Kroll-Hess method activated. McWeeny DKH parametrization is used.

 Computing Douglas-Kroll integrals

 AO integral compression algorithm  1   Integral accuracy      1.0D-12

     0.262 MB (compressed) written to integral file (100.0%)


 NUMBER OF SORTED TWO-ELECTRON INTEGRALS:       9151.     BUFFER LENGTH:  32768
 NUMBER OF SEGMENTS:   1  SEGMENT LENGTH:       9151      RECORD LENGTH: 524288

 Memory used in sort:       0.57 MW

 SORT1 READ       19237. AND WROTE        7791. INTEGRALS IN      1 RECORDS. CPU TIME:     0.00 SEC, REAL TIME:     0.00 SEC
 SORT2 READ        7791. AND WROTE        9151. INTEGRALS IN      1 RECORDS. CPU TIME:     0.01 SEC, REAL TIME:     0.01 SEC

 FILE SIZES:   FILE 1:     8.0 MBYTE,  FILE 4:     4.2 MBYTE,   TOTAL:     12.2 MBYTE

 OPERATOR DM      FOR CENTER  0  COORDINATES:    0.000000    0.000000    0.000000

 EXTRA SYMMETRY OF AOS IN SYMMETRY 1:   1 1 1 1 1 1 2 3 2 3

 Eigenvalues of metric

         1 0.453E-01 0.168E+00 0.420E+00 0.574E+00 0.574E+00 0.859E+00 0.143E+01 0.143E+01
         2 0.230E+00 0.821E+00 0.195E+01
         3 0.230E+00 0.821E+00 0.195E+01
         4 0.574E+00 0.143E+01
         5 0.230E+00 0.821E+00 0.195E+01
         6 0.574E+00 0.143E+01
         7 0.574E+00 0.143E+01


 **********************************************************************************************************************************
 DATASETS  * FILE   NREC   LENGTH (MB)   RECORD NAMES
              1      24        7.79       500      610      700      702      900      950      970     1002      129      960   
                                          VAR    BASINP    GEOM     GEOM    SYMINP    ZMAT    AOBASIS   BASIS     P2S    ABASIS    
                                         1700     1101     1401     1411     1412     1650     1100     1400     1410     1200   
                                         OPER      SR      EKINR    POTR     PVPR    MOLCAS      S      EKIN      POT      H0  
                                         1210     1300     1080     1600   
                                          H01     ERIS     AOSYM     SMH  

              2       9        6.51       700     1000      520     2100      701     1001     2101      702     1002   
                                         GEOM     BASIS   MCVARS     RHF     GEOM     BASIS     RHF     GEOM     BASIS   

 PROGRAMS   *        TOTAL       INT  RCCSD(T)       RHF       INT  RCCSD(T)       RHF       INT
 CPU TIMES  *       475.57      0.18     78.10      0.86     10.01    370.25      3.44     12.63
 REAL TIME  *       494.81 SEC
 DISK USED  *         1.54 GB      
 **********************************************************************************************************************************

1PROGRAM * RHF-SCF (OPEN SHELL)       Authors: W. Meyer, H.-J. Werner


 NUMBER OF ELECTRONS:       1+    0-    SPACE SYMMETRY=1    SPIN SYMMETRY: Doublet 
 CONVERGENCE THRESHOLDS:    1.00E-05 (Density)    1.00E-07 (Energy)
 MAX. NUMBER OF ITERATIONS:       60
 INTERPOLATION TYPE:            DIIS
 INTERPOLATION STEPS:              2 (START)      1 (STEP)
 LEVEL SHIFTS:                 -0.30 (CLOSED)  0.00 (OPEN) 


 Singly occupied orbitals:      1.1
 Orbital guess generated from atomic densities. Full valence occupancy:    1   0   0   0   0   0   0   0


 Molecular orbital dump at record        2102.2

 ITERATION    DDIFF          GRAD             ENERGY        2-EL.EN.            DIPOLE MOMENTS         DIIS   ORB.
    1      0.000D+00      0.000D+00        -0.48870763      0.000000    0.00000    0.00000    0.00000    0    start
    2      0.000D+00      0.127D-01        -0.49810092     -0.000000    0.00000    0.00000    0.00000    1    diag,B
    3      0.108D-01      0.497D-02        -0.49982705      0.000000    0.00000    0.00000    0.00000    2    diag,B
    4      0.747D-02      0.125D-03        -0.49982785     -0.000000    0.00000    0.00000    0.00000    3    diag,B
    5      0.274D-03      0.912D-05        -0.49982785      0.000000    0.00000    0.00000    0.00000    4    diag,B
    6      0.201D-04      0.919D-06        -0.49982785      0.000000    0.00000    0.00000    0.00000    5    diag,B
    7      0.146D-05      0.931D-07        -0.49982785      0.000000    0.00000    0.00000    0.00000    0    orth

 Final alpha occupancy:   1   0   0   0   0   0   0
 Final beta  occupancy:   0   0   0   0   0   0   0

 !RHF STATE 1.1 Energy                 -0.499827850062
 Nuclear energy                         0.00000000
 One-electron energy                   -0.49982785
 Two-electron energy                    0.00000000
 Virial quotient                       -1.00090879
 !RHF STATE 1.1 Dipole moment           0.00000000     0.00000000     0.00000000
 Dipole moment /Debye                   0.00000000     0.00000000     0.00000000

 Orbital energies:

         1.1          2.1          3.1
     -0.499828     0.057508     0.442797

         1.2          2.2
      0.205842     0.985026

         1.3          2.3
      0.205842     0.985026

         1.4          2.4
      0.806866     3.838893

         1.5          2.5
      0.205842     0.985026

         1.6          2.6
      0.806866     3.838893

         1.7          2.7
      0.806866     3.838893

 HOMO      1.1    -0.499828 =     -13.6010eV
 LUMO      2.1     0.057508 =       1.5649eV
 LUMO-HOMO         0.557336 =      15.1659eV


 **********************************************************************************************************************************
 DATASETS  * FILE   NREC   LENGTH (MB)   RECORD NAMES
              1      24        7.79       500      610      700      702      900      950      970     1002      129      960   
                                          VAR    BASINP    GEOM     GEOM    SYMINP    ZMAT    AOBASIS   BASIS     P2S    ABASIS    
                                         1700     1101     1401     1411     1412     1650     1100     1400     1410     1200   
                                         OPER      SR      EKINR    POTR     PVPR    MOLCAS      S      EKIN      POT      H0  
                                         1210     1300     1080     1600   
                                          H01     ERIS     AOSYM     SMH  

              2      10        9.00       700     1000      520     2100      701     1001     2101      702     1002     2102   
                                         GEOM     BASIS   MCVARS     RHF     GEOM     BASIS     RHF     GEOM     BASIS     RHF  

 PROGRAMS   *        TOTAL       RHF       INT  RCCSD(T)       RHF       INT  RCCSD(T)       RHF       INT
 CPU TIMES  *       475.59      0.02      0.18     78.10      0.86     10.01    370.25      3.44     12.63
 REAL TIME  *       494.86 SEC
 DISK USED  *         1.54 GB      
 **********************************************************************************************************************************
 SETTING H_SCF          =        -0.49982785  AU                              
 Output type csv         
                                                                                                                                                                                                                                                                

     Z,SCF,CCSD
   1.1,   -1519.553242,   -1520.890607
                                                  

        RHF-SCF         RCCSD(T)        RHF-SCF         RCCSD(T)        RHF-SCF 
     -0.49982785  -1520.33766128  -1519.11243873  -1520.89060737  -1519.55324237
 **********************************************************************************************************************************
 Variable memory released
