
 Primary working directories    : /tmp/cmelton
 Secondary working directories  : /tmp/cmelton
 Wavefunction directory         : /remote/cmelton/wfu/
 Main file repository           : /tmp/cmelton/

 SHA1      : 4c1979699e6aeda0524d0210415ba82a958648b0
 NAME      : 2012.1.39
 ARCHNAME  : Linux/x86_64
 FC        : /projects/sems/install/rhel6-x86_64/sems/compiler/intel/16.0.1/base/bin/ifort
 FCVERSION : 16.0.1
 BLASLIB   : -L/projects/sems/install/rhel6-x86_64/sems/compiler/intel/16.0.1/base/compilers_and_libraries_2016.1.150/linux/mkl/lib/intel64 -lmkl_intel_ilp64 -lmkl_sequential -lmkl_core
 id        : sandiacon

 Nodes            nprocs
 doppio.sandia.gov    1

 Using customized tuning parameters: mindgm=7; mindgv=16; mindgc=1; mindgr=1; noblas=0; minvec=7
 default implementation of scratch files=df  

 ***,Calculation for Be atom, singlet and triplet
 memory,512,m
 gthresh,twoint=1.0E-12
 
 basis={
 ecp,Ni,10,2,0;
 3;1,4.22878924,18.00000000;3,4.46202418,76.11820629;2,4.44960456,-82.85330412;
 1;2,11.62700064,120.84003628;
 1;2,9.57327085,58.54148726;
 s, NI , 15503020, 2321071, 528180.2, 149604, 48809.07, 17622.39, 6874.201, 2851.857, 1244.334, 566.1547, 266.7873, 129.3752, 63.65161, 29.33302, 14.82212, 7.460513, 3.413576, 1.632884, 0.743579, 0.172592, 0.07742, 0.033701, 6.7511, 1.8578, 0.0146700
 p, NI , 45066.62, 10662.64, 3463.431, 1326.624, 564.7414, 258.8288, 125.3115, 63.24233, 32.82406, 17.39692, 9.324394, 4.938839, 2.562025, 1.299294, 0.634678, 0.2325994, 0.091523, 0.035574, 10.4540, 2.9156, 0.0138300
 d, NI , 432.2741887, 127.4570298, 48.83096424, 21.01674656, 9.65710264, 4.60305286, 2.18924426, 1.01439313, 0.45035253, 0.18765306, 0.07047793, 6.8868, 3.5696, 0.0264700
 f, NI , 10.2360, 4.3458, 1.8450, 0.6302, 0.2152600
 g, NI , 8.4803, 3.7875, 1.5215, 0.6112100
 h, NI , 7.5953, 3.1948, 1.3438200
 ECP,H,0,1,0
 3;
 2,   21.77696655044365 ,     -10.85192405303825 ;
  1,   21.24359508259891 ,       1.00000000000000;
  3,   21.24359508259891 ,      21.24359508259891;
 1; 2,                   1.,                      0.;
 s, H , 82.64, 12.41, 2.824, 0.7977, 0.2581, 0.08989, 0.0236300
 p, H , 2.292, 0.838, 0.292, 0.0848000
 d, H , 2.062, 0.662, 0.1900000
 f, H , 1.397, 0.3600000
 }
 
 ne    =19
 symm  =4
 ss    =1
 
 do i=1,1
     z(i) = 1.1 + 0.05*(i-1)
     geometry={
         2
         Oxygen
         Ni  0.0 0.0 0.0
         H  0.0 0.0 z(i)
     }
     {rhf
      wf,ne,symm,ss
      print,orbitals=3
     }
     scf(i)=energy
     _CC_NORM_MAX=2.0
     {rccsd(t);maxit,100;core}
     ccsd(i)=energy
 enddo
 
 geometry={
    1
    Vanadium
    Ni 0.0 0.0 0.0
 }
 {rhf;
  start,atden
  wf,18,6,2;
  occ,4,1,1,1,1,1,1,0;
  open,1.4,1.7
  sym,1,1,1,3,2
 }
 Ni_scf=energy
 _CC_NORM_MAX=2.0
 {rccsd(t);maxit,100;core}
 Ni_ccsd=energy
 
 geometry={
    1
    Oxygen
    H 0.0 0.0 0.0
 }
 {rhf;
  wf,1,1,1;
  occ,1,0,0,0,0,0,0,0;
  open,1.1;
 }
 H_scf=energy
 
 table,z,scf,ccsd
 save
 type,csv

 Variables initialized (782), CPU time= 0.00 sec
 Commands  initialized (547), CPU time= 0.01 sec, 517 directives.
 Default parameters read. Elapsed time= 0.08 sec

 Checking input...
 Passed
1


                                         ***  PROGRAM SYSTEM MOLPRO  ***
                         Copyright, University College Cardiff Consultants Limited, 2008

                                    Version 2012.1 linked Aug  2 2016 14:07:26


 **********************************************************************************************************************************
 LABEL *   Calculation for Be atom, singlet and triplet                                  
 Linux-3.10.0-693.5.2.el7.x86_64/doppio.sandia.gov(x86_64) 64 bit serial version         DATE: 14-Feb-18          TIME: 12:21:37  
 **********************************************************************************************************************************

 SHA1:             4c1979699e6aeda0524d0210415ba82a958648b0
 **********************************************************************************************************************************

 THRESHOLDS:

 ZERO    =  1.00D-12  ONEINT  =  1.00D-12  TWOINT  =  1.00D-12  PREFAC  =  1.00D-14  LOCALI  =  1.00D-09  EORDER  =  1.00D-04
 ENERGY  =  0.00D+00  ETEST   =  0.00D+00  EDENS   =  0.00D+00  THRDEDEF=  1.00D-06  GRADIENT=  1.00D-02  STEP    =  1.00D-03
 ORBITAL =  1.00D-05  CIVEC   =  1.00D-05  COEFF   =  1.00D-04  PRINTCI =  5.00D-02  PUNCHCI =  9.90D+01  OPTGRAD =  3.00D-04
 OPTENERG=  1.00D-06  OPTSTEP =  3.00D-04  THRGRAD =  1.00D-10  COMPRESS=  1.00D-11  VARMIN  =  1.00D-07  VARMAX  =  1.00D-03
 THRDOUB =  0.00D+00  THRDIV  =  1.00D-05  THRRED  =  1.00D-07  THRPSP  =  1.00D+00  THRDC   =  1.00D-10  THRCS   =  1.00D-10
 THRNRM  =  1.00D-08  THREQ   =  0.00D+00  THRDE   =  1.00D+00  THRREF  =  1.00D-05  SPARFAC =  1.00D+00  THRDLP  =  1.00D-07
 THRDIA  =  1.00D-10  THRDLS  =  1.00D-07  THRGPS  =  0.00D+00  THRKEX  =  0.00D+00  THRDIS  =  2.00D-01  THRVAR  =  1.00D-10
 THRLOC  =  1.00D-06  THRGAP  =  1.00D-06  THRLOCT = -1.00D+00  THRGAPT = -1.00D+00  THRORB  =  1.00D-06  THRMLTP =  0.00D+00
 THRCPQCI=  1.00D-10  KEXTA   =  0.00D+00  THRCOARS=  0.00D+00  SYMTOL  =  1.00D-06  GRADTOL =  1.00D-06  THROVL  =  1.00D-08
 THRORTH =  1.00D-08  GRID    =  1.00D-06  GRIDMAX =  1.00D-03  DTMAX   =  0.00D+00  THROCCDE=  1.00D-01  THROCCDE=  1.00D-01



 Variable memory set to  512000000 words,  buffer space   230000 words

 SETTING BASIS          =    USERDEF
 SETTING NE             =        19.00000000                                  
 SETTING SYMM           =         4.00000000                                  
 SETTING SS             =         1.00000000                                  

 DO I                   =         1.00000000   
 SETTING Z(1)           =         1.10000000                                  

Geometry recognized as XYZ



 Recomputing integrals since basis changed


 Using spherical harmonics


1PROGRAM * SEWARD (Integral evaluation for generally contracted gaussian basis sets)     Author: Roland Lindh, 1990

 Geometry written to block  1 of record 700


 Point group  C2v 



 ATOMIC COORDINATES

 NR  ATOM    CHARGE       X              Y              Z

   1  NI     18.00    0.000000000    0.000000000    0.000000000
   2  H       1.00    0.000000000    0.000000000    2.078698745

 Bond lengths in Bohr (Angstrom)

 1-2  2.078698745
     ( 1.100000000)

 NUCLEAR CHARGE:                   19
 NUMBER OF PRIMITIVE AOS:         402
 NUMBER OF SYMMETRY AOS:          310
 NUMBER OF CONTRACTIONS:          310   ( 126A1  +  73B1  +  73B2  +  38A2  )
 NUMBER OF CORE ORBITALS:           4   (   2A1  +   1B1  +   1B2  +   0A2  )
 NUMBER OF VALENCE ORBITALS:        7   (   4A1  +   1B1  +   1B2  +   1A2  )


 NUCLEAR REPULSION ENERGY    8.65926342

 EXTRA SYMMETRY OF AOS IN SYMMETRY 1:   1 1 1 1 1 1 1 1 1 1   1 1 1 1 1 1 1 1 1 1   1 1 1 1 1 1 1 1 1 1   1 1 1 1 1 1 1 1 1 1
                                        1 1 1 1 1 1 1 2 1 2   1 2 1 2 1 2 1 2 1 2   1 2 1 2 1 2 1 2 1 2   1 2 1 2 1 2 1 2 1 2
                                        1 2 1 2 1 3 2 1 3 2   1 3 2 1 3 2 2 3 1 2   3 1 2 3 1 1 1 1 1 1   1 1 1 1 1 1 1 2 1 2
                                        1 2 1 2 1 2
 EXTRA SYMMETRY OF AOS IN SYMMETRY 2:   1 1 1 1 1 1 1 1 1 1   1 1 1 1 1 1 1 1 1 1   1 1 1 1 1 1 1 1 1 1   1 1 1 1 1 1 2 1 2 1
                                        2 1 2 1 2 1 2 1 2 1   2 1 2 1 2 3 1 2 3 1   2 3 1 1 1 1 1 1 1 1   2 1 2
 EXTRA SYMMETRY OF AOS IN SYMMETRY 3:   1 1 1 1 1 1 1 1 1 1   1 1 1 1 1 1 1 1 1 1   1 1 1 1 1 1 1 1 1 1   1 1 1 1 1 1 2 1 2 1
                                        2 1 2 1 2 1 2 1 2 1   2 1 2 1 2 3 1 2 3 1   2 3 1 1 1 1 1 1 1 1   2 1 2
 EXTRA SYMMETRY OF AOS IN SYMMETRY 4:   1 1 1 1 1 1 1 1 1 1   1 1 1 1 1 1 1 1 1 1   2 1 2 1 2 1 2 2 1 2   1 2 1 1 1 1 1 1

 Eigenvalues of metric

         1 0.493E-06 0.858E-06 0.467E-05 0.893E-05 0.135E-04 0.185E-04 0.206E-04 0.718E-04
         2 0.903E-06 0.102E-04 0.203E-04 0.466E-03 0.723E-03 0.974E-03 0.191E-02 0.415E-02
         3 0.903E-06 0.102E-04 0.203E-04 0.466E-03 0.723E-03 0.974E-03 0.191E-02 0.415E-02
         4 0.206E-04 0.743E-03 0.955E-02 0.236E-01 0.334E-01 0.637E-01 0.814E-01 0.127E+00


 Contracted 2-electron integrals neglected if value below      1.0D-13
 AO integral compression algorithm  1   Integral accuracy      1.0D-13

     1086.325 MB (compressed) written to integral file ( 45.4%)


 NUMBER OF SORTED TWO-ELECTRON INTEGRALS:  297476048.     BUFFER LENGTH:  32768
 NUMBER OF SEGMENTS:  10  SEGMENT LENGTH:   31996000      RECORD LENGTH: 524288

 Memory used in sort:      32.55 MW

 SORT1 READ   299065286. AND WROTE   143015813. INTEGRALS IN    413 RECORDS. CPU TIME:     3.81 SEC, REAL TIME:     5.07 SEC
 SORT2 READ   143015813. AND WROTE   297476048. INTEGRALS IN   4144 RECORDS. CPU TIME:     3.18 SEC, REAL TIME:     4.03 SEC

 FILE SIZES:   FILE 1:  1096.2 MBYTE,  FILE 4:  1732.3 MBYTE,   TOTAL:   2828.5 MBYTE

 OPERATOR DM      FOR CENTER  0  COORDINATES:    0.000000    0.000000    0.000000


 **********************************************************************************************************************************
 DATASETS  * FILE   NREC   LENGTH (MB)   RECORD NAMES
              1      20      810.42       500      610      700      900      950      970     1000      129      960     1100   
                                          VAR    BASINP    GEOM    SYMINP    ZMAT    AOBASIS   BASIS     P2S    ABASIS      S 
                                         1400     1410     1420     1200     1210     1080     1600     1650     1300     1700   
                                           T        V       ECP      H0       H01     AOSYM     SMH    MOLCAS    ERIS     OPER   

 PROGRAMS   *        TOTAL       INT
 CPU TIMES  *        58.53     58.44
 REAL TIME  *        62.42 SEC
 DISK USED  *         2.83 GB      
 **********************************************************************************************************************************

1PROGRAM * RHF-SCF (OPEN SHELL)       Authors: W. Meyer, H.-J. Werner


 NUMBER OF ELECTRONS:      10+    9-    SPACE SYMMETRY=4    SPIN SYMMETRY: Doublet 
 CONVERGENCE THRESHOLDS:    1.00E-05 (Density)    1.00E-07 (Energy)
 MAX. NUMBER OF ITERATIONS:       60
 INTERPOLATION TYPE:            DIIS
 INTERPOLATION STEPS:              2 (START)      1 (STEP)
 LEVEL SHIFTS:                 -0.30 (CLOSED)  0.00 (OPEN) 



 Orbital guess generated from atomic densities. Full valence occupancy:    6   2   2   1

 Molecular orbital dump at record        2100.2

 ITERATION    DDIFF          GRAD             ENERGY        2-EL.EN.            DIPOLE MOMENTS         DIIS   ORB.
    1      0.000D+00      0.000D+00      -168.98924284    262.827112    0.00000    0.00000   -1.88590    0    start
    2      0.000D+00      0.473D-01      -169.10483580    310.123846    0.00000    0.00000   -0.87606    1    diag,B
    3      0.172D-01      0.494D-01      -169.68605348    290.641581    0.00000    0.00000   -1.10350    2    diag,B
    4      0.853D-02      0.436D-02      -169.69342822    288.741626    0.00000    0.00000   -1.14726    3    diag,B
    5      0.172D-02      0.612D-03      -169.69443852    288.851207    0.00000    0.00000   -1.14873    4    diag,B
    6      0.633D-03      0.305D-03      -169.69482687    288.886172    0.00000    0.00000   -1.15122    5    diag,B
    7      0.426D-03      0.134D-03      -169.69490793    288.869360    0.00000    0.00000   -1.14639    6    fixocc
    8      0.230D-03      0.752D-04      -169.69493465    288.854581    0.00000    0.00000   -1.13861    7    diag,B
    9      0.981D-04      0.389D-04      -169.69494728    288.837415    0.00000    0.00000   -1.12838    8    diag,B
   10      0.729D-04      0.222D-04      -169.69495310    288.818317    0.00000    0.00000   -1.11805    9    orth
   11      0.508D-04      0.852D-05      -169.69495372    288.811341    0.00000    0.00000   -1.11462    9    diag,B
   12      0.452D-04      0.264D-05      -169.69495375    288.810643    0.00000    0.00000   -1.11412    9    diag,B
   13      0.215D-04      0.686D-06      -169.69495375    288.810422    0.00000    0.00000   -1.11417    9    diag,B
   14      0.492D-05      0.413D-06      -169.69495375    288.810673    0.00000    0.00000   -1.11417    0    orth

 Final alpha occupancy:   5   2   2   1
 Final beta  occupancy:   5   2   2   0

 !RHF STATE 1.4 Energy               -169.694953753067
 Nuclear energy                         8.65926342
 One-electron energy                 -322.75955347
 Two-electron energy                  144.40533629
 Virial quotient                       -1.64245295
 !RHF STATE 1.4 Dipole moment           0.00000000     0.00000000    -1.11416960
 Dipole moment /Debye                   0.00000000     0.00000000    -2.83175117

 ELECTRON ORBITALS
 =================


   Orb  Occ    Energy  Couls-En    Coefficients

                                   1 1s      1 1s      1 1s      1 1s      1 1s      1 1s      1 1s      1 1s      1 1s      1 1s   
                                   1 1s      1 1s      1 1s      1 1s      1 1s      1 1s      1 1s      1 1s      1 1s      1 1s   
                                   1 1s      1 1s      1 1s      1 1s      1 1s      1 2pz     1 2pz     1 2pz     1 2pz     1 2pz  
                                   1 2pz     1 2pz     1 2pz     1 2pz     1 2pz     1 2pz     1 2pz     1 2pz     1 2pz     1 2pz  
                                   1 2pz     1 2pz     1 2pz     1 2pz     1 2pz     1 2pz     1 3d0     1 3d2+    1 3d0     1 3d2+ 
                                   1 3d0     1 3d2+    1 3d0     1 3d2+    1 3d0     1 3d2+    1 3d0     1 3d2+    1 3d0     1 3d2+ 
                                   1 3d0     1 3d2+    1 3d0     1 3d2+    1 3d0     1 3d2+    1 3d0     1 3d2+    1 3d0     1 3d2+ 
                                   1 3d0     1 3d2+    1 3d0     1 3d2+    1 4f0     1 4f2+    1 4f0     1 4f2+    1 4f0     1 4f2+ 
                                   1 4f0     1 4f2+    1 4f0     1 4f2+    1 5g0     1 5g4+    1 5g2+    1 5g0     1 5g4+    1 5g2+ 
                                   1 5g0     1 5g4+    1 5g2+    1 5g0     1 5g4+    1 5g2+    1 6h2+    1 6h4+    1 6h0     1 6h2+ 
                                   1 6h4+    1 6h0     1 6h2+    1 6h4+    1 6h0     2 1s      2 1s      2 1s      2 1s      2 1s   
                                   2 1s      2 1s      2 2pz     2 2pz     2 2pz     2 2pz     2 3d0     2 3d2+    2 3d0     2 3d2+ 
                                   2 3d0     2 3d2+    2 4f0     2 4f2+    2 4f0     2 4f2+ 

   1.1   2    -4.7685  -26.6282 -0.000000  0.000000 -0.000000  0.000000 -0.000001  0.000005 -0.000016  0.000054 -0.000163  0.000468
                                -0.001272  0.003312 -0.008513  0.026298  0.072882 -1.937175  0.087688  0.302522  0.329080  0.012415
                                -0.012196  0.004160  1.575346  0.435590  0.000478  0.000000 -0.000000  0.000000 -0.000000  0.000001
                                -0.000004  0.000014 -0.000045  0.000156 -0.000743 -0.007771  0.006308  0.023452 -0.004716  0.003028
                                 0.000427 -0.003340  0.000378  0.006484 -0.021472  0.000397 -0.000000  0.000000  0.000002 -0.000000
                                -0.000010  0.000000  0.000051 -0.000000 -0.000495  0.000000 -0.003852  0.000000 -0.001760  0.000000
                                 0.001394  0.000000  0.001723  0.000000 -0.000630  0.000000 -0.000550 -0.000000  0.001542 -0.000000
                                 0.003077  0.000000  0.000174  0.000000 -0.000066  0.000000 -0.000090  0.000000  0.000042  0.000000
                                 0.001454 -0.000000  0.000009 -0.000000 -0.000099  0.000181  0.000000 -0.000108  0.000198  0.000000
                                -0.000042  0.000558  0.000000  0.000451  0.000250  0.000000  0.000000 -0.000001  0.000007 -0.000000
                                 0.000000 -0.000001 -0.000000 -0.000004  0.000207  0.000018  0.000385  0.001830  0.001115 -0.001137
                                 0.006976 -0.002682 -0.000988  0.000261  0.000844 -0.000743  0.000648 -0.000000 -0.000255 -0.000000
                                -0.000670  0.000000 -0.000475  0.000000  0.000463  0.000000

   2.1   2    -3.1627  -23.3450 -0.000000  0.000000 -0.000000  0.000000 -0.000000  0.000000 -0.000000  0.000000 -0.000001  0.000002
                                -0.000006  0.000014 -0.000031  0.000113 -0.001316  0.024037  0.009772  0.043957 -0.013455  0.006766
                                -0.000881 -0.000778 -0.024829 -0.047544  0.000236  0.000000 -0.000000  0.000001 -0.000002  0.000009
                                -0.000030  0.000099 -0.000334  0.001455 -0.000847  0.104277  0.230408  0.399692  0.353897  0.154549
                                 0.022704 -0.001913  0.000385 -0.153381 -0.018153 -0.000122  0.000000 -0.000000 -0.000002  0.000000
                                 0.000009 -0.000000 -0.000095  0.000000 -0.000447  0.000000  0.002245  0.000000  0.000267  0.000000
                                -0.001981  0.000000  0.000909  0.000000  0.003539  0.000000 -0.000489  0.000000 -0.001470  0.000000
                                -0.003818 -0.000000  0.000118 -0.000000 -0.000505  0.000000 -0.001774  0.000000 -0.001064 -0.000000
                                -0.000074 -0.000000  0.000856 -0.000000  0.000046 -0.000001 -0.000000  0.000143 -0.000001 -0.000000
                                 0.000516 -0.000003 -0.000000  0.000251 -0.000004  0.000000  0.000000 -0.000055  0.000043  0.000000
                                -0.000103  0.000169  0.000000  0.000029  0.000163  0.000048  0.001449  0.006163  0.015082 -0.009017
                                 0.002947  0.000018 -0.002896 -0.003829  0.001837 -0.000645  0.001334  0.000000  0.000826  0.000000
                                 0.000448  0.000000 -0.000490 -0.000000 -0.000172  0.000000

   3.1   2    -0.5619  -13.7382  0.000000 -0.000000  0.000000 -0.000000  0.000000 -0.000000  0.000002 -0.000005  0.000016 -0.000045
                                 0.000122 -0.000320  0.000838 -0.002795 -0.005539  0.211132  0.011225  0.041251 -0.077240 -0.044185
                                -0.041736 -0.008692 -0.185519 -0.137632 -0.004154  0.000000 -0.000000  0.000000 -0.000000  0.000002
                                -0.000006  0.000018 -0.000053  0.000140 -0.001459 -0.036618 -0.019154 -0.028486 -0.048685 -0.019058
                                -0.012824 -0.003475 -0.000512  0.038627 -0.027786 -0.001518 -0.000008  0.000000  0.000062 -0.000000
                                -0.000389  0.000000  0.006988 -0.000000  0.099399 -0.000000  0.204049 -0.000000  0.230520 -0.000000
                                 0.216290 -0.000000  0.159442 -0.000000  0.056206 -0.000000  0.008848 -0.000000  0.015599 -0.000000
                                -0.020711  0.000000 -0.000891  0.000000  0.000474 -0.000000  0.001202 -0.000000  0.004006  0.000000
                                 0.000051  0.000000 -0.005810  0.000000 -0.000218 -0.000066  0.000000 -0.000149 -0.000083  0.000000
                                 0.000499 -0.000230  0.000000 -0.000567 -0.000328 -0.000000 -0.000000  0.000008  0.000011 -0.000000
                                 0.000021  0.000306 -0.000000 -0.000038  0.000036  0.000370  0.013147  0.059204  0.190294  0.313491
                                 0.156828  0.013519 -0.006432 -0.023610 -0.040777 -0.020550  0.002849 -0.000000  0.007055 -0.000000
                                 0.001752 -0.000000 -0.001214  0.000000 -0.000281 -0.000000

   4.1   2    -0.5405  -16.7250  0.000000 -0.000000  0.000000 -0.000000  0.000000 -0.000000  0.000000 -0.000000  0.000000 -0.000000
                                 0.000000 -0.000000  0.000000 -0.000000 -0.000000  0.000000  0.000000  0.000000 -0.000000 -0.000000
                                -0.000000 -0.000000 -0.000000 -0.000000 -0.000000  0.000000 -0.000000  0.000000 -0.000000  0.000000
                                -0.000000  0.000000 -0.000000  0.000000 -0.000000 -0.000000 -0.000000 -0.000000 -0.000000 -0.000000
                                -0.000000 -0.000000 -0.000000  0.000000 -0.000000 -0.000000 -0.000000 -0.000011  0.000000  0.000087
                                -0.000000 -0.000552  0.000000  0.009719  0.000000  0.136187  0.000000  0.268302  0.000000  0.308996
                                 0.000000  0.291260  0.000000  0.213113  0.000000  0.094741  0.000000  0.012136  0.000000  0.025496
                                -0.000000 -0.014191 -0.000000 -0.000489  0.000000  0.000035  0.000000  0.000065  0.000000 -0.000374
                                -0.000000 -0.003324 -0.000000 -0.003946 -0.000000 -0.000000 -0.000147 -0.000000 -0.000000 -0.000363
                                 0.000000 -0.000000 -0.000089 -0.000000 -0.000000  0.000347  0.000044  0.000000  0.000000  0.000052
                                 0.000000  0.000000  0.000156 -0.000000  0.000000  0.000000  0.000000  0.000000  0.000000  0.000000
                                 0.000000  0.000000 -0.000000 -0.000000 -0.000000 -0.000000  0.000000  0.000518  0.000000  0.001208
                                 0.000000  0.000451 -0.000000 -0.000511 -0.000000  0.000094

   5.1   2    -0.3087   -9.6203  0.000000 -0.000000  0.000000 -0.000000  0.000000 -0.000001  0.000004 -0.000013  0.000038 -0.000110
                                 0.000299 -0.000783  0.002034 -0.006802 -0.009017  0.410943 -0.013279 -0.129386 -0.167788  0.226836
                                 0.380583  0.132077 -0.346234 -0.084430 -0.002464 -0.000000  0.000000 -0.000000  0.000000 -0.000000
                                 0.000000 -0.000001  0.000004 -0.000039 -0.000274 -0.014760 -0.014590 -0.020313 -0.035292 -0.003317
                                 0.025874  0.024184  0.007836  0.016892 -0.009624  0.000256  0.000005 -0.000000 -0.000041  0.000000
                                 0.000256 -0.000000 -0.004564  0.000000 -0.064440  0.000000 -0.128859  0.000000 -0.147648  0.000000
                                -0.141085  0.000000 -0.112157  0.000000 -0.069783  0.000000 -0.022269  0.000000 -0.011043  0.000000
                                 0.009661 -0.000000  0.000369 -0.000000  0.000155  0.000000  0.000432  0.000000  0.001319 -0.000000
                                 0.005517 -0.000000  0.005314 -0.000000  0.000159  0.000030 -0.000000  0.000247  0.000140 -0.000000
                                 0.000428  0.000173 -0.000000  0.000221  0.000062  0.000000  0.000000  0.000004 -0.000035  0.000000
                                 0.000014 -0.000078  0.000000 -0.000032  0.000070  0.000145  0.005598  0.024571  0.079752  0.164825
                                 0.123821  0.007151  0.002619  0.002523  0.002285  0.011396 -0.001211  0.000000 -0.001738  0.000000
                                -0.002740  0.000000  0.000563 -0.000000  0.000271  0.000000

   6.1   0     0.0092   -3.1589 -0.000000  0.000000 -0.000000  0.000000 -0.000000  0.000000 -0.000000  0.000001 -0.000002  0.000005
                                -0.000014  0.000033 -0.000077  0.000252 -0.001886  0.039256  0.022294  0.149486 -0.025220 -0.361473
                                 0.313191  0.023191 -0.043380 -0.147198  1.627162 -0.000000  0.000000 -0.000001  0.000002 -0.000009
                                 0.000029 -0.000090  0.000280 -0.000939  0.005164  0.069087 -0.017970 -0.120141  0.074621 -0.045716
                                -0.183155 -0.148698  0.233569 -0.064461  0.149960 -0.435720 -0.000002  0.000000  0.000012 -0.000000
                                -0.000076  0.000000  0.001289 -0.000000  0.017603 -0.000000  0.035388 -0.000000  0.042841 -0.000000
                                 0.036893 -0.000000 -0.010800 -0.000000 -0.029207 -0.000000  0.050383 -0.000000  0.003665 -0.000000
                                -0.003242  0.000000  0.136570 -0.000000 -0.000083 -0.000000 -0.000076 -0.000000 -0.000259 -0.000000
                                -0.013734 -0.000000 -0.019689  0.000000 -0.000126  0.000038  0.000000  0.000136  0.000105  0.000000
                                -0.001299  0.000141  0.000000 -0.004243  0.000001  0.000000 -0.000000 -0.000013 -0.000015 -0.000000
                                -0.000030  0.000186  0.000000  0.000074 -0.001032 -0.000068 -0.002002 -0.011717 -0.013025  0.243289
                                -0.217402 -1.162290  0.000368 -0.028402 -0.095433 -0.030096  0.001327 -0.000000  0.013166 -0.000000
                                 0.011073 -0.000000 -0.000864  0.000000 -0.000817  0.000000

   7.1   0     0.0270   -1.7441  0.000000 -0.000000  0.000000 -0.000000  0.000000 -0.000000  0.000000 -0.000000  0.000001 -0.000003
                                 0.000009 -0.000017  0.000016 -0.000015  0.004918 -0.119347 -0.039033 -0.208700  0.078255  0.548774
                                -0.540728  3.923529  0.121564  0.232723  5.092603 -0.000000  0.000000 -0.000000  0.000000 -0.000000
                                 0.000001 -0.000003  0.000008 -0.000029  0.000089 -0.000416 -0.001745 -0.000058 -0.008301  0.025205
                                 0.176435 -0.133415  1.259929  0.000697 -0.001926  2.029570  0.000001  0.000000 -0.000006  0.000000
                                 0.000034 -0.000000 -0.000147  0.000000  0.003385  0.000000  0.019596  0.000000  0.009818  0.000000
                                -0.001376  0.000000  0.029987  0.000000 -0.011349  0.000000 -0.046574  0.000000 -0.007594  0.000000
                                -0.018145 -0.000000  0.373573  0.000000 -0.000002  0.000000 -0.000126  0.000000  0.000126  0.000000
                                 0.002039  0.000000 -0.012039 -0.000000  0.000051 -0.000008 -0.000000 -0.000209 -0.000017 -0.000000
                                 0.000841  0.000037 -0.000000 -0.002643  0.000128 -0.000000  0.000000  0.000001 -0.000015  0.000000
                                 0.000004  0.000062  0.000000 -0.000013 -0.000143  0.000010 -0.000633  0.000080 -0.002954 -0.152264
                                -0.479867 -8.340145  0.000673 -0.001729  0.174795  0.235476  0.000911  0.000000 -0.015500  0.000000
                                -0.075382  0.000000  0.001145 -0.000000  0.005026 -0.000000

   8.1   0     0.0559   -3.6835  0.000000 -0.000000  0.000000 -0.000000  0.000000 -0.000000  0.000001 -0.000004  0.000014 -0.000039
                                 0.000105 -0.000269  0.000676 -0.002247  0.002209  0.002280 -0.063894 -0.474279  0.043415  1.246906
                                -3.192435  3.228568  0.025218  0.407534 -0.546421  0.000000 -0.000000  0.000002 -0.000007  0.000028
                                -0.000095  0.000299 -0.000936  0.003252 -0.015757 -0.160499  0.125926  0.501788 -0.098199  0.200256
                                 0.372741 -0.783247 -0.932035  0.135862 -0.462366  1.352517 -0.000001  0.000000  0.000009 -0.000000
                                -0.000058  0.000000  0.001313 -0.000000  0.021305 -0.000000  0.043798 -0.000000  0.041402 -0.000000
                                 0.050462 -0.000000  0.171099 -0.000000  0.118144 -0.000000 -0.161482 -0.000000  0.000697 -0.000000
                                -0.003012  0.000000  0.169779 -0.000000  0.000024 -0.000000 -0.000538 -0.000000 -0.000070 -0.000000
                                 0.041987 -0.000000  0.024809  0.000000  0.000189  0.000056  0.000000 -0.001168  0.000146  0.000000
                                 0.003764  0.000122  0.000000  0.010962 -0.000175 -0.000000 -0.000000 -0.000019  0.000106 -0.000000
                                -0.000043 -0.000407  0.000000  0.000112  0.002909 -0.000017 -0.003193 -0.003461 -0.098068 -0.927372
                                 1.925984 -1.732820 -0.006169  0.083649  0.301707 -0.361747 -0.002520 -0.000000 -0.046520 -0.000000
                                -0.056182 -0.000000  0.002833  0.000000  0.004557  0.000000

                                   1 2px     1 2px     1 2px     1 2px     1 2px     1 2px     1 2px     1 2px     1 2px     1 2px  
                                   1 2px     1 2px     1 2px     1 2px     1 2px     1 2px     1 2px     1 2px     1 2px     1 2px  
                                   1 2px     1 3d1+    1 3d1+    1 3d1+    1 3d1+    1 3d1+    1 3d1+    1 3d1+    1 3d1+    1 3d1+ 
                                   1 3d1+    1 3d1+    1 3d1+    1 3d1+    1 3d1+    1 4f1+    1 4f3+    1 4f1+    1 4f3+    1 4f1+ 
                                   1 4f3+    1 4f1+    1 4f3+    1 4f1+    1 4f3+    1 5g1+    1 5g3+    1 5g1+    1 5g3+    1 5g1+ 
                                   1 5g3+    1 5g1+    1 5g3+    1 6h1+    1 6h3+    1 6h5+    1 6h1+    1 6h3+    1 6h5+    1 6h1+ 
                                   1 6h3+    1 6h5+    2 2px     2 2px     2 2px     2 2px     2 3d1+    2 3d1+    2 3d1+    2 4f1+ 
                                   2 4f3+    2 4f1+    2 4f3+ 

   1.2   2    -3.1440  -23.3258  0.000000 -0.000000  0.000001 -0.000002  0.000009 -0.000030  0.000099 -0.000334  0.001456 -0.000784
                                 0.105072  0.231444  0.406005  0.353459  0.155997  0.017129 -0.001815  0.000838 -0.154518 -0.020600
                                -0.000256  0.000000 -0.000000  0.000002  0.000006  0.000660  0.002513  0.001410 -0.001228 -0.001347
                                 0.000182 -0.000247 -0.000681 -0.001620  0.000029  0.000172  0.000723 -0.000046  0.001663  0.000897
                                 0.002844  0.000748  0.002188  0.000000  0.000173  0.000031 -0.000000  0.000059 -0.000001  0.000169
                                -0.000009  0.000016 -0.000018  0.000033  0.000013 -0.000087  0.000107  0.000023 -0.000163  0.000077
                                 0.000001  0.000045  0.000466  0.001186  0.000344  0.000447 -0.000443 -0.000620 -0.000064  0.000309
                                -0.000000  0.000128 -0.000014

   2.2   2    -0.5222  -16.5894 -0.000000  0.000000 -0.000000  0.000000 -0.000000  0.000000 -0.000001  0.000004 -0.000013  0.000077
                                 0.001855 -0.000136 -0.003748  0.002402 -0.004085 -0.011335 -0.002744  0.000404 -0.001698  0.005008
                                -0.000111 -0.000011  0.000086 -0.000540  0.009566  0.134311  0.265859  0.304665  0.289167  0.216075
                                 0.098223  0.014579  0.024345 -0.015717 -0.000769  0.000099 -0.000001  0.000124 -0.000005  0.000371
                                -0.000014 -0.002166 -0.000040 -0.004780 -0.000056 -0.000225  0.000048 -0.000517  0.000084  0.000183
                                 0.000187  0.000787  0.000235  0.000054 -0.000000 -0.000000  0.000152  0.000002 -0.000000  0.000295
                                -0.000007  0.000002  0.004003  0.009101  0.011779  0.001193 -0.002045 -0.002288 -0.000152  0.000874
                                 0.000007 -0.000303  0.000056

   3.2   0     0.0248   -2.2740  0.000000 -0.000000  0.000001 -0.000003  0.000013 -0.000044  0.000138 -0.000430  0.001462 -0.007543
                                -0.089398  0.038477  0.170502 -0.054087  0.022600 -0.086500  0.114598 -0.373243  0.080863 -0.193632
                                 1.169790  0.000000 -0.000002  0.000008 -0.000005  0.001586  0.007141  0.004432  0.001151 -0.014800
                                -0.040423 -0.045132 -0.002217 -0.005720 -0.125050  0.000044  0.000008 -0.000150  0.000047  0.000593
                                 0.000024 -0.008147 -0.000113 -0.010530 -0.000242 -0.000022 -0.000001  0.000072 -0.000003 -0.000223
                                -0.000003 -0.003502 -0.000003 -0.000040 -0.000002  0.000011  0.000169 -0.000004  0.000026 -0.000771
                                 0.000011 -0.000074 -0.000211  0.006579  0.053768  0.163657  0.000255 -0.011632 -0.046433  0.001107
                                -0.000000  0.009260  0.000025

   4.2   0     0.0793   -2.9412 -0.000000  0.000000 -0.000002  0.000008 -0.000030  0.000101 -0.000319  0.000995 -0.003437  0.016748
                                 0.173222 -0.121176 -0.450508  0.057862 -0.073652  0.165934 -0.249492  1.428124 -0.149063  0.435438
                                -1.034605  0.000002 -0.000017  0.000090 -0.000323  0.010796  0.058379  0.032638 -0.010380  0.043768
                                -0.104667  0.167286 -0.021203 -0.052422 -0.676542  0.000008  0.000016  0.000068  0.000091 -0.000213
                                 0.000045  0.002814 -0.000238 -0.010954 -0.000484  0.000041 -0.000004 -0.000210 -0.000013  0.000656
                                -0.000015  0.001147  0.000002  0.000040 -0.000003  0.000021 -0.000199 -0.000007  0.000050  0.000758
                                 0.000020 -0.000145  0.003571 -0.011879  0.055098 -0.020424 -0.000594  0.006585 -0.015261  0.000016
                                -0.000002 -0.006804  0.000055

   5.2   0     0.0849   -2.7988 -0.000000  0.000000 -0.000001  0.000005 -0.000020  0.000069 -0.000217  0.000679 -0.002348  0.011340
                                 0.114521 -0.084831 -0.303451  0.026581 -0.043769  0.375015  0.257603  1.054454 -0.097781  0.288441
                                -0.601537 -0.000004  0.000027 -0.000148  0.000674 -0.014190 -0.085200 -0.044724  0.016644  0.013689
                                 0.252018 -0.151706  0.033135  0.080590  0.976582 -0.000151  0.000014  0.000715  0.000080 -0.002390
                                 0.000039  0.024859 -0.000211  0.051449 -0.000417  0.000023  0.000004 -0.000045  0.000010  0.000315
                                 0.000017  0.012671 -0.000012  0.000092 -0.000003  0.000019 -0.000470 -0.000006  0.000044  0.002292
                                 0.000018 -0.000128  0.000794 -0.000724 -0.224635 -0.521023 -0.000695  0.035807  0.187982 -0.004282
                                 0.000002 -0.026751  0.000025

                                   1 2py     1 2py     1 2py     1 2py     1 2py     1 2py     1 2py     1 2py     1 2py     1 2py  
                                   1 2py     1 2py     1 2py     1 2py     1 2py     1 2py     1 2py     1 2py     1 2py     1 2py  
                                   1 2py     1 3d1-    1 3d1-    1 3d1-    1 3d1-    1 3d1-    1 3d1-    1 3d1-    1 3d1-    1 3d1- 
                                   1 3d1-    1 3d1-    1 3d1-    1 3d1-    1 3d1-    1 4f1-    1 4f3-    1 4f1-    1 4f3-    1 4f1- 
                                   1 4f3-    1 4f1-    1 4f3-    1 4f1-    1 4f3-    1 5g1-    1 5g3-    1 5g1-    1 5g3-    1 5g1- 
                                   1 5g3-    1 5g1-    1 5g3-    1 6h1-    1 6h3-    1 6h5-    1 6h1-    1 6h3-    1 6h5-    1 6h1- 
                                   1 6h3-    1 6h5-    2 2py     2 2py     2 2py     2 2py     2 3d1-    2 3d1-    2 3d1-    2 4f1- 
                                   2 4f3-    2 4f1-    2 4f3- 

   1.3   2    -3.1440  -23.3258  0.000000 -0.000000  0.000001 -0.000002  0.000009 -0.000030  0.000099 -0.000334  0.001456 -0.000784
                                 0.105072  0.231444  0.406005  0.353459  0.155997  0.017129 -0.001815  0.000838 -0.154518 -0.020600
                                -0.000256  0.000000 -0.000000  0.000002  0.000006  0.000660  0.002513  0.001410 -0.001228 -0.001347
                                 0.000182 -0.000247 -0.000681 -0.001620  0.000029  0.000172 -0.000723 -0.000046 -0.001663  0.000897
                                -0.002844  0.000748 -0.002188  0.000000 -0.000173  0.000031  0.000000  0.000059  0.000001  0.000169
                                 0.000009  0.000016  0.000018  0.000033 -0.000013 -0.000087  0.000107 -0.000023 -0.000163  0.000077
                                -0.000001  0.000045  0.000466  0.001186  0.000344  0.000447 -0.000443 -0.000620 -0.000064  0.000309
                                 0.000000  0.000128  0.000014

   2.3   2    -0.5222  -16.5894 -0.000000  0.000000 -0.000000  0.000000 -0.000000  0.000000 -0.000001  0.000004 -0.000013  0.000077
                                 0.001855 -0.000136 -0.003748  0.002402 -0.004085 -0.011335 -0.002744  0.000404 -0.001698  0.005008
                                -0.000111 -0.000011  0.000086 -0.000540  0.009566  0.134311  0.265859  0.304665  0.289167  0.216075
                                 0.098223  0.014579  0.024345 -0.015717 -0.000769  0.000099  0.000001  0.000124  0.000005  0.000371
                                 0.000014 -0.002166  0.000040 -0.004780  0.000056 -0.000225 -0.000048 -0.000517 -0.000084  0.000183
                                -0.000187  0.000787 -0.000235  0.000054  0.000000 -0.000000  0.000152 -0.000002 -0.000000  0.000295
                                 0.000007  0.000002  0.004003  0.009101  0.011779  0.001193 -0.002045 -0.002288 -0.000152  0.000874
                                -0.000007 -0.000303 -0.000056

   3.3   0     0.0248   -2.2740  0.000000 -0.000000  0.000001 -0.000003  0.000013 -0.000044  0.000138 -0.000430  0.001462 -0.007543
                                -0.089398  0.038477  0.170502 -0.054087  0.022600 -0.086500  0.114598 -0.373243  0.080863 -0.193632
                                 1.169790  0.000000 -0.000002  0.000008 -0.000005  0.001586  0.007141  0.004432  0.001151 -0.014800
                                -0.040423 -0.045132 -0.002217 -0.005720 -0.125050  0.000044 -0.000008 -0.000150 -0.000047  0.000593
                                -0.000024 -0.008147  0.000113 -0.010530  0.000242 -0.000022  0.000001  0.000072  0.000003 -0.000223
                                 0.000003 -0.003502  0.000003 -0.000040  0.000002  0.000011  0.000169  0.000004  0.000026 -0.000771
                                -0.000011 -0.000074 -0.000211  0.006579  0.053768  0.163657  0.000255 -0.011632 -0.046433  0.001107
                                 0.000000  0.009260 -0.000025

   4.3   0     0.0793   -2.9412 -0.000000  0.000000 -0.000002  0.000008 -0.000030  0.000101 -0.000319  0.000995 -0.003437  0.016748
                                 0.173222 -0.121176 -0.450508  0.057862 -0.073652  0.165934 -0.249492  1.428124 -0.149063  0.435438
                                -1.034605  0.000002 -0.000017  0.000090 -0.000323  0.010796  0.058379  0.032638 -0.010380  0.043768
                                -0.104667  0.167286 -0.021203 -0.052422 -0.676542  0.000008 -0.000016  0.000068 -0.000091 -0.000213
                                -0.000045  0.002814  0.000238 -0.010954  0.000484  0.000041  0.000004 -0.000210  0.000013  0.000656
                                 0.000015  0.001147 -0.000002  0.000040  0.000003  0.000021 -0.000199  0.000007  0.000050  0.000758
                                -0.000020 -0.000145  0.003571 -0.011879  0.055098 -0.020424 -0.000594  0.006585 -0.015261  0.000016
                                 0.000002 -0.006804 -0.000055

   5.3   0     0.0849   -2.7988 -0.000000  0.000000 -0.000001  0.000005 -0.000020  0.000069 -0.000217  0.000679 -0.002348  0.011340
                                 0.114521 -0.084831 -0.303451  0.026581 -0.043769  0.375015  0.257603  1.054454 -0.097781  0.288441
                                -0.601537 -0.000004  0.000027 -0.000148  0.000674 -0.014190 -0.085200 -0.044724  0.016644  0.013689
                                 0.252018 -0.151706  0.033135  0.080590  0.976582 -0.000151 -0.000014  0.000715 -0.000080 -0.002390
                                -0.000039  0.024859  0.000211  0.051449  0.000417  0.000023 -0.000004 -0.000045 -0.000010  0.000315
                                -0.000017  0.012671  0.000012  0.000092  0.000003  0.000019 -0.000470  0.000006  0.000044  0.002292
                                -0.000018 -0.000128  0.000794 -0.000724 -0.224635 -0.521023 -0.000695  0.035807  0.187982 -0.004282
                                -0.000002 -0.026751 -0.000025

                                   1 3d2-    1 3d2-    1 3d2-    1 3d2-    1 3d2-    1 3d2-    1 3d2-    1 3d2-    1 3d2-    1 3d2- 
                                   1 3d2-    1 3d2-    1 3d2-    1 3d2-    1 4f2-    1 4f2-    1 4f2-    1 4f2-    1 4f2-    1 5g2- 
                                   1 5g4-    1 5g2-    1 5g4-    1 5g2-    1 5g4-    1 5g2-    1 5g4-    1 6h4-    1 6h2-    1 6h4- 
                                   1 6h2-    1 6h4-    1 6h2-    2 3d2-    2 3d2-    2 3d2-    2 4f2-    2 4f2- 

   1.4   +    -0.5998  -16.9342 -0.000011  0.000088 -0.000553  0.009793  0.137641  0.271869  0.314075  0.292910  0.205666  0.082594
                                 0.008249  0.026214 -0.013966 -0.000270  0.000036  0.000069 -0.000378 -0.003296 -0.003273 -0.000381
                                 0.000000 -0.001041  0.000000 -0.000966  0.000000 -0.000141 -0.000000 -0.000000  0.000043 -0.000000
                                 0.000060  0.000000  0.000142  0.000515  0.001146  0.000245 -0.000547  0.000135

   2.4   0     0.0829   -2.2000 -0.000005  0.000041 -0.000226  0.001074 -0.020390 -0.125334 -0.064281  0.030917 -0.063694  0.124404
                                -0.343983  0.049688  0.119648  1.184539 -0.000051  0.000191 -0.000540  0.002095 -0.006331  0.000006
                                -0.000000  0.000048 -0.000000 -0.000043  0.000000  0.000274  0.000000  0.000000  0.000000 -0.000000
                                -0.000008 -0.000000  0.000016  0.000394 -0.001498  0.005821 -0.000171  0.001249

   3.4   0     0.2717   -3.4223  0.000019 -0.000145  0.000806 -0.005436  0.031048  0.320933  0.126557 -0.160093  0.165647 -0.369348
                                 1.625470 -0.156519 -0.361401 -0.805610 -0.000004 -0.000106  0.000093 -0.001253  0.012161  0.000011
                                -0.000000  0.000274 -0.000000 -0.000392  0.000000  0.000107 -0.000000  0.000000 -0.000037 -0.000000
                                 0.000126 -0.000000 -0.000436 -0.002586  0.013414 -0.076613  0.000445  0.002947

   4.4   0     0.7162   -3.7824 -0.000006  0.000049 -0.000265  0.000933 -0.032817 -0.176805 -0.100772  0.033119 -0.124452 -0.601838
                                -0.531547  0.063695  0.159074  0.145025  0.001673 -0.003707  0.018197 -0.037270 -0.249616  0.001501
                                -0.000000 -0.005240 -0.000000  0.018527 -0.000000 -0.053326  0.000000  0.000000  0.000208  0.000000
                                -0.000954 -0.000000  0.003457  0.022740 -0.093667  1.738178  0.003958 -0.215605

 HOMO      5.1    -0.308738 =      -8.4012eV
 LUMO      6.1     0.009220 =       0.2509eV
 LUMO-HOMO         0.317959 =       8.6521eV


 **********************************************************************************************************************************
 DATASETS  * FILE   NREC   LENGTH (MB)   RECORD NAMES
              1      20      810.42       500      610      700      900      950      970     1000      129      960     1100   
                                          VAR    BASINP    GEOM    SYMINP    ZMAT    AOBASIS   BASIS     P2S    ABASIS      S 
                                         1400     1410     1420     1200     1210     1080     1600     1650     1300     1700   
                                           T        V       ECP      H0       H01     AOSYM     SMH    MOLCAS    ERIS     OPER   

              2       4        3.60       700     1000      520     2100   
                                         GEOM     BASIS   MCVARS     RHF  

 PROGRAMS   *        TOTAL       RHF       INT
 CPU TIMES  *        73.97     15.43     58.44
 REAL TIME  *        79.18 SEC
 DISK USED  *         2.83 GB      
 **********************************************************************************************************************************
 SETTING SCF(1)         =      -169.69495375  AU                              
 SETTING _CC_NORM_MAX   =         2.00000000                                  


1PROGRAM * CCSD (Restricted open-shell coupled cluster)     Authors: C. Hampel, H.-J. Werner, 1991, M. Deegan, P.J. Knowles, 1992


 Convergence thresholds:  THRVAR = 1.00D-08  THRDEN = 1.00D-06

 CCSD(T)     terms to be evaluated (factor= 1.000)


 Number of closed-shell orbitals:   9 (   5   2   2   0 )
 Number of active  orbitals:        1 (   0   0   0   1 )
 Number of external orbitals:     300 ( 121  71  71  37 )

 Memory could be reduced to 124.00 Mwords without degradation in triples

 Number of N-1 electron functions:              19
 Number of N-2 electron functions:             171
 Number of singly external CSFs:              1816
 Number of doubly external CSFs:           3058231
 Total number of CSFs:                     3060047

 Molecular orbitals read from record     2100.2  Type=RHF/CANONICAL (state 1.4)

 Integral transformation finished. Total CPU:   5.04 sec, npass=  1  Memory used:  10.79 MW

 Starting RMP2 calculation

 Wavefunction is spin-projected

 ITER.      SQ.NORM     CORR.ENERGY   TOTAL ENERGY   ENERGY CHANGE        DEN1      VAR(S)    VAR(P)  DIIS     TIME
   1      1.15165816    -1.03869355  -170.73364730    -1.03869355    -0.00139128  0.11D-05  0.66D-03  1  1     5.25
   2      1.15324284    -1.04016305  -170.73511680    -0.00146950    -0.00000700  0.54D-07  0.58D-05  2  2     5.43
   3      1.15337682    -1.04023066  -170.73518441    -0.00006761    -0.00000005  0.38D-08  0.42D-07  3  3     5.63
   4      1.15338304    -1.04023210  -170.73518585    -0.00000144    -0.00000000  0.28D-09  0.39D-09  4  4     5.85
   5      1.15338324    -1.04023211  -170.73518586    -0.00000001    -0.00000000  0.26D-11  0.75D-11  5  5     6.08

 Norm of t1 vector:      0.02091135      S-energy:    -0.00316165      T1 diagnostic:  0.00004957
 Norm of t2 vector:      0.39108305      P-energy:    -1.03707045
                                         Alpha-Beta:  -0.72861069
                                         Alpha-Alpha: -0.17246033
                                         Beta-Beta:   -0.13599943

 Spin contamination <S**2-Sz**2-Sz>     0.00000000
  Reference energy                   -169.694953753067
  RHF-RMP2 correlation energy          -1.040232105368
 !RHF-RMP2 energy                    -170.735185858436
 (NB above energy spin projected)

 Starting RCCSD calculation

 ITER.      SQ.NORM     CORR.ENERGY   TOTAL ENERGY   ENERGY CHANGE        DEN1      VAR(S)    VAR(P)  DIIS     TIME
   1      1.11657490    -0.91253458  -170.60748833    -0.91253458    -0.05731401  0.11D-01  0.96D-02  0  0    15.54
   2      1.13726379    -0.96358101  -170.65853476    -0.05104643    -0.01077279  0.22D-02  0.27D-02  1  1    24.84
   3      1.13762884    -0.95216119  -170.64711494     0.01141982    -0.00074802  0.56D-03  0.13D-03  2  2    34.08
   4      1.14172838    -0.95311608  -170.64806984    -0.00095489    -0.00024780  0.21D-03  0.47D-04  3  3    43.33
   5      1.14860692    -0.95485237  -170.64980612    -0.00173629    -0.00005130  0.61D-04  0.62D-05  4  4    52.60
   6      1.15157738    -0.95511795  -170.65007170    -0.00026558    -0.00001926  0.23D-04  0.25D-05  5  5    61.95
   7      1.15379381    -0.95519351  -170.65014726    -0.00007556    -0.00000740  0.85D-05  0.84D-06  6  6    71.29
   8      1.15533489    -0.95521690  -170.65017065    -0.00002339    -0.00000250  0.23D-05  0.37D-06  6  1    80.59
   9      1.15630454    -0.95523466  -170.65018842    -0.00001777    -0.00000049  0.26D-06  0.13D-06  6  2    89.95
  10      1.15654908    -0.95523468  -170.65018844    -0.00000002    -0.00000010  0.57D-07  0.25D-07  6  3    99.37
  11      1.15652775    -0.95523421  -170.65018797     0.00000047    -0.00000002  0.13D-07  0.56D-08  6  6   108.70
  12      1.15657574    -0.95523692  -170.65019068    -0.00000271    -0.00000000  0.21D-08  0.80D-09  6  4   118.05
  13      1.15656247    -0.95523471  -170.65018847     0.00000221    -0.00000000  0.45D-09  0.21D-09  6  5   127.36
  14      1.15655828    -0.95523495  -170.65018870    -0.00000023    -0.00000000  0.15D-09  0.58D-10  6  1   136.58

 Norm of t1 vector:      0.15894429      S-energy:    -0.00348124      T1 diagnostic:  0.02519979
                                                                       D1 diagnostic:  0.08885103
 Norm of t2 vector:      0.36234651      P-energy:    -0.95175371
                                         Alpha-Beta:  -0.69714677
                                         Alpha-Alpha: -0.14144093
                                         Beta-Beta:   -0.11316600

 Singles amplitudes (print threshold =  0.500E-01):

         I         SYM. A    A   T(IA) [Beta-Beta]

         5         1         3      0.05692356

 Spin contamination <S**2-Sz**2-Sz>     0.00000000

 Memory could be reduced to 129.59 Mwords without degradation in triples
 

  Correlated core orbitals:             1.1       2.1       1.2       1.3
  Orbital energies:                    -4.8200   -3.1748   -3.2310   -3.2310
 
  RCCSD core-core energy               -0.147258340504
  RCCSD core-valence energy            -0.367416910962
  RCCSD valence correlation energy     -0.440559693929
 

 RESULTS
 =======

  Reference energy                   -169.694953753067
  RCCSD singles energy                 -0.003481239522
  RCCSD pair energy                    -0.951753705872
  RCCSD correlation energy             -0.955234945395
  Triples (T) contribution             -0.037955260619
  Total correlation energy             -0.993190206014
 
  RHF-RCCSD energy                   -170.650188698462
  RHF-RCCSD[T] energy                -170.693088729410
  RHF-RCCSD-T energy                 -170.687795926196
 !RHF-RCCSD(T) energy                -170.688143959081

 Program statistics:

 Available memory in ccsd:               511999000
 Min. memory needed in ccsd:               9001831
 Max. memory used in ccsd:                12751521
 Max. memory used in cckext:              10348822 (14 integral passes)
 Max. memory used in cckint:              10785071 ( 1 integral passes)



 **********************************************************************************************************************************
 DATASETS  * FILE   NREC   LENGTH (MB)   RECORD NAMES
              1      20      810.42       500      610      700      900      950      970     1000      129      960     1100   
                                          VAR    BASINP    GEOM    SYMINP    ZMAT    AOBASIS   BASIS     P2S    ABASIS      S 
                                         1400     1410     1420     1200     1210     1080     1600     1650     1300     1700   
                                           T        V       ECP      H0       H01     AOSYM     SMH    MOLCAS    ERIS     OPER   

              2       4        3.60       700     1000      520     2100   
                                         GEOM     BASIS   MCVARS     RHF  

 PROGRAMS   *        TOTAL  RCCSD(T)       RHF       INT
 CPU TIMES  *       520.93    446.97     15.43     58.44
 REAL TIME  *       541.24 SEC
 DISK USED  *         2.89 GB      
 **********************************************************************************************************************************
 SETTING CCSD(1)        =      -170.68814396  AU                              

Geometry recognized as XYZ



 Recomputing integrals since geometry and symmetry changed


 Using spherical harmonics


1PROGRAM * SEWARD (Integral evaluation for generally contracted gaussian basis sets)     Author: Roland Lindh, 1990

 Geometry written to block  1 of record 701

 Orientation using atomic masses  
 Molecule type: Atom
 Symmetry elements: X,Y,Z
 Rotational constants:       0.0000000      0.0000000      0.0000000 GHz  (calculated with average atomic masses)

 Point group  D2h 



 ATOMIC COORDINATES

 NR  ATOM    CHARGE       X              Y              Z

   1  NI     18.00    0.000000000    0.000000000    0.000000000

 NUCLEAR CHARGE:                   18
 NUMBER OF PRIMITIVE AOS:         345
 NUMBER OF SYMMETRY AOS:          262
 NUMBER OF CONTRACTIONS:          262   (  65Ag  +  40B3u +  40B2u +  22B1g +  40B1u +  22B2g +  22B3g +  11Au  )
 NUMBER OF CORE ORBITALS:           4   (   1Ag  +   1B3u +   1B2u +   0B1g +   1B1u +   0B2g +   0B3g +   0Au  )
 NUMBER OF VALENCE ORBITALS:        6   (   3Ag  +   0B3u +   0B2u +   1B1g +   0B1u +   1B2g +   1B3g +   0Au  )

 MOLECULE CHANGED: INITIALIZING OCCUPATION AND DUMP RECORDS


 NUCLEAR REPULSION ENERGY    0.00000000

 EXTRA SYMMETRY OF AOS IN SYMMETRY 1:   1 1 1 1 1 1 1 1 1 1   1 1 1 1 1 1 1 1 1 1   1 1 1 1 1 2 3 2 3 2   3 2 3 2 3 2 3 2 3 2
                                        3 2 3 2 3 2 3 2 3 2   3 2 3 4 5 6 4 5 6 4   5 6 4 5 6
 EXTRA SYMMETRY OF AOS IN SYMMETRY 2:   1 1 1 1 1 1 1 1 1 1   1 1 1 1 1 1 1 1 1 1   1 2 3 2 3 2 3 2 3 2   3 4 5 6 4 5 6 4 5 6
 EXTRA SYMMETRY OF AOS IN SYMMETRY 3:   1 1 1 1 1 1 1 1 1 1   1 1 1 1 1 1 1 1 1 1   1 2 3 2 3 2 3 2 3 2   3 4 5 6 4 5 6 4 5 6
 EXTRA SYMMETRY OF AOS IN SYMMETRY 4:   1 1 1 1 1 1 1 1 1 1   1 1 1 1 2 3 2 3 2 3   2 3
 EXTRA SYMMETRY OF AOS IN SYMMETRY 5:   1 1 1 1 1 1 1 1 1 1   1 1 1 1 1 1 1 1 1 1   1 2 3 2 3 2 3 2 3 2   3 4 5 6 4 5 6 4 5 6
 EXTRA SYMMETRY OF AOS IN SYMMETRY 6:   1 1 1 1 1 1 1 1 1 1   1 1 1 1 2 3 2 3 2 3   2 3
 EXTRA SYMMETRY OF AOS IN SYMMETRY 7:   1 1 1 1 1 1 1 1 1 1   1 1 1 1 2 3 2 3 2 3   2 3
 EXTRA SYMMETRY OF AOS IN SYMMETRY 8:   1 1 1 1 1 2 3 2 3 2   3

 Eigenvalues of metric

         1 0.635E-06 0.898E-05 0.207E-04 0.207E-04 0.283E-03 0.747E-03 0.747E-03 0.824E-03
         2 0.922E-06 0.107E-04 0.484E-03 0.198E-02 0.535E-02 0.126E-01 0.235E-01 0.411E-01
         3 0.922E-06 0.107E-04 0.484E-03 0.198E-02 0.535E-02 0.126E-01 0.235E-01 0.411E-01
         4 0.207E-04 0.747E-03 0.976E-02 0.354E-01 0.721E-01 0.148E+00 0.158E+00 0.158E+00
         5 0.922E-06 0.107E-04 0.484E-03 0.198E-02 0.535E-02 0.126E-01 0.235E-01 0.411E-01
         6 0.207E-04 0.747E-03 0.976E-02 0.354E-01 0.721E-01 0.148E+00 0.158E+00 0.158E+00
         7 0.207E-04 0.747E-03 0.976E-02 0.354E-01 0.721E-01 0.148E+00 0.158E+00 0.158E+00
         8 0.111E+00 0.271E+00 0.271E+00 0.349E+00 0.777E+00 0.887E+00 0.887E+00 0.149E+01


 Contracted 2-electron integrals neglected if value below      1.0D-13
 AO integral compression algorithm  1   Integral accuracy      1.0D-13

     468.976 MB (compressed) written to integral file ( 48.1%)


 NUMBER OF SORTED TWO-ELECTRON INTEGRALS:   76744857.     BUFFER LENGTH:  32768
 NUMBER OF SEGMENTS:   5  SEGMENT LENGTH:   15998535      RECORD LENGTH: 524288

 Memory used in sort:      16.56 MW

 SORT1 READ   121794176. AND WROTE    46352598. INTEGRALS IN    135 RECORDS. CPU TIME:     2.56 SEC, REAL TIME:     2.97 SEC
 SORT2 READ    46352598. AND WROTE    76744857. INTEGRALS IN   1789 RECORDS. CPU TIME:     1.05 SEC, REAL TIME:     1.37 SEC

 FILE SIZES:   FILE 1:   478.3 MBYTE,  FILE 4:   566.3 MBYTE,   TOTAL:   1044.6 MBYTE

 OPERATOR DM      FOR CENTER  0  COORDINATES:    0.000000    0.000000    0.000000


 **********************************************************************************************************************************
 DATASETS  * FILE   NREC   LENGTH (MB)   RECORD NAMES
              1      21      275.19       500      610      700      701      900      950      970     1001      129      960   
                                          VAR    BASINP    GEOM     GEOM    SYMINP    ZMAT    AOBASIS   BASIS     P2S    ABASIS    
                                         1100     1400     1410     1420     1200     1210     1080     1600     1650     1300   
                                           S        T        V       ECP      H0       H01     AOSYM     SMH    MOLCAS    ERIS   
                                         1700   
                                         OPER   

              2       6        4.17       700     1000      520     2100      701     1001   
                                         GEOM     BASIS   MCVARS     RHF     GEOM     BASIS   

 PROGRAMS   *        TOTAL       INT  RCCSD(T)       RHF       INT
 CPU TIMES  *       551.98     31.05    446.97     15.43     58.44
 REAL TIME  *       573.82 SEC
 DISK USED  *         2.89 GB      
 **********************************************************************************************************************************

1PROGRAM * RHF-SCF (OPEN SHELL)       Authors: W. Meyer, H.-J. Werner


 NUMBER OF ELECTRONS:      10+    8-    SPACE SYMMETRY=6    SPIN SYMMETRY: Triplet 
 CONVERGENCE THRESHOLDS:    1.00E-05 (Density)    1.00E-07 (Energy)
 MAX. NUMBER OF ITERATIONS:       60
 INTERPOLATION TYPE:            DIIS
 INTERPOLATION STEPS:              2 (START)      1 (STEP)
 LEVEL SHIFTS:                 -0.30 (CLOSED)  0.00 (OPEN) 


 Singly occupied orbitals:      1.4       1.7
 
 Extra symmetries of mos in symmetry 1:   1   1   3   2
 Orbital guess generated from atomic densities. Full valence occupancy:    4   1   1   1   1   1   1   0


 Molecular orbital dump at record        2101.2

 ITERATION    DDIFF          GRAD             ENERGY        2-EL.EN.            DIPOLE MOMENTS         DIIS   ORB.
    1      0.000D+00      0.000D+00      -168.17100948    236.158281    0.00000    0.00000    0.00000    0    start
    2      0.000D+00      0.793D-01      -168.77457728    282.691512    0.00000    0.00000    0.00000    1    diag,B
    3      0.501D-01      0.668D-01      -169.24179723    268.337468    0.00000    0.00000    0.00000    2    diag,B
    4      0.318D-01      0.794D-02      -169.25287364    266.892774    0.00000    0.00000    0.00000    3    diag,B
    5      0.112D-01      0.951D-03      -169.25429634    267.147549    0.00000    0.00000    0.00000    4    diag,B
    6      0.367D-02      0.354D-03      -169.25466548    267.321311    0.00000    0.00000    0.00000    5    diag,B
    7      0.153D-02      0.123D-03      -169.25471661    267.370628    0.00000    0.00000    0.00000    6    fixocc
    8      0.736D-03      0.315D-04      -169.25471932    267.381985    0.00000    0.00000    0.00000    7    diag,B
    9      0.236D-03      0.694D-05      -169.25471936    267.381956    0.00000    0.00000    0.00000    8    diag,B
   10      0.642D-04      0.901D-06      -169.25471936    267.381830    0.00000    0.00000    0.00000    9    orth
   11      0.782D-05      0.250D-06      -169.25471936    267.381817    0.00000    0.00000    0.00000    0    orth

 Final alpha occupancy:   4   1   1   1   1   1   1   0
 Final beta  occupancy:   4   1   1   0   1   1   0   0

 !RHF STATE 1.6 Energy               -169.254719364391
 Nuclear energy                         0.00000000
 One-electron energy                 -302.94562764
 Two-electron energy                  133.69090828
 Virial quotient                       -1.66286054
 !RHF STATE 1.6 Dipole moment           0.00000000     0.00000000     0.00000000
 Dipole moment /Debye                   0.00000000     0.00000000     0.00000000

 Orbital energies:

         1.1          2.1          3.1          4.1          5.1          6.1
     -4.909139    -0.280632    -0.700354    -0.639499     0.029853     0.082047

         1.2          2.2          3.2
     -3.278348     0.022223     0.070332

         1.3          2.3          3.3
     -3.286915     0.020798     0.066574

         1.4          2.4          3.4
     -0.769170     0.082038     0.262726

         1.5          2.5          3.5
     -3.278348     0.022223     0.070332

         1.6          2.6          3.6
     -0.639499     0.082366     0.265639

         1.7          2.7          3.7
     -0.769170     0.082038     0.262726

         1.8          2.8
      0.814563     2.434605

 HOMO      1.6    -0.639499 =     -17.4016eV
 LUMO      2.3     0.020798 =       0.5659eV
 LUMO-HOMO         0.660296 =      17.9676eV


 **********************************************************************************************************************************
 DATASETS  * FILE   NREC   LENGTH (MB)   RECORD NAMES
              1      21      275.19       500      610      700      701      900      950      970     1001      129      960   
                                          VAR    BASINP    GEOM     GEOM    SYMINP    ZMAT    AOBASIS   BASIS     P2S    ABASIS    
                                         1100     1400     1410     1420     1200     1210     1080     1600     1650     1300   
                                           S        T        V       ECP      H0       H01     AOSYM     SMH    MOLCAS    ERIS   
                                         1700   
                                         OPER   

              2       7        6.97       700     1000      520     2100      701     1001     2101   
                                         GEOM     BASIS   MCVARS     RHF     GEOM     BASIS     RHF  

 PROGRAMS   *        TOTAL       RHF       INT  RCCSD(T)       RHF       INT
 CPU TIMES  *       554.10      2.12     31.05    446.97     15.43     58.44
 REAL TIME  *       576.22 SEC
 DISK USED  *         2.89 GB      
 **********************************************************************************************************************************
 SETTING NI_SCF         =      -169.25471936  AU                              
 SETTING _CC_NORM_MAX   =         2.00000000                                  


1PROGRAM * CCSD (Restricted open-shell coupled cluster)     Authors: C. Hampel, H.-J. Werner, 1991, M. Deegan, P.J. Knowles, 1992


 Convergence thresholds:  THRVAR = 1.00D-08  THRDEN = 1.00D-06

 CCSD(T)     terms to be evaluated (factor= 1.000)


 Number of closed-shell orbitals:   8 (   4   1   1   0   1   1   0   0 )
 Number of active  orbitals:        2 (   0   0   0   1   0   0   1   0 )
 Number of external orbitals:     252 (  61  39  39  21  39  21  21  11 )

 Memory could be reduced to 41.90 Mwords without degradation in triples

 Number of N-1 electron functions:              18
 Number of N-2 electron functions:             153
 Number of singly external CSFs:               808
 Number of doubly external CSFs:           1001480
 Total number of CSFs:                     1002288

 Molecular orbitals read from record     2101.2  Type=RHF/CANONICAL (state 1.6)

 Integral transformation finished. Total CPU:   1.02 sec, npass=  1  Memory used:   7.13 MW

 Starting RMP2 calculation

 Wavefunction is spin-projected

 ITER.      SQ.NORM     CORR.ENERGY   TOTAL ENERGY   ENERGY CHANGE        DEN1      VAR(S)    VAR(P)  DIIS     TIME
   1      1.11257661    -0.88179704  -170.13651640    -0.88179704    -0.00110783  0.95D-06  0.73D-03  1  1     1.08
   2      1.11443270    -0.88296896  -170.13768833    -0.00117192    -0.00001521  0.11D-06  0.15D-04  2  2     1.13
   3      1.11471772    -0.88307996  -170.13779932    -0.00011100    -0.00000009  0.14D-07  0.71D-07  3  3     1.18
   4      1.11473028    -0.88308311  -170.13780247    -0.00000315    -0.00000000  0.72D-09  0.11D-08  4  4     1.24
   5      1.11473063    -0.88308306  -170.13780242     0.00000005    -0.00000000  0.20D-10  0.22D-10  5  5     1.30

 Norm of t1 vector:      0.02929449      S-energy:    -0.00602808      T1 diagnostic:  0.00007638
 Norm of t2 vector:      0.33744994      P-energy:    -0.87705498
                                         Alpha-Beta:  -0.62381612
                                         Alpha-Alpha: -0.15679667
                                         Beta-Beta:   -0.09644219

 Spin contamination <S**2-Sz**2-Sz>     0.00000000
  Reference energy                   -169.254719364391
  RHF-RMP2 correlation energy          -0.883083058438
 !RHF-RMP2 energy                    -170.137802422829
 (NB above energy spin projected)

 Starting RCCSD calculation

 ITER.      SQ.NORM     CORR.ENERGY   TOTAL ENERGY   ENERGY CHANGE        DEN1      VAR(S)    VAR(P)  DIIS     TIME
   1      1.10710805    -0.82787012  -170.08258949    -0.82787012    -0.02508699  0.53D-02  0.41D-02  0  0     3.05
   2      1.12405357    -0.85039587  -170.10511523    -0.02252575    -0.00294577  0.54D-03  0.10D-02  1  1     4.79
   3      1.12980871    -0.84909756  -170.10381692     0.00129831    -0.00064236  0.30D-03  0.24D-03  2  2     6.52
   4      1.13836884    -0.85173728  -170.10645665    -0.00263973    -0.00010473  0.27D-04  0.43D-04  3  3     8.26
   5      1.14274935    -0.85287343  -170.10759279    -0.00113615    -0.00003061  0.12D-05  0.14D-04  4  4    10.09
   6      1.14464795    -0.85308886  -170.10780822    -0.00021543    -0.00001234  0.34D-05  0.51D-05  5  5    11.95
   7      1.14482652    -0.85310016  -170.10781952    -0.00001130    -0.00000310  0.12D-05  0.11D-05  6  6    13.73
   8      1.14473309    -0.85308032  -170.10779968     0.00001984    -0.00000064  0.46D-06  0.17D-06  6  4    15.48
   9      1.14458247    -0.85306462  -170.10778398     0.00001570    -0.00000006  0.35D-07  0.24D-07  6  1    17.24
  10      1.14455721    -0.85306078  -170.10778014     0.00000384    -0.00000001  0.24D-08  0.29D-08  6  2    19.00
  11      1.14456263    -0.85306224  -170.10778160    -0.00000146    -0.00000000  0.14D-09  0.53D-09  6  3    20.81
  12      1.14455986    -0.85306158  -170.10778094     0.00000066    -0.00000000  0.48D-10  0.76D-10  6  4    22.68

 Norm of t1 vector:      0.12264786      S-energy:    -0.00642260      T1 diagnostic:  0.01929269
                                                                       D1 diagnostic:  0.06697226
 Norm of t2 vector:      0.35988520      P-energy:    -0.84663897
                                         Alpha-Beta:  -0.62141689
                                         Alpha-Alpha: -0.13672764
                                         Beta-Beta:   -0.08849444

 Singles amplitudes (print threshold =  0.500E-01):

         I         SYM. A    A   T(IA) [Alpha-Alpha]

         2         1         4     -0.05661969

 Doubles amplitudes (print threshold =  0.500E-01):

         I         J         SYM. A    SYM. B    A         B      T(IJ, AB) [Beta-Beta]

         9         4         4         7         1         1     -0.07584805
         9         4         7         4         1         1      0.07584805
 
         I         J         SYM. A    SYM. B    A         B      T(IJ, AB) [Alpha-Beta]

         2         2         2         2         2         2     -0.05232347
         2         2         3         3         2         2     -0.05521951
         2         2         5         5         2         2     -0.05232347

 Spin contamination <S**2-Sz**2-Sz>     0.00000000

 Memory could be reduced to 40.79 Mwords without degradation in triples
 

  Correlated core orbitals:             1.1       1.2       1.3       1.5
  Orbital energies:                    -5.0164   -3.3811   -3.4669   -3.3811
 
  RCCSD core-core energy               -0.152208308671
  RCCSD core-valence energy            -0.357321961978
  RCCSD valence correlation energy     -0.343531305519
 

 RESULTS
 =======

  Reference energy                   -169.254719364391
  RCCSD singles energy                 -0.006422602023
  RCCSD pair energy                    -0.846638974145
  RCCSD correlation energy             -0.853061576169
  Triples (T) contribution             -0.027725381786
  Total correlation energy             -0.880786957955
 
  RHF-RCCSD energy                   -170.107780940560
  RHF-RCCSD[T] energy                -170.137185920657
  RHF-RCCSD-T energy                 -170.135116460500
 !RHF-RCCSD(T) energy                -170.135506322347

 Program statistics:

 Available memory in ccsd:               511999000
 Min. memory needed in ccsd:               3003857
 Max. memory used in ccsd:                 4221029
 Max. memory used in cckext:               3211541 (12 integral passes)
 Max. memory used in cckint:               7128820 ( 1 integral passes)



 **********************************************************************************************************************************
 DATASETS  * FILE   NREC   LENGTH (MB)   RECORD NAMES
              1      21      275.19       500      610      700      701      900      950      970     1001      129      960   
                                          VAR    BASINP    GEOM     GEOM    SYMINP    ZMAT    AOBASIS   BASIS     P2S    ABASIS    
                                         1100     1400     1410     1420     1200     1210     1080     1600     1650     1300   
                                           S        T        V       ECP      H0       H01     AOSYM     SMH    MOLCAS    ERIS   
                                         1700   
                                         OPER   

              2       7        6.97       700     1000      520     2100      701     1001     2101   
                                         GEOM     BASIS   MCVARS     RHF     GEOM     BASIS     RHF  

 PROGRAMS   *        TOTAL  RCCSD(T)       RHF       INT  RCCSD(T)       RHF       INT
 CPU TIMES  *       632.40     78.29      2.12     31.05    446.97     15.43     58.44
 REAL TIME  *       658.62 SEC
 DISK USED  *         2.89 GB      
 **********************************************************************************************************************************
 SETTING NI_CCSD        =      -170.13550632  AU                              

Geometry recognized as XYZ



 Recomputing integrals since geometry and symmetry changed


 Using spherical harmonics


1PROGRAM * SEWARD (Integral evaluation for generally contracted gaussian basis sets)     Author: Roland Lindh, 1990

 Geometry written to block  1 of record 702

 Orientation using atomic masses  
 Molecule type: Atom
 Symmetry elements: X,Y,Z
 Rotational constants:       0.0000000      0.0000000      0.0000000 GHz  (calculated with average atomic masses)

 Point group  D2h 



 ATOMIC COORDINATES

 NR  ATOM    CHARGE       X              Y              Z

   1  H       1.00    0.000000000    0.000000000    0.000000000

 NUCLEAR CHARGE:                    1
 NUMBER OF PRIMITIVE AOS:          57
 NUMBER OF SYMMETRY AOS:           48
 NUMBER OF CONTRACTIONS:           48   (  13Ag  +   8B3u +   8B2u +   3B1g +   8B1u +   3B2g +   3B3g +   2Au  )
 NUMBER OF CORE ORBITALS:           0   (   0Ag  +   0B3u +   0B2u +   0B1g +   0B1u +   0B2g +   0B3g +   0Au  )
 NUMBER OF VALENCE ORBITALS:        1   (   1Ag  +   0B3u +   0B2u +   0B1g +   0B1u +   0B2g +   0B3g +   0Au  )

 MOLECULE CHANGED: INITIALIZING OCCUPATION AND DUMP RECORDS


 NUCLEAR REPULSION ENERGY    0.00000000

 EXTRA SYMMETRY OF AOS IN SYMMETRY 1:   1 1 1 1 1 1 1 2 3 2   3 2 3
 EXTRA SYMMETRY OF AOS IN SYMMETRY 2:   1 1 1 1 2 3 2 3
 EXTRA SYMMETRY OF AOS IN SYMMETRY 3:   1 1 1 1 2 3 2 3
 EXTRA SYMMETRY OF AOS IN SYMMETRY 5:   1 1 1 1 2 3 2 3

 Eigenvalues of metric

         1 0.258E-01 0.995E-01 0.260E+00 0.274E+00 0.274E+00 0.552E+00 0.873E+00 0.873E+00
         2 0.840E-01 0.378E+00 0.618E+00 0.618E+00 0.111E+01 0.138E+01 0.138E+01 0.243E+01
         3 0.840E-01 0.378E+00 0.618E+00 0.618E+00 0.111E+01 0.138E+01 0.138E+01 0.243E+01
         4 0.274E+00 0.873E+00 0.185E+01
         5 0.840E-01 0.378E+00 0.618E+00 0.618E+00 0.111E+01 0.138E+01 0.138E+01 0.243E+01
         6 0.274E+00 0.873E+00 0.185E+01
         7 0.274E+00 0.873E+00 0.185E+01
         8 0.618E+00 0.138E+01


 Contracted 2-electron integrals neglected if value below      1.0D-12
 AO integral compression algorithm  1   Integral accuracy      1.0D-12

     1.311 MB (compressed) written to integral file ( 75.4%)


 NUMBER OF SORTED TWO-ELECTRON INTEGRALS:      99109.     BUFFER LENGTH:  32768
 NUMBER OF SEGMENTS:   1  SEGMENT LENGTH:      99109      RECORD LENGTH: 524288

 Memory used in sort:       0.66 MW

 SORT1 READ      189868. AND WROTE       76974. INTEGRALS IN      1 RECORDS. CPU TIME:     0.01 SEC, REAL TIME:     0.01 SEC
 SORT2 READ       76974. AND WROTE       99109. INTEGRALS IN      5 RECORDS. CPU TIME:     0.01 SEC, REAL TIME:     0.01 SEC

 FILE SIZES:   FILE 1:     9.1 MBYTE,  FILE 4:     4.2 MBYTE,   TOTAL:     13.3 MBYTE

 OPERATOR DM      FOR CENTER  0  COORDINATES:    0.000000    0.000000    0.000000


 **********************************************************************************************************************************
 DATASETS  * FILE   NREC   LENGTH (MB)   RECORD NAMES
              1      20        8.38       500      610      700      702      900      950      970     1002      129      960   
                                          VAR    BASINP    GEOM     GEOM    SYMINP    ZMAT    AOBASIS   BASIS     P2S    ABASIS    
                                         1100     1400     1410     1200     1210     1080     1600     1650     1300     1700   
                                           S        T        V       H0       H01     AOSYM     SMH    MOLCAS    ERIS     OPER   

              2       9        7.30       700     1000      520     2100      701     1001     2101      702     1002   
                                         GEOM     BASIS   MCVARS     RHF     GEOM     BASIS     RHF     GEOM     BASIS   

 PROGRAMS   *        TOTAL       INT  RCCSD(T)       RHF       INT  RCCSD(T)       RHF       INT
 CPU TIMES  *       632.60      0.21     78.29      2.12     31.05    446.97     15.43     58.44
 REAL TIME  *       658.91 SEC
 DISK USED  *         2.89 GB      
 **********************************************************************************************************************************

1PROGRAM * RHF-SCF (OPEN SHELL)       Authors: W. Meyer, H.-J. Werner


 NUMBER OF ELECTRONS:       1+    0-    SPACE SYMMETRY=1    SPIN SYMMETRY: Doublet 
 CONVERGENCE THRESHOLDS:    1.00E-05 (Density)    1.00E-07 (Energy)
 MAX. NUMBER OF ITERATIONS:       60
 INTERPOLATION TYPE:            DIIS
 INTERPOLATION STEPS:              2 (START)      1 (STEP)
 LEVEL SHIFTS:                 -0.30 (CLOSED)  0.00 (OPEN) 


 Singly occupied orbitals:      1.1
 Orbital guess generated from atomic densities. Full valence occupancy:    1   0   0   0   0   0   0   0


 Molecular orbital dump at record        2102.2

 ITERATION    DDIFF          GRAD             ENERGY        2-EL.EN.            DIPOLE MOMENTS         DIIS   ORB.
    1      0.000D+00      0.000D+00        -0.48879386      0.000000    0.00000    0.00000    0.00000    0    start
    2      0.000D+00      0.110D-01        -0.49820479      0.000000    0.00000    0.00000    0.00000    1    diag,B
    3      0.642D-02      0.431D-02        -0.49994742      0.000000    0.00000    0.00000    0.00000    2    diag,B
    4      0.444D-02      0.114D-03        -0.49994833     -0.000000    0.00000    0.00000    0.00000    3    diag,B
    5      0.179D-03      0.781D-05        -0.49994833     -0.000000    0.00000    0.00000    0.00000    4    diag,B
    6      0.132D-04      0.569D-06        -0.49994833     -0.000000    0.00000    0.00000    0.00000    5    diag,B
    7      0.744D-06      0.774D-07        -0.49994833      0.000000    0.00000    0.00000    0.00000    0    orth

 Final alpha occupancy:   1   0   0   0   0   0   0   0
 Final beta  occupancy:   0   0   0   0   0   0   0   0

 !RHF STATE 1.1 Energy                 -0.499948332770
 Nuclear energy                         0.00000000
 One-electron energy                   -0.49994833
 Two-electron energy                    0.00000000
 Virial quotient                       -1.00028344
 !RHF STATE 1.1 Dipole moment           0.00000000     0.00000000     0.00000000
 Dipole moment /Debye                   0.00000000     0.00000000     0.00000000

 Orbital energies:

         1.1          2.1          3.1
     -0.499948     0.051127     0.360858

         1.2          2.2
      0.171452     0.741441

         1.3          2.3
      0.171452     0.741441

         1.4          2.4
      0.613318     2.447851

         1.5          2.5
      0.171452     0.741441

         1.6          2.6
      0.613318     2.447851

         1.7          2.7
      0.613318     2.447851

         1.8          2.8
      1.558792     6.551080

 HOMO      1.1    -0.499948 =     -13.6043eV
 LUMO      2.1     0.051127 =       1.3912eV
 LUMO-HOMO         0.551076 =      14.9955eV


 **********************************************************************************************************************************
 DATASETS  * FILE   NREC   LENGTH (MB)   RECORD NAMES
              1      20        8.38       500      610      700      702      900      950      970     1002      129      960   
                                          VAR    BASINP    GEOM     GEOM    SYMINP    ZMAT    AOBASIS   BASIS     P2S    ABASIS    
                                         1100     1400     1410     1200     1210     1080     1600     1650     1300     1700   
                                           S        T        V       H0       H01     AOSYM     SMH    MOLCAS    ERIS     OPER   

              2      10        9.79       700     1000      520     2100      701     1001     2101      702     1002     2102   
                                         GEOM     BASIS   MCVARS     RHF     GEOM     BASIS     RHF     GEOM     BASIS     RHF  

 PROGRAMS   *        TOTAL       RHF       INT  RCCSD(T)       RHF       INT  RCCSD(T)       RHF       INT
 CPU TIMES  *       632.63      0.03      0.21     78.29      2.12     31.05    446.97     15.43     58.44
 REAL TIME  *       658.97 SEC
 DISK USED  *         2.89 GB      
 **********************************************************************************************************************************
 SETTING H_SCF          =        -0.49994833  AU                              
 Output type csv         
                                                                                                                                                                                                                                                                

     Z,SCF,CCSD
   1.1,   -169.6949538,   -170.6881440
                                                  

        RHF-SCF         RCCSD(T)        RHF-SCF         RCCSD(T)        RHF-SCF 
     -0.49994833   -170.13550632   -169.25471936   -170.68814396   -169.69495375
 **********************************************************************************************************************************
 Variable memory released
