
 Primary working directories    : /tmp/cmelton
 Secondary working directories  : /tmp/cmelton
 Wavefunction directory         : /remote/cmelton/wfu/
 Main file repository           : /tmp/cmelton/

 SHA1      : 4c1979699e6aeda0524d0210415ba82a958648b0
 NAME      : 2012.1.39
 ARCHNAME  : Linux/x86_64
 FC        : /projects/sems/install/rhel6-x86_64/sems/compiler/intel/16.0.1/base/bin/ifort
 FCVERSION : 16.0.1
 BLASLIB   : -L/projects/sems/install/rhel6-x86_64/sems/compiler/intel/16.0.1/base/compilers_and_libraries_2016.1.150/linux/mkl/lib/intel64 -lmkl_intel_ilp64 -lmkl_sequential -lmkl_core
 id        : sandiacon

 Nodes           nprocs
 breve.sandia.gov    1

 Using customized tuning parameters: mindgm=7; mindgv=16; mindgc=1; mindgr=1; noblas=0; minvec=7
 default implementation of scratch files=df  

 ***,Calculation for Be atom, singlet and triplet
 memory,512,m
 gthresh,twoint=1.e-12
 geometry={
 1
 Mn
 Mn  0.0 0.0 0.0
 }
 
 basis={
 ECP,Mn,10,2,0
 4;
 1,23.9390798968269, 15.000;
 3,22.6487595203966, 359.086198452404;
 2,21.8940654317432,-152.940673128244;
 2,6.35910495525268,-2.00927518084064;
 2;
 2,18.5418030129861, 245.531112904643;
 2,8.39845964747084, 33.1420229873595;
 2;
 2,19.3120237305302, 163.210590494950;
 2,8.37007765431889, 25.0308813645583;
 Including file /remote/cmelton/data/corrECP/Mn/gani_cc51/basis/aug-cc-pwCVQZ-dk.basis
 }
 
 
 Including file /remote/cmelton/data/corrECP/Mn/gani_cc51/basis/states.proc
 
 do i=12,12
    if (i.eq.1) then
       Is2d5
    else if (i.eq.2) then
       Is1d6
    else if (i.eq.3) then
       Id7
    else if (i.eq.4) then
       IIs1d5
    else if (i.eq.5) then
       IId6
    else if (i.eq.6) then
       IIId5
    else if (i.eq.7) then
       IVd4
    else if (i.eq.8) then
       Vd3
    else if (i.eq.9) then
       VId2
    else if (i.eq.10) then
       VIId1
    else if (i.eq.11) then
       VIII
    else if (i.eq.12) then
       XI
    else if (i.eq.13) then
       XIV
    else if (i.eq.14) then
       As2d6
    endif
    scf(i)=energy
     _CC_NORM_MAX=2.0
     {rccsd(t),maxit=100;core}
     ccsd(i)=energy
 enddo
 
 table,scf,ccsd
 save
 type,csv

 Variables initialized (782), CPU time= 0.00 sec
 Commands  initialized (547), CPU time= 0.01 sec, 517 directives.
 Default parameters read. Elapsed time= 0.10 sec

 Checking input...
 Passed
1


                                         ***  PROGRAM SYSTEM MOLPRO  ***
                         Copyright, University College Cardiff Consultants Limited, 2008

                                    Version 2012.1 linked Aug  2 2016 14:07:26


 **********************************************************************************************************************************
 LABEL *   Calculation for Be atom, singlet and triplet                                  
 Linux-3.10.0-693.11.6.el7.x86_64/breve.sandia.gov(x86_64) 64 bit serial version         DATE: 23-Mar-18          TIME: 11:24:01  
 **********************************************************************************************************************************

 SHA1:             4c1979699e6aeda0524d0210415ba82a958648b0
 **********************************************************************************************************************************

 THRESHOLDS:

 ZERO    =  1.00D-12  ONEINT  =  1.00D-12  TWOINT  =  1.00D-12  PREFAC  =  1.00D-14  LOCALI  =  1.00D-09  EORDER  =  1.00D-04
 ENERGY  =  0.00D+00  ETEST   =  0.00D+00  EDENS   =  0.00D+00  THRDEDEF=  1.00D-06  GRADIENT=  1.00D-02  STEP    =  1.00D-03
 ORBITAL =  1.00D-05  CIVEC   =  1.00D-05  COEFF   =  1.00D-04  PRINTCI =  5.00D-02  PUNCHCI =  9.90D+01  OPTGRAD =  3.00D-04
 OPTENERG=  1.00D-06  OPTSTEP =  3.00D-04  THRGRAD =  1.00D-10  COMPRESS=  1.00D-11  VARMIN  =  1.00D-07  VARMAX  =  1.00D-03
 THRDOUB =  0.00D+00  THRDIV  =  1.00D-05  THRRED  =  1.00D-07  THRPSP  =  1.00D+00  THRDC   =  1.00D-10  THRCS   =  1.00D-10
 THRNRM  =  1.00D-08  THREQ   =  0.00D+00  THRDE   =  1.00D+00  THRREF  =  1.00D-05  SPARFAC =  1.00D+00  THRDLP  =  1.00D-07
 THRDIA  =  1.00D-10  THRDLS  =  1.00D-07  THRGPS  =  0.00D+00  THRKEX  =  0.00D+00  THRDIS  =  2.00D-01  THRVAR  =  1.00D-10
 THRLOC  =  1.00D-06  THRGAP  =  1.00D-06  THRLOCT = -1.00D+00  THRGAPT = -1.00D+00  THRORB  =  1.00D-06  THRMLTP =  0.00D+00
 THRCPQCI=  1.00D-10  KEXTA   =  0.00D+00  THRCOARS=  0.00D+00  SYMTOL  =  1.00D-06  GRADTOL =  1.00D-06  THROVL  =  1.00D-08
 THRORTH =  1.00D-08  GRID    =  1.00D-06  GRIDMAX =  1.00D-03  DTMAX   =  0.00D+00  THROCCDE=  1.00D-01  THROCCDE=  1.00D-01



Geometry recognized as XYZ


 Variable memory set to  512000000 words,  buffer space   230000 words

 SETTING BASIS          =    USERDEF

 DO I                   =        12.00000000   

 Running procedure=XI


 Recomputing integrals since basis changed


 Using spherical harmonics


1PROGRAM * SEWARD (Integral evaluation for generally contracted gaussian basis sets)     Author: Roland Lindh, 1990

 Geometry written to block  1 of record 700

 Orientation using atomic masses  
 Molecule type: Atom
 Symmetry elements: X,Y,Z
 Rotational constants:       0.0000000      0.0000000      0.0000000 GHz  (calculated with average atomic masses)

 Point group  D2h 



 ATOMIC COORDINATES

 NR  ATOM    CHARGE       X              Y              Z

   1  MN     15.00    0.000000000    0.000000000    0.000000000

 NUCLEAR CHARGE:                   15
 NUMBER OF PRIMITIVE AOS:         342
 NUMBER OF SYMMETRY AOS:          259
 NUMBER OF CONTRACTIONS:          259   (  65Ag  +  39B3u +  39B2u +  22B1g +  39B1u +  22B2g +  22B3g +  11Au  )
 NUMBER OF CORE ORBITALS:           4   (   1Ag  +   1B3u +   1B2u +   0B1g +   1B1u +   0B2g +   0B3g +   0Au  )
 NUMBER OF VALENCE ORBITALS:        6   (   3Ag  +   0B3u +   0B2u +   1B1g +   0B1u +   1B2g +   1B3g +   0Au  )


 NUCLEAR REPULSION ENERGY    0.00000000

 EXTRA SYMMETRY OF AOS IN SYMMETRY 1:   1 1 1 1 1 1 1 1 1 1   1 1 1 1 1 1 1 1 1 1   1 1 1 1 1 2 3 2 3 2   3 2 3 2 3 2 3 2 3 2
                                        3 2 3 2 3 2 3 2 3 2   3 2 3 4 5 6 4 5 6 4   5 6 4 5 6
 EXTRA SYMMETRY OF AOS IN SYMMETRY 2:   1 1 1 1 1 1 1 1 1 1   1 1 1 1 1 1 1 1 1 1   2 3 2 3 2 3 2 3 2 3   4 5 6 4 5 6 4 5 6
 EXTRA SYMMETRY OF AOS IN SYMMETRY 3:   1 1 1 1 1 1 1 1 1 1   1 1 1 1 1 1 1 1 1 1   2 3 2 3 2 3 2 3 2 3   4 5 6 4 5 6 4 5 6
 EXTRA SYMMETRY OF AOS IN SYMMETRY 4:   1 1 1 1 1 1 1 1 1 1   1 1 1 1 2 3 2 3 2 3   2 3
 EXTRA SYMMETRY OF AOS IN SYMMETRY 5:   1 1 1 1 1 1 1 1 1 1   1 1 1 1 1 1 1 1 1 1   2 3 2 3 2 3 2 3 2 3   4 5 6 4 5 6 4 5 6
 EXTRA SYMMETRY OF AOS IN SYMMETRY 6:   1 1 1 1 1 1 1 1 1 1   1 1 1 1 2 3 2 3 2 3   2 3
 EXTRA SYMMETRY OF AOS IN SYMMETRY 7:   1 1 1 1 1 1 1 1 1 1   1 1 1 1 2 3 2 3 2 3   2 3
 EXTRA SYMMETRY OF AOS IN SYMMETRY 8:   1 1 1 1 1 2 3 2 3 2   3

 Eigenvalues of metric

         1 0.418E-06 0.191E-04 0.243E-04 0.243E-04 0.296E-03 0.831E-03 0.866E-03 0.866E-03
         2 0.258E-06 0.520E-03 0.179E-02 0.495E-02 0.113E-01 0.210E-01 0.361E-01 0.642E-01
         3 0.258E-06 0.520E-03 0.179E-02 0.495E-02 0.113E-01 0.210E-01 0.361E-01 0.642E-01
         4 0.243E-04 0.866E-03 0.998E-02 0.349E-01 0.721E-01 0.144E+00 0.210E+00 0.210E+00
         5 0.258E-06 0.520E-03 0.179E-02 0.495E-02 0.113E-01 0.210E-01 0.361E-01 0.642E-01
         6 0.243E-04 0.866E-03 0.998E-02 0.349E-01 0.721E-01 0.144E+00 0.210E+00 0.210E+00
         7 0.243E-04 0.866E-03 0.998E-02 0.349E-01 0.721E-01 0.144E+00 0.210E+00 0.210E+00
         8 0.123E+00 0.346E+00 0.346E+00 0.371E+00 0.794E+00 0.926E+00 0.926E+00 0.148E+01


 Contracted 2-electron integrals neglected if value below      1.0D-13
 AO integral compression algorithm  1   Integral accuracy      1.0D-13

     429.392 MB (compressed) written to integral file ( 46.1%)


 NUMBER OF SORTED TWO-ELECTRON INTEGRALS:   73298784.     BUFFER LENGTH:  32768
 NUMBER OF SEGMENTS:   5  SEGMENT LENGTH:   15999750      RECORD LENGTH: 524288

 Memory used in sort:      16.56 MW

 SORT1 READ   116400167. AND WROTE    43652483. INTEGRALS IN    128 RECORDS. CPU TIME:     2.26 SEC, REAL TIME:     2.68 SEC
 SORT2 READ    43652483. AND WROTE    73298784. INTEGRALS IN   1638 RECORDS. CPU TIME:     0.96 SEC, REAL TIME:     1.26 SEC

 FILE SIZES:   FILE 1:   438.5 MBYTE,  FILE 4:   536.9 MBYTE,   TOTAL:    975.4 MBYTE

 OPERATOR DM      FOR CENTER  0  COORDINATES:    0.000000    0.000000    0.000000


 **********************************************************************************************************************************
 DATASETS  * FILE   NREC   LENGTH (MB)   RECORD NAMES
              1      20      252.66       500      610      700      900      950      970     1000      129      960     1100   
                                          VAR    BASINP    GEOM    SYMINP    ZMAT    AOBASIS   BASIS     P2S    ABASIS      S 
                                         1400     1410     1420     1200     1210     1080     1600     1650     1300     1700   
                                           T        V       ECP      H0       H01     AOSYM     SMH    MOLCAS    ERIS     OPER   

 PROGRAMS   *        TOTAL       INT
 CPU TIMES  *        25.60     25.41
 REAL TIME  *        27.32 SEC
 DISK USED  *       978.35 MB      
 **********************************************************************************************************************************

1PROGRAM * RHF-SCF (OPEN SHELL)       Authors: W. Meyer, H.-J. Werner


 NUMBER OF ELECTRONS:       4+    1-    SPACE SYMMETRY=8    SPIN SYMMETRY: Quartet 
 CONVERGENCE THRESHOLDS:    1.00E-05 (Density)    1.00E-07 (Energy)
 MAX. NUMBER OF ITERATIONS:       60
 INTERPOLATION TYPE:            DIIS
 INTERPOLATION STEPS:              2 (START)      1 (STEP)
 LEVEL SHIFTS:                 -0.30 (CLOSED)  0.00 (OPEN) 



 Orbital guess generated from atomic densities. Full valence occupancy:    4   1   1   1   1   1   1   0


 Molecular orbital dump at record        2124.2

 ITERATION    DDIFF          GRAD             ENERGY        2-EL.EN.            DIPOLE MOMENTS         DIIS   ORB.
    1      0.000D+00      0.000D+00       -63.49447935     18.068086    0.00000    0.00000    0.00000    0    start
    2      0.000D+00      0.123D+00       -64.82303706     20.510243    0.00000    0.00000    0.00000    1    diag,B
    3      0.337D-01      0.117D-01       -64.83303711     20.684293    0.00000    0.00000    0.00000    2    diag,B
    4      0.591D-02      0.859D-03       -64.83307609     20.690091    0.00000    0.00000    0.00000    3    diag,B
    5      0.442D-03      0.385D-04       -64.83307622     20.689826    0.00000    0.00000    0.00000    4    diag,B
    6      0.362D-04      0.195D-05       -64.83307622     20.689843    0.00000    0.00000    0.00000    5    diag,B
    7      0.128D-05      0.542D-07       -64.83307622     20.689842    0.00000    0.00000    0.00000    0    orth

 Final alpha occupancy:   1   1   1   0   1   0   0   0
 Final beta  occupancy:   1   0   0   0   0   0   0   0

 !RHF STATE 1.8 Energy                -64.833076216442
 Nuclear energy                         0.00000000
 One-electron energy                  -75.17799722
 Two-electron energy                   10.34492100
 Virial quotient                       -3.26778134
 !RHF STATE 1.8 Dipole moment           0.00000000     0.00000000     0.00000000
 Dipole moment /Debye                   0.00000000     0.00000000     0.00000000

 Orbital energies:

         1.1          2.1          3.1
    -11.573033    -7.485114    -7.485114

         1.2          2.2          3.2
    -10.447363    -4.318996    -3.243908

         1.3          2.3          3.3
    -10.447363    -4.318996    -3.243908

         1.4          2.4
     -7.485114    -3.656035

         1.5          2.5          3.5
    -10.447363    -4.318996    -3.243908

         1.6          2.6
     -7.485114    -3.656035

         1.7          2.7
     -7.485114    -3.656035

         1.8          2.8
     -3.243908    -2.026325

 HOMO      1.2   -10.447363 =    -284.2872eV
 LUMO      2.1    -7.485114 =    -203.6803eV
 LUMO-HOMO         2.962249 =      80.6069eV


 **********************************************************************************************************************************
 DATASETS  * FILE   NREC   LENGTH (MB)   RECORD NAMES
              1      20      252.66       500      610      700      900      950      970     1000      129      960     1100   
                                          VAR    BASINP    GEOM    SYMINP    ZMAT    AOBASIS   BASIS     P2S    ABASIS      S 
                                         1400     1410     1420     1200     1210     1080     1600     1650     1300     1700   
                                           T        V       ECP      H0       H01     AOSYM     SMH    MOLCAS    ERIS     OPER   

              2       5        5.67       200      700     1000      520     2124   
                                        OPTIONS   GEOM     BASIS   MCVARS     RHF  

 PROGRAMS   *        TOTAL       RHF       INT
 CPU TIMES  *        26.90      1.30     25.41
 REAL TIME  *        28.79 SEC
 DISK USED  *       978.35 MB      
 **********************************************************************************************************************************
 SETTING SCF(12)        =       -64.83307622  AU                              
 SETTING _CC_NORM_MAX   =         2.00000000                                  


1PROGRAM * CCSD (Restricted open-shell coupled cluster)     Authors: C. Hampel, H.-J. Werner, 1991, M. Deegan, P.J. Knowles, 1992


 Convergence thresholds:  THRVAR = 1.00D-08  THRDEN = 1.00D-06

 CCSD(T)     terms to be evaluated (factor= 1.000)


 Number of closed-shell orbitals:   1 (   1   0   0   0   0   0   0   0 )
 Number of active  orbitals:        3 (   0   1   1   0   1   0   0   0 )
 Number of external orbitals:     255 (  64  38  38  22  38  22  22  11 )

 Memory could be reduced to 23.28 Mwords without degradation in triples

 Number of N-1 electron functions:               5
 Number of N-2 electron functions:              10
 Number of singly external CSFs:               245
 Number of doubly external CSFs:             62669
 Total number of CSFs:                       62914

 Molecular orbitals read from record     2124.2  Type=RHF/CANONICAL (state 1.8)

 Integral transformation finished. Total CPU:   0.62 sec, npass=  1  Memory used:   3.05 MW

 Starting RMP2 calculation

 Wavefunction is spin-projected

 ITER.      SQ.NORM     CORR.ENERGY   TOTAL ENERGY   ENERGY CHANGE        DEN1      VAR(S)    VAR(P)  DIIS     TIME
   1      1.02776593    -0.18581569   -65.01889190    -0.18581569    -0.00019301  0.25D-07  0.30D-04  1  1     0.62
   2      1.02784532    -0.18601726   -65.01909347    -0.00020157    -0.00000003  0.11D-10  0.53D-08  2  2     0.62
   3      1.02784587    -0.18601836   -65.01909457    -0.00000110    -0.00000000  0.10D-13  0.12D-11  3  3     0.63
   4      1.02784587    -0.18601835   -65.01909457     0.00000001    -0.00000000  0.65D-18  0.14D-15  4  4     0.63

 Norm of t1 vector:      0.01309120      S-energy:    -0.00137607      T1 diagnostic:  0.00020818
 Norm of t2 vector:      0.16635652      P-energy:    -0.18464228
                                         Alpha-Beta:  -0.13787179
                                         Alpha-Alpha: -0.04677049
                                         Beta-Beta:    0.00000000

 Spin contamination <S**2-Sz**2-Sz>     0.00000000
  Reference energy                    -64.833076216442
  RHF-RMP2 correlation energy          -0.186018351784
 !RHF-RMP2 energy                     -65.019094568225
 (NB above energy spin projected)

 Starting RCCSD calculation

 ITER.      SQ.NORM     CORR.ENERGY   TOTAL ENERGY   ENERGY CHANGE        DEN1      VAR(S)    VAR(P)  DIIS     TIME
   1      1.03643601    -0.20700372   -65.04007994    -0.20700372    -0.00610416  0.27D-04  0.97D-03  1  1     1.41
   2      1.03980466    -0.21381057   -65.04688679    -0.00680685    -0.00009947  0.97D-07  0.14D-04  2  2     2.15
   3      1.04013568    -0.21427219   -65.04734841    -0.00046162    -0.00000262  0.15D-08  0.37D-06  3  3     2.92
   4      1.04017998    -0.21432666   -65.04740288    -0.00005447    -0.00000003  0.36D-09  0.42D-08  4  4     3.66
   5      1.04018287    -0.21432982   -65.04740603    -0.00000316    -0.00000000  0.16D-11  0.32D-10  5  5     4.45
   6      1.04018291    -0.21432963   -65.04740585     0.00000018    -0.00000000  0.67D-14  0.28D-12  6  6     5.25

 Norm of t1 vector:      0.01363342      S-energy:    -0.00127267      T1 diagnostic:  0.00198143
                                                                       D1 diagnostic:  0.00259430
 Norm of t2 vector:      0.19999260      P-energy:    -0.21305697
                                         Alpha-Beta:  -0.16408294
                                         Alpha-Alpha: -0.04897403
                                         Beta-Beta:    0.00000000

 Doubles amplitudes (print threshold =  0.500E-01):

         I         J         SYM. A    SYM. B    A         B      T(IJ, AB) [Alpha-Beta]

         2         1         4         3         1         1     -0.05278527
         2         1         6         5         1         1     -0.05278527
         3         1         1         3         1         1      0.05874816
         3         1         4         2         1         1     -0.05278527
         3         1         7         5         1         1     -0.05278527
         4         1         1         5         2         1     -0.05899683
         4         1         6         2         1         1     -0.05278527
         4         1         7         3         1         1     -0.05278527

 Spin contamination <S**2-Sz**2-Sz>     0.00000000

 Memory could be reduced to 23.81 Mwords without degradation in triples
 

  Correlated core orbitals:             1.1       1.2       1.3       1.5
  Orbital energies:                   -11.9999  -10.4474  -10.4474  -10.4474
 
  RCCSD core-core energy               -0.214329634220
 

 RESULTS
 =======

  Reference energy                    -64.833076216442
  RCCSD singles energy                 -0.001272665769
  RCCSD pair energy                    -0.213056968451
  RCCSD correlation energy             -0.214329634220
  Triples (T) contribution             -0.005108660001
  Total correlation energy             -0.219438294221
 
  RHF-RCCSD energy                    -65.047405850662
  RHF-RCCSD[T] energy                 -65.052515341198
  RHF-RCCSD-T energy                  -65.052493125954
 !RHF-RCCSD(T) energy                 -65.052514510663

 Program statistics:

 Available memory in ccsd:               511999732
 Min. memory needed in ccsd:                476663
 Max. memory used in ccsd:                  530570
 Max. memory used in cckext:                552098 ( 6 integral passes)
 Max. memory used in cckint:               3047437 ( 1 integral passes)



 **********************************************************************************************************************************
 DATASETS  * FILE   NREC   LENGTH (MB)   RECORD NAMES
              1      20      252.66       500      610      700      900      950      970     1000      129      960     1100   
                                          VAR    BASINP    GEOM    SYMINP    ZMAT    AOBASIS   BASIS     P2S    ABASIS      S 
                                         1400     1410     1420     1200     1210     1080     1600     1650     1300     1700   
                                           T        V       ECP      H0       H01     AOSYM     SMH    MOLCAS    ERIS     OPER   

              2       5        5.67       200      700     1000      520     2124   
                                        OPTIONS   GEOM     BASIS   MCVARS     RHF  

 PROGRAMS   *        TOTAL  RCCSD(T)       RHF       INT
 CPU TIMES  *        32.98      6.07      1.30     25.41
 REAL TIME  *        35.59 SEC
 DISK USED  *       978.35 MB      
 **********************************************************************************************************************************
 SETTING CCSD(12)       =       -65.05251451  AU                              
 Output type csv         
                                                                                                                                                                                                                                                                

       SCF,CCSD
     0.00000000,     0.00000000
     0.00000000,     0.00000000
     0.00000000,     0.00000000
     0.00000000,     0.00000000
     0.00000000,     0.00000000
     0.00000000,     0.00000000
     0.00000000,     0.00000000
     0.00000000,     0.00000000
     0.00000000,     0.00000000
     0.00000000,     0.00000000
     0.00000000,     0.00000000
   -64.83307622,   -65.05251451
                                                  

        RCCSD(T)        RHF-SCF 
    -65.05251451    -64.83307622
 **********************************************************************************************************************************
 Variable memory released
