
 Primary working directories    : /tmp/cmelton
 Secondary working directories  : /tmp/cmelton
 Wavefunction directory         : /remote/cmelton/wfu/
 Main file repository           : /tmp/cmelton/

 SHA1      : 4c1979699e6aeda0524d0210415ba82a958648b0
 NAME      : 2012.1.39
 ARCHNAME  : Linux/x86_64
 FC        : /projects/sems/install/rhel6-x86_64/sems/compiler/intel/16.0.1/base/bin/ifort
 FCVERSION : 16.0.1
 BLASLIB   : -L/projects/sems/install/rhel6-x86_64/sems/compiler/intel/16.0.1/base/compilers_and_libraries_2016.1.150/linux/mkl/lib/intel64 -lmkl_intel_ilp64 -lmkl_sequential -lmkl_core
 id        : sandiacon

 Nodes           nprocs
 breve.sandia.gov    1

 Using customized tuning parameters: mindgm=7; mindgv=16; mindgc=1; mindgr=1; noblas=0; minvec=7
 default implementation of scratch files=df  

 ***,Calculation for Be atom, singlet and triplet
 memory,512,m
 gthresh,twoint=1.e-12
 geometry={
 1
 Mn
 Mn  0.0 0.0 0.0
 }
 
 basis={
 Including file /remote/cmelton/data/corrECP/Mn/ae/nr/basis/aug-cc-pwCVQZ-dk.basis
 }
 
 Including file /remote/cmelton/data/corrECP/Mn/ae/nr/basis/states.proc
 
 do i=12,12
    if (i.eq.1) then
       Is2d5
    else if (i.eq.2) then
       Is1d6
    else if (i.eq.3) then
       Id7
    else if (i.eq.4) then
       IIs1d5
    else if (i.eq.5) then
       IId6
    else if (i.eq.6) then
       IIId5
    else if (i.eq.7) then
       IVd4
    else if (i.eq.8) then
       Vd3
    else if (i.eq.9) then
       VId2
    else if (i.eq.10) then
       VIId1
    else if (i.eq.11) then
       VIII
    else if (i.eq.12) then
       XI
    else if (i.eq.13) then
       XIV
    else if (i.eq.14) then
       As2d6
    endif
    scf(i)=energy
     _CC_NORM_MAX=2.0
     {rccsd(t),maxit=100;core}
     ccsd(i)=energy
 enddo
 
 table,scf,ccsd
 save
 type,csv

 Variables initialized (782), CPU time= 0.00 sec
 Commands  initialized (547), CPU time= 0.01 sec, 517 directives.
 Default parameters read. Elapsed time= 0.07 sec

 Checking input...
 Passed
1


                                         ***  PROGRAM SYSTEM MOLPRO  ***
                         Copyright, University College Cardiff Consultants Limited, 2008

                                    Version 2012.1 linked Aug  2 2016 14:07:26


 **********************************************************************************************************************************
 LABEL *   Calculation for Be atom, singlet and triplet                                  
 Linux-3.10.0-693.11.6.el7.x86_64/breve.sandia.gov(x86_64) 64 bit serial version         DATE: 23-Mar-18          TIME: 10:56:12  
 **********************************************************************************************************************************

 SHA1:             4c1979699e6aeda0524d0210415ba82a958648b0
 **********************************************************************************************************************************

 THRESHOLDS:

 ZERO    =  1.00D-12  ONEINT  =  1.00D-12  TWOINT  =  1.00D-12  PREFAC  =  1.00D-14  LOCALI  =  1.00D-09  EORDER  =  1.00D-04
 ENERGY  =  0.00D+00  ETEST   =  0.00D+00  EDENS   =  0.00D+00  THRDEDEF=  1.00D-06  GRADIENT=  1.00D-02  STEP    =  1.00D-03
 ORBITAL =  1.00D-05  CIVEC   =  1.00D-05  COEFF   =  1.00D-04  PRINTCI =  5.00D-02  PUNCHCI =  9.90D+01  OPTGRAD =  3.00D-04
 OPTENERG=  1.00D-06  OPTSTEP =  3.00D-04  THRGRAD =  1.00D-10  COMPRESS=  1.00D-11  VARMIN  =  1.00D-07  VARMAX  =  1.00D-03
 THRDOUB =  0.00D+00  THRDIV  =  1.00D-05  THRRED  =  1.00D-07  THRPSP  =  1.00D+00  THRDC   =  1.00D-10  THRCS   =  1.00D-10
 THRNRM  =  1.00D-08  THREQ   =  0.00D+00  THRDE   =  1.00D+00  THRREF  =  1.00D-05  SPARFAC =  1.00D+00  THRDLP  =  1.00D-07
 THRDIA  =  1.00D-10  THRDLS  =  1.00D-07  THRGPS  =  0.00D+00  THRKEX  =  0.00D+00  THRDIS  =  2.00D-01  THRVAR  =  1.00D-10
 THRLOC  =  1.00D-06  THRGAP  =  1.00D-06  THRLOCT = -1.00D+00  THRGAPT = -1.00D+00  THRORB  =  1.00D-06  THRMLTP =  0.00D+00
 THRCPQCI=  1.00D-10  KEXTA   =  0.00D+00  THRCOARS=  0.00D+00  SYMTOL  =  1.00D-06  GRADTOL =  1.00D-06  THROVL  =  1.00D-08
 THRORTH =  1.00D-08  GRID    =  1.00D-06  GRIDMAX =  1.00D-03  DTMAX   =  0.00D+00  THROCCDE=  1.00D-01  THROCCDE=  1.00D-01



Geometry recognized as XYZ


 Variable memory set to  512000000 words,  buffer space   230000 words

 SETTING BASIS          =    USERDEF

 DO I                   =        12.00000000   

 Running procedure=XI


 Recomputing integrals since basis changed


 Using spherical harmonics


1PROGRAM * SEWARD (Integral evaluation for generally contracted gaussian basis sets)     Author: Roland Lindh, 1990

 Geometry written to block  1 of record 700

 Orientation using atomic masses  
 Molecule type: Atom
 Symmetry elements: X,Y,Z
 Rotational constants:       0.0000000      0.0000000      0.0000000 GHz  (calculated with average atomic masses)

 Point group  D2h 



 ATOMIC COORDINATES

 NR  ATOM    CHARGE       X              Y              Z

   1  MN     25.00    0.000000000    0.000000000    0.000000000

 NUCLEAR CHARGE:                   25
 NUMBER OF PRIMITIVE AOS:         342
 NUMBER OF SYMMETRY AOS:          259
 NUMBER OF CONTRACTIONS:          259   (  65Ag  +  39B3u +  39B2u +  22B1g +  39B1u +  22B2g +  22B3g +  11Au  )
 NUMBER OF CORE ORBITALS:           9   (   3Ag  +   2B3u +   2B2u +   0B1g +   2B1u +   0B2g +   0B3g +   0Au  )
 NUMBER OF VALENCE ORBITALS:        6   (   3Ag  +   0B3u +   0B2u +   1B1g +   0B1u +   1B2g +   1B3g +   0Au  )


 NUCLEAR REPULSION ENERGY    0.00000000

 EXTRA SYMMETRY OF AOS IN SYMMETRY 1:   1 1 1 1 1 1 1 1 1 1   1 1 1 1 1 1 1 1 1 1   1 1 1 1 1 2 3 2 3 2   3 2 3 2 3 2 3 2 3 2
                                        3 2 3 2 3 2 3 2 3 2   3 2 3 4 5 6 4 5 6 4   5 6 4 5 6
 EXTRA SYMMETRY OF AOS IN SYMMETRY 2:   1 1 1 1 1 1 1 1 1 1   1 1 1 1 1 1 1 1 1 1   2 3 2 3 2 3 2 3 2 3   4 5 6 4 5 6 4 5 6
 EXTRA SYMMETRY OF AOS IN SYMMETRY 3:   1 1 1 1 1 1 1 1 1 1   1 1 1 1 1 1 1 1 1 1   2 3 2 3 2 3 2 3 2 3   4 5 6 4 5 6 4 5 6
 EXTRA SYMMETRY OF AOS IN SYMMETRY 4:   1 1 1 1 1 1 1 1 1 1   1 1 1 1 2 3 2 3 2 3   2 3
 EXTRA SYMMETRY OF AOS IN SYMMETRY 5:   1 1 1 1 1 1 1 1 1 1   1 1 1 1 1 1 1 1 1 1   2 3 2 3 2 3 2 3 2 3   4 5 6 4 5 6 4 5 6
 EXTRA SYMMETRY OF AOS IN SYMMETRY 6:   1 1 1 1 1 1 1 1 1 1   1 1 1 1 2 3 2 3 2 3   2 3
 EXTRA SYMMETRY OF AOS IN SYMMETRY 7:   1 1 1 1 1 1 1 1 1 1   1 1 1 1 2 3 2 3 2 3   2 3
 EXTRA SYMMETRY OF AOS IN SYMMETRY 8:   1 1 1 1 1 2 3 2 3 2   3

 Eigenvalues of metric

         1 0.418E-06 0.191E-04 0.243E-04 0.243E-04 0.296E-03 0.831E-03 0.866E-03 0.866E-03
         2 0.258E-06 0.520E-03 0.179E-02 0.495E-02 0.113E-01 0.210E-01 0.361E-01 0.642E-01
         3 0.258E-06 0.520E-03 0.179E-02 0.495E-02 0.113E-01 0.210E-01 0.361E-01 0.642E-01
         4 0.243E-04 0.866E-03 0.998E-02 0.349E-01 0.721E-01 0.144E+00 0.210E+00 0.210E+00
         5 0.258E-06 0.520E-03 0.179E-02 0.495E-02 0.113E-01 0.210E-01 0.361E-01 0.642E-01
         6 0.243E-04 0.866E-03 0.998E-02 0.349E-01 0.721E-01 0.144E+00 0.210E+00 0.210E+00
         7 0.243E-04 0.866E-03 0.998E-02 0.349E-01 0.721E-01 0.144E+00 0.210E+00 0.210E+00
         8 0.123E+00 0.346E+00 0.346E+00 0.371E+00 0.794E+00 0.926E+00 0.926E+00 0.148E+01


 Contracted 2-electron integrals neglected if value below      1.0D-13
 AO integral compression algorithm  1   Integral accuracy      1.0D-13

     429.392 MB (compressed) written to integral file ( 46.1%)


 NUMBER OF SORTED TWO-ELECTRON INTEGRALS:   73298784.     BUFFER LENGTH:  32768
 NUMBER OF SEGMENTS:   5  SEGMENT LENGTH:   15999750      RECORD LENGTH: 524288

 Memory used in sort:      16.56 MW

 SORT1 READ   116400167. AND WROTE    43652483. INTEGRALS IN    128 RECORDS. CPU TIME:     2.33 SEC, REAL TIME:     2.79 SEC
 SORT2 READ    43652483. AND WROTE    73298784. INTEGRALS IN   1638 RECORDS. CPU TIME:     1.01 SEC, REAL TIME:     1.33 SEC

 FILE SIZES:   FILE 1:   438.5 MBYTE,  FILE 4:   536.9 MBYTE,   TOTAL:    975.4 MBYTE

 OPERATOR DM      FOR CENTER  0  COORDINATES:    0.000000    0.000000    0.000000


 **********************************************************************************************************************************
 DATASETS  * FILE   NREC   LENGTH (MB)   RECORD NAMES
              1      19      252.61       500      610      700      900      950      970     1000      129      960     1100   
                                          VAR    BASINP    GEOM    SYMINP    ZMAT    AOBASIS   BASIS     P2S    ABASIS      S 
                                         1400     1410     1200     1210     1080     1600     1650     1300     1700   
                                           T        V       H0       H01     AOSYM     SMH    MOLCAS    ERIS     OPER   

 PROGRAMS   *        TOTAL       INT
 CPU TIMES  *        27.23     27.08
 REAL TIME  *        29.05 SEC
 DISK USED  *       978.31 MB      
 **********************************************************************************************************************************

1PROGRAM * RHF-SCF (OPEN SHELL)       Authors: W. Meyer, H.-J. Werner


 NUMBER OF ELECTRONS:       9+    6-    SPACE SYMMETRY=8    SPIN SYMMETRY: Quartet 
 CONVERGENCE THRESHOLDS:    1.00E-05 (Density)    1.00E-07 (Energy)
 MAX. NUMBER OF ITERATIONS:       60
 INTERPOLATION TYPE:            DIIS
 INTERPOLATION STEPS:              2 (START)      1 (STEP)
 LEVEL SHIFTS:                 -0.30 (CLOSED)  0.00 (OPEN) 



 Orbital guess generated from atomic densities. Full valence occupancy:    6   2   2   1   2   1   1   0


 Molecular orbital dump at record        2124.2

 ITERATION    DDIFF          GRAD             ENERGY        2-EL.EN.            DIPOLE MOMENTS         DIIS   ORB.
    1      0.000D+00      0.000D+00     -1109.96013159    525.993284    0.00000    0.00000    0.00000    0    start
    2      0.000D+00      0.863D-01     -1111.28575294    549.488960    0.00000    0.00000    0.00000    1    diag,B
    3      0.142D-01      0.151D-01     -1111.29657343    549.184847    0.00000    0.00000    0.00000    2    diag,B
    4      0.361D-02      0.153D-02     -1111.29677877    549.363960    0.00000    0.00000    0.00000    3    diag,B
    5      0.499D-03      0.138D-03     -1111.29678067    549.375857    0.00000    0.00000    0.00000    4    diag,B
    6      0.598D-04      0.810D-05     -1111.29678068    549.375715    0.00000    0.00000    0.00000    5    diag,B
    7      0.562D-05      0.466D-06     -1111.29678068    549.375724    0.00000    0.00000    0.00000    0    orth

 Final alpha occupancy:   3   2   2   0   2   0   0   0
 Final beta  occupancy:   3   1   1   0   1   0   0   0

 !RHF STATE 1.8 Energy              -1111.296780676668
 Nuclear energy                         0.00000000
 One-electron energy                -1385.98464245
 Two-electron energy                  274.68786177
 Virial quotient                       -0.99999984
 !RHF STATE 1.8 Dipole moment           0.00000000     0.00000000     0.00000000
 Dipole moment /Debye                   0.00000000     0.00000000     0.00000000

 Orbital energies:

         1.1          2.1          3.1          4.1          5.1
   -250.112212   -38.481732   -11.490542    -7.479314    -7.479314

         1.2          2.2          3.2          4.2
    -34.194961   -10.423395    -4.330543    -3.237939

         1.3          2.3          3.3          4.3
    -34.194961   -10.423395    -4.330543    -3.237939

         1.4          2.4
     -7.479314    -3.673655

         1.5          2.5          3.5          4.5
    -34.194961   -10.423395    -4.330543    -3.237939

         1.6          2.6
     -7.479314    -3.673655

         1.7          2.7
     -7.479314    -3.673655

         1.8          2.8
     -3.237939    -2.021741

 HOMO      2.2   -10.423395 =    -283.6350eV
 LUMO      4.1    -7.479314 =    -203.5225eV
 LUMO-HOMO         2.944081 =      80.1125eV


 **********************************************************************************************************************************
 DATASETS  * FILE   NREC   LENGTH (MB)   RECORD NAMES
              1      19      252.61       500      610      700      900      950      970     1000      129      960     1100   
                                          VAR    BASINP    GEOM    SYMINP    ZMAT    AOBASIS   BASIS     P2S    ABASIS      S 
                                         1400     1410     1200     1210     1080     1600     1650     1300     1700   
                                           T        V       H0       H01     AOSYM     SMH    MOLCAS    ERIS     OPER   

              2       5        5.67       200      700     1000      520     2124   
                                        OPTIONS   GEOM     BASIS   MCVARS     RHF  

 PROGRAMS   *        TOTAL       RHF       INT
 CPU TIMES  *        28.49      1.26     27.08
 REAL TIME  *        30.49 SEC
 DISK USED  *       978.31 MB      
 **********************************************************************************************************************************
 SETTING SCF(12)        =     -1111.29678068  AU                              
 SETTING _CC_NORM_MAX   =         2.00000000                                  


1PROGRAM * CCSD (Restricted open-shell coupled cluster)     Authors: C. Hampel, H.-J. Werner, 1991, M. Deegan, P.J. Knowles, 1992


 Convergence thresholds:  THRVAR = 1.00D-08  THRDEN = 1.00D-06

 CCSD(T)     terms to be evaluated (factor= 1.000)


 Number of closed-shell orbitals:   6 (   3   1   1   0   1   0   0   0 )
 Number of active  orbitals:        3 (   0   1   1   0   1   0   0   0 )
 Number of external orbitals:     250 (  62  37  37  22  37  22  22  11 )

 Memory could be reduced to 34.75 Mwords without degradation in triples

 Number of N-1 electron functions:              15
 Number of N-2 electron functions:             105
 Number of singly external CSFs:               714
 Number of doubly external CSFs:            687450
 Total number of CSFs:                      688164

 Molecular orbitals read from record     2124.2  Type=RHF/CANONICAL (state 1.8)

 Integral transformation finished. Total CPU:   0.81 sec, npass=  1  Memory used:   5.76 MW

 Starting RMP2 calculation

 Wavefunction is spin-projected

 ITER.      SQ.NORM     CORR.ENERGY   TOTAL ENERGY   ENERGY CHANGE        DEN1      VAR(S)    VAR(P)  DIIS     TIME
   1      1.02521197    -0.54245300 -1111.83923368    -0.54245300    -0.00016997  0.17D-07  0.26D-04  1  1     0.85
   2      1.02527927    -0.54262972 -1111.83941039    -0.00017672    -0.00000005  0.56D-11  0.79D-08  2  2     0.87
   3      1.02528014    -0.54263165 -1111.83941233    -0.00000193    -0.00000000  0.11D-13  0.18D-11  3  3     0.90
   4      1.02528014    -0.54263165 -1111.83941232     0.00000000    -0.00000000  0.83D-18  0.29D-15  4  4     0.93

 Norm of t1 vector:      0.01172309      S-energy:    -0.00182248      T1 diagnostic:  0.00009702
 Norm of t2 vector:      0.15856454      P-energy:    -0.54080917
                                         Alpha-Beta:  -0.39248873
                                         Alpha-Alpha: -0.09826441
                                         Beta-Beta:   -0.05005603

 Spin contamination <S**2-Sz**2-Sz>     0.00000000
  Reference energy                  -1111.296780676669
  RHF-RMP2 correlation energy          -0.542631646223
 !RHF-RMP2 energy                   -1111.839412322891
 (NB above energy spin projected)

 Starting RCCSD calculation

 ITER.      SQ.NORM     CORR.ENERGY   TOTAL ENERGY   ENERGY CHANGE        DEN1      VAR(S)    VAR(P)  DIIS     TIME
   1      1.03162032    -0.55631719 -1111.85309787    -0.55631719    -0.00516224  0.26D-04  0.75D-03  1  1     2.24
   2      1.03435903    -0.56163167 -1111.85841235    -0.00531448    -0.00024521  0.15D-06  0.40D-04  2  2     3.49
   3      1.03512541    -0.56282830 -1111.85960897    -0.00119663    -0.00000602  0.24D-08  0.93D-06  3  3     4.76
   4      1.03520001    -0.56291415 -1111.85969483    -0.00008585    -0.00000015  0.13D-09  0.21D-07  4  4     6.05
   5      1.03520635    -0.56291951 -1111.85970019    -0.00000536    -0.00000000  0.32D-11  0.54D-10  5  5     7.30
   6      1.03520656    -0.56291984 -1111.85970052    -0.00000033    -0.00000000  0.29D-13  0.46D-12  6  6     8.56

 Norm of t1 vector:      0.01226834      S-energy:    -0.00175069      T1 diagnostic:  0.00105341
                                                                       D1 diagnostic:  0.00209123
 Norm of t2 vector:      0.18723261      P-energy:    -0.56116915
                                         Alpha-Beta:  -0.41420386
                                         Alpha-Alpha: -0.09811925
                                         Beta-Beta:   -0.04884604

 Doubles amplitudes (print threshold =  0.500E-01):

         I         J         SYM. A    SYM. B    A         B      T(IJ, AB) [Alpha-Beta]

         5         3         1         2         1         1      0.05380556
         7         3         1         3         2         1      0.05088696

 Spin contamination <S**2-Sz**2-Sz>     0.00000000

 Memory could be reduced to 36.71 Mwords without degradation in triples
 

  Correlated core orbitals:             1.1       2.1       3.1       1.2       2.2       1.3       2.3       1.5       2.5
  Orbital energies:                  -250.1805  -38.5356  -11.8837  -34.2937  -10.4234  -34.2937  -10.4234  -34.2937  -10.4234
 
  RCCSD core-core energy               -0.562919844127
 

 RESULTS
 =======

  Reference energy                  -1111.296780676669
  RCCSD singles energy                 -0.001750691557
  RCCSD pair energy                    -0.561169152570
  RCCSD correlation energy             -0.562919844127
  Triples (T) contribution             -0.005529187651
  Total correlation energy             -0.568449031778
 
  RHF-RCCSD energy                  -1111.859700520796
  RHF-RCCSD[T] energy               -1111.865245633650
  RHF-RCCSD-T energy                -1111.865219594307
 !RHF-RCCSD(T) energy               -1111.865229708447

 Program statistics:

 Available memory in ccsd:               511999162
 Min. memory needed in ccsd:               2168503
 Max. memory used in ccsd:                 2988220
 Max. memory used in cckext:               2296456 ( 6 integral passes)
 Max. memory used in cckint:               5762867 ( 1 integral passes)



 **********************************************************************************************************************************
 DATASETS  * FILE   NREC   LENGTH (MB)   RECORD NAMES
              1      19      252.61       500      610      700      900      950      970     1000      129      960     1100   
                                          VAR    BASINP    GEOM    SYMINP    ZMAT    AOBASIS   BASIS     P2S    ABASIS      S 
                                         1400     1410     1200     1210     1080     1600     1650     1300     1700   
                                           T        V       H0       H01     AOSYM     SMH    MOLCAS    ERIS     OPER   

              2       5        5.67       200      700     1000      520     2124   
                                        OPTIONS   GEOM     BASIS   MCVARS     RHF  

 PROGRAMS   *        TOTAL  RCCSD(T)       RHF       INT
 CPU TIMES  *        64.63     36.14      1.26     27.08
 REAL TIME  *        69.12 SEC
 DISK USED  *       978.31 MB      
 **********************************************************************************************************************************
 SETTING CCSD(12)       =     -1111.86522971  AU                              
 Output type csv         
                                                                                                                                                                                                                                                                

         SCF,CCSD
       0.000000,       0.000000
       0.000000,       0.000000
       0.000000,       0.000000
       0.000000,       0.000000
       0.000000,       0.000000
       0.000000,       0.000000
       0.000000,       0.000000
       0.000000,       0.000000
       0.000000,       0.000000
       0.000000,       0.000000
       0.000000,       0.000000
   -1111.296781,   -1111.865230
                                                  

        RCCSD(T)        RHF-SCF 
  -1111.86522971  -1111.29678068
 **********************************************************************************************************************************
 Variable memory released
