
 Primary working directories    : /tmp/cmelton
 Secondary working directories  : /tmp/cmelton
 Wavefunction directory         : /remote/cmelton/wfu/
 Main file repository           : /tmp/cmelton/

 SHA1      : 4c1979699e6aeda0524d0210415ba82a958648b0
 NAME      : 2012.1.39
 ARCHNAME  : Linux/x86_64
 FC        : /projects/sems/install/rhel6-x86_64/sems/compiler/intel/16.0.1/base/bin/ifort
 FCVERSION : 16.0.1
 BLASLIB   : -L/projects/sems/install/rhel6-x86_64/sems/compiler/intel/16.0.1/base/compilers_and_libraries_2016.1.150/linux/mkl/lib/intel64 -lmkl_intel_ilp64 -lmkl_sequential -lmkl_core
 id        : sandiacon

 Nodes           nprocs
 breve.sandia.gov    1

 Using customized tuning parameters: mindgm=7; mindgv=16; mindgc=1; mindgr=1; noblas=0; minvec=7
 default implementation of scratch files=df  

 ***,Calculation for Be atom, singlet and triplet
 memory,512,m
 gthresh,twoint=1.e-12
 geometry={
 1
 Mn
 Mn  0.0 0.0 0.0
 }
 
 basis={
 Including file /remote/cmelton/data/corrECP/Mn/ae/nr/basis/aug-cc-pwCVTZ-dk.basis
 }
 
 Including file /remote/cmelton/data/corrECP/Mn/ae/nr/basis/states.proc
 
 do i=12,12
    if (i.eq.1) then
       Is2d5
    else if (i.eq.2) then
       Is1d6
    else if (i.eq.3) then
       Id7
    else if (i.eq.4) then
       IIs1d5
    else if (i.eq.5) then
       IId6
    else if (i.eq.6) then
       IIId5
    else if (i.eq.7) then
       IVd4
    else if (i.eq.8) then
       Vd3
    else if (i.eq.9) then
       VId2
    else if (i.eq.10) then
       VIId1
    else if (i.eq.11) then
       VIII
    else if (i.eq.12) then
       XI
    else if (i.eq.13) then
       XIV
    else if (i.eq.14) then
       As2d6
    endif
    scf(i)=energy
     _CC_NORM_MAX=2.0
     {rccsd(t),maxit=100;core}
     ccsd(i)=energy
 enddo
 
 table,scf,ccsd
 save
 type,csv

 Variables initialized (782), CPU time= 0.01 sec
 Commands  initialized (547), CPU time= 0.00 sec, 517 directives.
 Default parameters read. Elapsed time= 0.12 sec

 Checking input...
 Passed
1


                                         ***  PROGRAM SYSTEM MOLPRO  ***
                         Copyright, University College Cardiff Consultants Limited, 2008

                                    Version 2012.1 linked Aug  2 2016 14:07:26


 **********************************************************************************************************************************
 LABEL *   Calculation for Be atom, singlet and triplet                                  
 Linux-3.10.0-693.11.6.el7.x86_64/breve.sandia.gov(x86_64) 64 bit serial version         DATE: 23-Mar-18          TIME: 10:56:08  
 **********************************************************************************************************************************

 SHA1:             4c1979699e6aeda0524d0210415ba82a958648b0
 **********************************************************************************************************************************

 THRESHOLDS:

 ZERO    =  1.00D-12  ONEINT  =  1.00D-12  TWOINT  =  1.00D-12  PREFAC  =  1.00D-14  LOCALI  =  1.00D-09  EORDER  =  1.00D-04
 ENERGY  =  0.00D+00  ETEST   =  0.00D+00  EDENS   =  0.00D+00  THRDEDEF=  1.00D-06  GRADIENT=  1.00D-02  STEP    =  1.00D-03
 ORBITAL =  1.00D-05  CIVEC   =  1.00D-05  COEFF   =  1.00D-04  PRINTCI =  5.00D-02  PUNCHCI =  9.90D+01  OPTGRAD =  3.00D-04
 OPTENERG=  1.00D-06  OPTSTEP =  3.00D-04  THRGRAD =  1.00D-10  COMPRESS=  1.00D-11  VARMIN  =  1.00D-07  VARMAX  =  1.00D-03
 THRDOUB =  0.00D+00  THRDIV  =  1.00D-05  THRRED  =  1.00D-07  THRPSP  =  1.00D+00  THRDC   =  1.00D-10  THRCS   =  1.00D-10
 THRNRM  =  1.00D-08  THREQ   =  0.00D+00  THRDE   =  1.00D+00  THRREF  =  1.00D-05  SPARFAC =  1.00D+00  THRDLP  =  1.00D-07
 THRDIA  =  1.00D-10  THRDLS  =  1.00D-07  THRGPS  =  0.00D+00  THRKEX  =  0.00D+00  THRDIS  =  2.00D-01  THRVAR  =  1.00D-10
 THRLOC  =  1.00D-06  THRGAP  =  1.00D-06  THRLOCT = -1.00D+00  THRGAPT = -1.00D+00  THRORB  =  1.00D-06  THRMLTP =  0.00D+00
 THRCPQCI=  1.00D-10  KEXTA   =  0.00D+00  THRCOARS=  0.00D+00  SYMTOL  =  1.00D-06  GRADTOL =  1.00D-06  THROVL  =  1.00D-08
 THRORTH =  1.00D-08  GRID    =  1.00D-06  GRIDMAX =  1.00D-03  DTMAX   =  0.00D+00  THROCCDE=  1.00D-01  THROCCDE=  1.00D-01



Geometry recognized as XYZ


 Variable memory set to  512000000 words,  buffer space   230000 words

 SETTING BASIS          =    USERDEF

 DO I                   =        12.00000000   

 Running procedure=XI


 Recomputing integrals since basis changed


 Using spherical harmonics


1PROGRAM * SEWARD (Integral evaluation for generally contracted gaussian basis sets)     Author: Roland Lindh, 1990

 Geometry written to block  1 of record 700

 Orientation using atomic masses  
 Molecule type: Atom
 Symmetry elements: X,Y,Z
 Rotational constants:       0.0000000      0.0000000      0.0000000 GHz  (calculated with average atomic masses)

 Point group  D2h 



 ATOMIC COORDINATES

 NR  ATOM    CHARGE       X              Y              Z

   1  MN     25.00    0.000000000    0.000000000    0.000000000

 NUCLEAR CHARGE:                   25
 NUMBER OF PRIMITIVE AOS:         231
 NUMBER OF SYMMETRY AOS:          190
 NUMBER OF CONTRACTIONS:          190   (  54Ag  +  27B3u +  27B2u +  17B1g +  27B1u +  17B2g +  17B3g +   4Au  )
 NUMBER OF CORE ORBITALS:           9   (   3Ag  +   2B3u +   2B2u +   0B1g +   2B1u +   0B2g +   0B3g +   0Au  )
 NUMBER OF VALENCE ORBITALS:        6   (   3Ag  +   0B3u +   0B2u +   1B1g +   0B1u +   1B2g +   1B3g +   0Au  )


 NUCLEAR REPULSION ENERGY    0.00000000

 EXTRA SYMMETRY OF AOS IN SYMMETRY 1:   1 1 1 1 1 1 1 1 1 1   1 1 1 1 1 1 1 1 1 1   1 1 1 2 3 2 3 2 3 2   3 2 3 2 3 2 3 2 3 2
                                        3 2 3 2 3 4 5 6 4 5   6 4 5 6
 EXTRA SYMMETRY OF AOS IN SYMMETRY 2:   1 1 1 1 1 1 1 1 1 1   1 1 1 1 1 1 1 1 1 2   3 2 3 2 3 2 3
 EXTRA SYMMETRY OF AOS IN SYMMETRY 3:   1 1 1 1 1 1 1 1 1 1   1 1 1 1 1 1 1 1 1 2   3 2 3 2 3 2 3
 EXTRA SYMMETRY OF AOS IN SYMMETRY 4:   1 1 1 1 1 1 1 1 1 1   1 2 3 2 3 2 3
 EXTRA SYMMETRY OF AOS IN SYMMETRY 5:   1 1 1 1 1 1 1 1 1 1   1 1 1 1 1 1 1 1 1 2   3 2 3 2 3 2 3
 EXTRA SYMMETRY OF AOS IN SYMMETRY 6:   1 1 1 1 1 1 1 1 1 1   1 2 3 2 3 2 3
 EXTRA SYMMETRY OF AOS IN SYMMETRY 7:   1 1 1 1 1 1 1 1 1 1   1 2 3 2 3 2 3

 Eigenvalues of metric

         1 0.155E-05 0.155E-05 0.695E-05 0.818E-04 0.282E-03 0.282E-03 0.596E-03 0.167E-02
         2 0.177E-06 0.321E-05 0.122E-02 0.474E-02 0.116E-01 0.244E-01 0.435E-01 0.790E-01
         3 0.177E-06 0.321E-05 0.122E-02 0.474E-02 0.116E-01 0.244E-01 0.435E-01 0.790E-01
         4 0.155E-05 0.282E-03 0.546E-01 0.121E+00 0.254E+00 0.328E+00 0.328E+00 0.450E+00
         5 0.177E-06 0.321E-05 0.122E-02 0.474E-02 0.116E-01 0.244E-01 0.435E-01 0.790E-01
         6 0.155E-05 0.282E-03 0.546E-01 0.121E+00 0.254E+00 0.328E+00 0.328E+00 0.450E+00
         7 0.155E-05 0.282E-03 0.546E-01 0.121E+00 0.254E+00 0.328E+00 0.328E+00 0.450E+00
         8 0.211E+00 0.554E+00 0.124E+01 0.200E+01


 Contracted 2-electron integrals neglected if value below      1.0D-13
 AO integral compression algorithm  1   Integral accuracy      1.0D-13

     170.656 MB (compressed) written to integral file ( 54.5%)


 NUMBER OF SORTED TWO-ELECTRON INTEGRALS:   21725389.     BUFFER LENGTH:  32768
 NUMBER OF SEGMENTS:   2  SEGMENT LENGTH:   15999094      RECORD LENGTH: 524288

 Memory used in sort:      16.56 MW

 SORT1 READ    39142000. AND WROTE    14902824. INTEGRALS IN     44 RECORDS. CPU TIME:     0.67 SEC, REAL TIME:     0.82 SEC
 SORT2 READ    14902824. AND WROTE    21725389. INTEGRALS IN    651 RECORDS. CPU TIME:     0.37 SEC, REAL TIME:     0.49 SEC

 FILE SIZES:   FILE 1:   179.1 MBYTE,  FILE 4:   184.6 MBYTE,   TOTAL:    363.7 MBYTE

 OPERATOR DM      FOR CENTER  0  COORDINATES:    0.000000    0.000000    0.000000


 **********************************************************************************************************************************
 DATASETS  * FILE   NREC   LENGTH (MB)   RECORD NAMES
              1      19       94.91       500      610      700      900      950      970     1000      129      960     1100   
                                          VAR    BASINP    GEOM    SYMINP    ZMAT    AOBASIS   BASIS     P2S    ABASIS      S 
                                         1400     1410     1200     1210     1080     1600     1650     1300     1700   
                                           T        V       H0       H01     AOSYM     SMH    MOLCAS    ERIS     OPER   

 PROGRAMS   *        TOTAL       INT
 CPU TIMES  *         8.89      8.72
 REAL TIME  *         9.88 SEC
 DISK USED  *       366.56 MB      
 **********************************************************************************************************************************

1PROGRAM * RHF-SCF (OPEN SHELL)       Authors: W. Meyer, H.-J. Werner


 NUMBER OF ELECTRONS:       9+    6-    SPACE SYMMETRY=8    SPIN SYMMETRY: Quartet 
 CONVERGENCE THRESHOLDS:    1.00E-05 (Density)    1.00E-07 (Energy)
 MAX. NUMBER OF ITERATIONS:       60
 INTERPOLATION TYPE:            DIIS
 INTERPOLATION STEPS:              2 (START)      1 (STEP)
 LEVEL SHIFTS:                 -0.30 (CLOSED)  0.00 (OPEN) 



 Orbital guess generated from atomic densities. Full valence occupancy:    6   2   2   1   2   1   1   0


 Molecular orbital dump at record        2124.2

 ITERATION    DDIFF          GRAD             ENERGY        2-EL.EN.            DIPOLE MOMENTS         DIIS   ORB.
    1      0.000D+00      0.000D+00     -1109.95999880    525.993170    0.00000    0.00000    0.00000    0    start
    2      0.000D+00      0.100D+00     -1111.28558491    549.488671    0.00000    0.00000    0.00000    1    diag,B
    3      0.347D-01      0.176D-01     -1111.29640442    549.184540    0.00000    0.00000    0.00000    2    diag,B
    4      0.124D-01      0.178D-02     -1111.29660973    549.363642    0.00000    0.00000    0.00000    3    diag,B
    5      0.243D-02      0.160D-03     -1111.29661162    549.375537    0.00000    0.00000    0.00000    4    diag,B
    6      0.175D-03      0.938D-05     -1111.29661163    549.375395    0.00000    0.00000    0.00000    5    diag,B
    7      0.156D-04      0.540D-06     -1111.29661163    549.375400    0.00000    0.00000    0.00000    6    fixocc
    8      0.165D-05      0.231D-07     -1111.29661163    549.375402    0.00000    0.00000    0.00000    0    orth

 Final alpha occupancy:   3   2   2   0   2   0   0   0
 Final beta  occupancy:   3   1   1   0   1   0   0   0

 !RHF STATE 1.8 Energy              -1111.296611632743
 Nuclear energy                         0.00000000
 One-electron energy                -1385.98431247
 Two-electron energy                  274.68770084
 Virial quotient                       -1.00000026
 !RHF STATE 1.8 Dipole moment           0.00000000     0.00000000     0.00000000
 Dipole moment /Debye                   0.00000000     0.00000000     0.00000000

 Orbital energies:

         1.1          2.1          3.1          4.1          5.1
   -250.112180   -38.481736   -11.490528    -7.478940    -7.478940

         1.2          2.2          3.2          4.2
    -34.194971   -10.423398    -4.329898    -3.244256

         1.3          2.3          3.3          4.3
    -34.194971   -10.423398    -4.329898    -3.244256

         1.4          2.4
     -7.478940    -3.670023

         1.5          2.5          3.5          4.5
    -34.194971   -10.423398    -4.329898    -3.244256

         1.6          2.6
     -7.478940    -3.670023

         1.7          2.7
     -7.478940    -3.670023

         1.8          2.8
     -3.244256    -2.056348

 HOMO      2.2   -10.423398 =    -283.6351eV
 LUMO      4.1    -7.478940 =    -203.5123eV
 LUMO-HOMO         2.944458 =      80.1228eV


 **********************************************************************************************************************************
 DATASETS  * FILE   NREC   LENGTH (MB)   RECORD NAMES
              1      19       94.91       500      610      700      900      950      970     1000      129      960     1100   
                                          VAR    BASINP    GEOM    SYMINP    ZMAT    AOBASIS   BASIS     P2S    ABASIS      S 
                                         1400     1410     1200     1210     1080     1600     1650     1300     1700   
                                           T        V       H0       H01     AOSYM     SMH    MOLCAS    ERIS     OPER   

              2       5        5.54       200      700     1000      520     2124   
                                        OPTIONS   GEOM     BASIS   MCVARS     RHF  

 PROGRAMS   *        TOTAL       RHF       INT
 CPU TIMES  *         9.43      0.54      8.72
 REAL TIME  *        10.54 SEC
 DISK USED  *       366.56 MB      
 **********************************************************************************************************************************
 SETTING SCF(12)        =     -1111.29661163  AU                              
 SETTING _CC_NORM_MAX   =         2.00000000                                  


1PROGRAM * CCSD (Restricted open-shell coupled cluster)     Authors: C. Hampel, H.-J. Werner, 1991, M. Deegan, P.J. Knowles, 1992


 Convergence thresholds:  THRVAR = 1.00D-08  THRDEN = 1.00D-06

 CCSD(T)     terms to be evaluated (factor= 1.000)


 Number of closed-shell orbitals:   6 (   3   1   1   0   1   0   0   0 )
 Number of active  orbitals:        3 (   0   1   1   0   1   0   0   0 )
 Number of external orbitals:     181 (  51  25  25  17  25  17  17   4 )

 Memory could be reduced to 14.08 Mwords without degradation in triples

 Number of N-1 electron functions:              15
 Number of N-2 electron functions:             105
 Number of singly external CSFs:               540
 Number of doubly external CSFs:            370029
 Total number of CSFs:                      370569

 Molecular orbitals read from record     2124.2  Type=RHF/CANONICAL (state 1.8)

 Integral transformation finished. Total CPU:   0.27 sec, npass=  1  Memory used:   2.30 MW

 Starting RMP2 calculation

 Wavefunction is spin-projected

 ITER.      SQ.NORM     CORR.ENERGY   TOTAL ENERGY   ENERGY CHANGE        DEN1      VAR(S)    VAR(P)  DIIS     TIME
   1      1.02509772    -0.52958837 -1111.82620000    -0.52958837    -0.00016995  0.17D-07  0.26D-04  1  1     0.29
   2      1.02516501    -0.52976506 -1111.82637670    -0.00017670    -0.00000005  0.56D-11  0.79D-08  2  2     0.30
   3      1.02516588    -0.52976700 -1111.82637863    -0.00000193    -0.00000000  0.11D-13  0.18D-11  3  3     0.31
   4      1.02516588    -0.52976699 -1111.82637863     0.00000000    -0.00000000  0.83D-18  0.29D-15  4  4     0.32

 Norm of t1 vector:      0.01172367      S-energy:    -0.00182255      T1 diagnostic:  0.00009704
 Norm of t2 vector:      0.15820379      P-energy:    -0.52794444
                                         Alpha-Beta:  -0.38145955
                                         Alpha-Alpha: -0.09704896
                                         Beta-Beta:   -0.04943593

 Spin contamination <S**2-Sz**2-Sz>     0.00000000
  Reference energy                  -1111.296611632743
  RHF-RMP2 correlation energy          -0.529766994699
 !RHF-RMP2 energy                   -1111.826378627442
 (NB above energy spin projected)

 Starting RCCSD calculation

 ITER.      SQ.NORM     CORR.ENERGY   TOTAL ENERGY   ENERGY CHANGE        DEN1      VAR(S)    VAR(P)  DIIS     TIME
   1      1.03163642    -0.54409386 -1111.84070550    -0.54409386    -0.00519599  0.25D-04  0.77D-03  1  1     0.83
   2      1.03439596    -0.54944300 -1111.84605463    -0.00534914    -0.00024327  0.16D-06  0.39D-04  2  2     1.35
   3      1.03516270    -0.55064201 -1111.84725364    -0.00119900    -0.00000592  0.22D-08  0.92D-06  3  3     1.85
   4      1.03523547    -0.55072480 -1111.84733643    -0.00008279    -0.00000014  0.12D-09  0.20D-07  4  4     2.35
   5      1.03524178    -0.55073046 -1111.84734209    -0.00000565    -0.00000000  0.27D-11  0.52D-10  5  5     2.87
   6      1.03524198    -0.55073075 -1111.84734239    -0.00000030    -0.00000000  0.27D-13  0.42D-12  6  6     3.37

 Norm of t1 vector:      0.01221924      S-energy:    -0.00175094      T1 diagnostic:  0.00103170
                                                                       D1 diagnostic:  0.00204925
 Norm of t2 vector:      0.18733037      P-energy:    -0.54897981
                                         Alpha-Beta:  -0.40380539
                                         Alpha-Alpha: -0.09694863
                                         Beta-Beta:   -0.04822580

 Doubles amplitudes (print threshold =  0.500E-01):

         I         J         SYM. A    SYM. B    A         B      T(IJ, AB) [Alpha-Beta]

         7         3         1         3         1         1      0.05433804

 Spin contamination <S**2-Sz**2-Sz>     0.00000000

 Memory could be reduced to 15.20 Mwords without degradation in triples
 

  Correlated core orbitals:             1.1       2.1       3.1       1.2       2.2       1.3       2.3       1.5       2.5
  Orbital energies:                  -250.1804  -38.5356  -11.8837  -34.2938  -10.4234  -34.2938  -10.4234  -34.2938  -10.4234
 
  RCCSD core-core energy               -0.550730753103
 

 RESULTS
 =======

  Reference energy                  -1111.296611632743
  RCCSD singles energy                 -0.001750938245
  RCCSD pair energy                    -0.548979814857
  RCCSD correlation energy             -0.550730753103
  Triples (T) contribution             -0.005316145666
  Total correlation energy             -0.556046898769
 
  RHF-RCCSD energy                  -1111.847342385845
  RHF-RCCSD[T] energy               -1111.852674472958
  RHF-RCCSD-T energy                -1111.852648630180
 !RHF-RCCSD(T) energy               -1111.852658531512

 Program statistics:

 Available memory in ccsd:               511999162
 Min. memory needed in ccsd:               1183674
 Max. memory used in ccsd:                 1624227
 Max. memory used in cckext:               1259920 ( 6 integral passes)
 Max. memory used in cckint:               2295751 ( 1 integral passes)



 **********************************************************************************************************************************
 DATASETS  * FILE   NREC   LENGTH (MB)   RECORD NAMES
              1      19       94.91       500      610      700      900      950      970     1000      129      960     1100   
                                          VAR    BASINP    GEOM    SYMINP    ZMAT    AOBASIS   BASIS     P2S    ABASIS      S 
                                         1400     1410     1200     1210     1080     1600     1650     1300     1700   
                                           T        V       H0       H01     AOSYM     SMH    MOLCAS    ERIS     OPER   

              2       5        5.54       200      700     1000      520     2124   
                                        OPTIONS   GEOM     BASIS   MCVARS     RHF  

 PROGRAMS   *        TOTAL  RCCSD(T)       RHF       INT
 CPU TIMES  *        20.68     11.25      0.54      8.72
 REAL TIME  *        22.90 SEC
 DISK USED  *       366.56 MB      
 **********************************************************************************************************************************
 SETTING CCSD(12)       =     -1111.85265853  AU                              
 Output type csv         
                                                                                                                                                                                                                                                                

         SCF,CCSD
       0.000000,       0.000000
       0.000000,       0.000000
       0.000000,       0.000000
       0.000000,       0.000000
       0.000000,       0.000000
       0.000000,       0.000000
       0.000000,       0.000000
       0.000000,       0.000000
       0.000000,       0.000000
       0.000000,       0.000000
       0.000000,       0.000000
   -1111.296612,   -1111.852659
                                                  

        RCCSD(T)        RHF-SCF 
  -1111.85265853  -1111.29661163
 **********************************************************************************************************************************
 Variable memory released
