
 Primary working directories    : /tmp/cmelton
 Secondary working directories  : /tmp/cmelton
 Wavefunction directory         : /remote/cmelton/wfu/
 Main file repository           : /tmp/cmelton/

 SHA1      : 4c1979699e6aeda0524d0210415ba82a958648b0
 NAME      : 2012.1.39
 ARCHNAME  : Linux/x86_64
 FC        : /projects/sems/install/rhel6-x86_64/sems/compiler/intel/16.0.1/base/bin/ifort
 FCVERSION : 16.0.1
 BLASLIB   : -L/projects/sems/install/rhel6-x86_64/sems/compiler/intel/16.0.1/base/compilers_and_libraries_2016.1.150/linux/mkl/lib/intel64 -lmkl_intel_ilp64 -lmkl_sequential -lmkl_core
 id        : sandiacon

 Nodes            nprocs
 doppio.sandia.gov    1

 Using customized tuning parameters: mindgm=7; mindgv=16; mindgc=1; mindgr=1; noblas=0; minvec=7
 default implementation of scratch files=df  

 ***,Calculation for Be atom, singlet and triplet
 memory,512,m
 gthresh,twoint=1.e-12
 geometry={
 1
 Ti
 Ti  0.0 0.0 0.0
 }
 
 basis={
 Including file /remote/cmelton/data/corrECP/Ti/ae/dkh/basis/aug-cc-pwCVQZ-dk.basis
 }
 
 set,dkroll=1,dkho=10,dkhp=4
 
 Including file /remote/cmelton/data/corrECP/Ti/ae/dkh/basis/states.proc
 
 do i=11,11
    if (i.eq.1) then
       Is2d2
    else if (i.eq.2) then
       Is1d3
    else if (i.eq.3) then
       Id4
    else if (i.eq.4) then
       IIs1d2
    else if (i.eq.5) then
       IId3
    else if (i.eq.6) then
       IIId2
    else if (i.eq.7) then
       IVd1
    else if (i.eq.8) then
       V
    else if (i.eq.9) then
       XI
    else if (i.eq.10) then
       As2d3
    else if (i.eq.11) then
       VIp5
    end if
    scf(i)=energy
     _CC_NORM_MAX=2.0
     {rccsd(t),maxit=100;core}
     ccsd(i)=energy
 enddo
 
 table,scf,ccsd
 save
 type,csv

 Variables initialized (782), CPU time= 0.00 sec
 Commands  initialized (547), CPU time= 0.01 sec, 517 directives.
 Default parameters read. Elapsed time= 0.07 sec

 Checking input...
 Passed
1


                                         ***  PROGRAM SYSTEM MOLPRO  ***
                         Copyright, University College Cardiff Consultants Limited, 2008

                                    Version 2012.1 linked Aug  2 2016 14:07:26


 **********************************************************************************************************************************
 LABEL *   Calculation for Be atom, singlet and triplet                                  
 Linux-3.10.0-693.5.2.el7.x86_64/doppio.sandia.gov(x86_64) 64 bit serial version         DATE: 29-Mar-18          TIME: 15:22:40  
 **********************************************************************************************************************************

 SHA1:             4c1979699e6aeda0524d0210415ba82a958648b0
 **********************************************************************************************************************************

 THRESHOLDS:

 ZERO    =  1.00D-12  ONEINT  =  1.00D-12  TWOINT  =  1.00D-12  PREFAC  =  1.00D-14  LOCALI  =  1.00D-09  EORDER  =  1.00D-04
 ENERGY  =  0.00D+00  ETEST   =  0.00D+00  EDENS   =  0.00D+00  THRDEDEF=  1.00D-06  GRADIENT=  1.00D-02  STEP    =  1.00D-03
 ORBITAL =  1.00D-05  CIVEC   =  1.00D-05  COEFF   =  1.00D-04  PRINTCI =  5.00D-02  PUNCHCI =  9.90D+01  OPTGRAD =  3.00D-04
 OPTENERG=  1.00D-06  OPTSTEP =  3.00D-04  THRGRAD =  1.00D-10  COMPRESS=  1.00D-11  VARMIN  =  1.00D-07  VARMAX  =  1.00D-03
 THRDOUB =  0.00D+00  THRDIV  =  1.00D-05  THRRED  =  1.00D-07  THRPSP  =  1.00D+00  THRDC   =  1.00D-10  THRCS   =  1.00D-10
 THRNRM  =  1.00D-08  THREQ   =  0.00D+00  THRDE   =  1.00D+00  THRREF  =  1.00D-05  SPARFAC =  1.00D+00  THRDLP  =  1.00D-07
 THRDIA  =  1.00D-10  THRDLS  =  1.00D-07  THRGPS  =  0.00D+00  THRKEX  =  0.00D+00  THRDIS  =  2.00D-01  THRVAR  =  1.00D-10
 THRLOC  =  1.00D-06  THRGAP  =  1.00D-06  THRLOCT = -1.00D+00  THRGAPT = -1.00D+00  THRORB  =  1.00D-06  THRMLTP =  0.00D+00
 THRCPQCI=  1.00D-10  KEXTA   =  0.00D+00  THRCOARS=  0.00D+00  SYMTOL  =  1.00D-06  GRADTOL =  1.00D-06  THROVL  =  1.00D-08
 THRORTH =  1.00D-08  GRID    =  1.00D-06  GRIDMAX =  1.00D-03  DTMAX   =  0.00D+00  THROCCDE=  1.00D-01  THROCCDE=  1.00D-01



Geometry recognized as XYZ


 Variable memory set to  512000000 words,  buffer space   230000 words

 SETTING BASIS          =    USERDEF
 SETTING DKROLL         =         1.00000000                                  
 SETTING DKHO           =        10.00000000                                  
 SETTING DKHP           =         4.00000000                                  

 DO I                   =        11.00000000   

 Running procedure=VIP5


 Recomputing integrals since basis changed


 Using spherical harmonics


1PROGRAM * SEWARD (Integral evaluation for generally contracted gaussian basis sets)     Author: Roland Lindh, 1990

 Geometry written to block  1 of record 700

 Orientation using atomic masses  
 Molecule type: Atom
 Symmetry elements: X,Y,Z
 Rotational constants:       0.0000000      0.0000000      0.0000000 GHz  (calculated with average atomic masses)

 Point group  D2h 



 ATOMIC COORDINATES

 NR  ATOM    CHARGE       X              Y              Z

   1  TI     22.00    0.000000000    0.000000000    0.000000000

 NUCLEAR CHARGE:                   22
 NUMBER OF PRIMITIVE AOS:         345
 NUMBER OF SYMMETRY AOS:          262
 NUMBER OF CONTRACTIONS:          262   (  65Ag  +  40B3u +  40B2u +  22B1g +  40B1u +  22B2g +  22B3g +  11Au  )
 NUMBER OF CORE ORBITALS:           9   (   3Ag  +   2B3u +   2B2u +   0B1g +   2B1u +   0B2g +   0B3g +   0Au  )
 NUMBER OF VALENCE ORBITALS:        6   (   3Ag  +   0B3u +   0B2u +   1B1g +   0B1u +   1B2g +   1B3g +   0Au  )


 NUCLEAR REPULSION ENERGY    0.00000000

 One-electron integrals computed with SEWARD

 10nd-order Douglas-Kroll-Hess method activated. McWeeny DKH parametrization is used.

 Computing Douglas-Kroll integrals

 AO integral compression algorithm  1   Integral accuracy      1.0D-12

     365.167 MB (compressed) written to integral file ( 37.5%)


 NUMBER OF SORTED TWO-ELECTRON INTEGRALS:   76744857.     BUFFER LENGTH:  32768
 NUMBER OF SEGMENTS:   5  SEGMENT LENGTH:   15998535      RECORD LENGTH: 524288

 Memory used in sort:      16.56 MW

 SORT1 READ   121794176. AND WROTE    43752523. INTEGRALS IN    128 RECORDS. CPU TIME:     2.53 SEC, REAL TIME:     2.92 SEC
 SORT2 READ    43752523. AND WROTE    76744857. INTEGRALS IN   1393 RECORDS. CPU TIME:     1.06 SEC, REAL TIME:     1.31 SEC

 FILE SIZES:   FILE 1:   374.7 MBYTE,  FILE 4:   536.9 MBYTE,   TOTAL:    911.6 MBYTE

 OPERATOR DM      FOR CENTER  0  COORDINATES:    0.000000    0.000000    0.000000

 EXTRA SYMMETRY OF AOS IN SYMMETRY 1:   1 1 1 1 1 1 1 1 1 1   1 1 1 1 1 1 1 1 1 1   1 1 1 1 1 2 3 2 3 2   3 2 3 2 3 2 3 2 3 2
                                        3 2 3 2 3 2 3 2 3 2   3 2 3 4 5 6 4 5 6 4   5 6 4 5 6
 EXTRA SYMMETRY OF AOS IN SYMMETRY 2:   1 1 1 1 1 1 1 1 1 1   1 1 1 1 1 1 1 1 1 1   1 2 3 2 3 2 3 2 3 2   3 4 5 6 4 5 6 4 5 6
 EXTRA SYMMETRY OF AOS IN SYMMETRY 3:   1 1 1 1 1 1 1 1 1 1   1 1 1 1 1 1 1 1 1 1   1 2 3 2 3 2 3 2 3 2   3 4 5 6 4 5 6 4 5 6
 EXTRA SYMMETRY OF AOS IN SYMMETRY 4:   1 1 1 1 1 1 1 1 1 1   1 1 1 1 2 3 2 3 2 3   2 3
 EXTRA SYMMETRY OF AOS IN SYMMETRY 5:   1 1 1 1 1 1 1 1 1 1   1 1 1 1 1 1 1 1 1 1   1 2 3 2 3 2 3 2 3 2   3 4 5 6 4 5 6 4 5 6
 EXTRA SYMMETRY OF AOS IN SYMMETRY 6:   1 1 1 1 1 1 1 1 1 1   1 1 1 1 2 3 2 3 2 3   2 3
 EXTRA SYMMETRY OF AOS IN SYMMETRY 7:   1 1 1 1 1 1 1 1 1 1   1 1 1 1 2 3 2 3 2 3   2 3
 EXTRA SYMMETRY OF AOS IN SYMMETRY 8:   1 1 1 1 1 2 3 2 3 2   3

 Eigenvalues of metric

         1 0.296E-06 0.694E-05 0.336E-04 0.336E-04 0.303E-03 0.846E-03 0.950E-03 0.950E-03
         2 0.477E-06 0.928E-05 0.600E-03 0.189E-02 0.490E-02 0.105E-01 0.199E-01 0.335E-01
         3 0.477E-06 0.928E-05 0.600E-03 0.189E-02 0.490E-02 0.105E-01 0.199E-01 0.335E-01
         4 0.336E-04 0.950E-03 0.109E-01 0.344E-01 0.732E-01 0.140E+00 0.265E+00 0.302E+00
         5 0.477E-06 0.928E-05 0.600E-03 0.189E-02 0.490E-02 0.105E-01 0.199E-01 0.335E-01
         6 0.336E-04 0.950E-03 0.109E-01 0.344E-01 0.732E-01 0.140E+00 0.265E+00 0.302E+00
         7 0.336E-04 0.950E-03 0.109E-01 0.344E-01 0.732E-01 0.140E+00 0.265E+00 0.302E+00
         8 0.152E+00 0.426E+00 0.525E+00 0.525E+00 0.829E+00 0.976E+00 0.976E+00 0.145E+01


 **********************************************************************************************************************************
 DATASETS  * FILE   NREC   LENGTH (MB)   RECORD NAMES
              1      23      213.26       500      610      700      900      950      970     1000      129      960     1700   
                                          VAR    BASINP    GEOM    SYMINP    ZMAT    AOBASIS   BASIS     P2S    ABASIS    OPER   
                                         1101     1401     1411     1412     1650     1100     1400     1410     1200     1210   
                                          SR      EKINR    POTR     PVPR    MOLCAS      S      EKIN      POT      H0       H01  
                                         1300     1080     1600   
                                         ERIS     AOSYM     SMH  

 PROGRAMS   *        TOTAL       INT
 CPU TIMES  *        32.92     32.78
 REAL TIME  *        34.52 SEC
 DISK USED  *       914.51 MB      
 **********************************************************************************************************************************

1PROGRAM * RHF-SCF (OPEN SHELL)       Authors: W. Meyer, H.-J. Werner


 NUMBER OF ELECTRONS:       9+    8-    SPACE SYMMETRY=5    SPIN SYMMETRY: Doublet 
 CONVERGENCE THRESHOLDS:    1.00E-05 (Density)    1.00E-07 (Energy)
 MAX. NUMBER OF ITERATIONS:       60
 INTERPOLATION TYPE:            DIIS
 INTERPOLATION STEPS:              2 (START)      1 (STEP)
 LEVEL SHIFTS:                 -0.30 (CLOSED)  0.00 (OPEN) 


 Singly occupied orbitals:      2.5
 
 Extra symmetries of mos in symmetry 1:   1   1   1
 Orbital guess generated from atomic densities. Full valence occupancy:    6   2   2   1   2   1   1   0


 Molecular orbital dump at record        4202.2

 ITERATION    DDIFF          GRAD             ENERGY        2-EL.EN.            DIPOLE MOMENTS         DIIS   ORB.
    1      0.000D+00      0.000D+00      -845.70321295    515.344743    0.00000    0.00000    0.00000    0    start
    2      0.000D+00      0.325D-01      -845.93403460    527.502262    0.00000    0.00000    0.00000    1    diag,B
    3      0.764D-02      0.669D-02      -845.93723684    527.078871    0.00000    0.00000    0.00000    2    diag,B
    4      0.510D-02      0.930D-03      -845.93735225    527.213548    0.00000    0.00000    0.00000    3    diag,B
    5      0.155D-02      0.114D-03      -845.93735551    527.226175    0.00000    0.00000    0.00000    4    diag,B
    6      0.414D-03      0.840D-05      -845.93735553    527.226386    0.00000    0.00000    0.00000    5    diag,B
    7      0.323D-04      0.107D-05      -845.93735553    527.226402    0.00000    0.00000    0.00000    6    fixocc
    8      0.555D-06      0.933D-07      -845.93735553    527.226403    0.00000    0.00000    0.00000    0    orth

 Final alpha occupancy:   3   2   2   0   2   0   0   0
 Final beta  occupancy:   3   2   2   0   1   0   0   0

 !RHF STATE 1.5 Energy               -845.937355529153
 Nuclear energy                         0.00000000
 One-electron energy                -1109.55055702
 Two-electron energy                  263.61320149
 Virial quotient                       -0.96967367
 !RHF STATE 1.5 Dipole moment           0.00000000     0.00000000     0.00000000
 Dipole moment /Debye                   0.00000000     0.00000000     0.00000000

 ELECTRON ORBITALS
 =================


   Orb  Occ    Energy  Couls-En    Coefficients

                                   1 1s      1 1s      1 1s      1 1s      1 1s      1 1s      1 1s      1 1s      1 1s      1 1s   
                                   1 1s      1 1s      1 1s      1 1s      1 1s      1 1s      1 1s      1 1s      1 1s      1 1s   
                                   1 1s      1 1s      1 1s      1 1s      1 1s      1 3d0     1 3d2+    1 3d0     1 3d2+    1 3d0  
                                   1 3d2+    1 3d0     1 3d2+    1 3d0     1 3d2+    1 3d0     1 3d2+    1 3d0     1 3d2+    1 3d0  
                                   1 3d2+    1 3d0     1 3d2+    1 3d0     1 3d2+    1 3d0     1 3d2+    1 3d0     1 3d2+    1 3d0  
                                   1 3d2+    1 3d0     1 3d2+    1 5g0     1 5g4+    1 5g2+    1 5g0     1 5g4+    1 5g2+    1 5g0  
                                   1 5g4+    1 5g2+    1 5g0     1 5g4+    1 5g2+ 

   1.1   2  -187.4146 -430.8514  0.000053  0.000151  0.000406  0.001012  0.002497  0.006217  0.015672  0.038852  0.090107  0.183296
                                 0.297216  0.322449  0.174239  0.026625 -0.002382  0.016592  0.001001  0.001306 -0.000056  0.000010
                                -0.000008  0.000004 -0.015602 -0.001720 -0.000001  0.000008 -0.000000  0.000001  0.000000 -0.000022
                                -0.000000  0.000015  0.000000 -0.000013 -0.000000 -0.000056 -0.000000 -0.000013 -0.000000  0.000002
                                 0.000000 -0.000001 -0.000000  0.000000  0.000000 -0.000000 -0.000000  0.000056  0.000000  0.000038
                                 0.000000  0.000000  0.000000 -0.000000  0.000000 -0.000000 -0.000000 -0.000000  0.000000 -0.000000
                                 0.000000  0.000000  0.000000 -0.000000  0.000000

   2.1   2   -24.6608  -83.9535 -0.000016 -0.000045 -0.000122 -0.000303 -0.000750 -0.001879 -0.004772 -0.012068 -0.029012 -0.063976
                                -0.120723 -0.176145 -0.119276  0.199123  0.548626  0.416674  0.057944  0.020491 -0.000332  0.000066
                                -0.000050  0.000024 -0.042208 -0.025921 -0.000007 -0.000004 -0.000000  0.000006  0.000000  0.000119
                                -0.000000  0.000676  0.000000  0.001216 -0.000000  0.001002 -0.000000  0.000175 -0.000000 -0.000043
                                 0.000000  0.000013 -0.000000 -0.000005  0.000000  0.000002 -0.000000 -0.001214  0.000000 -0.000736
                                 0.000000 -0.000001  0.000000  0.000001  0.000000 -0.000000 -0.000001 -0.000000  0.000000  0.000000
                                -0.000000 -0.000000 -0.000000 -0.000000 -0.000000

   3.1   2    -5.5318  -28.4953  0.000006  0.000017  0.000046  0.000115  0.000284  0.000712  0.001807  0.004594  0.011043  0.024714
                                 0.047142  0.072184  0.050023 -0.094016 -0.376508 -0.271877  0.332558  0.915969  0.197589 -0.005980
                                 0.005156 -0.002582 -0.133789 -0.115844  0.000717  0.000002 -0.000000 -0.000000  0.000000  0.000010
                                -0.000000 -0.000178  0.000000 -0.001739 -0.000000 -0.002563 -0.000000 -0.002861 -0.000000 -0.000666
                                 0.000000  0.000027  0.000000 -0.000011 -0.000000  0.000004  0.000000  0.001751  0.000000  0.001821
                                 0.000000 -0.000001 -0.000000 -0.000005  0.000000 -0.000000 -0.000008  0.000000  0.000000 -0.000002
                                 0.000000  0.000000  0.000000 -0.000000 -0.000000

   4.1   0    -2.3074  -20.7791  0.000000  0.000000  0.000000  0.000001  0.000002  0.000004  0.000010  0.000027  0.000063  0.000149
                                 0.000260  0.000447  0.000192 -0.000264 -0.002207  0.028163  0.007604  0.046095 -0.010740 -0.003731
                                 0.002152 -0.000964 -0.034803 -0.033254  0.000257  0.000524  0.000000  0.004534  0.000000  0.021887
                                 0.000000  0.069985  0.000000  0.177306  0.000000  0.335643  0.000000  0.408763  0.000000  0.247924
                                 0.000000  0.033137  0.000000 -0.001338 -0.000000  0.000385  0.000000 -0.010241 -0.000000 -0.021308
                                -0.000000 -0.000106 -0.000000  0.003452  0.000000  0.000000  0.006185 -0.000000  0.000000  0.002156
                                -0.000000  0.000000 -0.000219  0.000000 -0.000000

   5.1   0    -2.2130  -20.5090  0.000000 -0.000000 -0.000000  0.000000  0.000000 -0.000000  0.000000 -0.000000  0.000000 -0.000000
                                 0.000000 -0.000000  0.000000 -0.000000  0.000000 -0.000000 -0.000000 -0.000000  0.000000 -0.000000
                                 0.000000 -0.000000  0.000000  0.000000  0.000000 -0.000000  0.000518 -0.000000  0.004491 -0.000000
                                 0.021623 -0.000000  0.069480 -0.000000  0.175814 -0.000000  0.326966 -0.000000  0.402813 -0.000000
                                 0.263255 -0.000000  0.041607  0.000000 -0.001990 -0.000000  0.000668  0.000000 -0.010106  0.000000
                                -0.021676  0.000000 -0.000196 -0.000000 -0.000000  0.002146 -0.000000 -0.000000  0.003947 -0.000000
                                -0.000000  0.001510  0.000000 -0.000000 -0.000145

                                   1 2px     1 2px     1 2px     1 2px     1 2px     1 2px     1 2px     1 2px     1 2px     1 2px  
                                   1 2px     1 2px     1 2px     1 2px     1 2px     1 2px     1 2px     1 2px     1 2px     1 2px  
                                   1 2px     1 4f1+    1 4f3+    1 4f1+    1 4f3+    1 4f1+    1 4f3+    1 4f1+    1 4f3+    1 4f1+ 
                                   1 4f3+    1 6h1+    1 6h3+    1 6h5+    1 6h1+    1 6h3+    1 6h5+    1 6h1+    1 6h3+    1 6h5+ 


   1.2   2   -20.8235  -79.1620  0.000041  0.000175  0.000780  0.003092  0.010911  0.033213  0.085912  0.179521  0.289124  0.327625
                                 0.213939  0.055370 -0.001300 -0.000295  0.000083 -0.000022  0.000010 -0.000004 -0.005289  0.004262
                                 0.000001  0.000664 -0.000000 -0.000361  0.000000  0.000145 -0.000000 -0.000047  0.000000  0.000015
                                -0.000000  0.000000 -0.000000 -0.000000 -0.000000 -0.000000  0.000000  0.000000 -0.000000  0.000000

   2.2   2    -4.4041  -26.0344 -0.000016 -0.000066 -0.000293 -0.001167 -0.004137 -0.012764 -0.033739 -0.072950 -0.121855 -0.148259
                                -0.046918  0.219322  0.448376  0.373168  0.062703 -0.002267  0.001014 -0.000428 -0.009756  0.034337
                                 0.000126  0.001276  0.000000  0.003620 -0.000000  0.000793  0.000000  0.000006  0.000000 -0.000001
                                -0.000000  0.000014  0.000000  0.000000  0.000009 -0.000000  0.000000 -0.000001 -0.000000 -0.000000

   3.2   0    -1.3772  -10.5256  0.000006  0.000026  0.000121  0.000459  0.001720  0.005015  0.014205  0.028357  0.054719  0.042921
                                 0.492574  0.040190 -1.108348 -0.562560  0.580667  0.734920 -0.009301  0.016832 -0.527242  0.933302
                                -0.005302 -0.001144 -0.000000 -0.002494  0.000000  0.008444 -0.000000  0.007307  0.000000 -0.000576
                                 0.000000 -0.000010  0.000000 -0.000000  0.000053 -0.000000  0.000000  0.000031  0.000000 -0.000000

   4.2   0    -0.7968   -7.2226  0.000000  0.000001  0.000004  0.000014  0.000059  0.000153  0.000491  0.000830  0.002069  0.000236
                                 0.045977  0.010810 -0.091591 -0.036469  0.049785  0.010423 -0.068543  0.003234 -0.050576  0.090462
                                -0.001366  0.012307  0.000000  0.022680  0.000000  0.210311  0.000000  0.762560  0.000000  0.216619
                                 0.000000  0.000424  0.000000  0.000000  0.002707 -0.000000  0.000000  0.004458  0.000000 -0.000000

                                   1 2py     1 2py     1 2py     1 2py     1 2py     1 2py     1 2py     1 2py     1 2py     1 2py  
                                   1 2py     1 2py     1 2py     1 2py     1 2py     1 2py     1 2py     1 2py     1 2py     1 2py  
                                   1 2py     1 4f1-    1 4f3-    1 4f1-    1 4f3-    1 4f1-    1 4f3-    1 4f1-    1 4f3-    1 4f1- 
                                   1 4f3-    1 6h1-    1 6h3-    1 6h5-    1 6h1-    1 6h3-    1 6h5-    1 6h1-    1 6h3-    1 6h5- 


   1.3   2   -20.8235  -79.1620  0.000041  0.000175  0.000780  0.003092  0.010911  0.033213  0.085912  0.179521  0.289124  0.327625
                                 0.213939  0.055370 -0.001300 -0.000295  0.000083 -0.000022  0.000010 -0.000004 -0.005289  0.004262
                                 0.000001  0.000664  0.000000 -0.000361 -0.000000  0.000145  0.000000 -0.000047 -0.000000  0.000015
                                 0.000000  0.000000 -0.000000  0.000000 -0.000000 -0.000000  0.000000  0.000000 -0.000000  0.000000

   2.3   2    -4.4041  -26.0344 -0.000016 -0.000066 -0.000293 -0.001167 -0.004137 -0.012764 -0.033739 -0.072950 -0.121855 -0.148259
                                -0.046918  0.219322  0.448376  0.373168  0.062703 -0.002267  0.001014 -0.000428 -0.009756  0.034337
                                 0.000126  0.001276 -0.000000  0.003620  0.000000  0.000793 -0.000000  0.000006 -0.000000 -0.000001
                                 0.000000  0.000014 -0.000000  0.000000  0.000009  0.000000  0.000000 -0.000001  0.000000 -0.000000

   3.3   0    -1.3772  -10.5256  0.000006  0.000026  0.000121  0.000459  0.001720  0.005015  0.014205  0.028357  0.054719  0.042921
                                 0.492574  0.040190 -1.108348 -0.562560  0.580667  0.734920 -0.009301  0.016832 -0.527242  0.933302
                                -0.005302 -0.001144  0.000000 -0.002494 -0.000000  0.008444  0.000000  0.007307  0.000000 -0.000576
                                -0.000000 -0.000010 -0.000000 -0.000000  0.000053  0.000000  0.000000  0.000031  0.000000 -0.000000

   4.3   0    -0.7968   -7.2226  0.000000  0.000001  0.000004  0.000014  0.000059  0.000153  0.000491  0.000830  0.002069  0.000236
                                 0.045977  0.010810 -0.091591 -0.036469  0.049785  0.010423 -0.068543  0.003234 -0.050576  0.090462
                                -0.001366  0.012307  0.000000  0.022680  0.000000  0.210311  0.000000  0.762560  0.000000  0.216619
                                 0.000000  0.000424  0.000000  0.000000  0.002707  0.000000  0.000000  0.004458 -0.000000 -0.000000

                                   1 3d2-    1 3d2-    1 3d2-    1 3d2-    1 3d2-    1 3d2-    1 3d2-    1 3d2-    1 3d2-    1 3d2- 
                                   1 3d2-    1 3d2-    1 3d2-    1 3d2-    1 5g2-    1 5g4-    1 5g2-    1 5g4-    1 5g2-    1 5g4- 
                                   1 5g2-    1 5g4- 

   1.4   0    -2.2130  -20.5090  0.000518  0.004491  0.021623  0.069480  0.175814  0.326966  0.402813  0.263255  0.041607 -0.001990
                                 0.000668 -0.010106 -0.021676 -0.000196  0.002146 -0.000000  0.003947 -0.000000  0.001510 -0.000000
                                -0.000145  0.000000

   2.4   0    -1.0076   -8.8149 -0.000254 -0.002251 -0.010689 -0.035491 -0.085307 -0.129780 -0.171453  0.014150  0.708762  0.358653
                                -0.028940 -0.012637 -0.020382  0.009050 -0.001049  0.000000 -0.000569  0.000000  0.003898 -0.000000
                                 0.002342  0.000000

                                   1 2pz     1 2pz     1 2pz     1 2pz     1 2pz     1 2pz     1 2pz     1 2pz     1 2pz     1 2pz  
                                   1 2pz     1 2pz     1 2pz     1 2pz     1 2pz     1 2pz     1 2pz     1 2pz     1 2pz     1 2pz  
                                   1 2pz     1 4f0     1 4f2+    1 4f0     1 4f2+    1 4f0     1 4f2+    1 4f0     1 4f2+    1 4f0  
                                   1 4f2+    1 6h2+    1 6h4+    1 6h0     1 6h2+    1 6h4+    1 6h0     1 6h2+    1 6h4+    1 6h0  


   1.5   2   -20.8286  -79.1115  0.000041  0.000174  0.000778  0.003081  0.010869  0.033078  0.085533  0.178736  0.287864  0.326978
                                 0.216388  0.056967 -0.001332 -0.000008  0.000150 -0.000028  0.000013 -0.000006 -0.005835  0.004792
                                 0.000002  0.000819 -0.000000 -0.000436  0.000000  0.000180  0.000000 -0.000058  0.000000  0.000018
                                 0.000000 -0.000000  0.000000  0.000001  0.000000 -0.000000 -0.000000  0.000000 -0.000000  0.000000

   2.5   +    -4.5422  -26.2658 -0.000016 -0.000066 -0.000296 -0.001180 -0.004181 -0.012905 -0.034076 -0.073789 -0.122921 -0.149647
                                -0.037676  0.223355  0.451034  0.363388  0.055345 -0.002085  0.000888 -0.000370 -0.024485  0.045707
                                 0.000108  0.003364  0.000000  0.009346 -0.000000  0.001862  0.000000  0.000023  0.000000 -0.000006
                                 0.000000 -0.000000 -0.000000  0.000086  0.000000  0.000000  0.000047  0.000000  0.000000 -0.000006

   3.5   0    -1.4031  -10.6555  0.000006  0.000026  0.000123  0.000467  0.001750  0.005104  0.014447  0.028881  0.055627  0.043659
                                 0.497873  0.038287 -1.128548 -0.557325  0.619042  0.710406 -0.018094  0.018572 -0.531345  0.940254
                                -0.005751 -0.001494 -0.000000 -0.003076  0.000000  0.010463 -0.000000  0.008509 -0.000000 -0.000714
                                 0.000000 -0.000000  0.000000 -0.000014 -0.000000 -0.000000  0.000068  0.000000  0.000000  0.000038

   4.5   0    -0.7984   -7.2360  0.000000  0.000001  0.000007  0.000025  0.000103  0.000272  0.000859  0.001489  0.003572  0.000698
                                 0.073462  0.016710 -0.147842 -0.059177  0.080417  0.017392 -0.107365  0.005220 -0.080583  0.144688
                                -0.002174  0.012370  0.000000  0.022961  0.000000  0.212563  0.000000  0.760893  0.000000  0.213449
                                 0.000000  0.000000  0.000000  0.000452  0.000000 -0.000000  0.002871  0.000000  0.000000  0.004686

                                   1 3d1+    1 3d1+    1 3d1+    1 3d1+    1 3d1+    1 3d1+    1 3d1+    1 3d1+    1 3d1+    1 3d1+ 
                                   1 3d1+    1 3d1+    1 3d1+    1 3d1+    1 5g1+    1 5g3+    1 5g1+    1 5g3+    1 5g1+    1 5g3+ 
                                   1 5g1+    1 5g3+ 

   1.6   0    -2.2809  -20.7060  0.000522  0.004524  0.021823  0.069872  0.176967  0.333381  0.407263  0.252158  0.035357 -0.001519
                                 0.000462 -0.010262 -0.021580 -0.000131  0.003120 -0.000000  0.005629 -0.000000  0.002013  0.000000
                                -0.000202 -0.000000

   2.6   0    -1.0216   -8.8926 -0.000257 -0.002261 -0.010798 -0.035580 -0.086859 -0.140991 -0.177997  0.038785  0.714984  0.337196
                                -0.028193 -0.008301 -0.010876  0.008674 -0.001515  0.000000 -0.000698  0.000000  0.005660 -0.000000
                                 0.003171  0.000000

                                   1 3d1-    1 3d1-    1 3d1-    1 3d1-    1 3d1-    1 3d1-    1 3d1-    1 3d1-    1 3d1-    1 3d1- 
                                   1 3d1-    1 3d1-    1 3d1-    1 3d1-    1 5g1-    1 5g3-    1 5g1-    1 5g3-    1 5g1-    1 5g3- 
                                   1 5g1-    1 5g3- 

   1.7   0    -2.2809  -20.7060  0.000522  0.004524  0.021823  0.069872  0.176967  0.333381  0.407263  0.252158  0.035357 -0.001519
                                 0.000462 -0.010262 -0.021580 -0.000131  0.003120 -0.000000  0.005629 -0.000000  0.002013 -0.000000
                                -0.000202  0.000000

   2.7   0    -1.0216   -8.8926 -0.000257 -0.002261 -0.010798 -0.035580 -0.086859 -0.140991 -0.177997  0.038785  0.714984  0.337196
                                -0.028193 -0.008301 -0.010876  0.008674 -0.001515  0.000000 -0.000698  0.000000  0.005660 -0.000000
                                 0.003171 -0.000000

                                   1 4f2-    1 4f2-    1 4f2-    1 4f2-    1 4f2-    1 6h4-    1 6h2-    1 6h4-    1 6h2-    1 6h4- 
                                   1 6h2- 

   1.8   0    -0.7922   -7.1767  0.011961  0.021604  0.203332  0.763693  0.224680 -0.000000  0.000340 -0.000000  0.002216 -0.000000
                                 0.003742

   2.8   0    -0.5050   -4.5797 -0.012408 -0.014511 -0.213957 -0.518370  1.059072  0.000000 -0.000311  0.000000 -0.001971  0.000000
                                -0.002067

 HOMO      2.2    -4.404107 =    -119.8418eV
 LUMO      4.1    -2.307411 =     -62.7878eV
 LUMO-HOMO         2.096696 =      57.0540eV


 **********************************************************************************************************************************
 DATASETS  * FILE   NREC   LENGTH (MB)   RECORD NAMES
              1      23      213.26       500      610      700      900      950      970     1000      129      960     1700   
                                          VAR    BASINP    GEOM    SYMINP    ZMAT    AOBASIS   BASIS     P2S    ABASIS    OPER   
                                         1101     1401     1411     1412     1650     1100     1400     1410     1200     1210   
                                          SR      EKINR    POTR     PVPR    MOLCAS      S      EKIN      POT      H0       H01  
                                         1300     1080     1600   
                                         ERIS     AOSYM     SMH  

              2       5        5.68       200      700     1000      520     4202   
                                        OPTIONS   GEOM     BASIS   MCVARS     RHF  

 PROGRAMS   *        TOTAL       RHF       INT
 CPU TIMES  *        34.49      1.57     32.78
 REAL TIME  *        36.28 SEC
 DISK USED  *       914.51 MB      
 **********************************************************************************************************************************

1PROGRAM * POP (Mulliken population analysis)

 
 Density matrix read from record         4202.2  Type=RHF/CHARGE (state 1.5)
 
 Population analysis by basis function type

 Unique atom        s        p        d        f        g    Total    Charge
   1  TI      5.99997 10.99973  0.00003  0.00027  0.00000 17.00000  + 5.00000


 **********************************************************************************************************************************
 DATASETS  * FILE   NREC   LENGTH (MB)   RECORD NAMES
              1      23      213.26       500      610      700      900      950      970     1000      129      960     1700   
                                          VAR    BASINP    GEOM    SYMINP    ZMAT    AOBASIS   BASIS     P2S    ABASIS    OPER   
                                         1101     1401     1411     1412     1650     1100     1400     1410     1200     1210   
                                          SR      EKINR    POTR     PVPR    MOLCAS      S      EKIN      POT      H0       H01  
                                         1300     1080     1600   
                                         ERIS     AOSYM     SMH  

              2       5        5.68       200      700     1000      520     4202   
                                        OPTIONS   GEOM     BASIS   MCVARS     RHF  

 PROGRAMS   *        TOTAL       POP       RHF       INT
 CPU TIMES  *        34.49      0.00      1.57     32.78
 REAL TIME  *        36.29 SEC
 DISK USED  *       914.51 MB      
 **********************************************************************************************************************************

1PROGRAM * MULTI (Direct Multiconfiguration SCF)       Authors: P.J. Knowles, H.-J. Werner (1984)     S.T. Elbert (1988)


 Number of closed-shell orbitals:   6 (   3   1   1   0   1   0   0   0 )
 Number of active  orbitals:        3 (   0   1   1   0   1   0   0   0 )
 Number of external orbitals:     253 (  62  38  38  22  38  22  22  11 )

 State symmetry 1

 Number of electrons:     5    Spin symmetry=Doublet   Space symmetry=2
 Number of states:        1
 Number of CSFs:          1   (1 determinants, 3 intermediate states)

 State symmetry 2

 Number of electrons:     5    Spin symmetry=Doublet   Space symmetry=3
 Number of states:        1
 Number of CSFs:          1   (1 determinants, 3 intermediate states)

 State symmetry 3

 Number of electrons:     5    Spin symmetry=Doublet   Space symmetry=5
 Number of states:        1
 Number of CSFs:          1   (1 determinants, 3 intermediate states)

 Molecular orbitals read from record     4202.2  Type=RHF/CANONICAL (state 1.5)
 *** IN SYMMETRY 1 ORBITAL  1 SYMMETRY CONTAMINATION OF 0.188D-03 HAS BEEN REMOVED
 *** IN SYMMETRY 1 ORBITAL  2 SYMMETRY CONTAMINATION OF 0.282D-02 HAS BEEN REMOVED
 *** IN SYMMETRY 1 ORBITAL  3 SYMMETRY CONTAMINATION OF 0.435D-02 HAS BEEN REMOVED

 EXTRA SYMMETRY OF MOS IN SYMMETRY 1:   1 1 1 2 3 1 2 3 1 2   3 1 4 6 5 2 3 1 2 3   1 2 3 4 6 5 1 2 3 4   6 5 2 3 1 2 3 4 6 5
                                        1 2 3 1 2 3 1 2 3 1   2 3 1 2 3 1 1 1 1 1   1 1 1 1 1
 *** IN SYMMETRY 2 ORBITAL  1 SYMMETRY CONTAMINATION OF 0.102D-02 HAS BEEN REMOVED
 *** IN SYMMETRY 2 ORBITAL  2 SYMMETRY CONTAMINATION OF 0.358D-02 HAS BEEN REMOVED
 EXTRA SYMMETRY OF MOS IN SYMMETRY 2:   1 1 1 2 3 1 2 3 1 1   1 2 3 4 5 6 1 2 3 4   5 6 1 1 2 3 4 5 6 1   1 1 1 1 1 1 1 1 1 1
 *** IN SYMMETRY 3 ORBITAL  1 SYMMETRY CONTAMINATION OF 0.102D-02 HAS BEEN REMOVED
 *** IN SYMMETRY 3 ORBITAL  2 SYMMETRY CONTAMINATION OF 0.358D-02 HAS BEEN REMOVED
 EXTRA SYMMETRY OF MOS IN SYMMETRY 3:   1 1 1 2 3 1 2 3 1 1   1 2 3 4 5 6 1 2 3 4   5 6 1 1 2 3 4 5 6 1   1 1 1 1 1 1 1 1 1 1
 EXTRA SYMMETRY OF MOS IN SYMMETRY 4:   1 1 1 2 3 1 1 1 2 3   1 2 3 1 1 2 3 1 1 1   1 1
 *** IN SYMMETRY 5 ORBITAL  1 SYMMETRY CONTAMINATION OF 0.125D-02 HAS BEEN REMOVED
 *** IN SYMMETRY 5 ORBITAL  2 SYMMETRY CONTAMINATION OF 0.911D-02 HAS BEEN REMOVED
 EXTRA SYMMETRY OF MOS IN SYMMETRY 5:   1 1 1 2 3 1 2 3 1 1   1 2 3 6 4 5 1 2 3 6   4 5 1 1 2 3 6 4 5 1   1 1 1 1 1 1 1 1 1 1
 EXTRA SYMMETRY OF MOS IN SYMMETRY 6:   1 1 1 2 3 1 1 1 2 3   1 2 3 1 1 2 3 1 1 1   1 1
 EXTRA SYMMETRY OF MOS IN SYMMETRY 7:   1 1 1 2 3 1 1 1 2 3   1 2 3 1 1 2 3 1 1 1   1 1
 EXTRA SYMMETRY OF MOS IN SYMMETRY 8:   1 1 1 3 2 1 3 2 1 3   2

 Wavefunction dump at record             5202.2

 Convergence thresholds  0.10E-01 (gradient)  0.10E-05 (energy)  0.10E-02 (step length)

 Weight factors for state symmetry  1:    0.33333
 Weight factors for state symmetry  2:    0.33333
 Weight factors for state symmetry  3:    0.33333

 Number of orbital rotations:      417   (     3 Core/Active    300 Core/Virtual   0 Active/Active    114 Active/Virtual)
 Total number of variables:        420


 ITER. MIC  NCI  NEG     ENERGY(VAR)     ENERGY(PROJ)   ENERGY CHANGE     GRAD(0)  GRAD(ORB)   GRAD(CI)     STEP       TIME

   1   12   21    0    -845.93468017    -845.93528454   -0.00060438    0.11369601 0.00000001 0.00000000  0.83D-02      0.55
   2   12   15    0    -845.93528457    -845.93528457   -0.00000000    0.00002803 0.00000000 0.00000000  0.27D-05      1.10

 ** WVFN ****  CONVERGENCE REACHED, FINAL GRADIENT:  0.85D-10



 Results for state 1.2
 =====================

 !MCSCF STATE 1.2 Energy             -845.935284570484
 Nuclear energy                         0.00000000
 Kinetic energy                       872.39196929
 One electron energy                -1109.55183568
 Two electron energy                  263.61655111
 Virial ratio                           1.96967340

 !MCSCF STATE 1.2 Dipole moment         0.00000000     0.00000000     0.00000000
 Dipole moment /Debye                   0.00000000     0.00000000     0.00000000



 Results for state 1.3
 =====================

 !MCSCF STATE 1.3 Energy             -845.935284570484
 Nuclear energy                         0.00000000
 Kinetic energy                       872.39196929
 One electron energy                -1109.55183568
 Two electron energy                  263.61655111
 Virial ratio                           1.96967340

 !MCSCF STATE 1.3 Dipole moment         0.00000000     0.00000000     0.00000000
 Dipole moment /Debye                   0.00000000     0.00000000     0.00000000



 Results for state 1.5
 =====================

 !MCSCF STATE 1.5 Energy             -845.935284570484
 Nuclear energy                         0.00000000
 Kinetic energy                       872.39196929
 One electron energy                -1109.55183568
 Two electron energy                  263.61655111
 Virial ratio                           1.96967340

 !MCSCF STATE 1.5 Dipole moment         0.00000000     0.00000000     0.00000000
 Dipole moment /Debye                   0.00000000     0.00000000     0.00000000

 State-averaged charge density matrix saved on record  5202.2 (density set 1)


 NATURAL ORBITALS (state averaged)
 =================================

   Orb     Occ        Energy       Coefficients

                                   1 1s      1 1s      1 1s      1 1s      1 1s      1 1s      1 1s      1 1s      1 1s      1 1s   
                                   1 1s      1 1s      1 1s      1 1s      1 1s      1 1s      1 1s      1 1s      1 1s      1 1s   
                                   1 1s      1 1s      1 1s      1 1s      1 1s      1 3d0     1 3d2+    1 3d0     1 3d2+    1 3d0  
                                   1 3d2+    1 3d0     1 3d2+    1 3d0     1 3d2+    1 3d0     1 3d2+    1 3d0     1 3d2+    1 3d0  
                                   1 3d2+    1 3d0     1 3d2+    1 3d0     1 3d2+    1 3d0     1 3d2+    1 3d0     1 3d2+    1 3d0  
                                   1 3d2+    1 3d0     1 3d2+    1 5g0     1 5g4+    1 5g2+    1 5g0     1 5g4+    1 5g2+    1 5g0  
                                   1 5g4+    1 5g2+    1 5g0     1 5g4+    1 5g2+ 

   1.1  2.00000  -187.414654     0.000053  0.000151  0.000406  0.001012  0.002497  0.006217  0.015672  0.038852  0.090107  0.183296
                                 0.297216  0.322449  0.174239  0.026625 -0.002382  0.016592  0.001001  0.001306 -0.000056  0.000010
                                -0.000008  0.000004 -0.015602 -0.001720 -0.000001  0.000000  0.000000  0.000000  0.000000  0.000000
                                 0.000000  0.000000  0.000000  0.000000  0.000000  0.000000  0.000000  0.000000  0.000000  0.000000
                                 0.000000  0.000000  0.000000  0.000000  0.000000  0.000000  0.000000  0.000000  0.000000  0.000000
                                 0.000000  0.000000  0.000000  0.000000  0.000000  0.000000  0.000000  0.000000  0.000000  0.000000
                                 0.000000  0.000000  0.000000  0.000000  0.000000

   2.1  2.00000   -24.660820    -0.000016 -0.000045 -0.000122 -0.000303 -0.000750 -0.001879 -0.004772 -0.012068 -0.029012 -0.063976
                                -0.120723 -0.176145 -0.119276  0.199123  0.548628  0.416706  0.057947  0.020493 -0.000332  0.000066
                                -0.000050  0.000024 -0.042245 -0.025922 -0.000007  0.000000  0.000000  0.000000  0.000000  0.000000
                                 0.000000  0.000000  0.000000  0.000000  0.000000  0.000000  0.000000  0.000000  0.000000  0.000000
                                 0.000000  0.000000  0.000000  0.000000  0.000000  0.000000  0.000000  0.000000  0.000000  0.000000
                                 0.000000  0.000000  0.000000  0.000000  0.000000  0.000000  0.000000  0.000000  0.000000  0.000000
                                 0.000000  0.000000  0.000000  0.000000  0.000000

   3.1  2.00000    -5.531807     0.000006  0.000017  0.000046  0.000115  0.000284  0.000712  0.001807  0.004595  0.011043  0.024714
                                 0.047142  0.072184  0.050023 -0.094017 -0.376511 -0.271961  0.332558  0.916031  0.197595 -0.005981
                                 0.005156 -0.002583 -0.133699 -0.115912  0.000717  0.000000  0.000000  0.000000  0.000000  0.000000
                                 0.000000  0.000000  0.000000  0.000000  0.000000  0.000000  0.000000  0.000000  0.000000  0.000000
                                 0.000000  0.000000  0.000000  0.000000  0.000000  0.000000  0.000000  0.000000  0.000000  0.000000
                                 0.000000  0.000000  0.000000  0.000000  0.000000  0.000000  0.000000  0.000000  0.000000  0.000000
                                 0.000000  0.000000  0.000000  0.000000  0.000000

                                   1 2px     1 2px     1 2px     1 2px     1 2px     1 2px     1 2px     1 2px     1 2px     1 2px  
                                   1 2px     1 2px     1 2px     1 2px     1 2px     1 2px     1 2px     1 2px     1 2px     1 2px  
                                   1 2px     1 4f1+    1 4f3+    1 4f1+    1 4f3+    1 4f1+    1 4f3+    1 4f1+    1 4f3+    1 4f1+ 
                                   1 4f3+    1 6h1+    1 6h3+    1 6h5+    1 6h1+    1 6h3+    1 6h5+    1 6h1+    1 6h3+    1 6h5+ 


   1.2  2.00000   -20.825110     0.000041  0.000175  0.000779  0.003086  0.010889  0.033143  0.085720  0.179116  0.288465  0.327119
                                 0.214672  0.056327 -0.000432  0.000527  0.000227 -0.000029  0.000013 -0.000006 -0.005498  0.004506
                                 0.000002  0.000000  0.000000  0.000000  0.000000  0.000000  0.000000  0.000000  0.000000  0.000000
                                 0.000000  0.000000  0.000000  0.000000  0.000000  0.000000  0.000000  0.000000  0.000000  0.000000

   2.2  1.66667    -4.286657    -0.000016 -0.000066 -0.000296 -0.001177 -0.004171 -0.012870 -0.034008 -0.073538 -0.122746 -0.149304
                                -0.045695  0.219964  0.448841  0.371327  0.061228 -0.002237  0.000990 -0.000417 -0.012528  0.036601
                                 0.000122  0.000000  0.000000  0.000000  0.000000  0.000000  0.000000  0.000000  0.000000  0.000000
                                 0.000000  0.000000  0.000000  0.000000  0.000000  0.000000  0.000000  0.000000  0.000000  0.000000

                                   1 2py     1 2py     1 2py     1 2py     1 2py     1 2py     1 2py     1 2py     1 2py     1 2py  
                                   1 2py     1 2py     1 2py     1 2py     1 2py     1 2py     1 2py     1 2py     1 2py     1 2py  
                                   1 2py     1 4f1-    1 4f3-    1 4f1-    1 4f3-    1 4f1-    1 4f3-    1 4f1-    1 4f3-    1 4f1- 
                                   1 4f3-    1 6h1-    1 6h3-    1 6h5-    1 6h1-    1 6h3-    1 6h5-    1 6h1-    1 6h3-    1 6h5- 


   1.3  2.00000   -20.825110     0.000041  0.000175  0.000779  0.003086  0.010889  0.033143  0.085720  0.179116  0.288465  0.327119
                                 0.214672  0.056327 -0.000432  0.000527  0.000227 -0.000029  0.000013 -0.000006 -0.005498  0.004506
                                 0.000002  0.000000  0.000000  0.000000  0.000000  0.000000  0.000000  0.000000  0.000000  0.000000
                                 0.000000  0.000000  0.000000  0.000000  0.000000  0.000000  0.000000  0.000000  0.000000  0.000000

   2.3  1.66667    -4.286657    -0.000016 -0.000066 -0.000296 -0.001177 -0.004171 -0.012870 -0.034008 -0.073538 -0.122746 -0.149304
                                -0.045696  0.219964  0.448841  0.371327  0.061228 -0.002237  0.000990 -0.000417 -0.012528  0.036601
                                 0.000122  0.000000  0.000000  0.000000  0.000000  0.000000  0.000000  0.000000  0.000000  0.000000
                                 0.000000  0.000000  0.000000  0.000000  0.000000  0.000000  0.000000  0.000000  0.000000  0.000000

                                   1 2pz     1 2pz     1 2pz     1 2pz     1 2pz     1 2pz     1 2pz     1 2pz     1 2pz     1 2pz  
                                   1 2pz     1 2pz     1 2pz     1 2pz     1 2pz     1 2pz     1 2pz     1 2pz     1 2pz     1 2pz  
                                   1 2pz     1 4f0     1 4f2+    1 4f0     1 4f2+    1 4f0     1 4f2+    1 4f0     1 4f2+    1 4f0  
                                   1 4f2+    1 6h2+    1 6h4+    1 6h0     1 6h2+    1 6h4+    1 6h0     1 6h2+    1 6h4+    1 6h0  


   1.5  2.00000   -20.825110     0.000041  0.000175  0.000779  0.003086  0.010889  0.033143  0.085720  0.179116  0.288465  0.327119
                                 0.214672  0.056327 -0.000432  0.000527  0.000227 -0.000029  0.000013 -0.000006 -0.005498  0.004506
                                 0.000002  0.000000  0.000000  0.000000  0.000000  0.000000  0.000000  0.000000  0.000000  0.000000
                                 0.000000  0.000000  0.000000  0.000000  0.000000  0.000000  0.000000  0.000000  0.000000  0.000000

   2.5  1.66667    -4.286657    -0.000016 -0.000066 -0.000296 -0.001177 -0.004171 -0.012870 -0.034008 -0.073538 -0.122746 -0.149304
                                -0.045696  0.219964  0.448841  0.371327  0.061228 -0.002237  0.000990 -0.000417 -0.012528  0.036601
                                 0.000122  0.000000  0.000000  0.000000  0.000000  0.000000  0.000000  0.000000  0.000000  0.000000
                                 0.000000  0.000000  0.000000  0.000000  0.000000  0.000000  0.000000  0.000000  0.000000  0.000000

 Total charge:   5.000000000000
 

 EXTRA SYMMETRY OF MOS IN SYMMETRY 1:   1 1 1 2 3 1 3 2 1 2   3 1 6 4 5 2 3 1 2 3   1 2 3 4 5 6 1 3 2 4   5 6 3 2 1 3 2 4 5 6
                                        1 3 2 1 3 2 1 3 2 1   3 2 1 3 2 1 1 1 1 1   1 1 1 1 1
 EXTRA SYMMETRY OF MOS IN SYMMETRY 2:   1 1 1 2 3 1 3 2 1 1   1 2 3 6 5 4 1 2 3 5   4 6 1 1 2 3 4 6 5 1   1 1 1 1 1 1 1 1 1 1
 EXTRA SYMMETRY OF MOS IN SYMMETRY 3:   1 1 1 2 3 1 2 3 1 1   1 2 3 6 5 4 1 2 3 5   4 6 1 1 2 3 4 5 6 1   1 1 1 1 1 1 1 1 1 1
 EXTRA SYMMETRY OF MOS IN SYMMETRY 4:   1 1 1 2 3 1 1 1 3 2   1 3 2 1 1 3 2 1 1 1   1 1
 EXTRA SYMMETRY OF MOS IN SYMMETRY 5:   1 1 1 2 3 1 3 2 1 1   1 3 2 4 6 5 1 2 3 6   4 5 1 1 2 3 5 4 6 1   1 1 1 1 1 1 1 1 1 1
 EXTRA SYMMETRY OF MOS IN SYMMETRY 8:   1 1 1 3 2 1 2 3 1 2   3

 Natural orbital dump (state averaged) at molpro section  5202.2    (Orbital set 2)


 CI vector for state symmetry 1
 ==============================

 a 2 2           1.0000000

 TOTAL ENERGIES                      -845.93528457

 CI vector for state symmetry 2
 ==============================

 2 a 2           1.0000000

 TOTAL ENERGIES                      -845.93528457

 CI vector for state symmetry 3
 ==============================

 2 2 a           1.0000000

 TOTAL ENERGIES                      -845.93528457



 **********************************************************************************************************************************
 DATASETS  * FILE   NREC   LENGTH (MB)   RECORD NAMES
              1      24      218.48       500      610      700      900      950      970     1000      129      960     1700   
                                          VAR    BASINP    GEOM    SYMINP    ZMAT    AOBASIS   BASIS     P2S    ABASIS    OPER   
                                         1101     1401     1411     1412     1650     1100     1400     1410     1200     1210   
                                          SR      EKINR    POTR     PVPR    MOLCAS      S      EKIN      POT      H0       H01  
                                         1300     1080     1600     1380   
                                         ERIS     AOSYM     SMH     JKOP   

              2       6        8.52       200      700     1000      520     4202     5202   
                                        OPTIONS   GEOM     BASIS   MCVARS     RHF     MCSCF   

 PROGRAMS   *        TOTAL     MULTI       POP       RHF       INT
 CPU TIMES  *        36.18      1.68      0.00      1.57     32.78
 REAL TIME  *        38.32 SEC
 DISK USED  *       914.51 MB      
 **********************************************************************************************************************************

1PROGRAM * RHF-SCF (OPEN SHELL)       Authors: W. Meyer, H.-J. Werner


 NUMBER OF ELECTRONS:       9+    8-    SPACE SYMMETRY=5    SPIN SYMMETRY: Doublet 
 CONVERGENCE THRESHOLDS:    1.00E-05 (Density)    1.00E-07 (Energy)
 MAX. NUMBER OF ITERATIONS:        0
 INTERPOLATION TYPE:            DIIS
 INTERPOLATION STEPS:              2 (START)      1 (STEP)
 LEVEL SHIFTS:                 -0.30 (CLOSED)  0.00 (OPEN) 


 Singly occupied orbitals:      2.5
 Molecular orbitals read from record     5202.2  Type=MCSCF/NATURAL  

 Molecular orbital dump at record        2119.2

 ITERATION    DDIFF          GRAD             ENERGY        2-EL.EN.            DIPOLE MOMENTS         DIIS   ORB.
    1      0.000D+00      0.000D+00      -845.93528457    527.233102    0.00000    0.00000    0.00000    0    start

 Final alpha occupancy:   3   2   2   0   2   0   0   0
 Final beta  occupancy:   3   2   2   0   1   0   0   0

 !RHF STATE 1.5 Energy               -845.935284570484
 Nuclear energy                         0.00000000
 One-electron energy                -1109.55183568
 Two-electron energy                  263.61655111
 Virial quotient                       -0.96967340
 !RHF STATE 1.5 Dipole moment           0.00000000     0.00000000     0.00000000
 Dipole moment /Debye                   0.00000000     0.00000000     0.00000000

 Orbital energies:

         1.1          2.1          3.1          4.1          5.1
   -187.414654   -24.660820    -5.531807    -2.211357    -2.211357

         1.2          2.2          3.2          4.2
    -20.825110    -4.286657    -1.378978    -0.790963

         1.3          2.3          3.3          4.3
    -20.825110    -4.286657    -1.378978    -0.790963

         1.4          2.4
     -2.211357    -1.013022

         1.5          2.5          3.5          4.5
    -20.825110    -4.286657    -1.378978    -0.790963

         1.6          2.6
     -2.211357    -1.013022

         1.7          2.7
     -2.211357    -1.013022

         1.8          2.8
     -0.790963    -0.504191

 HOMO      2.2    -4.286657 =    -116.6459eV
 LUMO      4.1    -2.211357 =     -60.1741eV
 LUMO-HOMO         2.075300 =      56.4718eV


 **********************************************************************************************************************************
 DATASETS  * FILE   NREC   LENGTH (MB)   RECORD NAMES
              1      24      218.48       500      610      700      900      950      970     1000      129      960     1700   
                                          VAR    BASINP    GEOM    SYMINP    ZMAT    AOBASIS   BASIS     P2S    ABASIS    OPER   
                                         1101     1401     1411     1412     1650     1100     1400     1410     1200     1210   
                                          SR      EKINR    POTR     PVPR    MOLCAS      S      EKIN      POT      H0       H01  
                                         1300     1080     1600     1380   
                                         ERIS     AOSYM     SMH     JKOP   

              2       7       11.54       200      700     1000      520     4202     5202     2119   
                                        OPTIONS   GEOM     BASIS   MCVARS     RHF     MCSCF     RHF  

 PROGRAMS   *        TOTAL       RHF     MULTI       POP       RHF       INT
 CPU TIMES  *        36.36      0.18      1.68      0.00      1.57     32.78
 REAL TIME  *        38.54 SEC
 DISK USED  *       914.51 MB      
 **********************************************************************************************************************************
 SETTING SCF(11)        =      -845.93528457  AU                              
 SETTING _CC_NORM_MAX   =         2.00000000                                  


1PROGRAM * CCSD (Restricted open-shell coupled cluster)     Authors: C. Hampel, H.-J. Werner, 1991, M. Deegan, P.J. Knowles, 1992


 Convergence thresholds:  THRVAR = 1.00D-08  THRDEN = 1.00D-06

 CCSD(T)     terms to be evaluated (factor= 1.000)


 Number of closed-shell orbitals:   8 (   3   2   2   0   1   0   0   0 )
 Number of active  orbitals:        1 (   0   0   0   0   1   0   0   0 )
 Number of external orbitals:     253 (  62  38  38  22  38  22  22  11 )

 Memory could be reduced to 36.59 Mwords without degradation in triples

 Number of N-1 electron functions:              17
 Number of N-2 electron functions:             136
 Number of singly external CSFs:               793
 Number of doubly external CSFs:            910282
 Total number of CSFs:                      911075

 Molecular orbitals read from record     2119.2  Type=RHF/CANONICAL (state 1.5)

 Integral transformation finished. Total CPU:   0.92 sec, npass=  1  Memory used:   6.01 MW

 Starting RMP2 calculation

 Wavefunction is spin-projected

 ITER.      SQ.NORM     CORR.ENERGY   TOTAL ENERGY   ENERGY CHANGE        DEN1      VAR(S)    VAR(P)  DIIS     TIME
   1      1.04192757    -0.62876758  -846.56405215    -0.62876758    -0.00028441  0.21D-05  0.52D-04  1  1     0.96
   2      1.04204949    -0.62906361  -846.56434818    -0.00029603    -0.00000006  0.30D-09  0.81D-08  2  2     1.01
   3      1.04205058    -0.62906546  -846.56435003    -0.00000186    -0.00000000  0.10D-12  0.36D-11  3  3     1.05
   4      1.04205058    -0.62906546  -846.56435003     0.00000001    -0.00000000  0.12D-16  0.13D-14  4  4     1.10

 Norm of t1 vector:      0.03708963      S-energy:    -0.00661219      T1 diagnostic:  0.00295066
 Norm of t2 vector:      0.20168030      P-energy:    -0.62245327
                                         Alpha-Beta:  -0.46199018
                                         Alpha-Alpha: -0.09009124
                                         Beta-Beta:   -0.07037185

 Spin contamination <S**2-Sz**2-Sz>     0.00000000
  Reference energy                   -845.935284570484
  RHF-RMP2 correlation energy          -0.629065458328
 !RHF-RMP2 energy                    -846.564350028812
 (NB above energy spin projected)

 Starting RCCSD calculation

 ITER.      SQ.NORM     CORR.ENERGY   TOTAL ENERGY   ENERGY CHANGE        DEN1      VAR(S)    VAR(P)  DIIS     TIME
   1      1.04801587    -0.64085605  -846.57614062    -0.64085605    -0.00543005  0.14D-03  0.68D-03  1  1     2.68
   2      1.05071697    -0.64625639  -846.58154096    -0.00540035    -0.00025545  0.45D-05  0.43D-04  2  2     4.23
   3      1.05146906    -0.64736196  -846.58264653    -0.00110557    -0.00001081  0.26D-06  0.19D-05  3  3     5.82
   4      1.05159505    -0.64750893  -846.58279350    -0.00014697    -0.00000030  0.37D-08  0.51D-07  4  4     7.37
   5      1.05160197    -0.64751151  -846.58279608    -0.00000258    -0.00000001  0.45D-10  0.92D-09  5  5     9.07
   6      1.05160219    -0.64751187  -846.58279644    -0.00000036    -0.00000000  0.62D-11  0.43D-10  6  6    10.76

 Norm of t1 vector:      0.04469223      S-energy:    -0.00759707      T1 diagnostic:  0.00403868
                                                                       D1 diagnostic:  0.01290317
 Norm of t2 vector:      0.22272135      P-energy:    -0.63991480
                                         Alpha-Beta:  -0.48309902
                                         Alpha-Alpha: -0.08816621
                                         Beta-Beta:   -0.06864957

 Spin contamination <S**2-Sz**2-Sz>     0.00000000

 Memory could be reduced to 38.11 Mwords without degradation in triples
 

  Correlated core orbitals:             1.1       2.1       3.1       1.2       2.2       1.3       2.3       1.5       2.5
  Orbital energies:                  -187.4291  -24.6731   -5.6347  -20.8282   -4.4307  -20.8282   -4.4307  -20.8867   -4.5411
 
  RCCSD core-core energy               -0.647511866557
 

 RESULTS
 =======

  Reference energy                   -845.935284570484
  RCCSD singles energy                 -0.007597070915
  RCCSD pair energy                    -0.639914795641
  RCCSD correlation energy             -0.647511866557
  Triples (T) contribution             -0.008053253367
  Total correlation energy             -0.655565119923
 
  RHF-RCCSD energy                   -846.582796437041
  RHF-RCCSD[T] energy                -846.590840783066
  RHF-RCCSD-T energy                 -846.590814172230
 !RHF-RCCSD(T) energy                -846.590849690407

 Program statistics:

 Available memory in ccsd:               511999162
 Min. memory needed in ccsd:               2744318
 Max. memory used in ccsd:                 3844074
 Max. memory used in cckext:               2945457 ( 6 integral passes)
 Max. memory used in cckint:               6007833 ( 1 integral passes)



 **********************************************************************************************************************************
 DATASETS  * FILE   NREC   LENGTH (MB)   RECORD NAMES
              1      24      218.48       500      610      700      900      950      970     1000      129      960     1700   
                                          VAR    BASINP    GEOM    SYMINP    ZMAT    AOBASIS   BASIS     P2S    ABASIS    OPER   
                                         1101     1401     1411     1412     1650     1100     1400     1410     1200     1210   
                                          SR      EKINR    POTR     PVPR    MOLCAS      S      EKIN      POT      H0       H01  
                                         1300     1080     1600     1380   
                                         ERIS     AOSYM     SMH     JKOP   

              2       7       11.54       200      700     1000      520     4202     5202     2119   
                                        OPTIONS   GEOM     BASIS   MCVARS     RHF     MCSCF     RHF  

 PROGRAMS   *        TOTAL  RCCSD(T)       RHF     MULTI       POP       RHF       INT
 CPU TIMES  *        93.84     57.47      0.18      1.68      0.00      1.57     32.78
 REAL TIME  *        98.75 SEC
 DISK USED  *       914.51 MB      
 **********************************************************************************************************************************
 SETTING CCSD(11)       =      -846.59084969  AU                              
 Output type csv         
                                                                                                                                                                                                                                                                

        SCF,CCSD
      0.0000000,      0.0000000
      0.0000000,      0.0000000
      0.0000000,      0.0000000
      0.0000000,      0.0000000
      0.0000000,      0.0000000
      0.0000000,      0.0000000
      0.0000000,      0.0000000
      0.0000000,      0.0000000
      0.0000000,      0.0000000
      0.0000000,      0.0000000
   -845.9352846,   -846.5908497
                                                  

        RCCSD(T)        RHF-SCF         MULTI           RHF-SCF 
   -846.59084969   -845.93528457   -845.93528457   -845.93735553
 **********************************************************************************************************************************
 Variable memory released
