
 Primary working directories    : /tmp/cmelton
 Secondary working directories  : /tmp/cmelton
 Wavefunction directory         : /remote/cmelton/wfu/
 Main file repository           : /tmp/cmelton/

 SHA1      : 4c1979699e6aeda0524d0210415ba82a958648b0
 NAME      : 2012.1.39
 ARCHNAME  : Linux/x86_64
 FC        : /projects/sems/install/rhel6-x86_64/sems/compiler/intel/16.0.1/base/bin/ifort
 FCVERSION : 16.0.1
 BLASLIB   : -L/projects/sems/install/rhel6-x86_64/sems/compiler/intel/16.0.1/base/compilers_and_libraries_2016.1.150/linux/mkl/lib/intel64 -lmkl_intel_ilp64 -lmkl_sequential -lmkl_core
 id        : sandiacon

 Nodes           nprocs
 breve.sandia.gov    1

 Using customized tuning parameters: mindgm=7; mindgv=16; mindgc=1; mindgr=1; noblas=0; minvec=7
 default implementation of scratch files=df  

 ***,Calculation for Be atom, singlet and triplet
 memory,512,m
 geometry={
 1
 Fe
 Fe  0.0 0.0 0.0
 }
 
 basis={
 Including file /remote/cmelton/data/corrECP/Fe/ae/nr/basis/aug-cc-pwCV5Z-dk.basis
 }
 
 Including file /remote/cmelton/data/corrECP/Fe/ae/nr/basis/states.proc
 Including file /remote/cmelton/data/corrECP/Fe/ae/nr/basis/aug-cc-pwCVTZ-dk.basis
 Including file /remote/cmelton/data/corrECP/Fe/ae/nr/basis/aug-cc-pwCVQZ-dk.basis
 
 do i=4,4
 if (i.eq.1) then
     Is2d6
 else if (i.eq.2) then
     Is1d7
 else if (i.eq.3) then
     Id8
 else if (i.eq.4) then
     IIs1d6
 else if (i.eq.5) then
     IId7
 else if (i.eq.6) then
     IX
 else if (i.eq.7) then
     XV
 else if (i.eq.8) then
     As2d7
 else if (i.eq.9) then
     IIId6
 else if (i.eq.10) then
     IVd5
 else if (i.eq.11) then
     Vd4
 else if (i.eq.12) then
     VId3
 else if (i.eq.13) then
     VIId2
 else if (i.eq.14) then
     VIIId1
 endif
     scf(i)=energy
     _CC_NORM_MAX=2.0
     {rccsd(t),maxit=100;core}
     ccsd(i)=energy
 enddo
 
 table,scf,ccsd
 save
 type,csv

 Variables initialized (782), CPU time= 0.01 sec
 Commands  initialized (547), CPU time= 0.01 sec, 517 directives.
 Default parameters read. Elapsed time= 0.11 sec

 Checking input...
 Passed
1


                                         ***  PROGRAM SYSTEM MOLPRO  ***
                         Copyright, University College Cardiff Consultants Limited, 2008

                                    Version 2012.1 linked Aug  2 2016 14:07:26


 **********************************************************************************************************************************
 LABEL *   Calculation for Be atom, singlet and triplet                                  
 Linux-3.10.0-693.11.6.el7.x86_64/breve.sandia.gov(x86_64) 64 bit serial version         DATE: 10-Jan-18          TIME: 13:01:45  
 **********************************************************************************************************************************

 SHA1:             4c1979699e6aeda0524d0210415ba82a958648b0
 **********************************************************************************************************************************

Geometry recognized as XYZ


 Variable memory set to  512000000 words,  buffer space   230000 words

 SETTING BASIS          =    USERDEF

 DO I                   =         4.00000000   

 Running procedure=IIS1D6


 Recomputing integrals since basis changed


 Using spherical harmonics


1PROGRAM * SEWARD (Integral evaluation for generally contracted gaussian basis sets)     Author: Roland Lindh, 1990

 Geometry written to block  1 of record 700

 Orientation using atomic masses  
 Molecule type: Atom
 Symmetry elements: X,Y,Z
 Rotational constants:       0.0000000      0.0000000      0.0000000 GHz  (calculated with average atomic masses)

 Point group  D2h 



 ATOMIC COORDINATES

 NR  ATOM    CHARGE       X              Y              Z

   1  FE     26.00    0.000000000    0.000000000    0.000000000

 NUCLEAR CHARGE:                   26
 NUMBER OF PRIMITIVE AOS:         464
 NUMBER OF SYMMETRY AOS:          331
 NUMBER OF CONTRACTIONS:          331   (  83Ag  +  47B3u +  47B2u +  31B1g +  47B1u +  31B2g +  31B3g +  14Au  )
 NUMBER OF CORE ORBITALS:           9   (   3Ag  +   2B3u +   2B2u +   0B1g +   2B1u +   0B2g +   0B3g +   0Au  )
 NUMBER OF VALENCE ORBITALS:        6   (   3Ag  +   0B3u +   0B2u +   1B1g +   0B1u +   1B2g +   1B3g +   0Au  )


 NUCLEAR REPULSION ENERGY    0.00000000

 EXTRA SYMMETRY OF AOS IN SYMMETRY 1:   1 1 1 1 1 1 1 1 1 1   1 1 1 1 1 1 1 1 1 1   1 1 1 1 1 1 1 1 1 1   2 3 2 3 2 3 2 3 2 3
                                        2 3 2 3 2 3 2 3 2 3   2 3 2 3 2 3 2 3 2 3   4 5 6 4 5 6 4 5 6 4   5 6 4 5 6 7 8 910 7
                                        8 910
 EXTRA SYMMETRY OF AOS IN SYMMETRY 2:   1 1 1 1 1 1 1 1 1 1   1 1 1 1 1 1 1 1 1 1   1 1 1 2 3 2 3 2 3 2   3 2 3 2 3 4 5 6 4 5
                                        6 4 5 6 4 5 6
 EXTRA SYMMETRY OF AOS IN SYMMETRY 3:   1 1 1 1 1 1 1 1 1 1   1 1 1 1 1 1 1 1 1 1   1 1 1 2 3 2 3 2 3 2   3 2 3 2 3 4 5 6 4 5
                                        6 4 5 6 4 5 6
 EXTRA SYMMETRY OF AOS IN SYMMETRY 4:   1 1 1 1 1 1 1 1 1 1   1 1 1 1 1 2 3 2 3 2   3 2 3 2 3 4 5 6 4 5   6
 EXTRA SYMMETRY OF AOS IN SYMMETRY 5:   1 1 1 1 1 1 1 1 1 1   1 1 1 1 1 1 1 1 1 1   1 1 1 2 3 2 3 2 3 2   3 2 3 2 3 4 5 6 4 5
                                        6 4 5 6 4 5 6
 EXTRA SYMMETRY OF AOS IN SYMMETRY 6:   1 1 1 1 1 1 1 1 1 1   1 1 1 1 1 2 3 2 3 2   3 2 3 2 3 4 5 6 4 5   6
 EXTRA SYMMETRY OF AOS IN SYMMETRY 7:   1 1 1 1 1 1 1 1 1 1   1 1 1 1 1 2 3 2 3 2   3 2 3 2 3 4 5 6 4 5   6
 EXTRA SYMMETRY OF AOS IN SYMMETRY 8:   1 1 1 1 1 1 2 3 2 3   2 3 2 3

 Eigenvalues of metric

         1 0.306E-06 0.642E-05 0.642E-05 0.350E-04 0.111E-03 0.278E-03 0.471E-03 0.471E-03
         2 0.608E-07 0.929E-06 0.225E-03 0.817E-03 0.228E-02 0.521E-02 0.118E-01 0.197E-01
         3 0.608E-07 0.929E-06 0.225E-03 0.817E-03 0.228E-02 0.521E-02 0.118E-01 0.197E-01
         4 0.642E-05 0.471E-03 0.669E-02 0.209E-01 0.496E-01 0.914E-01 0.914E-01 0.971E-01
         5 0.608E-07 0.929E-06 0.225E-03 0.817E-03 0.228E-02 0.521E-02 0.118E-01 0.197E-01
         6 0.642E-05 0.471E-03 0.669E-02 0.209E-01 0.496E-01 0.914E-01 0.914E-01 0.971E-01
         7 0.642E-05 0.471E-03 0.669E-02 0.209E-01 0.496E-01 0.914E-01 0.914E-01 0.971E-01
         8 0.685E-01 0.198E+00 0.198E+00 0.243E+00 0.507E+00 0.543E+00 0.543E+00 0.104E+01


 Contracted 2-electron integrals neglected if value below      1.0D-13
 AO integral compression algorithm  1   Integral accuracy      1.0D-13

     920.125 MB (compressed) written to integral file ( 41.6%)


 NUMBER OF SORTED TWO-ELECTRON INTEGRALS:  193685691.     BUFFER LENGTH:  32768
 NUMBER OF SEGMENTS:   7  SEGMENT LENGTH:   31998522      RECORD LENGTH: 524288

 Memory used in sort:      32.56 MW

 SORT1 READ   276391819. AND WROTE   101724653. INTEGRALS IN    296 RECORDS. CPU TIME:     5.80 SEC, REAL TIME:     6.72 SEC
 SORT2 READ   101724653. AND WROTE   193685691. INTEGRALS IN   3510 RECORDS. CPU TIME:     2.24 SEC, REAL TIME:     2.82 SEC

 FILE SIZES:   FILE 1:   930.1 MBYTE,  FILE 4:  1241.5 MBYTE,   TOTAL:   2171.7 MBYTE

 OPERATOR DM      FOR CENTER  0  COORDINATES:    0.000000    0.000000    0.000000


 **********************************************************************************************************************************
 DATASETS  * FILE   NREC   LENGTH (MB)   RECORD NAMES
              1      19      574.37       500      610      700      900      950      970     1000      129      960     1100   
                                          VAR    BASINP    GEOM    SYMINP    ZMAT    AOBASIS   BASIS     P2S    ABASIS      S 
                                         1400     1410     1200     1210     1080     1600     1650     1300     1700   
                                           T        V       H0       H01     AOSYM     SMH    MOLCAS    ERIS     OPER   

 PROGRAMS   *        TOTAL       INT
 CPU TIMES  *        77.94     77.72
 REAL TIME  *        81.03 SEC
 DISK USED  *         2.17 GB      
 **********************************************************************************************************************************

1PROGRAM * RHF-SCF (OPEN SHELL)       Authors: W. Meyer, H.-J. Werner


 NUMBER OF ELECTRONS:      15+   10-    SPACE SYMMETRY=1    SPIN SYMMETRY: Sextet  
 CONVERGENCE THRESHOLDS:    1.00E-05 (Density)    1.00E-07 (Energy)
 MAX. NUMBER OF ITERATIONS:       60
 INTERPOLATION TYPE:            DIIS
 INTERPOLATION STEPS:              2 (START)      1 (STEP)
 LEVEL SHIFTS:                 -0.30 (CLOSED)  0.00 (OPEN) 


 Singly occupied orbitals:      5.1       6.1       1.4       1.6       1.7
 
 Extra symmetries of mos in symmetry 1:   1   1   1   3   2   1
 Orbital guess generated from atomic densities. Full valence occupancy:    6   2   2   1   2   1   1   0


 Molecular orbital dump at record        4202.2

 ITERATION    DDIFF          GRAD             ENERGY        2-EL.EN.            DIPOLE MOMENTS         DIIS   ORB.
    1      0.000D+00      0.000D+00     -1262.16970759    941.119633    0.00000    0.00000    0.00000    0    start
    2      0.000D+00      0.600D-02     -1262.21059052    952.370663    0.00000    0.00000    0.00000    1    diag,B
    3      0.264D-02      0.497D-02     -1262.21646119    949.160764    0.00000    0.00000    0.00000    2    diag,B
    4      0.825D-03      0.102D-02     -1262.21715702    949.275155    0.00000    0.00000    0.00000    3    diag,B
    5      0.726D-03      0.282D-03     -1262.21721154    949.230212    0.00000    0.00000    0.00000    4    diag,B
    6      0.246D-03      0.383D-04     -1262.21721322    949.225325    0.00000    0.00000    0.00000    5    diag,B
    7      0.463D-04      0.734D-05     -1262.21721336    949.224298    0.00000    0.00000    0.00000    6    fixocc
    8      0.714D-05      0.331D-05     -1262.21721343    949.224235    0.00000    0.00000    0.00000    7    diag,B
    9      0.123D-05      0.306D-05     -1262.21721381    949.224165    0.00000    0.00000    0.00000    0    orth

 Final alpha occupancy:   6   2   2   1   2   1   1   0
 Final beta  occupancy:   4   2   2   0   2   0   0   0

 !RHF STATE 1.1 Energy              -1262.217213809623
 Nuclear energy                         0.00000000
 One-electron energy                -1736.82929648
 Two-electron energy                  474.61208267
 Virial quotient                       -1.00000004
 !RHF STATE 1.1 Dipole moment           0.00000000     0.00000000     0.00000000
 Dipole moment /Debye                   0.00000000     0.00000000     0.00000000

 ELECTRON ORBITALS
 =================


   Orb  Occ    Energy  Couls-En    Coefficients

                                   1 1s      1 1s      1 1s      1 1s      1 1s      1 1s      1 1s      1 1s      1 1s      1 1s   
                                   1 1s      1 1s      1 1s      1 1s      1 1s      1 1s      1 1s      1 1s      1 1s      1 1s   
                                   1 1s      1 1s      1 1s      1 1s      1 1s      1 1s      1 1s      1 1s      1 1s      1 1s   
                                   1 3d0     1 3d2+    1 3d0     1 3d2+    1 3d0     1 3d2+    1 3d0     1 3d2+    1 3d0     1 3d2+ 
                                   1 3d0     1 3d2+    1 3d0     1 3d2+    1 3d0     1 3d2+    1 3d0     1 3d2+    1 3d0     1 3d2+ 
                                   1 3d0     1 3d2+    1 3d0     1 3d2+    1 3d0     1 3d2+    1 3d0     1 3d2+    1 3d0     1 3d2+ 
                                   1 5g0     1 5g4+    1 5g2+    1 5g0     1 5g4+    1 5g2+    1 5g0     1 5g4+    1 5g2+    1 5g0  
                                   1 5g4+    1 5g2+    1 5g0     1 5g4+    1 5g2+    1 7i6+    1 7i4+    1 7i2+    1 7i0     1 7i6+ 
                                   1 7i4+    1 7i2+    1 7i0  

   1.1   2  -261.6775 -599.5318  0.000000  0.000001  0.000004  0.000017  0.000064  0.000217  0.000662  0.001864  0.004921  0.012281
                                 0.028978  0.063867  0.127819  0.220109  0.295739  0.259942  0.114859  0.017200  0.001579 -0.001567
                                -0.000325  0.000035 -0.000045  0.000006 -0.000005  0.000004 -0.000002  0.000001  0.001719 -0.000000
                                 0.000000 -0.000000  0.000002 -0.000001  0.000005 -0.000004  0.000001 -0.000001 -0.000000  0.000000
                                 0.000001 -0.000001 -0.000000 -0.000000 -0.000000  0.000000 -0.000000 -0.000000 -0.000000 -0.000000
                                -0.000000 -0.000000 -0.000000  0.000000 -0.000001  0.000001 -0.000001  0.000001  0.000000 -0.000000
                                 0.000000  0.000001 -0.000000 -0.000000 -0.000000  0.000000  0.000000  0.000000 -0.000000 -0.000000
                                -0.000000  0.000000  0.000000  0.000000 -0.000000  0.000000 -0.000000  0.000000 -0.000000  0.000000
                                 0.000000 -0.000000  0.000000

   2.1   2   -32.2365 -114.9288 -0.000000 -0.000000 -0.000001 -0.000005 -0.000019 -0.000066 -0.000201 -0.000567 -0.001502 -0.003776
                                -0.009052 -0.020558 -0.043638 -0.083755 -0.137404 -0.164418 -0.077740  0.179556  0.467048  0.418362
                                 0.120654  0.009349  0.002092  0.000082  0.000188  0.000049  0.000120 -0.000024 -0.014938  0.000006
                                 0.000000 -0.000000  0.000002 -0.000002  0.000008 -0.000007  0.000073 -0.000061  0.000270 -0.000220
                                 0.000281 -0.000245 -0.000037 -0.000022 -0.000076  0.000001 -0.000046 -0.000014 -0.000024 -0.000008
                                -0.000003 -0.000003  0.000000  0.000000 -0.000095  0.000072 -0.000122  0.000092  0.000000 -0.000000
                                 0.000006  0.000022 -0.000010  0.000021  0.000073 -0.000032  0.000005  0.000019 -0.000008  0.000002
                                 0.000008 -0.000003 -0.000000 -0.000001  0.000001  0.000000 -0.000000 -0.000000  0.000000  0.000000
                                 0.000000 -0.000000  0.000000

   3.1   2    -4.4693  -36.3064  0.000000  0.000000  0.000000  0.000002  0.000007  0.000024  0.000074  0.000210  0.000556  0.001400
                                 0.003360  0.007663  0.016367  0.031859  0.053529  0.066996  0.033358 -0.086640 -0.296203 -0.388864
                                -0.039437  0.449782  0.577676  0.229619  0.011503 -0.002330  0.001682 -0.000404  0.016055  0.000095
                                 0.000000 -0.000001 -0.000000 -0.000007  0.000001 -0.000039 -0.000027 -0.000121 -0.000121 -0.000300
                                 0.000682 -0.001323  0.001472 -0.002338  0.000832 -0.002039 -0.000922 -0.000544 -0.000718 -0.000137
                                -0.000099 -0.000053 -0.000000  0.000003 -0.000293  0.000214 -0.000372  0.000272  0.000000 -0.000001
                                 0.000044  0.000154 -0.000068  0.000004  0.000010 -0.000006  0.000141  0.000505 -0.000224  0.000112
                                 0.000415 -0.000182  0.000002  0.000012 -0.000005  0.000001 -0.000000  0.000000 -0.000000  0.000001
                                 0.000001 -0.000001  0.000001

   4.1   2    -0.8567  -25.4526  0.000000  0.000000  0.000000  0.000000  0.000000  0.000000  0.000000  0.000001  0.000003  0.000007
                                 0.000016  0.000036  0.000076  0.000149  0.000251  0.000316  0.000157 -0.000417 -0.001478 -0.001838
                                -0.000046  0.002307  0.002950  0.001224 -0.000237 -0.000022  0.000060  0.000006 -0.000023 -0.000001
                                -0.000047  0.000139 -0.000458  0.001367 -0.002587  0.007720 -0.009686  0.028909 -0.026846  0.080126
                                -0.055724  0.166331 -0.084401  0.251945 -0.096847  0.289078 -0.087300  0.260511 -0.054452  0.162388
                                -0.013834  0.041206  0.000065 -0.000197 -0.000260  0.000773 -0.000267  0.000791 -0.000111  0.000331
                                -0.000104 -0.000168  0.000183 -0.000208 -0.000335  0.000366 -0.000541 -0.000870  0.000951 -0.000499
                                -0.000804  0.000877 -0.000087 -0.000142  0.000154 -0.000168  0.000072 -0.000053  0.000033 -0.000407
                                 0.000173 -0.000126  0.000079

   5.1   +    -1.0173  -26.1696  0.000000  0.000000  0.000000  0.000000  0.000000  0.000000  0.000000  0.000000  0.000000  0.000001
                                 0.000003  0.000006  0.000012  0.000024  0.000040  0.000051  0.000023 -0.000054 -0.000212 -0.000194
                                -0.000133  0.000407  0.000900 -0.000132 -0.000071  0.000136 -0.000083  0.000024 -0.000165 -0.000006
                                 0.000143  0.000048  0.001402  0.000470  0.007918  0.002654  0.029616  0.009925  0.082121  0.027521
                                 0.172521  0.057809  0.261843  0.087744  0.297966  0.099845  0.256609  0.085980  0.139970  0.046882
                                 0.026259  0.008788 -0.000493 -0.000165  0.000047  0.000020 -0.000194 -0.000059  0.000222  0.000074
                                 0.000316  0.000094 -0.000043  0.000584  0.000253 -0.000056  0.001513  0.000493 -0.000186  0.001409
                                 0.000247 -0.000226  0.000271 -0.000061 -0.000072 -0.000121 -0.000116  0.000105 -0.000082 -0.000272
                                -0.000256  0.000233 -0.000180

   6.1   +    -0.5601  -11.1249 -0.000000 -0.000000 -0.000000 -0.000000 -0.000002 -0.000006 -0.000019 -0.000055 -0.000146 -0.000367
                                -0.000880 -0.002012 -0.004291 -0.008392 -0.014089 -0.017857 -0.008730  0.022979  0.085225  0.099438
                                 0.000622 -0.155403 -0.274298 -0.227223  0.256807  0.655596  0.298490 -0.006663  0.014767  0.003219
                                -0.000001  0.000001 -0.000014  0.000011 -0.000078  0.000061 -0.000280  0.000220 -0.000762  0.000598
                                -0.001975  0.001532 -0.003221  0.002487 -0.002906  0.002283  0.001145 -0.000655  0.007172 -0.005066
                                 0.006449 -0.004622  0.000878 -0.000632  0.000107 -0.000078  0.000127 -0.000093 -0.000042  0.000030
                                 0.000009  0.000040 -0.000016  0.000069  0.000269 -0.000113 -0.000051 -0.000159  0.000075 -0.000300
                                -0.001144  0.000486 -0.000164 -0.000698  0.000282 -0.000003  0.000002 -0.000002  0.000001  0.000008
                                -0.000007  0.000006 -0.000004

   7.1   0    -0.0887   -3.6000  0.000000  0.000000  0.000000  0.000000  0.000001  0.000002  0.000005  0.000015  0.000040  0.000103
                                 0.000242  0.000566  0.001178  0.002375  0.003826  0.005198  0.001881 -0.004977 -0.028333  0.017787
                                 0.019467  0.029494  0.094291  0.057421 -0.017940 -0.410409 -0.247726 -0.139391 -0.058537  1.317167
                                 0.000000 -0.000000  0.000004 -0.000003  0.000025 -0.000018  0.000090 -0.000067  0.000243 -0.000182
                                 0.000597 -0.000452  0.000988 -0.000737  0.000918 -0.000686 -0.000364  0.000233 -0.002345  0.001661
                                -0.002312  0.001562  0.000347 -0.000525 -0.000019  0.000018 -0.000016  0.000018  0.002714 -0.002312
                                -0.000002 -0.000011  0.000004 -0.000019 -0.000074  0.000031  0.000016  0.000052 -0.000024  0.000094
                                 0.000359 -0.000152  0.000015  0.000094 -0.000033  0.000001 -0.000001  0.000001 -0.000000 -0.000003
                                 0.000002 -0.000002  0.000001

   8.1   0    -0.0538   -3.4924  0.000000  0.000000  0.000000  0.000000  0.000000  0.000000  0.000000  0.000000  0.000000  0.000001
                                 0.000003  0.000006  0.000012  0.000024  0.000041  0.000050  0.000027 -0.000070 -0.000230 -0.000414
                                -0.000053  0.000462  0.000640  0.000569 -0.000407 -0.000529 -0.001490 -0.001615  0.000120  0.000196
                                -0.000008 -0.000003 -0.000094 -0.000032 -0.000456 -0.000156 -0.002044 -0.000701 -0.003319 -0.001140
                                 0.022183  0.007578 -0.002583 -0.000899 -0.026036 -0.008923 -0.004417 -0.001520 -0.019426 -0.006649
                                 0.085163  0.029120  0.098636  0.033733 -0.017069 -0.005839 -0.027198 -0.009304  0.846683  0.289597
                                -0.000017 -0.000006  0.000002 -0.000045 -0.000015  0.000006 -0.000059 -0.000028  0.000004 -0.000048
                                 0.000017  0.000013  0.000693 -0.000014 -0.000152  0.000007  0.000007 -0.000006  0.000005  0.000004
                                 0.000003 -0.000003  0.000002

                                   1 2px     1 2px     1 2px     1 2px     1 2px     1 2px     1 2px     1 2px     1 2px     1 2px  
                                   1 2px     1 2px     1 2px     1 2px     1 2px     1 2px     1 2px     1 2px     1 2px     1 2px  
                                   1 2px     1 2px     1 2px     1 4f1+    1 4f3+    1 4f1+    1 4f3+    1 4f1+    1 4f3+    1 4f1+ 
                                   1 4f3+    1 4f1+    1 4f3+    1 4f1+    1 4f3+    1 6h1+    1 6h3+    1 6h5+    1 6h1+    1 6h3+ 
                                   1 6h5+    1 6h1+    1 6h3+    1 6h5+    1 6h1+    1 6h3+    1 6h5+ 

   1.2   2   -27.7057 -109.7267  0.000002  0.000022  0.000136  0.000632  0.002421  0.008067  0.023734  0.061328  0.133492  0.230973
                                 0.304011  0.273062  0.130268  0.018020  0.001954  0.000659  0.000096  0.000033 -0.000009  0.000004
                                -0.003394  0.007334 -0.000001  0.000181 -0.000048 -0.000130  0.000229 -0.000063  0.000157 -0.000052
                                 0.000070 -0.000002  0.000011 -0.000001 -0.000000 -0.000009  0.000011 -0.000023  0.000011 -0.000014
                                 0.000027 -0.000002  0.000002 -0.000004  0.000001 -0.000001  0.000003

   2.2   2    -3.0379  -32.9832 -0.000001 -0.000008 -0.000049 -0.000229 -0.000880 -0.002946 -0.008768 -0.023083 -0.051861 -0.092942
                                -0.129262 -0.107261  0.039151  0.249275  0.401865  0.321993  0.113191  0.007949 -0.000480  0.000220
                                -0.004562  0.020196 -0.000062 -0.000186  0.000366  0.000167  0.000617  0.000509  0.001094 -0.000635
                                 0.002376 -0.000617  0.001206  0.000040 -0.000082 -0.000018  0.000023 -0.000047 -0.000068  0.000088
                                -0.000177 -0.000010  0.000014 -0.000027  0.000020 -0.000026  0.000053

   3.2   0    -0.1693   -7.5684  0.000000  0.000001  0.000008  0.000039  0.000151  0.000503  0.001502  0.003954  0.008928  0.016002
                                 0.022597  0.015381 -0.010967 -0.022459 -0.080599 -0.080307 -0.007012  0.243063  0.522011  0.344762
                                 0.004574 -0.033087  0.026181 -0.000022  0.000022 -0.000254  0.000263 -0.000648  0.000665  0.000757
                                -0.000706  0.004111 -0.003509  0.004600 -0.003594  0.000017 -0.000021  0.000043  0.000031 -0.000039
                                 0.000080 -0.000038  0.000050 -0.000106 -0.000199  0.000262 -0.000553

   4.2   0    -0.0587   -3.0752 -0.000000 -0.000001 -0.000003 -0.000018 -0.000061 -0.000227 -0.000612 -0.001799 -0.003552 -0.007805
                                -0.005916 -0.080980 -0.031199  0.513269  0.071649  0.009622  0.027705 -0.153922 -0.213693 -0.470424
                                 0.085417 -0.492755  1.312617  0.000009 -0.000009  0.000109 -0.000112  0.000270 -0.000278 -0.000354
                                 0.000336 -0.001946  0.001671 -0.001757  0.001375 -0.000007  0.000009 -0.000018 -0.000013  0.000017
                                -0.000035  0.000019 -0.000025  0.000053  0.000082 -0.000109  0.000230

                                   1 2py     1 2py     1 2py     1 2py     1 2py     1 2py     1 2py     1 2py     1 2py     1 2py  
                                   1 2py     1 2py     1 2py     1 2py     1 2py     1 2py     1 2py     1 2py     1 2py     1 2py  
                                   1 2py     1 2py     1 2py     1 4f1-    1 4f3-    1 4f1-    1 4f3-    1 4f1-    1 4f3-    1 4f1- 
                                   1 4f3-    1 4f1-    1 4f3-    1 4f1-    1 4f3-    1 6h1-    1 6h3-    1 6h5-    1 6h1-    1 6h3- 
                                   1 6h5-    1 6h1-    1 6h3-    1 6h5-    1 6h1-    1 6h3-    1 6h5- 

   1.3   2   -27.7171 -109.7378  0.000002  0.000022  0.000136  0.000632  0.002421  0.008066  0.023731  0.061320  0.133473  0.230931
                                 0.303991  0.273164  0.130366  0.017917  0.001828  0.000602  0.000070  0.000028 -0.000009  0.000004
                                -0.003364  0.007321 -0.000001  0.000165 -0.000258  0.000005 -0.000151  0.000032 -0.000154 -0.000012
                                -0.000023  0.000005 -0.000015 -0.000002  0.000003 -0.000002  0.000004 -0.000023  0.000002 -0.000005
                                 0.000028 -0.000000  0.000001 -0.000004  0.000000 -0.000001  0.000003

   2.3   2    -3.0452  -33.0098 -0.000001 -0.000008 -0.000049 -0.000229 -0.000880 -0.002947 -0.008768 -0.023084 -0.051865 -0.092938
                                -0.129296 -0.106990  0.039108  0.247139  0.403146  0.322285  0.111065  0.007280 -0.000410  0.000186
                                -0.005060  0.022763 -0.000051  0.000031 -0.000285  0.000573 -0.001393  0.001247 -0.002872  0.000816
                                -0.002930  0.000095 -0.000923 -0.000008  0.000066 -0.000003  0.000009 -0.000046 -0.000011  0.000032
                                -0.000172  0.000000  0.000000 -0.000017  0.000004 -0.000012  0.000056

   3.3   0    -0.1755   -7.7236  0.000000  0.000001  0.000009  0.000040  0.000156  0.000520  0.001552  0.004083  0.009227  0.016518
                                 0.023395  0.014967 -0.011771 -0.016262 -0.083363 -0.083845 -0.003315  0.260429  0.530368  0.322657
                                 0.005862 -0.041460  0.020093 -0.000010  0.000003 -0.000112  0.000026 -0.000288  0.000072  0.000395
                                -0.000193  0.002291 -0.001664  0.002667 -0.002424  0.000003 -0.000009  0.000045  0.000006 -0.000017
                                 0.000085 -0.000008  0.000024 -0.000120 -0.000035  0.000112 -0.000583

   4.3   0    -0.0597   -3.0779 -0.000000 -0.000001 -0.000003 -0.000018 -0.000062 -0.000227 -0.000616 -0.001795 -0.003579 -0.007751
                                -0.006208 -0.075669 -0.028616  0.476971  0.069331  0.011794  0.024271 -0.156442 -0.218707 -0.426945
                                 0.079136 -0.456026  1.292504  0.000004 -0.000001  0.000047 -0.000012  0.000115 -0.000025 -0.000176
                                 0.000076 -0.001047  0.000755 -0.000964  0.000840 -0.000001  0.000004 -0.000019 -0.000002  0.000007
                                -0.000036  0.000004 -0.000012  0.000058  0.000014 -0.000045  0.000236

                                   1 3d2-    1 3d2-    1 3d2-    1 3d2-    1 3d2-    1 3d2-    1 3d2-    1 3d2-    1 3d2-    1 3d2- 
                                   1 3d2-    1 3d2-    1 3d2-    1 3d2-    1 3d2-    1 5g2-    1 5g4-    1 5g2-    1 5g4-    1 5g2- 
                                   1 5g4-    1 5g2-    1 5g4-    1 5g2-    1 5g4-    1 7i2-    1 7i6-    1 7i4-    1 7i2-    1 7i6- 
                                   1 7i4- 

   1.4   +    -0.9791  -26.0090  0.000150  0.001470  0.008304  0.031067  0.086129  0.180620  0.273994  0.312150  0.271464  0.153216
                                 0.031075 -0.000527  0.000131 -0.000084  0.000271  0.000251 -0.000344  0.000477 -0.000672  0.001222
                                -0.001677  0.001129 -0.001493  0.000215 -0.000253 -0.000038 -0.000369  0.000105 -0.000084 -0.000829
                                 0.000233

   2.4   0    -0.0531   -3.4620 -0.000008 -0.000099 -0.000475 -0.002146 -0.003391  0.024643 -0.002086 -0.027580 -0.004399 -0.022389
                                 0.086928  0.092603 -0.018591 -0.029622  0.905412 -0.000013  0.000019 -0.000036  0.000049 -0.000050
                                 0.000071 -0.000040  0.000049  0.000501 -0.000631  0.000002  0.000022 -0.000006  0.000001  0.000013
                                -0.000004

   3.4   0     0.0318   -4.3389 -0.000025 -0.000147 -0.001328 -0.002766 -0.023166 -0.239634 -0.124582  0.013578 -0.103394  0.125394
                                -0.170530  1.497056  0.111726  0.178420 -1.125130 -0.000029  0.000040 -0.000072  0.000100 -0.000108
                                 0.000152 -0.000047  0.000054  0.001093 -0.001378  0.000005  0.000046 -0.000013  0.000002  0.000019
                                -0.000005

                                   1 2pz     1 2pz     1 2pz     1 2pz     1 2pz     1 2pz     1 2pz     1 2pz     1 2pz     1 2pz  
                                   1 2pz     1 2pz     1 2pz     1 2pz     1 2pz     1 2pz     1 2pz     1 2pz     1 2pz     1 2pz  
                                   1 2pz     1 2pz     1 2pz     1 4f0     1 4f2+    1 4f0     1 4f2+    1 4f0     1 4f2+    1 4f0  
                                   1 4f2+    1 4f0     1 4f2+    1 4f0     1 4f2+    1 6h2+    1 6h4+    1 6h0     1 6h2+    1 6h4+ 
                                   1 6h0     1 6h2+    1 6h4+    1 6h0     1 6h2+    1 6h4+    1 6h0  

   1.5   2   -27.7244 -109.7450  0.000002  0.000022  0.000136  0.000632  0.002421  0.008066  0.023729  0.061315  0.133460  0.230905
                                 0.303978  0.273229  0.130431  0.017849  0.001745  0.000564  0.000054  0.000024 -0.000009  0.000004
                                -0.003343  0.007314 -0.000001  0.000267 -0.000175  0.000025 -0.000059  0.000063 -0.000073 -0.000014
                                -0.000003  0.000009 -0.000008 -0.000002  0.000002  0.000010 -0.000015 -0.000007 -0.000012  0.000017
                                 0.000008  0.000002 -0.000003 -0.000001 -0.000001  0.000002  0.000001

   2.5   2    -3.0496  -33.0271 -0.000001 -0.000008 -0.000049 -0.000229 -0.000881 -0.002947 -0.008769 -0.023085 -0.051869 -0.092937
                                -0.129320 -0.106834  0.039072  0.245902  0.404005  0.322462  0.109687  0.006857 -0.000365  0.000164
                                -0.005361  0.024284 -0.000045  0.000078 -0.000122  0.000989 -0.000796  0.002133 -0.001671  0.001516
                                -0.001487  0.000244 -0.000390 -0.000019  0.000029  0.000019 -0.000029 -0.000013  0.000071 -0.000109
                                -0.000049  0.000005 -0.000011 -0.000002 -0.000024  0.000035  0.000017

   3.5   0    -0.1798   -7.8264  0.000000  0.000001  0.000009  0.000041  0.000159  0.000531  0.001585  0.004169  0.009425  0.016861
                                 0.023926  0.014664 -0.012318 -0.011937 -0.085210 -0.086214 -0.000665  0.272165  0.534972  0.307969
                                 0.006751 -0.047237  0.016604 -0.000015  0.000006 -0.000167  0.000065 -0.000432  0.000167  0.000613
                                -0.000264  0.003556 -0.001729  0.004085 -0.002153 -0.000020  0.000029  0.000014 -0.000037  0.000054
                                 0.000026  0.000053 -0.000079 -0.000036  0.000244 -0.000372 -0.000165

   4.5   0    -0.0603   -3.0805 -0.000000 -0.000001 -0.000003 -0.000018 -0.000062 -0.000227 -0.000618 -0.001792 -0.003597 -0.007716
                                -0.006395 -0.072253 -0.026955  0.453616  0.067845  0.013193  0.021991 -0.158144 -0.221509 -0.398790
                                 0.075097 -0.432394  1.279107  0.000006 -0.000002  0.000069 -0.000027  0.000168 -0.000064 -0.000266
                                 0.000111 -0.001594  0.000775 -0.001416  0.000728  0.000008 -0.000012 -0.000006  0.000015 -0.000023
                                -0.000011 -0.000025  0.000037  0.000017 -0.000096  0.000147  0.000065

                                   1 3d1+    1 3d1+    1 3d1+    1 3d1+    1 3d1+    1 3d1+    1 3d1+    1 3d1+    1 3d1+    1 3d1+ 
                                   1 3d1+    1 3d1+    1 3d1+    1 3d1+    1 3d1+    1 5g1+    1 5g3+    1 5g1+    1 5g3+    1 5g1+ 
                                   1 5g3+    1 5g1+    1 5g3+    1 5g1+    1 5g3+    1 7i5+    1 7i3+    1 7i1+    1 7i5+    1 7i3+ 
                                   1 7i1+ 

   1.6   +    -0.9935  -26.0702  0.000150  0.001473  0.008322  0.031131  0.086313  0.181134  0.274819  0.312953  0.271162  0.151077
                                 0.029750 -0.000528  0.000096 -0.000136  0.000257  0.000493 -0.000299  0.000960 -0.000603  0.002404
                                -0.001466  0.002141 -0.001246  0.000363 -0.000178 -0.000213  0.000164 -0.000147 -0.000475  0.000363
                                -0.000322

   2.6   0    -0.0534   -3.4732 -0.000008 -0.000099 -0.000477 -0.002151 -0.003434  0.024197 -0.002325 -0.027555 -0.004496 -0.021688
                                 0.088082  0.096937 -0.018385 -0.029294  0.901490 -0.000027  0.000016 -0.000071  0.000043 -0.000101
                                 0.000064 -0.000066  0.000033  0.000932 -0.000504  0.000013 -0.000010  0.000009  0.000007 -0.000005
                                 0.000005

   3.6   0     0.0311   -4.3396 -0.000025 -0.000147 -0.001324 -0.002767 -0.023049 -0.237911 -0.123835  0.013259 -0.102581  0.125473
                                -0.165198  1.491277  0.110855  0.177032 -1.126757 -0.000057  0.000035 -0.000143  0.000088 -0.000215
                                 0.000135 -0.000068  0.000029  0.002019 -0.001095  0.000026 -0.000020  0.000018  0.000010 -0.000007
                                 0.000007

                                   1 3d1-    1 3d1-    1 3d1-    1 3d1-    1 3d1-    1 3d1-    1 3d1-    1 3d1-    1 3d1-    1 3d1- 
                                   1 3d1-    1 3d1-    1 3d1-    1 3d1-    1 3d1-    1 5g1-    1 5g3-    1 5g1-    1 5g3-    1 5g1- 
                                   1 5g3-    1 5g1-    1 5g3-    1 5g1-    1 5g3-    1 7i5-    1 7i3-    1 7i1-    1 7i5-    1 7i3- 
                                   1 7i1- 

   1.7   +    -1.0155  -26.1626  0.000151  0.001478  0.008349  0.031228  0.086591  0.181890  0.276060  0.314158  0.270670  0.147855
                                 0.027832 -0.000521  0.000056 -0.000194  0.000236  0.000252 -0.000034  0.000468  0.000006  0.001210
                                -0.000119  0.001125 -0.000287  0.000215 -0.000147 -0.000216  0.000068 -0.000027 -0.000484  0.000152
                                -0.000058

   2.7   0    -0.0538   -3.4912 -0.000008 -0.000099 -0.000482 -0.002160 -0.003506  0.023486 -0.002716 -0.027531 -0.004661 -0.020599
                                 0.089887  0.103794 -0.018061 -0.028780  0.895255 -0.000013  0.000001 -0.000036  0.000004 -0.000048
                                -0.000004 -0.000038  0.000030  0.000548 -0.000263  0.000013 -0.000004  0.000002  0.000006 -0.000002
                                 0.000001

   3.7   0     0.0301   -4.3406 -0.000025 -0.000147 -0.001318 -0.002771 -0.022873 -0.235251 -0.122691  0.012749 -0.101336  0.125564
                                -0.157010  1.482290  0.109505  0.174881 -1.129365 -0.000028  0.000002 -0.000071  0.000006 -0.000102
                                -0.000004 -0.000040  0.000049  0.001167 -0.000549  0.000027 -0.000008  0.000003  0.000008 -0.000003
                                 0.000001

                                   1 4f2-    1 4f2-    1 4f2-    1 4f2-    1 4f2-    1 4f2-    1 6h4-    1 6h2-    1 6h4-    1 6h2- 
                                   1 6h4-    1 6h2-    1 6h4-    1 6h2- 

   1.8   0     0.2110   -5.3064 -0.001082  0.005824 -0.012661  0.043646 -0.094185  1.043283  0.000005 -0.000007 -0.000026  0.000035
                                 0.000037 -0.000047 -0.000448  0.000591

   2.8   0     0.9935   -7.8289  0.006497 -0.014712  0.083850 -0.098327  1.219808 -0.575339  0.000007 -0.000009 -0.000090  0.000119
                                -0.000136  0.000184 -0.002185  0.002886

 HOMO      6.1    -0.560106 =     -15.2413eV
 LUMO      3.5    -0.179791 =      -4.8924eV
 LUMO-HOMO         0.380315 =      10.3489eV


 **********************************************************************************************************************************
 DATASETS  * FILE   NREC   LENGTH (MB)   RECORD NAMES
              1      19      574.37       500      610      700      900      950      970     1000      129      960     1100   
                                          VAR    BASINP    GEOM    SYMINP    ZMAT    AOBASIS   BASIS     P2S    ABASIS      S 
                                         1400     1410     1200     1210     1080     1600     1650     1300     1700   
                                           T        V       H0       H01     AOSYM     SMH    MOLCAS    ERIS     OPER   

              2       5        5.87       200      700     1000      520     4202   
                                        OPTIONS   GEOM     BASIS   MCVARS     RHF  

 PROGRAMS   *        TOTAL       RHF       INT
 CPU TIMES  *        81.77      3.84     77.72
 REAL TIME  *        85.24 SEC
 DISK USED  *         2.17 GB      
 **********************************************************************************************************************************

1PROGRAM * POP (Mulliken population analysis)

 
 Density matrix read from record         4202.2  Type=RHF/CHARGE (state 1.1)
 
 Population analysis by basis function type

 Unique atom        s        p        d        f        g    Total    Charge
   1  FE      6.99966 11.99980  6.00025  0.00020  0.00009 25.00000  + 1.00000


 **********************************************************************************************************************************
 DATASETS  * FILE   NREC   LENGTH (MB)   RECORD NAMES
              1      19      574.37       500      610      700      900      950      970     1000      129      960     1100   
                                          VAR    BASINP    GEOM    SYMINP    ZMAT    AOBASIS   BASIS     P2S    ABASIS      S 
                                         1400     1410     1200     1210     1080     1600     1650     1300     1700   
                                           T        V       H0       H01     AOSYM     SMH    MOLCAS    ERIS     OPER   

              2       5        5.87       200      700     1000      520     4202   
                                        OPTIONS   GEOM     BASIS   MCVARS     RHF  

 PROGRAMS   *        TOTAL       POP       RHF       INT
 CPU TIMES  *        81.78      0.01      3.84     77.72
 REAL TIME  *        85.25 SEC
 DISK USED  *         2.17 GB      
 **********************************************************************************************************************************

1PROGRAM * MULTI (Direct Multiconfiguration SCF)       Authors: P.J. Knowles, H.-J. Werner (1984)     S.T. Elbert (1988)


 Number of closed-shell orbitals:   9 (   3   2   2   0   2   0   0   0 )
 Number of active  orbitals:        6 (   3   0   0   1   0   1   1   0 )
 Number of external orbitals:     316 (  77  45  45  30  45  30  30  14 )

 State symmetry 1

 Orbital occupancy restrictions for symmetry 1
  1      1       002000                          

 Number of electrons:     7    Spin symmetry=Sextet    Space symmetry=1
 Number of states:        2
 Number of CSFs:          2

 State symmetry 2

 Orbital occupancy restrictions for symmetry 4
  1      1       002000                          

 Number of electrons:     7    Spin symmetry=Sextet    Space symmetry=4
 Number of states:        1
 Number of CSFs:          1

 State symmetry 3

 Orbital occupancy restrictions for symmetry 6
  1      1       002000                          

 Number of electrons:     7    Spin symmetry=Sextet    Space symmetry=6
 Number of states:        1
 Number of CSFs:          1

 State symmetry 4

 Orbital occupancy restrictions for symmetry 7
  1      1       002000                          

 Number of electrons:     7    Spin symmetry=Sextet    Space symmetry=7
 Number of states:        1
 Number of CSFs:          1
 
 Maximum number of shells:             2
 Maximum number of spin couplings:     6

 Storage for configuration lists      93, coupling coefficients    299, address lists    409

 Molecular orbitals read from record     4202.2  Type=RHF/CANONICAL (state 1.1)
 *** IN SYMMETRY 1 ORBITAL  1 SYMMETRY CONTAMINATION OF 0.201D-04 HAS BEEN REMOVED
 *** IN SYMMETRY 1 ORBITAL  2 SYMMETRY CONTAMINATION OF 0.113D-02 HAS BEEN REMOVED
 *** IN SYMMETRY 1 ORBITAL  3 SYMMETRY CONTAMINATION OF 0.636D-02 HAS BEEN REMOVED
 *** IN SYMMETRY 1 ORBITAL  4 SYMMETRY CONTAMINATION OF 0.259D+00 HAS BEEN REMOVED
 *** IN SYMMETRY 1 ORBITAL  5 SYMMETRY CONTAMINATION OF 0.255D+00 HAS BEEN REMOVED
 *** IN SYMMETRY 1 ORBITAL  6 SYMMETRY CONTAMINATION OF 0.215D-01 HAS BEEN REMOVED

 EXTRA SYMMETRY OF MOS IN SYMMETRY 1:   1 1 1 3 2 1 1 2 3 1   2 3 1 2 3 1 4 6 5 2   3 1 2 3 4 6 5 1 2 3   4 6 510 8 9 7 2 3 1
                                        4 6 5 2 3 1 4 6 5 2   310 8 9 7 1 2 3 1 2   3 1 2 3 1 2 3 1 2 3   1 1 1 1 1 1 1 1 1 1
                                        1 1 1
 *** IN SYMMETRY 2 ORBITAL  1 SYMMETRY CONTAMINATION OF 0.877D-03 HAS BEEN REMOVED
 *** IN SYMMETRY 2 ORBITAL  2 SYMMETRY CONTAMINATION OF 0.534D-02 HAS BEEN REMOVED
 EXTRA SYMMETRY OF MOS IN SYMMETRY 2:   1 1 1 1 1 2 3 1 2 3   1 4 5 6 2 3 1 2 3 4   5 6 1 1 2 3 5 4 6 1   2 3 5 4 6 1 1 1 1 1
                                        1 1 1 1 1 1 1
 *** IN SYMMETRY 3 ORBITAL  1 SYMMETRY CONTAMINATION OF 0.747D-03 HAS BEEN REMOVED
 *** IN SYMMETRY 3 ORBITAL  2 SYMMETRY CONTAMINATION OF 0.731D-02 HAS BEEN REMOVED
 EXTRA SYMMETRY OF MOS IN SYMMETRY 3:   1 1 1 1 1 2 3 1 2 3   1 4 5 6 2 3 1 2 3 4   5 6 1 1 2 3 4 5 6 1   2 3 4 5 6 1 1 1 1 1
                                        1 1 1 1 1 1 1
 *** IN SYMMETRY 4 ORBITAL  1 SYMMETRY CONTAMINATION OF 0.691D-02 HAS BEEN REMOVED
 EXTRA SYMMETRY OF MOS IN SYMMETRY 4:   1 1 1 1 2 3 1 1 2 3   1 2 3 4 6 5 1 2 3 1   2 3 1 4 6 5 1 1 1 1   1
 *** IN SYMMETRY 5 ORBITAL  1 SYMMETRY CONTAMINATION OF 0.648D-03 HAS BEEN REMOVED
 *** IN SYMMETRY 5 ORBITAL  2 SYMMETRY CONTAMINATION OF 0.622D-02 HAS BEEN REMOVED
 EXTRA SYMMETRY OF MOS IN SYMMETRY 5:   1 1 1 1 1 2 3 1 2 3   1 6 5 4 2 3 1 2 3 6   5 4 1 1 2 3 6 4 5 1   2 3 6 5 4 1 1 1 1 1
                                        1 1 1 1 1 1 1
 *** IN SYMMETRY 6 ORBITAL  1 SYMMETRY CONTAMINATION OF 0.870D-02 HAS BEEN REMOVED
 EXTRA SYMMETRY OF MOS IN SYMMETRY 6:   1 1 1 1 2 3 1 1 2 3   1 2 3 5 4 6 1 2 3 1   2 3 1 5 4 6 1 1 1 1   1
 *** IN SYMMETRY 7 ORBITAL  1 SYMMETRY CONTAMINATION OF 0.360D-02 HAS BEEN REMOVED
 EXTRA SYMMETRY OF MOS IN SYMMETRY 7:   1 1 1 1 2 3 1 1 2 3   1 2 3 6 5 4 1 2 3 1   2 3 1 6 5 4 1 1 1 1   1
 EXTRA SYMMETRY OF MOS IN SYMMETRY 8:   1 1 3 2 1 1 3 2 1 3   2 1 3 2

 Wavefunction dump at record             5202.2

 Convergence thresholds  0.10E-01 (gradient)  0.10E-05 (energy)  0.10E-02 (step length)

 Weight factors for state symmetry  1:    0.20000   0.20000
 Weight factors for state symmetry  2:    0.20000
 Weight factors for state symmetry  3:    0.20000
 Weight factors for state symmetry  4:    0.20000

 Eigenvalues of redundancy matrix
   1-  3   -0.000000    0.000000    1.000000

 Non-redundant active-active orbital rotations:
     1  2  3  4  5
  2   
  3     +
  4         
  5            
  6               

 Number of orbital rotations:      832   (     9 Core/Active    501 Core/Virtual   1 Active/Active    321 Active/Virtual)
 Total number of variables:        839


 ITER. MIC  NCI  NEG     ENERGY(VAR)     ENERGY(PROJ)   ENERGY CHANGE     GRAD(0)  GRAD(ORB)   GRAD(CI)     STEP       TIME

   1   19   28    0   -1262.21130812   -1262.21299311   -0.00168499    0.06622608 0.00000000 0.00000000  0.36D-01      1.71
   2   23   20    0   -1262.21300017   -1262.21300028   -0.00000011    0.00056388 0.00000000 0.00000000  0.32D-03      3.39

 ** WVFN ****  CONVERGENCE REACHED, FINAL GRADIENT:  0.52D-07



 Results for state 1.1
 =====================

 !MCSCF STATE 1.1 Energy            -1262.213000283350
 Nuclear energy                         0.00000000
 Kinetic energy                      1262.21297962
 One electron energy                -1736.84067859
 Two electron energy                  474.62767831
 Virial ratio                           2.00000002

 !MCSCF STATE 1.1 Dipole moment         0.00000000     0.00000000     0.00000000
 Dipole moment /Debye                   0.00000000     0.00000000     0.00000000

 Results for state 2.1
 =====================

 !MCSCF STATE 2.1 Energy            -1262.213000280560
 Nuclear energy                         0.00000000
 Kinetic energy                      1262.21297986
 One electron energy                -1736.84067894
 Two electron energy                  474.62767866
 Virial ratio                           2.00000002

 !MCSCF STATE 2.1 Dipole moment         0.00000000     0.00000000     0.00000000
 Dipole moment /Debye                   0.00000000     0.00000000     0.00000000



 Results for state 1.4
 =====================

 !MCSCF STATE 1.4 Energy            -1262.213000280987
 Nuclear energy                         0.00000000
 Kinetic energy                      1262.21297987
 One electron energy                -1736.84067895
 Two electron energy                  474.62767867
 Virial ratio                           2.00000002

 !MCSCF STATE 1.4 Dipole moment         0.00000000     0.00000000     0.00000000
 Dipole moment /Debye                   0.00000000     0.00000000     0.00000000



 Results for state 1.6
 =====================

 !MCSCF STATE 1.6 Energy            -1262.213000280656
 Nuclear energy                         0.00000000
 Kinetic energy                      1262.21297986
 One electron energy                -1736.84067894
 Two electron energy                  474.62767866
 Virial ratio                           2.00000002

 !MCSCF STATE 1.6 Dipole moment         0.00000000     0.00000000     0.00000000
 Dipole moment /Debye                   0.00000000     0.00000000     0.00000000



 Results for state 1.7
 =====================

 !MCSCF STATE 1.7 Energy            -1262.213000280663
 Nuclear energy                         0.00000000
 Kinetic energy                      1262.21297986
 One electron energy                -1736.84067894
 Two electron energy                  474.62767866
 Virial ratio                           2.00000002

 !MCSCF STATE 1.7 Dipole moment         0.00000000     0.00000000     0.00000000
 Dipole moment /Debye                   0.00000000     0.00000000     0.00000000

 State-averaged charge density matrix saved on record  5202.2 (density set 1)


 NATURAL ORBITALS (state averaged)
 =================================

   Orb     Occ        Energy       Coefficients

                                   1 1s      1 1s      1 1s      1 1s      1 1s      1 1s      1 1s      1 1s      1 1s      1 1s   
                                   1 1s      1 1s      1 1s      1 1s      1 1s      1 1s      1 1s      1 1s      1 1s      1 1s   
                                   1 1s      1 1s      1 1s      1 1s      1 1s      1 1s      1 1s      1 1s      1 1s      1 1s   
                                   1 3d0     1 3d2+    1 3d0     1 3d2+    1 3d0     1 3d2+    1 3d0     1 3d2+    1 3d0     1 3d2+ 
                                   1 3d0     1 3d2+    1 3d0     1 3d2+    1 3d0     1 3d2+    1 3d0     1 3d2+    1 3d0     1 3d2+ 
                                   1 3d0     1 3d2+    1 3d0     1 3d2+    1 3d0     1 3d2+    1 3d0     1 3d2+    1 3d0     1 3d2+ 
                                   1 5g0     1 5g4+    1 5g2+    1 5g0     1 5g4+    1 5g2+    1 5g0     1 5g4+    1 5g2+    1 5g0  
                                   1 5g4+    1 5g2+    1 5g0     1 5g4+    1 5g2+    1 7i6+    1 7i4+    1 7i2+    1 7i0     1 7i6+ 
                                   1 7i4+    1 7i2+    1 7i0  

   1.1  2.00000  -261.677295     0.000000  0.000001  0.000004  0.000017  0.000064  0.000217  0.000662  0.001864  0.004921  0.012281
                                 0.028978  0.063867  0.127819  0.220109  0.295739  0.259942  0.114859  0.017200  0.001579 -0.001567
                                -0.000325  0.000035 -0.000045  0.000006 -0.000005  0.000004 -0.000002  0.000001  0.001719 -0.000000
                                 0.000000  0.000000  0.000000  0.000000  0.000000  0.000000  0.000000  0.000000  0.000000  0.000000
                                 0.000000  0.000000  0.000000  0.000000  0.000000  0.000000  0.000000  0.000000  0.000000  0.000000
                                 0.000000  0.000000  0.000000  0.000000  0.000000  0.000000  0.000000  0.000000  0.000000  0.000000
                                 0.000000  0.000000  0.000000  0.000000  0.000000  0.000000  0.000000  0.000000  0.000000  0.000000
                                 0.000000  0.000000  0.000000  0.000000  0.000000  0.000000  0.000000  0.000000  0.000000  0.000000
                                 0.000000  0.000000  0.000000

   2.1  2.00000   -32.236296    -0.000000 -0.000000 -0.000001 -0.000005 -0.000019 -0.000066 -0.000201 -0.000567 -0.001502 -0.003776
                                -0.009052 -0.020558 -0.043638 -0.083755 -0.137404 -0.164418 -0.077740  0.179556  0.467049  0.418363
                                 0.120652  0.009350  0.002095  0.000084  0.000186  0.000044  0.000118 -0.000024 -0.014939  0.000006
                                 0.000000  0.000000  0.000000  0.000000  0.000000  0.000000  0.000000  0.000000  0.000000  0.000000
                                 0.000000  0.000000  0.000000  0.000000  0.000000  0.000000  0.000000  0.000000  0.000000  0.000000
                                 0.000000  0.000000  0.000000  0.000000  0.000000  0.000000  0.000000  0.000000  0.000000  0.000000
                                 0.000000  0.000000  0.000000  0.000000  0.000000  0.000000  0.000000  0.000000  0.000000  0.000000
                                 0.000000  0.000000  0.000000  0.000000  0.000000  0.000000  0.000000  0.000000  0.000000  0.000000
                                 0.000000  0.000000  0.000000

   3.1  2.00000    -4.468804     0.000000  0.000000  0.000000  0.000002  0.000007  0.000024  0.000074  0.000210  0.000556  0.001400
                                 0.003360  0.007664  0.016368  0.031862  0.053533  0.067001  0.033361 -0.086646 -0.296228 -0.388901
                                -0.039418  0.449842  0.577681  0.229703  0.011462 -0.002476  0.001623 -0.000404  0.016054  0.000095
                                 0.000000  0.000000  0.000000  0.000000  0.000000  0.000000  0.000000  0.000000  0.000000  0.000000
                                 0.000000  0.000000  0.000000  0.000000  0.000000  0.000000  0.000000  0.000000  0.000000  0.000000
                                 0.000000  0.000000  0.000000  0.000000  0.000000  0.000000  0.000000  0.000000  0.000000  0.000000
                                 0.000000  0.000000  0.000000  0.000000  0.000000  0.000000  0.000000  0.000000  0.000000  0.000000
                                 0.000000  0.000000  0.000000  0.000000  0.000000  0.000000  0.000000  0.000000  0.000000  0.000000
                                 0.000000  0.000000  0.000000

   4.1  1.20000    -0.556035     0.000000  0.000000  0.000000  0.000000  0.000000  0.000000  0.000000  0.000000  0.000000  0.000000
                                 0.000000  0.000000  0.000000  0.000000  0.000000  0.000000  0.000000  0.000000  0.000000  0.000000
                                 0.000000  0.000000  0.000000  0.000000  0.000000  0.000000  0.000000  0.000000  0.000000  0.000000
                                 0.000149  0.000000  0.001464  0.000000  0.008269  0.000000  0.030940  0.000000  0.085781  0.000000
                                 0.179431  0.000000  0.272019  0.000000  0.310512  0.000000  0.272587  0.000000  0.157273  0.000000
                                 0.033423  0.000000 -0.000509  0.000000  0.000310  0.000000  0.000144  0.000000  0.000292  0.000000
                                 0.000000  0.000000  0.000000  0.000000  0.000000  0.000000  0.000000  0.000000  0.000000  0.000000
                                 0.000000  0.000000  0.000000  0.000000  0.000000  0.000000  0.000000  0.000000  0.000000  0.000000
                                 0.000000  0.000000  0.000000

   5.1  1.20000    -0.556035     0.000000  0.000000  0.000000  0.000000  0.000000  0.000000  0.000000  0.000000  0.000000  0.000000
                                 0.000000  0.000000  0.000000  0.000000  0.000000  0.000000  0.000000  0.000000  0.000000  0.000000
                                 0.000000  0.000000  0.000000  0.000000  0.000000  0.000000  0.000000  0.000000  0.000000  0.000000
                                 0.000000  0.000149  0.000000  0.001464  0.000000  0.008269  0.000000  0.030940  0.000000  0.085781
                                 0.000000  0.179431  0.000000  0.272019  0.000000  0.310512  0.000000  0.272587  0.000000  0.157273
                                 0.000000  0.033423  0.000000 -0.000509  0.000000  0.000310  0.000000  0.000144  0.000000  0.000292
                                 0.000000  0.000000  0.000000  0.000000  0.000000  0.000000  0.000000  0.000000  0.000000  0.000000
                                 0.000000  0.000000  0.000000  0.000000  0.000000  0.000000  0.000000  0.000000  0.000000  0.000000
                                 0.000000  0.000000  0.000000

   6.1  1.00000    -0.382340    -0.000000 -0.000000 -0.000000 -0.000000 -0.000002 -0.000006 -0.000019 -0.000055 -0.000146 -0.000367
                                -0.000879 -0.002011 -0.004288 -0.008387 -0.014081 -0.017847 -0.008726  0.022967  0.085179  0.099386
                                 0.000592 -0.155219 -0.274107 -0.227694  0.257200  0.655900  0.298206 -0.006676  0.014745  0.003216
                                 0.000000  0.000000  0.000000  0.000000  0.000000  0.000000  0.000000  0.000000  0.000000  0.000000
                                 0.000000  0.000000  0.000000  0.000000  0.000000  0.000000  0.000000  0.000000  0.000000  0.000000
                                 0.000000  0.000000  0.000000  0.000000  0.000000  0.000000  0.000000  0.000000  0.000000  0.000000
                                 0.000000  0.000000  0.000000  0.000000  0.000000  0.000000  0.000000  0.000000  0.000000  0.000000
                                 0.000000  0.000000  0.000000  0.000000  0.000000  0.000000  0.000000  0.000000  0.000000  0.000000
                                 0.000000  0.000000  0.000000

                                   1 2px     1 2px     1 2px     1 2px     1 2px     1 2px     1 2px     1 2px     1 2px     1 2px  
                                   1 2px     1 2px     1 2px     1 2px     1 2px     1 2px     1 2px     1 2px     1 2px     1 2px  
                                   1 2px     1 2px     1 2px     1 4f1+    1 4f3+    1 4f1+    1 4f3+    1 4f1+    1 4f3+    1 4f1+ 
                                   1 4f3+    1 4f1+    1 4f3+    1 4f1+    1 4f3+    1 6h1+    1 6h3+    1 6h5+    1 6h1+    1 6h3+ 
                                   1 6h5+    1 6h1+    1 6h3+    1 6h5+    1 6h1+    1 6h3+    1 6h5+ 

   1.2  2.00000   -27.715496     0.000002  0.000022  0.000136  0.000632  0.002421  0.008066  0.023731  0.061321  0.133475  0.230937
                                 0.303994  0.273153  0.130354  0.017925  0.001842  0.000609  0.000074  0.000028 -0.000009  0.000004
                                -0.003368  0.007325 -0.000001  0.000000  0.000000  0.000000  0.000000  0.000000  0.000000  0.000000
                                 0.000000  0.000000  0.000000  0.000000  0.000000  0.000000  0.000000  0.000000  0.000000  0.000000
                                 0.000000  0.000000  0.000000  0.000000  0.000000  0.000000  0.000000

   2.2  2.00000    -3.043660    -0.000001 -0.000008 -0.000049 -0.000229 -0.000880 -0.002947 -0.008769 -0.023084 -0.051866 -0.092941
                                -0.129295 -0.107024  0.039119  0.247379  0.402989  0.322239  0.111345  0.007360 -0.000422  0.000191
                                -0.005003  0.022493 -0.000053  0.000000  0.000000  0.000000  0.000000  0.000000  0.000000  0.000000
                                 0.000000  0.000000  0.000000  0.000000  0.000000  0.000000  0.000000  0.000000  0.000000  0.000000
                                 0.000000  0.000000  0.000000  0.000000  0.000000  0.000000  0.000000

                                   1 2py     1 2py     1 2py     1 2py     1 2py     1 2py     1 2py     1 2py     1 2py     1 2py  
                                   1 2py     1 2py     1 2py     1 2py     1 2py     1 2py     1 2py     1 2py     1 2py     1 2py  
                                   1 2py     1 2py     1 2py     1 4f1-    1 4f3-    1 4f1-    1 4f3-    1 4f1-    1 4f3-    1 4f1- 
                                   1 4f3-    1 4f1-    1 4f3-    1 4f1-    1 4f3-    1 6h1-    1 6h3-    1 6h5-    1 6h1-    1 6h3- 
                                   1 6h5-    1 6h1-    1 6h3-    1 6h5-    1 6h1-    1 6h3-    1 6h5- 

   1.3  2.00000   -27.715496     0.000002  0.000022  0.000136  0.000632  0.002421  0.008066  0.023731  0.061321  0.133475  0.230937
                                 0.303994  0.273153  0.130354  0.017925  0.001842  0.000609  0.000074  0.000028 -0.000009  0.000004
                                -0.003368  0.007325 -0.000001  0.000000  0.000000  0.000000  0.000000  0.000000  0.000000  0.000000
                                 0.000000  0.000000  0.000000  0.000000  0.000000  0.000000  0.000000  0.000000  0.000000  0.000000
                                 0.000000  0.000000  0.000000  0.000000  0.000000  0.000000  0.000000

   2.3  2.00000    -3.043660    -0.000001 -0.000008 -0.000049 -0.000229 -0.000880 -0.002947 -0.008769 -0.023084 -0.051866 -0.092941
                                -0.129295 -0.107024  0.039119  0.247379  0.402989  0.322239  0.111345  0.007360 -0.000422  0.000191
                                -0.005003  0.022493 -0.000053  0.000000  0.000000  0.000000  0.000000  0.000000  0.000000  0.000000
                                 0.000000  0.000000  0.000000  0.000000  0.000000  0.000000  0.000000  0.000000  0.000000  0.000000
                                 0.000000  0.000000  0.000000  0.000000  0.000000  0.000000  0.000000

                                   1 3d2-    1 3d2-    1 3d2-    1 3d2-    1 3d2-    1 3d2-    1 3d2-    1 3d2-    1 3d2-    1 3d2- 
                                   1 3d2-    1 3d2-    1 3d2-    1 3d2-    1 3d2-    1 5g2-    1 5g4-    1 5g2-    1 5g4-    1 5g2- 
                                   1 5g4-    1 5g2-    1 5g4-    1 5g2-    1 5g4-    1 7i2-    1 7i6-    1 7i4-    1 7i2-    1 7i6- 
                                   1 7i4- 

   1.4  1.20000    -0.556035     0.000149  0.001464  0.008269  0.030940  0.085781  0.179431  0.272019  0.310512  0.272587  0.157273
                                 0.033423 -0.000509  0.000310  0.000144  0.000292  0.000000  0.000000  0.000000  0.000000  0.000000
                                 0.000000  0.000000  0.000000  0.000000  0.000000  0.000000  0.000000  0.000000  0.000000  0.000000
                                 0.000000

                                   1 2pz     1 2pz     1 2pz     1 2pz     1 2pz     1 2pz     1 2pz     1 2pz     1 2pz     1 2pz  
                                   1 2pz     1 2pz     1 2pz     1 2pz     1 2pz     1 2pz     1 2pz     1 2pz     1 2pz     1 2pz  
                                   1 2pz     1 2pz     1 2pz     1 4f0     1 4f2+    1 4f0     1 4f2+    1 4f0     1 4f2+    1 4f0  
                                   1 4f2+    1 4f0     1 4f2+    1 4f0     1 4f2+    1 6h2+    1 6h4+    1 6h0     1 6h2+    1 6h4+ 
                                   1 6h0     1 6h2+    1 6h4+    1 6h0     1 6h2+    1 6h4+    1 6h0  

   1.5  2.00000   -27.715496     0.000002  0.000022  0.000136  0.000632  0.002421  0.008066  0.023731  0.061321  0.133475  0.230937
                                 0.303994  0.273153  0.130354  0.017925  0.001842  0.000609  0.000074  0.000028 -0.000009  0.000004
                                -0.003368  0.007325 -0.000001  0.000000  0.000000  0.000000  0.000000  0.000000  0.000000  0.000000
                                 0.000000  0.000000  0.000000  0.000000  0.000000  0.000000  0.000000  0.000000  0.000000  0.000000
                                 0.000000  0.000000  0.000000  0.000000  0.000000  0.000000  0.000000

   2.5  2.00000    -3.043660    -0.000001 -0.000008 -0.000049 -0.000229 -0.000880 -0.002947 -0.008769 -0.023084 -0.051866 -0.092941
                                -0.129295 -0.107024  0.039119  0.247379  0.402989  0.322239  0.111345  0.007360 -0.000422  0.000191
                                -0.005003  0.022493 -0.000053  0.000000  0.000000  0.000000  0.000000  0.000000  0.000000  0.000000
                                 0.000000  0.000000  0.000000  0.000000  0.000000  0.000000  0.000000  0.000000  0.000000  0.000000
                                 0.000000  0.000000  0.000000  0.000000  0.000000  0.000000  0.000000

                                   1 3d1+    1 3d1+    1 3d1+    1 3d1+    1 3d1+    1 3d1+    1 3d1+    1 3d1+    1 3d1+    1 3d1+ 
                                   1 3d1+    1 3d1+    1 3d1+    1 3d1+    1 3d1+    1 5g1+    1 5g3+    1 5g1+    1 5g3+    1 5g1+ 
                                   1 5g3+    1 5g1+    1 5g3+    1 5g1+    1 5g3+    1 7i5+    1 7i3+    1 7i1+    1 7i5+    1 7i3+ 
                                   1 7i1+ 

   1.6  1.20000    -0.556035     0.000149  0.001464  0.008269  0.030940  0.085781  0.179431  0.272019  0.310512  0.272587  0.157273
                                 0.033423 -0.000509  0.000310  0.000144  0.000292  0.000000  0.000000  0.000000  0.000000  0.000000
                                 0.000000  0.000000  0.000000  0.000000  0.000000  0.000000  0.000000  0.000000  0.000000  0.000000
                                 0.000000

                                   1 3d1-    1 3d1-    1 3d1-    1 3d1-    1 3d1-    1 3d1-    1 3d1-    1 3d1-    1 3d1-    1 3d1- 
                                   1 3d1-    1 3d1-    1 3d1-    1 3d1-    1 3d1-    1 5g1-    1 5g3-    1 5g1-    1 5g3-    1 5g1- 
                                   1 5g3-    1 5g1-    1 5g3-    1 5g1-    1 5g3-    1 7i5-    1 7i3-    1 7i1-    1 7i5-    1 7i3- 
                                   1 7i1- 

   1.7  1.20000    -0.556035     0.000149  0.001464  0.008269  0.030940  0.085781  0.179431  0.272019  0.310512  0.272587  0.157273
                                 0.033423 -0.000509  0.000310  0.000144  0.000292  0.000000  0.000000  0.000000  0.000000  0.000000
                                 0.000000  0.000000  0.000000  0.000000  0.000000  0.000000  0.000000  0.000000  0.000000  0.000000
                                 0.000000

 Total charge:   1.000000000000
 

 EXTRA SYMMETRY OF MOS IN SYMMETRY 1:   1 1 1 2 3 1 1 2 3 1   2 3 1 3 2 1 4 5 6 2   3 1 2 3 6 5 4 1 2 3   4 5 610 7 9 8 2 3 1
                                        5 6 4 3 2 1 4 6 5 3   210 7 9 8 1 3 2 1 2   3 1 2 3 1 3 2 1 2 3   1 1 1 1 1 1 1 1 1 1
                                        1 1 1
 EXTRA SYMMETRY OF MOS IN SYMMETRY 2:   1 1 1 1 1 2 3 1 2 3   1 4 5 6 2 3 1 2 3 4   5 6 1 1 3 2 6 5 4 1   3 2 6 5 4 1 1 1 1 1
                                        1 1 1 1 1 1 1
 EXTRA SYMMETRY OF MOS IN SYMMETRY 3:   1 1 1 1 1 2 3 1 2 3   1 4 5 6 2 3 1 2 3 4   5 6 1 1 3 2 6 5 4 1   3 2 6 5 4 1 1 1 1 1
                                        1 1 1 1 1 1 1
 EXTRA SYMMETRY OF MOS IN SYMMETRY 4:   1 1 1 1 2 3 1 1 2 3   1 2 3 4 6 5 1 3 2 1   3 2 1 5 6 4 1 1 1 1   1
 EXTRA SYMMETRY OF MOS IN SYMMETRY 5:   1 1 1 1 1 3 2 1 3 2   1 6 4 5 2 3 1 2 3 6   4 5 1 1 3 2 5 4 6 1   3 2 5 4 6 1 1 1 1 1
                                        1 1 1 1 1 1 1
 EXTRA SYMMETRY OF MOS IN SYMMETRY 6:   1 1 1 1 2 3 1 1 2 3   1 3 2 6 5 4 1 3 2 1   3 2 1 4 5 6 1 1 1 1   1
 EXTRA SYMMETRY OF MOS IN SYMMETRY 7:   1 1 1 1 2 3 1 1 2 3   1 3 2 6 5 4 1 3 2 1   3 2 1 4 5 6 1 1 1 1   1
 EXTRA SYMMETRY OF MOS IN SYMMETRY 8:   1 1 3 2 1 1 3 2 1 2   3 1 2 3

 Natural orbital dump (state averaged) at molpro section  5202.2    (Orbital set 2)


 CI vector for state symmetry 1
 ==============================

 2// / / /          0.0003363   0.9999999
 /2/ / / /          0.9999999  -0.0003363

 TOTAL ENERGIES                     -1262.21300028 -1262.21300028

 CI vector for state symmetry 2
 ==============================

 /// 2 / /          1.0000000

 TOTAL ENERGIES                     -1262.21300028

 CI vector for state symmetry 3
 ==============================

 /// / 2 /          1.0000000

 TOTAL ENERGIES                     -1262.21300028

 CI vector for state symmetry 4
 ==============================

 /// / / 2          1.0000000

 TOTAL ENERGIES                     -1262.21300028



 **********************************************************************************************************************************
 DATASETS  * FILE   NREC   LENGTH (MB)   RECORD NAMES
              1      20      595.50       500      610      700      900      950      970     1000      129      960     1100   
                                          VAR    BASINP    GEOM    SYMINP    ZMAT    AOBASIS   BASIS     P2S    ABASIS      S 
                                         1400     1410     1200     1210     1080     1600     1650     1300     1700     1380   
                                           T        V       H0       H01     AOSYM     SMH    MOLCAS    ERIS     OPER     JKOP   

              2       6        8.90       200      700     1000      520     4202     5202   
                                        OPTIONS   GEOM     BASIS   MCVARS     RHF     MCSCF   

 PROGRAMS   *        TOTAL     MULTI       POP       RHF       INT
 CPU TIMES  *        86.93      5.15      0.01      3.84     77.72
 REAL TIME  *        91.05 SEC
 DISK USED  *         2.17 GB      
 **********************************************************************************************************************************

1PROGRAM * RHF-SCF (OPEN SHELL)       Authors: W. Meyer, H.-J. Werner


 NUMBER OF ELECTRONS:      15+   10-    SPACE SYMMETRY=4    SPIN SYMMETRY: Sextet  
 CONVERGENCE THRESHOLDS:    1.00E-05 (Density)    1.00E-07 (Energy)
 MAX. NUMBER OF ITERATIONS:        0
 INTERPOLATION TYPE:            DIIS
 INTERPOLATION STEPS:              2 (START)      1 (STEP)
 LEVEL SHIFTS:                 -0.30 (CLOSED)  0.00 (OPEN) 


 Singly occupied orbitals:      4.1       5.1       6.1       1.6       1.7
 Molecular orbitals read from record     5202.2  Type=MCSCF/NATURAL  

 Molecular orbital dump at record        2107.2

 ITERATION    DDIFF          GRAD             ENERGY        2-EL.EN.            DIPOLE MOMENTS         DIIS   ORB.
    1      0.000D+00      0.000D+00     -1262.21300028    949.255357    0.00000    0.00000    0.00000    0    start

 Final alpha occupancy:   6   2   2   1   2   1   1   0
 Final beta  occupancy:   3   2   2   1   2   0   0   0

 !RHF STATE 1.4 Energy              -1262.213000280987
 Nuclear energy                         0.00000000
 One-electron energy                -1736.84067895
 Two-electron energy                  474.62767867
 Virial quotient                       -1.00000002
 !RHF STATE 1.4 Dipole moment           0.00000000     0.00000000     0.00000000
 Dipole moment /Debye                   0.00000000     0.00000000     0.00000000

 Orbital energies:

         1.1          2.1          3.1          4.1          5.1          6.1          7.1          8.1
   -261.677295   -32.236296    -4.468804    -0.556035    -0.556035    -0.382340    -0.085474    -0.051750

         1.2          2.2          3.2          4.2
    -27.715496    -3.043660    -0.145133    -0.055279

         1.3          2.3          3.3          4.3
    -27.715496    -3.043660    -0.145133    -0.055279

         1.4          2.4          3.4
     -0.556035    -0.051750     0.037438

         1.5          2.5          3.5          4.5
    -27.715496    -3.043660    -0.145133    -0.055279

         1.6          2.6          3.6
     -0.556035    -0.051750     0.037438

         1.7          2.7          3.7
     -0.556035    -0.051750     0.037438

         1.8          2.8
      0.215999     1.021008

 HOMO      6.1    -0.382340 =     -10.4040eV
 LUMO      3.5    -0.145133 =      -3.9493eV
 LUMO-HOMO         0.237206 =       6.4547eV


 **********************************************************************************************************************************
 DATASETS  * FILE   NREC   LENGTH (MB)   RECORD NAMES
              1      20      595.50       500      610      700      900      950      970     1000      129      960     1100   
                                          VAR    BASINP    GEOM    SYMINP    ZMAT    AOBASIS   BASIS     P2S    ABASIS      S 
                                         1400     1410     1200     1210     1080     1600     1650     1300     1700     1380   
                                           T        V       H0       H01     AOSYM     SMH    MOLCAS    ERIS     OPER     JKOP   

              2       7       12.35       200      700     1000      520     4202     5202     2107   
                                        OPTIONS   GEOM     BASIS   MCVARS     RHF     MCSCF     RHF  

 PROGRAMS   *        TOTAL       RHF     MULTI       POP       RHF       INT
 CPU TIMES  *        87.32      0.39      5.15      0.01      3.84     77.72
 REAL TIME  *        91.51 SEC
 DISK USED  *         2.17 GB      
 **********************************************************************************************************************************
 SETTING SCF(4)         =     -1262.21300028  AU                              
 SETTING _CC_NORM_MAX   =         2.00000000                                  


1PROGRAM * CCSD (Restricted open-shell coupled cluster)     Authors: C. Hampel, H.-J. Werner, 1991, M. Deegan, P.J. Knowles, 1992


 Convergence thresholds:  THRVAR = 1.00D-08  THRDEN = 1.00D-06

 CCSD(T)     terms to be evaluated (factor= 1.000)


 Number of closed-shell orbitals:  10 (   3   2   2   1   2   0   0   0 )
 Number of active  orbitals:        5 (   3   0   0   0   0   1   1   0 )
 Number of external orbitals:     316 (  77  45  45  30  45  30  30  14 )

 Memory could be reduced to 101.31 Mwords without degradation in triples

 Number of N-1 electron functions:              25
 Number of N-2 electron functions:             300
 Number of singly external CSFs:              1382
 Number of doubly external CSFs:           3010140
 Total number of CSFs:                     3011522

 Molecular orbitals read from record     2107.2  Type=RHF/CANONICAL (state 1.4)

 Integral transformation finished. Total CPU:   2.55 sec, npass=  1  Memory used:  20.03 MW

 Starting RMP2 calculation

 Wavefunction is spin-projected

 ITER.      SQ.NORM     CORR.ENERGY   TOTAL ENERGY   ENERGY CHANGE        DEN1      VAR(S)    VAR(P)  DIIS     TIME
   1      1.07277815    -1.07345106 -1263.28645134    -1.07345106    -0.00068777  0.11D-04  0.15D-03  1  1     2.72
   2      1.07315239    -1.07417428 -1263.28717456    -0.00072322    -0.00000125  0.15D-06  0.39D-06  2  2     2.86
   3      1.07316841    -1.07418958 -1263.28718986    -0.00001530    -0.00000001  0.27D-08  0.21D-08  3  3     3.02
   4      1.07316916    -1.07418993 -1263.28719021    -0.00000035    -0.00000000  0.45D-10  0.19D-10  4  4     3.19

 Norm of t1 vector:      0.04152177      S-energy:    -0.00681854      T1 diagnostic:  0.00496948
 Norm of t2 vector:      0.26729216      P-energy:    -1.06737139
                                         Alpha-Beta:  -0.72668783
                                         Alpha-Alpha: -0.23449449
                                         Beta-Beta:   -0.10618907

 Spin contamination <S**2-Sz**2-Sz>     0.00000000
  Reference energy                  -1262.213000280987
  RHF-RMP2 correlation energy          -1.074189930044
 !RHF-RMP2 energy                   -1263.287190211031
 (NB above energy spin projected)

 Starting RCCSD calculation

 ITER.      SQ.NORM     CORR.ENERGY   TOTAL ENERGY   ENERGY CHANGE        DEN1      VAR(S)    VAR(P)  DIIS     TIME
   1      1.06651487    -1.03731593 -1263.25031621    -1.03731593    -0.01053005  0.12D-02  0.89D-03  0  0     9.33
   2      1.07091722    -1.04700550 -1263.26000578    -0.00968957    -0.00058727  0.13D-03  0.11D-03  1  1    15.41
   3      1.07220873    -1.04696728 -1263.25996756     0.00003822    -0.00010396  0.59D-04  0.14D-04  2  2    21.69
   4      1.07364341    -1.04774475 -1263.26074503    -0.00077747    -0.00000753  0.29D-05  0.16D-05  3  3    28.16
   5      1.07394207    -1.04780500 -1263.26080528    -0.00006025    -0.00000093  0.47D-06  0.19D-06  4  4    34.56
   6      1.07405545    -1.04782502 -1263.26082530    -0.00002002    -0.00000006  0.73D-08  0.27D-07  5  5    40.75
   7      1.07406669    -1.04782742 -1263.26082770    -0.00000240    -0.00000001  0.95D-09  0.50D-08  6  6    46.91
   8      1.07406866    -1.04782778 -1263.26082807    -0.00000037    -0.00000000  0.23D-09  0.65D-09  6  1    53.09

 Norm of t1 vector:      0.08091189      S-energy:    -0.00780016      T1 diagnostic:  0.01053499
                                                                       D1 diagnostic:  0.03973703
 Norm of t2 vector:      0.25984981      P-energy:    -1.04002763
                                         Alpha-Beta:  -0.72378407
                                         Alpha-Alpha: -0.21513197
                                         Beta-Beta:   -0.10111159

 Spin contamination <S**2-Sz**2-Sz>     0.00000000

 Memory could be reduced to 108.71 Mwords without degradation in triples
 

  Correlated core orbitals:             1.1       2.1       3.1       1.2       2.2       1.3       2.3       1.5       2.5
  Orbital energies:                  -261.6799  -32.2978   -4.6451  -27.7618   -3.2277  -27.7618   -3.2277  -27.7999   -3.3044
 
  RCCSD core-core energy               -0.539380980921
  RCCSD core-valence energy            -0.352781733465
  RCCSD valence correlation energy     -0.155665070141
 

 RESULTS
 =======

  Reference energy                  -1262.213000280987
  RCCSD singles energy                 -0.007800155981
  RCCSD pair energy                    -1.040027628546
  RCCSD correlation energy             -1.047827784527
  Triples (T) contribution             -0.016925729128
  Total correlation energy             -1.064753513655
 
  RHF-RCCSD energy                  -1263.260828065515
  RHF-RCCSD[T] energy               -1263.278212561330
  RHF-RCCSD-T energy                -1263.277665739357
 !RHF-RCCSD(T) energy               -1263.277753794642

 Program statistics:

 Available memory in ccsd:               511997950
 Min. memory needed in ccsd:               8734778
 Max. memory used in ccsd:                12518861
 Max. memory used in cckext:               9258770 ( 8 integral passes)
 Max. memory used in cckint:              20033677 ( 1 integral passes)



 **********************************************************************************************************************************
 DATASETS  * FILE   NREC   LENGTH (MB)   RECORD NAMES
              1      20      595.50       500      610      700      900      950      970     1000      129      960     1100   
                                          VAR    BASINP    GEOM    SYMINP    ZMAT    AOBASIS   BASIS     P2S    ABASIS      S 
                                         1400     1410     1200     1210     1080     1600     1650     1300     1700     1380   
                                           T        V       H0       H01     AOSYM     SMH    MOLCAS    ERIS     OPER     JKOP   

              2       7       12.35       200      700     1000      520     4202     5202     2107   
                                        OPTIONS   GEOM     BASIS   MCVARS     RHF     MCSCF     RHF  

 PROGRAMS   *        TOTAL  RCCSD(T)       RHF     MULTI       POP       RHF       INT
 CPU TIMES  *       446.72    359.39      0.39      5.15      0.01      3.84     77.72
 REAL TIME  *       464.51 SEC
 DISK USED  *         2.59 GB      
 **********************************************************************************************************************************
 SETTING CCSD(4)        =     -1263.27775379  AU                              
 Output type csv         
                                                                                                                                                                                                                                                                

         SCF,CCSD
       0.000000,       0.000000
       0.000000,       0.000000
       0.000000,       0.000000
   -1262.213000,   -1263.277754
                                                  

        RCCSD(T)        RHF-SCF         MULTI           RHF-SCF 
  -1263.27775379  -1262.21300028  -1262.21300028  -1262.21721381
 **********************************************************************************************************************************
 Variable memory released
