
 Primary working directories    : /tmp/cmelton
 Secondary working directories  : /tmp/cmelton
 Wavefunction directory         : /remote/cmelton/wfu/
 Main file repository           : /tmp/cmelton/

 SHA1      : 4c1979699e6aeda0524d0210415ba82a958648b0
 NAME      : 2012.1.39
 ARCHNAME  : Linux/x86_64
 FC        : /projects/sems/install/rhel6-x86_64/sems/compiler/intel/16.0.1/base/bin/ifort
 FCVERSION : 16.0.1
 BLASLIB   : -L/projects/sems/install/rhel6-x86_64/sems/compiler/intel/16.0.1/base/compilers_and_libraries_2016.1.150/linux/mkl/lib/intel64 -lmkl_intel_ilp64 -lmkl_sequential -lmkl_core
 id        : sandiacon

 Nodes           nprocs
 breve.sandia.gov    1

 Using customized tuning parameters: mindgm=7; mindgv=16; mindgc=1; mindgr=1; noblas=0; minvec=7
 default implementation of scratch files=df  

 ***,Calculation for Be atom, singlet and triplet
 memory,512,m
 gthresh,twoint=1.e-12
 geometry={
 1
 V
 V  0.0 0.0 0.0
 }
 
 basis={
 ecp,V,10,2,0;
 4;
 1,20.2553013762707, 13.000 ;
 3,19.5088778400405, 263.318917891519;
 2,17.3088758203163,-114.916486604966 ;
 2,5.04502199681890,-0.68289799957596;
 2;
 2,15.4637410000600, 195.609510670332  ;
 2,6.10337317130682, 23.2299358975926  ;
 2;
 2,15.5891849786496, 126.699271677201;
 2,5.87628647826524, 15.8646131466216;
 s,V,18.360298,11.577461,6.390046,1.528787,0.728830,0.349741,0.084685,0.031952;
 s,V,0.016000;
 p,V,13.883264,6.174000,4.772897,2.182411,1.049492,0.492680,0.206309;
 p,V,0.100000;
 d,V,7.384196,3.350355,1.398721,0.571472,0.223722,0.081466;
 d,V,0.040000;
 f,V,0.609615;
 f,V,2.266045;
 f,V,4.034968;
 g,V,1.862300;
 g,V,4.493135;
 h,V,2.943397;
 }
 
 
 Including file /remote/cmelton/data/corrECP/V/gani_cc105/basis/tmp/states.proc
 dfunc,pbe0
 do i=1,2
     if (i.eq.1) then
         IIs1d3
     else if (i.eq.2) then
         IId4
     endif
     scf(i)=energy
 enddo
 
 table,scf,ccsd
 save
 type,csv

 Variables initialized (782), CPU time= 0.01 sec
 Commands  initialized (547), CPU time= 0.01 sec, 517 directives.
 Default parameters read. Elapsed time= 0.69 sec

 Checking input...
 Passed
1


                                         ***  PROGRAM SYSTEM MOLPRO  ***
                         Copyright, University College Cardiff Consultants Limited, 2008

                                    Version 2012.1 linked Aug  2 2016 14:07:26


 **********************************************************************************************************************************
 LABEL *   Calculation for Be atom, singlet and triplet                                  
 Linux-3.10.0-693.11.6.el7.x86_64/breve.sandia.gov(x86_64) 64 bit serial version         DATE: 31-Jan-18          TIME: 14:59:06  
 **********************************************************************************************************************************

 SHA1:             4c1979699e6aeda0524d0210415ba82a958648b0
 **********************************************************************************************************************************

 THRESHOLDS:

 ZERO    =  1.00D-12  ONEINT  =  1.00D-12  TWOINT  =  1.00D-12  PREFAC  =  1.00D-14  LOCALI  =  1.00D-09  EORDER  =  1.00D-04
 ENERGY  =  0.00D+00  ETEST   =  0.00D+00  EDENS   =  0.00D+00  THRDEDEF=  1.00D-06  GRADIENT=  1.00D-02  STEP    =  1.00D-03
 ORBITAL =  1.00D-05  CIVEC   =  1.00D-05  COEFF   =  1.00D-04  PRINTCI =  5.00D-02  PUNCHCI =  9.90D+01  OPTGRAD =  3.00D-04
 OPTENERG=  1.00D-06  OPTSTEP =  3.00D-04  THRGRAD =  1.00D-10  COMPRESS=  1.00D-11  VARMIN  =  1.00D-07  VARMAX  =  1.00D-03
 THRDOUB =  0.00D+00  THRDIV  =  1.00D-05  THRRED  =  1.00D-07  THRPSP  =  1.00D+00  THRDC   =  1.00D-10  THRCS   =  1.00D-10
 THRNRM  =  1.00D-08  THREQ   =  0.00D+00  THRDE   =  1.00D+00  THRREF  =  1.00D-05  SPARFAC =  1.00D+00  THRDLP  =  1.00D-07
 THRDIA  =  1.00D-10  THRDLS  =  1.00D-07  THRGPS  =  0.00D+00  THRKEX  =  0.00D+00  THRDIS  =  2.00D-01  THRVAR  =  1.00D-10
 THRLOC  =  1.00D-06  THRGAP  =  1.00D-06  THRLOCT = -1.00D+00  THRGAPT = -1.00D+00  THRORB  =  1.00D-06  THRMLTP =  0.00D+00
 THRCPQCI=  1.00D-10  KEXTA   =  0.00D+00  THRCOARS=  0.00D+00  SYMTOL  =  1.00D-06  GRADTOL =  1.00D-06  THROVL  =  1.00D-08
 THRORTH =  1.00D-08  GRID    =  1.00D-06  GRIDMAX =  1.00D-03  DTMAX   =  0.00D+00  THROCCDE=  1.00D-01  THROCCDE=  1.00D-01



Geometry recognized as XYZ


 Variable memory set to  512000000 words,  buffer space   230000 words

 SETTING BASIS          =    USERDEF

 DO I                   =         1.00000000   

 Running procedure=IIS1D3


 Recomputing integrals since basis changed


 Using spherical harmonics


1PROGRAM * SEWARD (Integral evaluation for generally contracted gaussian basis sets)     Author: Roland Lindh, 1990

 Geometry written to block  1 of record 700

 Orientation using atomic masses  
 Molecule type: Atom
 Symmetry elements: X,Y,Z
 Rotational constants:       0.0000000      0.0000000      0.0000000 GHz  (calculated with average atomic masses)

 Point group  D2h 



 ATOMIC COORDINATES

 NR  ATOM    CHARGE       X              Y              Z

   1  V      13.00    0.000000000    0.000000000    0.000000000

 NUCLEAR CHARGE:                   13
 NUMBER OF PRIMITIVE AOS:         156
 NUMBER OF SYMMETRY AOS:          118
 NUMBER OF CONTRACTIONS:          118   (  29Ag  +  17B3u +  17B2u +  11B1g +  17B1u +  11B2g +  11B3g +   5Au  )
 NUMBER OF CORE ORBITALS:           4   (   1Ag  +   1B3u +   1B2u +   0B1g +   1B1u +   0B2g +   0B3g +   0Au  )
 NUMBER OF VALENCE ORBITALS:        6   (   3Ag  +   0B3u +   0B2u +   1B1g +   0B1u +   1B2g +   1B3g +   0Au  )


 NUCLEAR REPULSION ENERGY    0.00000000

 EXTRA SYMMETRY OF AOS IN SYMMETRY 1:   1 1 1 1 1 1 1 1 1 2   3 2 3 2 3 2 3 2 3 2   3 2 3 4 5 6 4 5 6
 EXTRA SYMMETRY OF AOS IN SYMMETRY 2:   1 1 1 1 1 1 1 1 2 3   2 3 2 3 4 5 6
 EXTRA SYMMETRY OF AOS IN SYMMETRY 3:   1 1 1 1 1 1 1 1 2 3   2 3 2 3 4 5 6
 EXTRA SYMMETRY OF AOS IN SYMMETRY 4:   1 1 1 1 1 1 1 2 3 2   3
 EXTRA SYMMETRY OF AOS IN SYMMETRY 5:   1 1 1 1 1 1 1 1 2 3   2 3 2 3 4 5 6
 EXTRA SYMMETRY OF AOS IN SYMMETRY 6:   1 1 1 1 1 1 1 2 3 2   3
 EXTRA SYMMETRY OF AOS IN SYMMETRY 7:   1 1 1 1 1 1 1 2 3 2   3
 EXTRA SYMMETRY OF AOS IN SYMMETRY 8:   1 1 1 2 3

 Eigenvalues of metric

         1 0.188E-02 0.592E-02 0.184E-01 0.345E-01 0.345E-01 0.665E-01 0.822E-01 0.822E-01
         2 0.619E-03 0.746E-02 0.376E-01 0.133E+00 0.133E+00 0.133E+00 0.367E+00 0.867E+00
         3 0.619E-03 0.746E-02 0.376E-01 0.133E+00 0.133E+00 0.133E+00 0.367E+00 0.867E+00
         4 0.345E-01 0.822E-01 0.210E+00 0.404E+00 0.404E+00 0.541E+00 0.120E+01 0.160E+01
         5 0.619E-03 0.746E-02 0.376E-01 0.133E+00 0.133E+00 0.133E+00 0.367E+00 0.867E+00
         6 0.345E-01 0.822E-01 0.210E+00 0.404E+00 0.404E+00 0.541E+00 0.120E+01 0.160E+01
         7 0.345E-01 0.822E-01 0.210E+00 0.404E+00 0.404E+00 0.541E+00 0.120E+01 0.160E+01
         8 0.133E+00 0.867E+00 0.100E+01 0.100E+01 0.200E+01


 Contracted 2-electron integrals neglected if value below      1.0D-12
 AO integral compression algorithm  1   Integral accuracy      1.0D-12

     24.904 MB (compressed) written to integral file ( 58.4%)


 NUMBER OF SORTED TWO-ELECTRON INTEGRALS:    3236514.     BUFFER LENGTH:  32768
 NUMBER OF SEGMENTS:   1  SEGMENT LENGTH:    3236514      RECORD LENGTH: 524288

 Memory used in sort:       3.79 MW

 SORT1 READ     5308201. AND WROTE     2301376. INTEGRALS IN      7 RECORDS. CPU TIME:     0.10 SEC, REAL TIME:     0.13 SEC
 SORT2 READ     2301376. AND WROTE     3236514. INTEGRALS IN     95 RECORDS. CPU TIME:     0.10 SEC, REAL TIME:     0.11 SEC

 FILE SIZES:   FILE 1:    32.8 MBYTE,  FILE 4:    29.4 MBYTE,   TOTAL:     62.2 MBYTE

 OPERATOR DM      FOR CENTER  0  COORDINATES:    0.000000    0.000000    0.000000


 **********************************************************************************************************************************
 DATASETS  * FILE   NREC   LENGTH (MB)   RECORD NAMES
              1      20       22.23       500      610      700      900      950      970     1000      129      960     1100   
                                          VAR    BASINP    GEOM    SYMINP    ZMAT    AOBASIS   BASIS     P2S    ABASIS      S 
                                         1400     1410     1420     1200     1210     1080     1600     1650     1300     1700   
                                           T        V       ECP      H0       H01     AOSYM     SMH    MOLCAS    ERIS     OPER   

 PROGRAMS   *        TOTAL       INT
 CPU TIMES  *         0.79      0.65
 REAL TIME  *         2.14 SEC
 DISK USED  *        62.97 MB      
 **********************************************************************************************************************************

 Density functional group PBE0=PBEX+PBEC
 Functional: PBEX(Automatically generated (new) PBEX)                          Gradient terms: 1
 Functional: PBEC(Automatically generated (new) PBEC)                          Gradient terms: 1
 Use grid at  1800.2
 

 Exact exchange will be calculated, factor:  0.2500

 Functional: PBEX                      Factor:  0.7500
 Functional: PBEC                      Factor:  1.0000
 
 Generated new metagrid on record  1800.2 with target accuracy 1.0D-06 and 1140 points in CPU time    0.0
 Computed new grid on record 1800.1 in CPU time    0.0
   97059 words reserved for DFT integration

 PROGRAM * UKS-SCF (Unrestricted Kohn-Sham)     Authors: W. Meyer, H.-J. Werner, P.J. Knowles, 1993

 NUMBER OF ELECTRONS:       8+    4-    SPACE SYMMETRY=1    SPIN SYMMETRY: Quintet 
 CONVERGENCE THRESHOLDS:    1.00E-05 (Density)    1.00E-06 (Energy)
 MAX. NUMBER OF ITERATIONS:       60
 INTERPOLATION TYPE:            DIIS
 INTERPOLATION STEPS:              2 (START)      1 (STEP)
 LEVEL SHIFTS:                  0.20 (ALPHA)   0.20 (BETA) 


 Singly occupied orbitals:      2.1       1.4       1.6       1.7
 
 Extra symmetries of mos in symmetry 1:   1   1
 Use fine grid record 1800.2 for energy threshold  1.0D-06
 Orbital guess generated from atomic densities. Full valence occupancy:    4   1   1   1   1   1   1   0


 Molecular orbital dump at record        2200.2

 Initial alpha occupation   2   1   1   1   1   1   1   0
 Initial beta  occupation   1   1   1   0   1   0   0   0

 ITERATION    DDIFF          GRAD             ENERGY        2-EL.EN.            DIPOLE MOMENTS         DIIS
    1      0.000D+00      0.000D+00       -70.97168345    100.661465    0.00000    0.00000    0.00000    0
    2      0.109D-01      0.101D-01       -71.03687022    105.685332    0.00000    0.00000    0.00000    1
    3      0.432D-02      0.499D-02       -71.04793325    104.963254    0.00000    0.00000    0.00000    2
    4      0.545D-02      0.137D-02       -71.05133016    105.241687    0.00000    0.00000    0.00000    3
    5      0.273D-02      0.411D-03       -71.05173722    105.374268    0.00000    0.00000    0.00000    4
    6      0.114D-02      0.122D-03       -71.05178258    105.394540    0.00000    0.00000    0.00000    5
    7      0.245D-03      0.285D-04       -71.05178531    105.397950    0.00000    0.00000    0.00000    6
    8      0.225D-04      0.359D-05       -71.05178534    105.398173    0.00000    0.00000    0.00000    5
    9      0.345D-05      0.749D-06       -71.05178534    105.398336    0.00000    0.00000    0.00000    5
   10      0.565D-06      0.105D-06       -71.05178534    105.398316    0.00000    0.00000    0.00000    5
 
 Final alpha occupancy:   2   1   1   1   1   1   1   0
 Final beta  occupancy:   1   1   1   0   1   0   0   0

 !UKS STATE 1.1 Energy                -71.051785344474
 Nuclear energy                         0.00000000
 One-electron energy                 -117.37563633
 Two-electron energy                   52.69915808
 Density functional                    -6.37530709     PBEX=-7.90727603 PBEC=-0.44485007
 Virial quotient                       -2.09442933
 !UKS STATE 1.1 Dipole moment           0.00000000     0.00000000     0.00000000
 Dipole moment /Debye                   0.00000000     0.00000000     0.00000000

 ELECTRON ORBITALS FOR POSITIVE SPIN
 ===================================


   Orb  Occ    Energy  Couls-En    Coefficients

                                   1 1s      1 1s      1 1s      1 1s      1 1s      1 1s      1 1s      1 1s      1 1s      1 3d0  
                                   1 3d2+    1 3d0     1 3d2+    1 3d0     1 3d2+    1 3d0     1 3d2+    1 3d0     1 3d2+    1 3d0  
                                   1 3d2+    1 3d0     1 3d2+    1 5g0     1 5g4+    1 5g2+    1 5g0     1 5g4+    1 5g2+ 

   1.1   +    -3.0862  -14.9894  0.032609  0.050273 -0.438415  0.481365  0.632687  0.098196  0.012951 -0.009289  0.003880 -0.000000
                                 0.000000  0.000000 -0.000000 -0.000000  0.000000  0.000000 -0.000000 -0.000000  0.000000  0.000000
                                 0.000000 -0.000000 -0.000000 -0.002226 -0.001881  0.000000 -0.000686 -0.000580  0.000000

   2.1   +    -0.4474   -5.0399 -0.015076 -0.005290  0.144363 -0.175034 -0.524196  0.119531  1.066156 -0.018993  0.046236  0.000000
                                 0.000000  0.000000  0.000000  0.000000  0.000000  0.000000  0.000000 -0.000000  0.000000  0.000000
                                 0.000000 -0.000000  0.000000 -0.000750 -0.000634  0.000000  0.000528  0.000446  0.000000

   3.1   0    -0.3816   -8.2708 -0.000000  0.000000 -0.000000 -0.000000 -0.000000 -0.000000  0.000000 -0.000000  0.000000 -0.013820
                                 0.125804 -0.018216  0.165824 -0.040163  0.365616 -0.035197  0.320408 -0.032865  0.299177 -0.009578
                                 0.087190 -0.000409  0.003725  0.000195 -0.000231  0.002750  0.000024 -0.000028  0.000339

   4.1   0    -0.3816   -8.2708  0.000000 -0.000000  0.000000  0.000000  0.000000  0.000000 -0.000000  0.000000 -0.000000  0.125804
                                 0.013820  0.165824  0.018216  0.365616  0.040163  0.320408  0.035197  0.299177  0.032865  0.087190
                                 0.009578  0.003725  0.000409 -0.001775  0.002100  0.000302 -0.000219  0.000259  0.000037

                                   1 2px     1 2px     1 2px     1 2px     1 2px     1 2px     1 2px     1 2px     1 4f1+    1 4f3+ 
                                   1 4f1+    1 4f3+    1 4f1+    1 4f3+    1 6h1+    1 6h3+    1 6h5+ 

   1.2   +    -2.0807  -12.7881 -0.015127 -0.209613  0.205550  0.305857  0.491332  0.240499  0.044899 -0.005056  0.004142 -0.005347
                                 0.002102 -0.002713  0.000962 -0.001242 -0.000735  0.000243 -0.000819

   2.2   0    -0.2340   -4.1508  0.002822  0.091668 -0.107291 -0.057506 -0.255030  0.063625 -0.116870  1.090242  0.003256 -0.004204
                                -0.000590  0.000761 -0.000032  0.000042  0.000073 -0.000032  0.000085

   3.2   0     0.2360   -3.4009  0.018590 -0.083670  0.169718 -0.432650  0.281198 -1.161393  3.077550 -2.083248  0.005545 -0.007158
                                -0.000743  0.000959 -0.000045  0.000058  0.000071 -0.000034  0.000083

                                   1 2py     1 2py     1 2py     1 2py     1 2py     1 2py     1 2py     1 2py     1 4f1-    1 4f3- 
                                   1 4f1-    1 4f3-    1 4f1-    1 4f3-    1 6h1-    1 6h3-    1 6h5- 

   1.3   +    -2.0807  -12.7881 -0.015127 -0.209613  0.205550  0.305857  0.491332  0.240499  0.044899 -0.005056  0.004142  0.005347
                                 0.002102  0.002713  0.000962  0.001242 -0.000735 -0.000243 -0.000819

   2.3   0    -0.2340   -4.1508  0.002822  0.091668 -0.107291 -0.057506 -0.255030  0.063625 -0.116870  1.090242  0.003256  0.004204
                                -0.000590 -0.000761 -0.000032 -0.000042  0.000073  0.000032  0.000085

   3.3   0     0.2360   -3.4009  0.018590 -0.083670  0.169718 -0.432650  0.281198 -1.161393  3.077550 -2.083248  0.005545  0.007158
                                -0.000743 -0.000959 -0.000045 -0.000058  0.000071  0.000034  0.000083

                                   1 3d2-    1 3d2-    1 3d2-    1 3d2-    1 3d2-    1 3d2-    1 3d2-    1 5g2-    1 5g4-    1 5g2- 
                                   1 5g4- 

   1.4   +    -0.5800   -8.8365  0.139493  0.181006  0.393437  0.335901  0.256618  0.031924  0.003327  0.001079  0.000000  0.000140
                                -0.000000

   2.4   0    -0.0802   -2.4272 -0.031402 -0.043605 -0.083499 -0.088765  0.048226  0.111078  0.885610 -0.000147 -0.000000 -0.000051
                                 0.000000

   3.4   0     0.0770   -2.5033 -0.050583 -0.056258 -0.155882 -0.046387 -0.152873  1.810579 -1.520125 -0.000178 -0.000000 -0.000086
                                 0.000000

                                   1 2pz     1 2pz     1 2pz     1 2pz     1 2pz     1 2pz     1 2pz     1 2pz     1 4f0     1 4f2+ 
                                   1 4f0     1 4f2+    1 4f0     1 4f2+    1 6h2+    1 6h4+    1 6h0  

   1.5   +    -2.0807  -12.7881 -0.015127 -0.209613  0.205550  0.305857  0.491332  0.240499  0.044899 -0.005056 -0.006763 -0.000000
                                -0.003432  0.000000 -0.001571 -0.000000  0.000000 -0.000390 -0.001058

   2.5   0    -0.2340   -4.1508  0.002822  0.091668 -0.107291 -0.057506 -0.255030  0.063625 -0.116870  1.090242 -0.005318  0.000000
                                 0.000963  0.000000  0.000053  0.000000  0.000000  0.000033  0.000112

   3.5   0     0.2360   -3.4009  0.018590 -0.083670  0.169718 -0.432650  0.281198 -1.161393  3.077550 -2.083248 -0.009054  0.000000
                                 0.001213 -0.000000  0.000074  0.000000 -0.000000  0.000030  0.000110

                                   1 3d1+    1 3d1+    1 3d1+    1 3d1+    1 3d1+    1 3d1+    1 3d1+    1 5g1+    1 5g3+    1 5g1+ 
                                   1 5g3+ 

   1.6   +    -0.5800   -8.8365  0.139493  0.181006  0.393437  0.335901  0.256618  0.031924  0.003327 -0.000381 -0.001009 -0.000050
                                -0.000131

   2.6   0    -0.0802   -2.4272 -0.031402 -0.043605 -0.083499 -0.088765  0.048226  0.111078  0.885610  0.000052  0.000137  0.000018
                                 0.000048

   3.6   0     0.0770   -2.5033 -0.050583 -0.056258 -0.155882 -0.046387 -0.152873  1.810579 -1.520125  0.000063  0.000166  0.000030
                                 0.000081

                                   1 3d1-    1 3d1-    1 3d1-    1 3d1-    1 3d1-    1 3d1-    1 3d1-    1 5g1-    1 5g3-    1 5g1- 
                                   1 5g3- 

   1.7   +    -0.5800   -8.8365  0.139493  0.181006  0.393437  0.335901  0.256618  0.031924  0.003327 -0.000381  0.001009 -0.000050
                                 0.000131

   2.7   0    -0.0802   -2.4272 -0.031402 -0.043605 -0.083499 -0.088765  0.048226  0.111078  0.885610  0.000052 -0.000137  0.000018
                                -0.000048

   3.7   0     0.0770   -2.5033 -0.050583 -0.056258 -0.155882 -0.046387 -0.152873  1.810579 -1.520125  0.000063 -0.000166  0.000030
                                -0.000081

                                   1 4f2-    1 4f2-    1 4f2-    1 6h4-    1 6h2- 

   1.8   0     1.2822   -3.4269  0.997526 -0.017982  0.052520 -0.000000  0.000000

   2.8   0     5.6983    2.7878 -0.503834  1.277334 -0.210070  0.000000 -0.000000

 ELECTRON ORBITALS FOR NEGATIVE SPIN
 ===================================


   Orb  Occ    Energy  Couls-En    Coefficients

                                   1 1s      1 1s      1 1s      1 1s      1 1s      1 1s      1 1s      1 1s      1 1s      1 3d0  
                                   1 3d2+    1 3d0     1 3d2+    1 3d0     1 3d2+    1 3d0     1 3d2+    1 3d0     1 3d2+    1 3d0  
                                   1 3d2+    1 3d0     1 3d2+    1 5g0     1 5g4+    1 5g2+    1 5g0     1 5g4+    1 5g2+ 

   1.1   -    -2.9471  -14.8428  0.030307  0.057198 -0.444066  0.480727  0.629902  0.102943  0.012743 -0.009279  0.003892  0.000000
                                 0.000000  0.000000 -0.000000 -0.000000  0.000000  0.000000  0.000000 -0.000000 -0.000000  0.000000
                                 0.000000 -0.000000 -0.000000  0.002180  0.001843 -0.000000  0.001039  0.000878 -0.000000

   2.1   0    -0.2990   -4.7606 -0.014064 -0.005483  0.135610 -0.155783 -0.495742  0.086365  0.983217  0.077632  0.053325 -0.000000
                                 0.000000 -0.000000  0.000000 -0.000000  0.000000 -0.000000  0.000000 -0.000000  0.000000 -0.000000
                                -0.000000 -0.000000 -0.000000  0.000229  0.000193 -0.000000 -0.000520 -0.000440 -0.000000

   3.1   0    -0.3191   -8.2308  0.000000 -0.000000  0.000000 -0.000000 -0.000000  0.000000 -0.000000  0.000000 -0.000000  0.123586
                                 0.025233  0.165289  0.033748  0.360756  0.073656  0.316878  0.064698  0.297218  0.060684  0.072082
                                 0.014717  0.010882  0.002222  0.001592 -0.001884 -0.000504  0.000354 -0.000419 -0.000112

                                   1 2px     1 2px     1 2px     1 2px     1 2px     1 2px     1 2px     1 2px     1 4f1+    1 4f3+ 
                                   1 4f1+    1 4f3+    1 4f1+    1 4f3+    1 6h1+    1 6h3+    1 6h5+ 

   1.2   -    -1.9305  -12.6280 -0.014252 -0.209847  0.202027  0.307836  0.487564  0.244638  0.046325 -0.006286 -0.001476  0.001905
                                -0.001975  0.002550 -0.000449  0.000580  0.001258 -0.000214  0.001311

   2.2   0    -0.1443   -4.0153  0.001935  0.096648 -0.114525 -0.044210 -0.262195  0.078261 -0.166725  1.125613 -0.001002  0.001293
                                 0.000558 -0.000720  0.000114 -0.000147 -0.000208  0.000036 -0.000217

   3.2   0     0.3122   -3.3415  0.018223 -0.084327  0.172408 -0.434141  0.294221 -1.200145  3.107083 -2.075478 -0.001893  0.002444
                                 0.000689 -0.000890  0.000201 -0.000260 -0.000248  0.000044 -0.000259

                                   1 2py     1 2py     1 2py     1 2py     1 2py     1 2py     1 2py     1 2py     1 4f1-    1 4f3- 
                                   1 4f1-    1 4f3-    1 4f1-    1 4f3-    1 6h1-    1 6h3-    1 6h5- 

   1.3   -    -1.9305  -12.6280 -0.014252 -0.209847  0.202027  0.307836  0.487564  0.244638  0.046325 -0.006286 -0.001476 -0.001905
                                -0.001975 -0.002550 -0.000449 -0.000580  0.001258  0.000214  0.001311

   2.3   0    -0.1443   -4.0153  0.001935  0.096648 -0.114525 -0.044210 -0.262195  0.078261 -0.166725  1.125613 -0.001002 -0.001293
                                 0.000558  0.000720  0.000114  0.000147 -0.000208 -0.000036 -0.000217

   3.3   0     0.3122   -3.3415  0.018223 -0.084327  0.172408 -0.434141  0.294221 -1.200145  3.107083 -2.075478 -0.001893 -0.002444
                                 0.000689  0.000890  0.000201  0.000260 -0.000248 -0.000044 -0.000259

                                   1 3d2-    1 3d2-    1 3d2-    1 3d2-    1 3d2-    1 3d2-    1 3d2-    1 5g2-    1 5g4-    1 5g2- 
                                   1 5g4- 

   1.4   0    -0.2838   -8.0438  0.122357  0.163124  0.355930  0.319392  0.318361  0.092253  0.015759 -0.001249  0.000000 -0.000243
                                -0.000000

   2.4   0    -0.0312   -2.1598 -0.028597 -0.043510 -0.074501 -0.108282  0.055573 -0.259776  1.172950  0.000259 -0.000000  0.000068
                                 0.000000

                                   1 2pz     1 2pz     1 2pz     1 2pz     1 2pz     1 2pz     1 2pz     1 2pz     1 4f0     1 4f2+ 
                                   1 4f0     1 4f2+    1 4f0     1 4f2+    1 6h2+    1 6h4+    1 6h0  

   1.5   -    -1.9305  -12.6280 -0.014252 -0.209847  0.202027  0.307836  0.487564  0.244638  0.046325 -0.006286  0.002410 -0.000000
                                 0.003226 -0.000000  0.000734 -0.000000 -0.000000  0.000810  0.001641

   2.5   0    -0.1443   -4.0153  0.001935  0.096648 -0.114525 -0.044210 -0.262195  0.078261 -0.166725  1.125613  0.001636  0.000000
                                -0.000911 -0.000000 -0.000186  0.000000  0.000000 -0.000133 -0.000272

   3.5   0     0.3122   -3.3415  0.018223 -0.084327  0.172408 -0.434141  0.294221 -1.200145  3.107083 -2.075478  0.003092  0.000000
                                -0.001125  0.000000 -0.000328  0.000000 -0.000000 -0.000158 -0.000325

                                   1 3d1+    1 3d1+    1 3d1+    1 3d1+    1 3d1+    1 3d1+    1 3d1+    1 5g1+    1 5g3+    1 5g1+ 
                                   1 5g3+ 

   1.6   0    -0.2838   -8.0438  0.122357  0.163124  0.355930  0.319392  0.318361  0.092253  0.015759  0.000442  0.001169  0.000086
                                 0.000227

   2.6   0    -0.0312   -2.1598 -0.028597 -0.043510 -0.074501 -0.108282  0.055573 -0.259776  1.172950 -0.000092 -0.000242 -0.000024
                                -0.000063

                                   1 3d1-    1 3d1-    1 3d1-    1 3d1-    1 3d1-    1 3d1-    1 3d1-    1 5g1-    1 5g3-    1 5g1- 
                                   1 5g3- 

   1.7   0    -0.2838   -8.0438  0.122357  0.163124  0.355930  0.319392  0.318361  0.092253  0.015759  0.000442 -0.001169  0.000086
                                -0.000227

   2.7   0    -0.0312   -2.1598 -0.028597 -0.043510 -0.074501 -0.108282  0.055573 -0.259776  1.172950 -0.000092  0.000242 -0.000024
                                 0.000063

                                   1 4f2-    1 4f2-    1 4f2-    1 6h4-    1 6h2- 

   1.8   0     1.4201   -3.2723  1.001508 -0.028297  0.054484 -0.000000  0.000000

   2.8   0     5.8633    2.9418 -0.496765  1.281513 -0.214801  0.000000 -0.000000

 HOMO      2.1    -0.447448 =     -12.1757eV
 LUMO      3.1    -0.381580 =     -10.3833eV
 LUMO-HOMO         0.065868 =       1.7924eV

 EXPECTATION VALUE OF S**2:             6.00077101

 NATURAL SPIN ORBITALS
 =====================


   Orb  Occ    Energy       Coefficients

                            1 1s      1 1s      1 1s      1 1s      1 1s      1 1s      1 1s      1 1s      1 1s      1 3d0  
                            1 3d2+    1 3d0     1 3d2+    1 3d0     1 3d2+    1 3d0     1 3d2+    1 3d0     1 3d2+    1 3d0  
                            1 3d2+    1 3d0     1 3d2+    1 5g0     1 5g4+    1 5g2+    1 5g0     1 5g4+    1 5g2+ 

   1.1   2    -0.0077    -0.185949  0.672296 -0.851450  0.309029  0.273132  0.486775 -0.175486 -0.002696 -0.003383  0.000000
                          0.000000  0.000000 -0.000000  0.000000  0.000000  0.000000  0.000000 -0.000000 -0.000000  0.000000
                          0.000000 -0.000000 -0.000000  0.403132  0.340708 -0.000000  0.157852  0.133409 -0.000000

   2.1   2     0.0077     0.230420 -0.596309  0.227611  0.371067  0.619028 -0.344403  0.194939 -0.010457  0.008935 -0.000000
                         -0.000000 -0.000000  0.000000 -0.000000 -0.000000  0.000000 -0.000000  0.000000  0.000000 -0.000000
                         -0.000000  0.000000  0.000000 -0.403165 -0.340737  0.000000 -0.157602 -0.133198  0.000000

   3.1   -     1.0000    -0.015132 -0.005375  0.145110 -0.175854 -0.525274  0.119364  1.066132 -0.018977  0.046229  0.000000
                          0.000000  0.000000  0.000000  0.000000  0.000000  0.000000  0.000000 -0.000000  0.000000  0.000000
                          0.000000 -0.000000  0.000000 -0.000747 -0.000631  0.000000  0.000529  0.000447  0.000000

   4.1   0    -0.0000    -0.218045 -0.185923  1.263353 -4.969877  7.397736 -4.429261  1.804724 -0.556377 -0.594884  0.000000
                          0.000000 -0.000000 -0.000000  0.000000 -0.000000 -0.000000 -0.000000  0.000000  0.000000 -0.000000
                         -0.000000  0.000000  0.000000 -0.107741 -0.040282  0.000000 -0.001874 -0.057140  0.000000

   5.1   0    -0.0000    -0.072383  0.237058 -0.259176  0.260219 -0.407101  0.296822 -0.126687  0.200312 -0.192673  0.000000
                         -0.000000 -0.000000  0.000000  0.000000 -0.000000  0.000000  0.000000 -0.000000  0.000000  0.000000
                          0.000000 -0.000000 -0.000000  0.984950 -0.697313  0.000000 -0.699318  0.212918  0.000000

                            1 2px     1 2px     1 2px     1 2px     1 2px     1 2px     1 2px     1 2px     1 4f1+    1 4f3+ 
                            1 4f1+    1 4f3+    1 4f1+    1 4f3+    1 6h1+    1 6h3+    1 6h5+ 

   1.2   2    -0.0154     0.029771 -0.159080 -0.017717  0.307827  0.173070  0.361571  0.097728 -0.060478 -0.257029  0.331823
                         -0.187177  0.241644 -0.064646  0.083458  0.091739 -0.020991  0.098015

   2.2   2     0.0154    -0.050546 -0.137532  0.305926  0.126132  0.519135 -0.018517 -0.033221  0.052457  0.258914 -0.334257
                          0.187266 -0.241760  0.065009 -0.083926 -0.091369  0.021011 -0.097667

   3.2   0    -0.0000    -2.233546 11.180475-10.664156  1.741133 -0.660558  0.841674 -0.570856  0.204970 -0.028647  0.331342
                          0.416483  0.362842 -0.222758 -0.761883 -0.071702  0.053669  0.184012

   4.2   0    -0.0000     1.197342  1.508864 -3.365480  2.205058 -2.327523  2.219774 -1.313801  0.542344  0.330257  0.291225
                         -0.154657 -0.343247  0.167677  0.304386 -0.094594 -0.011356 -0.059998

                            1 2py     1 2py     1 2py     1 2py     1 2py     1 2py     1 2py     1 2py     1 4f1-    1 4f3- 
                            1 4f1-    1 4f3-    1 4f1-    1 4f3-    1 6h1-    1 6h3-    1 6h5- 

   1.3   2    -0.0154     0.029771 -0.159080 -0.017717  0.307827  0.173070  0.361571  0.097728 -0.060478 -0.257029 -0.331823
                         -0.187177 -0.241644 -0.064646 -0.083458  0.091739  0.020991  0.098015

   2.3   2     0.0154    -0.050546 -0.137532  0.305926  0.126132  0.519135 -0.018517 -0.033221  0.052457  0.258914  0.334257
                          0.187266  0.241760  0.065009  0.083926 -0.091369 -0.021011 -0.097667

   3.3   0    -0.0000     2.834263-17.338581 19.185795 -6.714074  3.734098 -2.083411  1.141580 -0.383986  0.042858 -0.222985
                         -0.299535  0.942723 -0.021531 -0.641825  0.283798  0.055943 -0.110267

   4.3   0    -0.0000     0.012809 -3.790351  6.450867 -6.148447  5.731437 -3.070325  1.082672 -0.539655  0.223064 -0.277340
                         -0.637981  0.622840  0.529424 -0.574651 -0.451982 -0.026630  0.028162

                            1 3d2-    1 3d2-    1 3d2-    1 3d2-    1 3d2-    1 3d2-    1 3d2-    1 5g2-    1 5g4-    1 5g2- 
                            1 5g4- 

   1.4   -     1.0000     0.139493  0.181006  0.393437  0.335901  0.256618  0.031924  0.003327  0.001079  0.000000  0.000140
                         -0.000000

   2.4   0    -0.0000     0.935906  0.177345 -0.603683  0.232205 -0.374173  0.104988 -0.048380  0.000214  0.000000  0.000118
                          0.000000

   3.4   0    -0.0000     0.096087 -0.131350  0.585281 -1.723538  1.755846 -0.254107 -0.056722  0.001963  0.000000  0.000508
                         -0.000000

                            1 2pz     1 2pz     1 2pz     1 2pz     1 2pz     1 2pz     1 2pz     1 2pz     1 4f0     1 4f2+ 
                            1 4f0     1 4f2+    1 4f0     1 4f2+    1 6h2+    1 6h4+    1 6h0  

   1.5   2    -0.0154     0.029771 -0.159080 -0.017717  0.307827  0.173070  0.361571  0.097728 -0.060478  0.419727 -0.000000
                          0.305658 -0.000000  0.105567 -0.000000 -0.000000  0.055224  0.124153

   2.5   2     0.0154     0.050546  0.137532 -0.305926 -0.126132 -0.519135  0.018517  0.033221 -0.052457  0.422805 -0.000000
                          0.305804 -0.000000  0.106159 -0.000000 -0.000000  0.054927  0.123740

   3.5   0    -0.0000     2.491740 -8.478403  7.279504 -0.781477 -0.374459  0.784923 -0.729306  0.193580 -0.479266  0.000000
                          0.937075  0.000000 -0.525402 -0.000000  0.000000 -0.106397 -0.226234

   4.5   0    -0.0000    -0.152397  1.930690 -0.565412 -3.191752  3.908223 -2.313811  1.033946 -0.610966 -0.213220 -0.000000
                         -0.347495 -0.000000  0.639900  0.000000 -0.000000  0.212528  0.304122

                            1 3d1+    1 3d1+    1 3d1+    1 3d1+    1 3d1+    1 3d1+    1 3d1+    1 5g1+    1 5g3+    1 5g1+ 
                            1 5g3+ 

   1.6   -     1.0000     0.139493  0.181006  0.393437  0.335901  0.256618  0.031924  0.003327 -0.000381 -0.001009 -0.000050
                         -0.000131

   2.6   0    -0.0000     0.820991 -2.244373  2.822253 -2.627842  1.975310 -1.090344  0.406400 -0.001632 -0.000100  0.000525
                          0.000265

   3.6   0    -0.0000    -0.191374  0.072325 -0.928217  0.592155  0.449440  0.131977  0.100668 -0.003633 -0.002589  0.000732
                         -0.001371

                            1 3d1-    1 3d1-    1 3d1-    1 3d1-    1 3d1-    1 3d1-    1 3d1-    1 5g1-    1 5g3-    1 5g1- 
                            1 5g3- 

   1.7   -     1.0000     0.139493  0.181006  0.393437  0.335901  0.256618  0.031924  0.003327 -0.000381  0.001009 -0.000050
                          0.000131

   2.7   0    -0.0000    -0.972396  0.826012 -1.466845  1.860423 -0.804602  0.208096 -0.065091 -0.000029 -0.000247  0.000016
                          0.000365

   3.7   0    -0.0000     0.404882 -1.959290  2.409346 -1.142113  0.033169  0.108804 -0.097213 -0.000302  0.001080 -0.000200
                          0.000151

                            1 4f2-    1 4f2-    1 4f2-    1 6h4-    1 6h2- 

   1.8   0     0.0000     1.093009 -0.346996  0.139864  0.000000  0.000000

   2.8   0     0.0000    -0.346996  1.782314 -0.947532  0.000000  0.000000

 Occupation number threshold for canonical orbitals:  1.999000 (occupied),  0.001000 (virtual)

 Number of pseudo-canonical orbitals per symmetry:    1   1   1   0   1   0   0   0
 Number of active natural orbitals per symmetry:      1   0   0   1   0   1   1   0

 NATURAL CHARGE ORBITALS
 =======================


   Orb     Occ        Energy       Coefficients

                                   1 1s      1 1s      1 1s      1 1s      1 1s      1 1s      1 1s      1 1s      1 1s      1 3d0  
                                   1 3d2+    1 3d0     1 3d2+    1 3d0     1 3d2+    1 3d0     1 3d2+    1 3d0     1 3d2+    1 3d0  
                                   1 3d2+    1 3d0     1 3d2+    1 5g0     1 5g4+    1 5g2+    1 5g0     1 5g4+    1 5g2+ 

   1.1  1.99997    -2.947101     0.031446  0.053731 -0.441121  0.480900  0.630852  0.100672  0.013756 -0.009300  0.003925  0.000000
                                 0.000000  0.000000 -0.000000 -0.000000  0.000000  0.000000  0.000000 -0.000000 -0.000000  0.000000
                                 0.000000 -0.000000 -0.000000 -0.000024 -0.000020 -0.000000  0.000177  0.000149  0.000000

   2.1  1.00000    -0.372678    -0.015132 -0.005375  0.145110 -0.175854 -0.525274  0.119364  1.066132 -0.018977  0.046229  0.000000
                                 0.000000  0.000000  0.000000  0.000000  0.000000  0.000000  0.000000 -0.000000  0.000000  0.000000
                                 0.000000 -0.000000  0.000000 -0.000747 -0.000631  0.000000  0.000529  0.000447  0.000000

   3.1  0.00000    -0.350243     0.000000 -0.000000  0.000000  0.000000  0.000000  0.000000 -0.000000  0.000000 -0.000000  0.126312
                                -0.002936  0.167715 -0.003898  0.367888 -0.008551  0.322801 -0.007503  0.302094 -0.007021  0.080702
                                -0.001876  0.007319 -0.000170 -0.000078  0.000092 -0.000003  0.000070 -0.000082  0.000003

   4.1  0.00000    -0.350243     0.000000 -0.000000  0.000000 -0.000000  0.000000  0.000000  0.000000 -0.000000 -0.000000  0.002936
                                 0.126312  0.003898  0.167715  0.008551  0.367888  0.007503  0.322801  0.007021  0.302094  0.001876
                                 0.080702  0.000170  0.007319 -0.000002  0.000002  0.000121  0.000002 -0.000002 -0.000108

                                   1 2px     1 2px     1 2px     1 2px     1 2px     1 2px     1 2px     1 2px     1 4f1+    1 4f3+ 
                                   1 4f1+    1 4f3+    1 4f1+    1 4f3+    1 6h1+    1 6h3+    1 6h5+ 

   1.2  1.99988    -1.930538    -0.014690 -0.209736  0.203794  0.306856  0.489463  0.242576  0.045613 -0.005671  0.001333 -0.001721
                                 0.000063 -0.000082  0.000256 -0.000331  0.000261  0.000014  0.000246

   2.2  0.00000    -0.189066     0.002376  0.094151 -0.110886 -0.050867 -0.258521  0.070682 -0.141485  1.107816  0.001108 -0.001430
                                -0.000017  0.000022  0.000046 -0.000059 -0.000068  0.000003 -0.000067

   3.2  0.00000     0.274151    -0.018407  0.084044 -0.171130  0.433430 -0.287865  1.181068 -3.092721  2.079605 -0.001830  0.002363
                                 0.000042 -0.000054 -0.000084  0.000108  0.000086 -0.000006  0.000086

                                   1 2py     1 2py     1 2py     1 2py     1 2py     1 2py     1 2py     1 2py     1 4f1-    1 4f3- 
                                   1 4f1-    1 4f3-    1 4f1-    1 4f3-    1 6h1-    1 6h3-    1 6h5- 

   1.3  1.99988    -1.930538    -0.014690 -0.209736  0.203794  0.306856  0.489463  0.242576  0.045613 -0.005671  0.001333  0.001721
                                 0.000063  0.000082  0.000256  0.000331  0.000261 -0.000014  0.000246

   2.3  0.00000    -0.189066    -0.002376 -0.094151  0.110886  0.050867  0.258521 -0.070682  0.141485 -1.107816 -0.001108 -0.001430
                                 0.000017  0.000022 -0.000046 -0.000059  0.000068  0.000003  0.000067

   3.3  0.00000     0.274151    -0.018407  0.084044 -0.171130  0.433430 -0.287865  1.181068 -3.092721  2.079605 -0.001830 -0.002363
                                 0.000042  0.000054 -0.000084 -0.000108  0.000086  0.000006  0.000086

                                   1 3d2-    1 3d2-    1 3d2-    1 3d2-    1 3d2-    1 3d2-    1 3d2-    1 5g2-    1 5g4-    1 5g2- 
                                   1 5g4- 

   1.4  1.00000    -0.428042     0.139493  0.181006  0.393437  0.335901  0.256618  0.031924  0.003327  0.001079  0.000000  0.000140
                                -0.000000

   2.4 -0.00000    -0.054901    -0.025186 -0.037134 -0.065374 -0.086107  0.061694 -0.069292  1.032979  0.000030  0.000000  0.000012
                                -0.000000

   3.4 -0.00000     0.107963    -0.050145 -0.055021 -0.158849 -0.042886 -0.196991  1.861405 -1.446510  0.000060 -0.000000  0.000021
                                 0.000000

                                   1 2pz     1 2pz     1 2pz     1 2pz     1 2pz     1 2pz     1 2pz     1 2pz     1 4f0     1 4f2+ 
                                   1 4f0     1 4f2+    1 4f0     1 4f2+    1 6h2+    1 6h4+    1 6h0  

   1.5  1.99988    -1.930538    -0.014690 -0.209736  0.203794  0.306856  0.489463  0.242576  0.045613 -0.005671 -0.002177 -0.000000
                                -0.000103  0.000000 -0.000419 -0.000000  0.000000  0.000210  0.000292

   2.5  0.00000    -0.189066     0.002376  0.094151 -0.110886 -0.050867 -0.258521  0.070682 -0.141485  1.107816 -0.001809 -0.000000
                                 0.000027  0.000000 -0.000075  0.000000 -0.000000 -0.000050 -0.000081

   3.5  0.00000     0.274151    -0.018407  0.084044 -0.171130  0.433430 -0.287865  1.181068 -3.092721  2.079605  0.002989  0.000000
                                -0.000069  0.000000  0.000137  0.000000 -0.000000  0.000062  0.000105

                                   1 3d1+    1 3d1+    1 3d1+    1 3d1+    1 3d1+    1 3d1+    1 3d1+    1 5g1+    1 5g3+    1 5g1+ 
                                   1 5g3+ 

   1.6  1.00000    -0.428042     0.139493  0.181006  0.393437  0.335901  0.256618  0.031924  0.003327 -0.000381 -0.001009 -0.000050
                                -0.000131

   2.6  0.00000    -0.054901    -0.025186 -0.037134 -0.065374 -0.086107  0.061694 -0.069292  1.032979 -0.000011 -0.000028 -0.000004
                                -0.000011

   3.6 -0.00000     0.107963     0.050145  0.055021  0.158849  0.042886  0.196991 -1.861405  1.446510  0.000021  0.000056  0.000007
                                 0.000019

                                   1 3d1-    1 3d1-    1 3d1-    1 3d1-    1 3d1-    1 3d1-    1 3d1-    1 5g1-    1 5g3-    1 5g1- 
                                   1 5g3- 

   1.7  1.00000    -0.428042     0.139493  0.181006  0.393437  0.335901  0.256618  0.031924  0.003327 -0.000381  0.001009 -0.000050
                                 0.000131

   2.7  0.00000    -0.054901    -0.025186 -0.037134 -0.065374 -0.086107  0.061694 -0.069292  1.032979 -0.000011  0.000028 -0.000004
                                 0.000011

   3.7  0.00000     0.107963     0.050145  0.055021  0.158849  0.042886  0.196991 -1.861405  1.446510  0.000021 -0.000056  0.000007
                                -0.000019

                                   1 4f2-    1 4f2-    1 4f2-    1 6h4-    1 6h2- 

   1.8  0.00000     1.351226     0.999529 -0.023149  0.053498 -0.000000  0.000000

   2.8  0.00000     5.780748    -0.500293  1.279438 -0.212441 -0.000000 -0.000000

 Natural orbitals saved to record    2200.2 (Orbital set 3)

 Orbital spaces for UNO-CAS (Min. occupation: 0.020  Max. occupation: 1.980):

 Closed:        1   1   1   0   1   0   0   0
 Active:        1   0   0   1   0   1   1   0


 **********************************************************************************************************************************
 DATASETS  * FILE   NREC   LENGTH (MB)   RECORD NAMES
              1      21       22.27       500      610      700      900      950      970     1000      129      960     1100   
                                          VAR    BASINP    GEOM    SYMINP    ZMAT    AOBASIS   BASIS     P2S    ABASIS      S 
                                         1400     1410     1420     1200     1210     1080     1600     1650     1300     1700   
                                           T        V       ECP      H0       H01     AOSYM     SMH    MOLCAS    ERIS     OPER   
                                         1800   
                                         GRID   

              2       6        3.37       200      700     1000      520     1800     2200   
                                        OPTIONS   GEOM     BASIS   MCVARS    GRID      UKS  

 PROGRAMS   *        TOTAL       UKS       INT
 CPU TIMES  *         1.35      0.56      0.65
 REAL TIME  *         6.38 SEC
 DISK USED  *        62.97 MB      
 **********************************************************************************************************************************

1PROGRAM * POP (Mulliken population analysis)

 
 Density matrix read from record         2200.2  Type=UKS/CHARGE (state 1.1)
 
  Individual basis function populations

 Symmetry no. 1

     1 1s     1 1s     1 1s     1 1s     1 1s     1 1s     1 1s     1 1s     1 1s     1 3d0  
   0.00498  0.01563 -0.27890  0.84899  1.23529  0.21802  0.94580 -0.02035  0.03052  0.00000

     1 3d2+   1 3d0    1 3d2+   1 3d0    1 3d2+   1 3d0    1 3d2+   1 3d0    1 3d2+   1 3d0  
   0.00000  0.00000  0.00000  0.00000  0.00000  0.00000  0.00000 -0.00000  0.00000 -0.00000

     1 3d2+   1 3d0    1 3d2+   1 5g0    1 5g4+   1 5g2+   1 5g0    1 5g4+   1 5g2+ 
   0.00000  0.00000  0.00000  0.00001  0.00001  0.00000  0.00000  0.00000  0.00000
  

 Symmetry no. 2

     1 2px    1 2px    1 2px    1 2px    1 2px    1 2px    1 2px    1 2px    1 4f1+   1 4f3+ 
  -0.00558 -0.19094  0.22958  0.53545  0.96836  0.41700  0.04944 -0.00343  0.00002  0.00004

     1 4f1+   1 4f3+   1 4f1+   1 4f3+   1 6h1+   1 6h3+   1 6h5+ 
   0.00002  0.00003  0.00000  0.00001  0.00000  0.00000  0.00000
  

 Symmetry no. 3

     1 2py    1 2py    1 2py    1 2py    1 2py    1 2py    1 2py    1 2py    1 4f1-   1 4f3- 
  -0.00558 -0.19094  0.22958  0.53545  0.96836  0.41700  0.04944 -0.00343  0.00002  0.00004

     1 4f1-   1 4f3-   1 4f1-   1 4f3-   1 6h1-   1 6h3-   1 6h5- 
   0.00002  0.00003  0.00000  0.00001  0.00000  0.00000  0.00000
  

 Symmetry no. 4

     1 3d2-   1 3d2-   1 3d2-   1 3d2-   1 3d2-   1 3d2-   1 3d2-   1 5g2-   1 5g4-   1 5g2- 
   0.06266  0.12534  0.34716  0.29160  0.16288  0.00987  0.00049  0.00000 -0.00000  0.00000

     1 5g4- 
   0.00000
  

 Symmetry no. 5

     1 2pz    1 2pz    1 2pz    1 2pz    1 2pz    1 2pz    1 2pz    1 2pz    1 4f0    1 4f2+ 
  -0.00558 -0.19094  0.22958  0.53545  0.96836  0.41700  0.04944 -0.00343  0.00007  0.00000

     1 4f0    1 4f2+   1 4f0    1 4f2+   1 6h2+   1 6h4+   1 6h0  
   0.00004  0.00000  0.00001  0.00000  0.00000  0.00000  0.00000
  

 Symmetry no. 6

     1 3d1+   1 3d1+   1 3d1+   1 3d1+   1 3d1+   1 3d1+   1 3d1+   1 5g1+   1 5g3+   1 5g1+ 
   0.06266  0.12534  0.34716  0.29160  0.16288  0.00987  0.00049  0.00000  0.00000  0.00000

     1 5g3+ 
   0.00000
  

 Symmetry no. 7

     1 3d1-   1 3d1-   1 3d1-   1 3d1-   1 3d1-   1 3d1-   1 3d1-   1 5g1-   1 5g3-   1 5g1- 
   0.06266  0.12534  0.34716  0.29160  0.16288  0.00987  0.00049  0.00000  0.00000  0.00000

     1 5g3- 
   0.00000
  

 Symmetry no. 8

     1 4f2-   1 4f2-   1 4f2-   1 6h4-   1 6h2- 
   0.00000  0.00000  0.00000  0.00000  0.00000
  
 Population analysis by basis function type

 Unique atom        s        p        d        f        g    Total    Charge
   1  V       2.99997  5.99963  3.00000  0.00036  0.00003 12.00000  + 1.00000


 **********************************************************************************************************************************
 DATASETS  * FILE   NREC   LENGTH (MB)   RECORD NAMES
              1      21       22.27       500      610      700      900      950      970     1000      129      960     1100   
                                          VAR    BASINP    GEOM    SYMINP    ZMAT    AOBASIS   BASIS     P2S    ABASIS      S 
                                         1400     1410     1420     1200     1210     1080     1600     1650     1300     1700   
                                           T        V       ECP      H0       H01     AOSYM     SMH    MOLCAS    ERIS     OPER   
                                         1800   
                                         GRID   

              2       6        3.37       200      700     1000      520     1800     2200   
                                        OPTIONS   GEOM     BASIS   MCVARS    GRID      UKS  

 PROGRAMS   *        TOTAL       POP       UKS       INT
 CPU TIMES  *         1.36      0.00      0.56      0.65
 REAL TIME  *         6.43 SEC
 DISK USED  *        62.97 MB      
 **********************************************************************************************************************************
 SETTING SCF(1)         =         0.00000000  AU                              

 DO I                   =         2.00000000   

 Running procedure=IID4

 Density functional group PBE0=PBEX+PBEC
 Functional: PBEX(Automatically generated (new) PBEX)                          Gradient terms: 1
 Functional: PBEC(Automatically generated (new) PBEC)                          Gradient terms: 1
 Use grid at  1800.2
 

 Exact exchange will be calculated, factor:  0.2500

 Functional: PBEX                      Factor:  0.7500
 Functional: PBEC                      Factor:  1.0000
 
   97059 words reserved for DFT integration

 PROGRAM * UKS-SCF (Unrestricted Kohn-Sham)     Authors: W. Meyer, H.-J. Werner, P.J. Knowles, 1993

 NUMBER OF ELECTRONS:       8+    4-    SPACE SYMMETRY=4    SPIN SYMMETRY: Quintet 
 CONVERGENCE THRESHOLDS:    1.00E-05 (Density)    1.00E-06 (Energy)
 MAX. NUMBER OF ITERATIONS:       60
 INTERPOLATION TYPE:            DIIS
 INTERPOLATION STEPS:              2 (START)      1 (STEP)
 LEVEL SHIFTS:                  0.20 (ALPHA)   0.20 (BETA) 


 Singly occupied orbitals:      2.1       3.1       1.6       1.7
 
 Extra symmetries of mos in symmetry 1:   1   2   3
 Use fine grid record 1800.2 for energy threshold  1.0D-06
 Orbital guess generated from atomic densities. Full valence occupancy:    4   1   1   1   1   1   1   0


 Molecular orbital dump at record        4202.2

 Initial alpha occupation   3   1   1   0   1   1   1   0
 Initial beta  occupation   1   1   1   0   1   0   0   0

 ITERATION    DDIFF          GRAD             ENERGY        2-EL.EN.            DIPOLE MOMENTS         DIIS
    1      0.000D+00      0.000D+00       -71.05007761    108.307548    0.00000    0.00000    0.00000    0
    2      0.179D-02      0.321D-02       -71.05985533    108.998628    0.00000    0.00000    0.00000    1
    3      0.942D-03      0.108D-02       -71.06180778    109.202712    0.00000    0.00000    0.00000    2
    4      0.370D-03      0.414D-03       -71.06218045    109.376259    0.00000    0.00000    0.00000    3
    5      0.193D-03      0.202D-03       -71.06225691    109.387070    0.00000    0.00000    0.00000    4
    6      0.123D-03      0.720D-04       -71.06227114    109.407842    0.00000    0.00000    0.00000    5
    7      0.478D-04      0.156D-04       -71.06227244    109.408200    0.00000    0.00000    0.00000    6
    8      0.219D-04      0.906D-05       -71.06227306    109.408292    0.00000    0.00000    0.00000    6
    9      0.114D-03      0.931D-05       -71.06227006    109.408577    0.00000    0.00000    0.00000    5
   10      0.459D-03      0.788D-05       -71.06226333    109.404949    0.00000    0.00000    0.00000    6
   11      0.517D-04      0.599D-05       -71.06226313    109.405574    0.00000    0.00000    0.00000    7
   12      0.777D-04      0.330D-05       -71.06226301    109.406228    0.00000    0.00000    0.00000    8
   13      0.366D-06      0.251D-06       -71.06226301    109.406128    0.00000    0.00000    0.00000    8
   14      0.909D-06      0.163D-06       -71.06226301    109.406182    0.00000    0.00000    0.00000    8
 
 Final alpha occupancy:   3   1   1   0   1   1   1   0
 Final beta  occupancy:   1   1   1   0   1   0   0   0

 !UKS STATE 1.4 Energy                -71.062263012899
 Nuclear energy                         0.00000000
 One-electron energy                 -119.20638181
 Two-electron energy                   54.70309116
 Density functional                    -6.55897237     PBEX=-8.12239667 PBEC=-0.46717486
 Virial quotient                       -2.00514998
 !UKS STATE 1.4 Dipole moment           0.00000000     0.00000000     0.00000000
 Dipole moment /Debye                   0.00000000     0.00000000     0.00000000

 ELECTRON ORBITALS FOR POSITIVE SPIN
 ===================================


   Orb  Occ    Energy  Couls-En    Coefficients

                                   1 1s      1 1s      1 1s      1 1s      1 1s      1 1s      1 1s      1 1s      1 1s      1 3d0  
                                   1 3d2+    1 3d0     1 3d2+    1 3d0     1 3d2+    1 3d0     1 3d2+    1 3d0     1 3d2+    1 3d0  
                                   1 3d2+    1 3d0     1 3d2+    1 5g0     1 5g4+    1 5g2+    1 5g0     1 5g4+    1 5g2+ 

   1.1   +    -2.9110  -14.7835  0.032871  0.047634 -0.430343  0.464256  0.627727  0.117284  0.013571 -0.009374  0.003896  0.000126
                                -0.000000 -0.000841  0.000000 -0.002523 -0.000000 -0.000255  0.000000  0.000132 -0.000000 -0.000006
                                 0.000000  0.000004 -0.000000 -0.000317  0.001607  0.000000 -0.000092  0.000461 -0.000000

   2.1   +    -0.4061   -8.2530  0.000786 -0.000715 -0.004459  0.008603  0.011444 -0.000722 -0.026872 -0.002179 -0.000481  0.127257
                                 0.000000  0.165294  0.000000  0.359925  0.000000  0.326554  0.000000  0.303219  0.000000  0.092518
                                 0.000000  0.003095  0.000000 -0.001523 -0.001731 -0.000000 -0.000060 -0.000178 -0.000000

   3.1   +    -0.4427   -8.3839  0.000000 -0.000000 -0.000000  0.000000  0.000000 -0.000000 -0.000000  0.000000 -0.000000 -0.000000
                                 0.129816 -0.000000  0.168115 -0.000000  0.366333 -0.000000  0.331421 -0.000000  0.295033 -0.000000
                                 0.076134 -0.000000  0.001968  0.000000  0.000000 -0.001201  0.000000 -0.000000 -0.000066

   4.1   0    -0.3242   -4.6579 -0.012587 -0.007445  0.131940 -0.163175 -0.410952  0.001003  0.912531  0.225140 -0.006322  0.003629
                                 0.000000  0.005178  0.000000  0.011179  0.000000  0.008671  0.000000  0.006552  0.000000  0.000097
                                 0.000000  0.000934 -0.000000 -0.000146  0.000468  0.000000  0.000068 -0.000346 -0.000000

   5.1   0    -0.0957   -2.0067  0.006062  0.002762 -0.060665  0.074692  0.210071  0.003829 -0.808211 -0.447837  1.575387 -0.000353
                                 0.000000 -0.000655  0.000000 -0.001452  0.000000 -0.000386  0.000000  0.000459  0.000000  0.000074
                                -0.000000  0.001353 -0.000000  0.000053 -0.000239 -0.000000 -0.000032  0.000158 -0.000000

                                   1 2px     1 2px     1 2px     1 2px     1 2px     1 2px     1 2px     1 2px     1 4f1+    1 4f3+ 
                                   1 4f1+    1 4f3+    1 4f1+    1 4f3+    1 6h1+    1 6h3+    1 6h5+ 

   1.2   +    -1.9183  -12.5799 -0.014918 -0.206710  0.203169  0.297415  0.482299  0.255083  0.051834 -0.005363  0.000146  0.005326
                                -0.001099  0.002196  0.000383  0.001115 -0.000126 -0.000147  0.000643

   2.2   0    -0.1798   -3.9441  0.001683  0.097082 -0.118077 -0.029415 -0.270883  0.121911 -0.310458  1.222910 -0.000010  0.004620
                                 0.000330 -0.000832 -0.000058  0.000127  0.000013  0.000015 -0.000062

   3.2   0     0.2889   -3.4607  0.019488 -0.092825  0.184462 -0.450443  0.313742 -1.251822  3.135592 -2.033117 -0.000465  0.008108
                                 0.000474 -0.001157 -0.000083  0.000165  0.000015  0.000016 -0.000067

                                   1 2py     1 2py     1 2py     1 2py     1 2py     1 2py     1 2py     1 2py     1 4f1-    1 4f3- 
                                   1 4f1-    1 4f3-    1 4f1-    1 4f3-    1 6h1-    1 6h3-    1 6h5- 

   1.3   +    -1.9183  -12.5799 -0.014918 -0.206710  0.203169  0.297415  0.482299  0.255083  0.051834 -0.005363  0.000146 -0.005326
                                -0.001099 -0.002196  0.000383 -0.001115 -0.000126  0.000147  0.000643

   2.3   0    -0.1798   -3.9441  0.001683  0.097082 -0.118077 -0.029415 -0.270883  0.121911 -0.310458  1.222910 -0.000010 -0.004620
                                 0.000330  0.000832 -0.000058 -0.000127  0.000013 -0.000015 -0.000062

   3.3   0     0.2889   -3.4607  0.019488 -0.092825  0.184462 -0.450443  0.313742 -1.251822  3.135592 -2.033117 -0.000465 -0.008108
                                 0.000474  0.001157 -0.000083 -0.000165  0.000015 -0.000016 -0.000067

                                   1 3d2-    1 3d2-    1 3d2-    1 3d2-    1 3d2-    1 3d2-    1 3d2-    1 5g2-    1 5g4-    1 5g2- 
                                   1 5g4- 

   1.4   0    -0.2629   -7.7175  0.116088  0.152310  0.336347  0.310966  0.322249  0.155947  0.020862  0.000076 -0.000000  0.000068
                                -0.000000

   2.4   0    -0.0547   -2.3879 -0.036987 -0.051900 -0.101704 -0.117817 -0.020094 -0.119374  1.073674  0.000012 -0.000000 -0.000029
                                 0.000000

                                   1 2pz     1 2pz     1 2pz     1 2pz     1 2pz     1 2pz     1 2pz     1 2pz     1 4f0     1 4f2+ 
                                   1 4f0     1 4f2+    1 4f0     1 4f2+    1 6h2+    1 6h4+    1 6h0  

   1.5   +    -1.9162  -12.5749 -0.015190 -0.206066  0.203668  0.297482  0.479694  0.256421  0.053306 -0.005219 -0.001677 -0.000000
                                -0.002103  0.000000  0.000064 -0.000000  0.000000  0.000355 -0.000114

   2.5   0    -0.1779   -3.9398  0.001728  0.097616 -0.119219 -0.028701 -0.271615  0.122774 -0.315493  1.226352 -0.001625 -0.000000
                                 0.000716  0.000000 -0.000112 -0.000000 -0.000000 -0.000032  0.000011

   3.5   0     0.2917   -3.4593  0.019675 -0.093905  0.185468 -0.451876  0.318020 -1.260052  3.141080 -2.033187 -0.003461 -0.000000
                                 0.001014 -0.000000 -0.000155  0.000000  0.000000 -0.000035  0.000012

                                   1 3d1+    1 3d1+    1 3d1+    1 3d1+    1 3d1+    1 3d1+    1 3d1+    1 5g1+    1 5g3+    1 5g1+ 
                                   1 5g3+ 

   1.6   +    -0.4163   -8.2928  0.128083  0.166178  0.361860  0.328100  0.300959  0.087773  0.002653 -0.001322  0.000926 -0.000048
                                 0.000103

   2.6   0    -0.0608   -2.3033 -0.031178 -0.043477 -0.083016 -0.096364  0.008779 -0.048812  1.024724  0.000284 -0.000161  0.000023
                                -0.000039

   3.6   0     0.1095   -2.6112 -0.054778 -0.058825 -0.172645 -0.048509 -0.286068  1.926212 -1.473290  0.000419 -0.000210  0.000049
                                -0.000075

                                   1 3d1-    1 3d1-    1 3d1-    1 3d1-    1 3d1-    1 3d1-    1 3d1-    1 5g1-    1 5g3-    1 5g1- 
                                   1 5g3- 

   1.7   +    -0.4163   -8.2928  0.128083  0.166178  0.361860  0.328100  0.300959  0.087773  0.002653 -0.001322 -0.000926 -0.000048
                                -0.000103

   2.7   0    -0.0608   -2.3033 -0.031178 -0.043477 -0.083016 -0.096364  0.008779 -0.048812  1.024724  0.000284  0.000161  0.000023
                                 0.000039

   3.7   0     0.1095   -2.6112 -0.054778 -0.058825 -0.172645 -0.048509 -0.286068  1.926212 -1.473290  0.000419  0.000210  0.000049
                                 0.000075

                                   1 4f2-    1 4f2-    1 4f2-    1 6h4-    1 6h2- 

   1.8   0     1.4116   -3.2810  1.001512 -0.028410  0.054701 -0.000000 -0.000218

   2.8   0     5.8974    2.9769 -0.496948  1.282164 -0.215574  0.000000 -0.001026

 ELECTRON ORBITALS FOR NEGATIVE SPIN
 ===================================


   Orb  Occ    Energy  Couls-En    Coefficients

                                   1 1s      1 1s      1 1s      1 1s      1 1s      1 1s      1 1s      1 1s      1 1s      1 3d0  
                                   1 3d2+    1 3d0     1 3d2+    1 3d0     1 3d2+    1 3d0     1 3d2+    1 3d0     1 3d2+    1 3d0  
                                   1 3d2+    1 3d0     1 3d2+    1 5g0     1 5g4+    1 5g2+    1 5g0     1 5g4+    1 5g2+ 

   1.1   -    -2.7516  -14.6202  0.030195  0.056046 -0.438584  0.469666  0.619884  0.122366  0.013262 -0.009369  0.003910 -0.002197
                                -0.000000 -0.003931 -0.000000 -0.009039 -0.000000 -0.003020  0.000000 -0.000161 -0.000000  0.000038
                                 0.000000 -0.000017 -0.000000  0.000342 -0.001810  0.000000  0.000145 -0.000756 -0.000000

   2.1   0    -0.1473   -6.9455 -0.000089  0.001169 -0.003558  0.003403  0.002398 -0.004914  0.008799  0.023363  0.011201  0.103011
                                 0.000000  0.136947  0.000000  0.299426  0.000000  0.273995  0.000000  0.347704  0.000000  0.195958
                                 0.000000  0.112019 -0.000000 -0.002723  0.001612 -0.000000 -0.000188  0.000259 -0.000000

   3.1   0    -0.1658   -7.1436  0.000000 -0.000000 -0.000000  0.000000  0.000000  0.000000 -0.000000 -0.000000  0.000000 -0.000000
                                 0.105819 -0.000000  0.140923 -0.000000  0.308215 -0.000000  0.283560 -0.000000  0.348041 -0.000000
                                 0.185525  0.000000  0.083521  0.000000 -0.000000 -0.001617  0.000000  0.000000 -0.000099

                                   1 2px     1 2px     1 2px     1 2px     1 2px     1 2px     1 2px     1 2px     1 4f1+    1 4f3+ 
                                   1 4f1+    1 4f3+    1 4f1+    1 4f3+    1 6h1+    1 6h3+    1 6h5+ 

   1.2   -    -1.7600  -12.4118 -0.013975 -0.207359  0.199606  0.302026  0.476294  0.257597  0.055940 -0.006699 -0.003391 -0.001948
                                -0.003518 -0.002374 -0.000408 -0.000467  0.000183  0.000193 -0.001212

   2.2   0    -0.1160   -3.8341  0.000923  0.099830 -0.121926 -0.019789 -0.270419  0.126636 -0.353596  1.254427 -0.002516 -0.000842
                                 0.001161  0.000592 -0.000048  0.000128 -0.000028 -0.000030  0.000191

   3.2   0     0.3524   -3.4031  0.019166 -0.096235  0.191297 -0.455330  0.338836 -1.307888  3.174361 -2.027670 -0.005520 -0.002047
                                 0.001682  0.000842 -0.000041  0.000235 -0.000036 -0.000039  0.000252

                                   1 2py     1 2py     1 2py     1 2py     1 2py     1 2py     1 2py     1 2py     1 4f1-    1 4f3- 
                                   1 4f1-    1 4f3-    1 4f1-    1 4f3-    1 6h1-    1 6h3-    1 6h5- 

   1.3   -    -1.7600  -12.4118 -0.013975 -0.207359  0.199606  0.302026  0.476294  0.257597  0.055940 -0.006699 -0.003391  0.001948
                                -0.003518  0.002374 -0.000408  0.000467  0.000183 -0.000193 -0.001212

   2.3   0    -0.1160   -3.8341  0.000923  0.099830 -0.121926 -0.019789 -0.270419  0.126636 -0.353596  1.254427 -0.002516  0.000842
                                 0.001161 -0.000592 -0.000048 -0.000128 -0.000028  0.000030  0.000191

   3.3   0     0.3524   -3.4031  0.019166 -0.096235  0.191297 -0.455330  0.338836 -1.307888  3.174361 -2.027670 -0.005520  0.002047
                                 0.001682 -0.000842 -0.000041 -0.000235 -0.000036  0.000039  0.000252

                                   1 3d2-    1 3d2-    1 3d2-    1 3d2-    1 3d2-    1 3d2-    1 3d2-    1 5g2-    1 5g4-    1 5g2- 
                                   1 5g4- 

   1.4   0    -0.1932   -7.4653  0.111671  0.149163  0.325783  0.297196  0.338089  0.160720  0.052249 -0.002804  0.000000 -0.000309
                                -0.000000

   2.4   0    -0.0272   -2.2591 -0.034937 -0.052040 -0.093420 -0.126821  0.010127 -0.333113  1.219332  0.000814  0.000000  0.000119
                                 0.000000

                                   1 2pz     1 2pz     1 2pz     1 2pz     1 2pz     1 2pz     1 2pz     1 2pz     1 4f0     1 4f2+ 
                                   1 4f0     1 4f2+    1 4f0     1 4f2+    1 6h2+    1 6h4+    1 6h0  

   1.5   -    -1.7053  -12.3439 -0.013922 -0.206497  0.198890  0.301239  0.471901  0.261118  0.059577 -0.006887 -0.003640  0.000000
                                -0.003557 -0.000000 -0.000338 -0.000000 -0.000000 -0.000765  0.000229

   2.5   0    -0.1058   -3.7910  0.000706  0.100535 -0.123575 -0.014740 -0.271170  0.134883 -0.393315  1.281627 -0.002743  0.000000
                                 0.001227  0.000000 -0.000108  0.000000  0.000000  0.000120 -0.000035

   3.5   0     0.3667   -3.4075  0.019405 -0.099726  0.196581 -0.460851  0.353070 -1.339617  3.193343 -2.018108 -0.006191  0.000000
                                 0.001833 -0.000000 -0.000147  0.000000  0.000000  0.000160 -0.000045

                                   1 3d1+    1 3d1+    1 3d1+    1 3d1+    1 3d1+    1 3d1+    1 3d1+    1 5g1+    1 5g3+    1 5g1+ 
                                   1 5g3+ 

   1.6   0    -0.1522   -7.0030  0.103821  0.138082  0.301924  0.276785  0.348177  0.193726  0.103799 -0.002634 -0.001009 -0.000192
                                -0.000155

   2.6   0    -0.0218   -2.3920 -0.040418 -0.059477 -0.108520 -0.144392 -0.017015 -0.404408  1.254507  0.000971  0.000374  0.000096
                                 0.000068

                                   1 3d1-    1 3d1-    1 3d1-    1 3d1-    1 3d1-    1 3d1-    1 3d1-    1 5g1-    1 5g3-    1 5g1- 
                                   1 5g3- 

   1.7   0    -0.1522   -7.0030  0.103821  0.138082  0.301924  0.276785  0.348177  0.193726  0.103799 -0.002634  0.001009 -0.000192
                                 0.000155

   2.7   0    -0.0218   -2.3920 -0.040418 -0.059477 -0.108520 -0.144392 -0.017015 -0.404408  1.254507  0.000971 -0.000374  0.000096
                                -0.000068

                                   1 4f2-    1 4f2-    1 4f2-    1 6h4-    1 6h2- 

   1.8   0     1.5069   -3.1751  1.004045 -0.035288  0.056451 -0.000000 -0.001038

   2.8   0     6.0014    3.0723 -0.492275  1.283364 -0.216914 -0.000000 -0.003633

 HOMO      1.6    -0.416295 =     -11.3280eV
 LUMO      4.1    -0.324150 =      -8.8206eV
 LUMO-HOMO         0.092144 =       2.5074eV

 EXPECTATION VALUE OF S**2:             6.00044342

 NATURAL SPIN ORBITALS
 =====================


   Orb  Occ    Energy       Coefficients

                            1 1s      1 1s      1 1s      1 1s      1 1s      1 1s      1 1s      1 1s      1 1s      1 3d0  
                            1 3d2+    1 3d0     1 3d2+    1 3d0     1 3d2+    1 3d0     1 3d2+    1 3d0     1 3d2+    1 3d0  
                            1 3d2+    1 3d0     1 3d2+    1 5g0     1 5g4+    1 5g2+    1 5g0     1 5g4+    1 5g2+ 

   1.1   2    -0.0070    -0.247934  0.888847 -1.150233  0.891057 -0.337235  0.599771 -0.051888 -0.008578  0.003592 -0.093761
                          0.000000 -0.129866 -0.000000 -0.261593 -0.000000  0.084133  0.000000  0.309797  0.000000  0.107967
                          0.000000  0.001341  0.000000  0.065122 -0.348363  0.000000  0.023907 -0.123659 -0.000000

   2.1   2     0.0070     0.292521 -0.815530  0.535859 -0.230758  1.219317 -0.430312  0.071072 -0.004658  0.001931  0.091299
                         -0.000000  0.125196  0.000000  0.250597  0.000000 -0.089008 -0.000000 -0.312193 -0.000000 -0.108670
                         -0.000000 -0.001374 -0.000000 -0.065093  0.348233 -0.000000 -0.023869  0.123451  0.000000

   3.1   -     1.0000     0.000103 -0.000017 -0.000826  0.001231  0.001647  0.000052 -0.002392 -0.000204 -0.000039  0.011389
                          0.129295  0.014793  0.167440  0.032210  0.364862  0.029226  0.330091  0.027138  0.293848  0.008280
                          0.075829  0.000277  0.001960 -0.000137 -0.000153 -0.001196 -0.000005 -0.000015 -0.000066

   4.1   -     1.0000     0.001145 -0.000186 -0.009191  0.013693  0.018327  0.000576 -0.026613 -0.002274 -0.000436  0.126740
                         -0.011619  0.164611 -0.015047  0.358430 -0.032788  0.325221 -0.029663  0.301985 -0.026406  0.092141
                         -0.006814  0.003082 -0.000176 -0.001521 -0.001706  0.000107 -0.000061 -0.000172  0.000006

   5.1   0    -0.0000     0.812315 -0.534200 -0.229979  2.017546 -3.102052  1.752984 -0.482941  0.330950 -0.134681  0.041073
                         -0.137558 -0.174093  0.277843  0.113543 -0.339129  0.137386 -0.643111 -0.189821  1.120598  0.036878
                         -0.280420 -0.005590  0.315940  0.015351 -0.050850 -0.003279  0.006625 -0.027055  0.000115

   6.1   0    -0.0000     2.302338 -5.820483  5.642092 -4.513921  4.984889 -2.624440  0.831788 -0.539791  0.190761  0.211295
                         -0.118938 -0.616608  0.637485  0.258659 -0.505193  0.316013  0.344056 -0.469304 -0.373850  0.447443
                          0.122804 -0.154777 -0.136398  0.038933  0.159580  0.000879  0.020864 -0.294297  0.000131

                            1 2px     1 2px     1 2px     1 2px     1 2px     1 2px     1 2px     1 2px     1 4f1+    1 4f3+ 
                            1 4f1+    1 4f3+    1 4f1+    1 4f3+    1 6h1+    1 6h3+    1 6h5+ 

   1.2   2    -0.0129    -0.041326  0.181859  0.052437 -0.464152 -0.010511 -0.318741 -0.262664  0.077290  0.194600  0.396611
                          0.133912  0.249951  0.043267  0.086282 -0.016961 -0.018630  0.101672

   2.2   2     0.0129    -0.061756 -0.110938  0.337248 -0.040274  0.667331  0.043785 -0.186454  0.068760  0.192305  0.399000
                          0.130647  0.249825  0.043249  0.086741 -0.016921 -0.018598  0.101270

   3.2   0    -0.0000    -1.032940  5.323213 -7.087283  5.237645 -3.455892  0.767941  0.001776 -0.131924 -0.064522  0.408504
                          0.049540 -0.759950 -0.071623  0.382343  0.003438  0.007715 -0.061919

   4.2   0    -0.0000     1.282783-10.398253 12.410105 -3.641642  0.143121  0.825102 -0.102721 -0.387387  0.136004  0.000243
                         -0.261456 -0.757815  0.355554  0.812610  0.000597  0.029650  0.150053

                            1 2py     1 2py     1 2py     1 2py     1 2py     1 2py     1 2py     1 2py     1 4f1-    1 4f3- 
                            1 4f1-    1 4f3-    1 4f1-    1 4f3-    1 6h1-    1 6h3-    1 6h5- 

   1.3   2    -0.0129     0.041326 -0.181859 -0.052437  0.464152  0.010511  0.318741  0.262664 -0.077290 -0.194600  0.396611
                         -0.133912  0.249951 -0.043267  0.086282  0.016961 -0.018630 -0.101672

   2.3   2     0.0129    -0.061756 -0.110938  0.337248 -0.040274  0.667331  0.043785 -0.186454  0.068760  0.192305 -0.399000
                          0.130647 -0.249825  0.043249 -0.086741 -0.016921  0.018598  0.101270

   3.3   0    -0.0000    -0.512963  1.298838  0.339794 -4.299828  5.309146 -3.400222  1.540935 -0.340258  0.206653 -0.347461
                         -0.401344  0.068751  0.234311  0.310044  0.014899 -0.006760 -0.089206

   4.3   0    -0.0000    -1.131468  6.090675 -7.164977  2.867068 -0.484188 -1.976096  2.667222 -0.980219 -0.219906 -0.271911
                         -0.047545  0.356387  0.185827 -0.412183  0.007157 -0.009158  0.197832

                            1 3d2-    1 3d2-    1 3d2-    1 3d2-    1 3d2-    1 3d2-    1 3d2-    1 5g2-    1 5g4-    1 5g2- 
                            1 5g4- 

   1.4   0     0.0000     1.553479 -1.009718  0.401176 -0.165109  0.069155 -0.033247  0.013880  0.000000  0.000000  0.000000
                          0.000000

   2.4   0     0.0000    -1.009718  2.385371 -1.308839  0.530184 -0.213899  0.099851 -0.041140  0.000000  0.000000  0.000000
                          0.000000

                            1 2pz     1 2pz     1 2pz     1 2pz     1 2pz     1 2pz     1 2pz     1 2pz     1 4f0     1 4f2+ 
                            1 4f0     1 4f2+    1 4f0     1 4f2+    1 6h2+    1 6h4+    1 6h0  

   1.5   2    -0.0078     0.105064 -0.185069 -0.292396  0.553532 -0.372587  0.610322  0.610453 -0.155989 -0.180450  0.000000
                         -0.134235 -0.000000 -0.036660 -0.000000 -0.000000 -0.102084  0.031262

   2.5   2     0.0078    -0.125649 -0.106659  0.577049 -0.130170  1.045471 -0.244365 -0.530632  0.147429  0.176691 -0.000000
                          0.130233  0.000000  0.036466  0.000000  0.000000  0.101794 -0.031181

   3.5   0    -0.0000     0.940576 -3.107192  1.651270  2.541718 -4.723006  4.623171 -2.379190  0.249587 -0.205991  0.000000
                          0.376398  0.000000 -0.077679 -0.000000  0.000000  0.204600 -0.008848

   4.5   0    -0.0000     1.811311-15.875074 19.306991 -8.831200  5.869353 -3.063728  0.990474  0.006088 -0.507589  0.000000
                         -0.025661  0.000000  0.355814 -0.000000  0.000000  0.350977  0.010991

                            1 3d1+    1 3d1+    1 3d1+    1 3d1+    1 3d1+    1 3d1+    1 3d1+    1 5g1+    1 5g3+    1 5g1+ 
                            1 5g3+ 

   1.6   -     1.0000     0.128083  0.166178  0.361860  0.328100  0.300959  0.087773  0.002653 -0.001322  0.000926 -0.000048
                          0.000103

   2.6   0    -0.0000     0.041539  1.222272 -1.143427 -0.232129  0.896956 -0.744853  0.116774  0.001815 -0.001699  0.000248
                         -0.000332

   3.6   0    -0.0000    -0.263965  1.147951 -1.988414  2.048267 -2.037801  2.381783 -1.210257 -0.005189 -0.001448  0.003960
                         -0.000245

                            1 3d1-    1 3d1-    1 3d1-    1 3d1-    1 3d1-    1 3d1-    1 3d1-    1 5g1-    1 5g3-    1 5g1- 
                            1 5g3- 

   1.7   -     1.0000     0.128083  0.166178  0.361860  0.328100  0.300959  0.087773  0.002653 -0.001322 -0.000926 -0.000048
                         -0.000103

   2.7   0    -0.0000     0.636050  0.569066 -1.202355  0.243017  0.216141  0.073501 -0.043128  0.000279 -0.001682 -0.000987
                          0.000721

   3.7   0    -0.0000     0.004026 -0.001177  0.000305 -0.003646  0.020492 -0.040617  0.024310  0.380626  0.941815  0.067197
                         -0.063388

                            1 4f2-    1 4f2-    1 4f2-    1 6h4-    1 6h2- 

   1.8   0     0.0000     1.093009 -0.346996  0.139864  0.000000  0.000000

   2.8   0     0.0000    -0.346996  1.782314 -0.947532  0.000000  0.000000

 Occupation number threshold for canonical orbitals:  1.999000 (occupied),  0.001000 (virtual)

 Number of pseudo-canonical orbitals per symmetry:    1   1   1   0   1   0   0   0
 Number of active natural orbitals per symmetry:      2   0   0   0   0   1   1   0

 NATURAL CHARGE ORBITALS
 =======================


   Orb     Occ        Energy       Coefficients

                                   1 1s      1 1s      1 1s      1 1s      1 1s      1 1s      1 1s      1 1s      1 1s      1 3d0  
                                   1 3d2+    1 3d0     1 3d2+    1 3d0     1 3d2+    1 3d0     1 3d2+    1 3d0     1 3d2+    1 3d0  
                                   1 3d2+    1 3d0     1 3d2+    1 5g0     1 5g4+    1 5g2+    1 5g0     1 5g4+    1 5g2+ 

   1.1  1.99998    -2.751556     0.031528  0.051843 -0.434429  0.466902  0.623726  0.119826  0.013565 -0.009359  0.003906 -0.001741
                                -0.000000 -0.003302 -0.000000 -0.007775 -0.000000 -0.003447  0.000000 -0.001695 -0.000000 -0.000497
                                 0.000000 -0.000024 -0.000000  0.000021 -0.000092  0.000000  0.000027 -0.000147 -0.000000

   2.1  1.00000    -0.270113     0.001146 -0.000186 -0.009200  0.013706  0.018343  0.000576 -0.026637 -0.002276 -0.000437  0.126854
                                -0.010245  0.164759 -0.013268  0.358752 -0.028912  0.325513 -0.026156  0.302256 -0.023285  0.092224
                                -0.006009  0.003085 -0.000155 -0.001522 -0.001708  0.000095 -0.000061 -0.000172  0.000005

   3.1  1.00000    -0.297037     0.000091 -0.000015 -0.000728  0.001085  0.001452  0.000046 -0.002109 -0.000180 -0.000035  0.010043
                                 0.129411  0.013044  0.167591  0.028402  0.365190  0.025771  0.330387  0.023929  0.294112  0.007301
                                 0.075897  0.000244  0.001961 -0.000121 -0.000135 -0.001197 -0.000005 -0.000014 -0.000066

   4.1  0.00000    -0.289331    -0.012090 -0.007437  0.127269 -0.153729 -0.395555 -0.016082  0.877048  0.260053  0.002551  0.004265
                                 0.000000  0.006033  0.000000  0.013055  0.000000  0.008527  0.000000  0.004189  0.000000 -0.001581
                                 0.000000  0.000890  0.000000 -0.000105  0.000169 -0.000000 -0.000006  0.000023 -0.000000

   5.1  0.00000    -0.086404     0.005608  0.002114 -0.054081  0.063070  0.195844 -0.003406 -0.591399 -0.904441  1.840800 -0.000602
                                -0.000000 -0.000942 -0.000000 -0.002145 -0.000000 -0.000050 -0.000000  0.001742  0.000000  0.002897
                                -0.000000 -0.008012  0.000000  0.000021 -0.000065 -0.000000  0.000001 -0.000011  0.000000

                                   1 2px     1 2px     1 2px     1 2px     1 2px     1 2px     1 2px     1 2px     1 4f1+    1 4f3+ 
                                   1 4f1+    1 4f3+    1 4f1+    1 4f3+    1 6h1+    1 6h3+    1 6h5+ 

   1.2  1.99992    -1.759972    -0.014447 -0.207039  0.201392  0.299727  0.479307  0.256345  0.053888 -0.006031 -0.001623  0.001689
                                -0.002309 -0.000089 -0.000013  0.000324  0.000029  0.000023 -0.000284

   2.2  0.00000    -0.147796     0.001297  0.098456 -0.119999 -0.024547 -0.270561  0.124105 -0.332106  1.238832 -0.001295  0.001825
                                 0.000747 -0.000119 -0.000051  0.000132 -0.000008 -0.000008  0.000065

   3.2  0.00000     0.320732     0.019326 -0.094542  0.187902 -0.452889  0.326380 -1.280157  3.155379 -2.030471 -0.003023  0.002980
                                 0.001068 -0.000175 -0.000058  0.000207 -0.000011 -0.000012  0.000091

                                   1 2py     1 2py     1 2py     1 2py     1 2py     1 2py     1 2py     1 2py     1 4f1-    1 4f3- 
                                   1 4f1-    1 4f3-    1 4f1-    1 4f3-    1 6h1-    1 6h3-    1 6h5- 

   1.3  1.99992    -1.759972    -0.014447 -0.207039  0.201392  0.299727  0.479307  0.256345  0.053888 -0.006031 -0.001623 -0.001689
                                -0.002309  0.000089 -0.000013 -0.000324  0.000029 -0.000023 -0.000284

   2.3  0.00000    -0.147796     0.001297  0.098456 -0.119999 -0.024547 -0.270561  0.124105 -0.332106  1.238832 -0.001295 -0.001825
                                 0.000747  0.000119 -0.000051 -0.000132 -0.000008  0.000008  0.000065

   3.3  0.00000     0.320732    -0.019326  0.094542 -0.187902  0.452889 -0.326380  1.280157 -3.155379  2.030471  0.003023  0.002980
                                -0.001068 -0.000175  0.000058  0.000207  0.000011 -0.000012 -0.000091

                                   1 3d2-    1 3d2-    1 3d2-    1 3d2-    1 3d2-    1 3d2-    1 3d2-    1 5g2-    1 5g4-    1 5g2- 
                                   1 5g4- 

   1.4  0.00000    -0.227918     0.113954  0.150872  0.331264  0.304432  0.330054  0.159394  0.034047 -0.001385  0.000000 -0.000125
                                -0.000000

   2.4  0.00000    -0.040536    -0.035756 -0.051698 -0.096968 -0.121853 -0.004268 -0.229058  1.150307  0.000410 -0.000000  0.000048
                                 0.000000

                                   1 2pz     1 2pz     1 2pz     1 2pz     1 2pz     1 2pz     1 2pz     1 2pz     1 4f0     1 4f2+ 
                                   1 4f0     1 4f2+    1 4f0     1 4f2+    1 6h2+    1 6h4+    1 6h0  

   1.5  1.99997    -1.705314    -0.014556 -0.206283  0.201281  0.299362  0.475801  0.258771  0.056442 -0.006053 -0.002658  0.000000
                                -0.002830 -0.000000 -0.000137 -0.000000 -0.000000 -0.000205  0.000057

   2.5  0.00001    -0.141731     0.001208  0.099074 -0.121381 -0.021650 -0.271234  0.128452 -0.354458  1.254277 -0.002214  0.000000
                                 0.000975 -0.000000 -0.000108  0.000000 -0.000000  0.000044 -0.000012

   3.5  0.00001     0.329216    -0.019537  0.096790 -0.190999  0.456344 -0.335513  1.300104 -3.167791  2.025803  0.004858 -0.000000
                                -0.001416  0.000000  0.000148 -0.000000 -0.000000 -0.000061  0.000016

                                   1 3d1+    1 3d1+    1 3d1+    1 3d1+    1 3d1+    1 3d1+    1 3d1+    1 5g1+    1 5g3+    1 5g1+ 
                                   1 5g3+ 

   1.6  1.00000    -0.277152     0.128083  0.166178  0.361860  0.328100  0.300959  0.087773  0.002653 -0.001322  0.000926 -0.000048
                                 0.000103

   2.6  0.00000    -0.042626    -0.025705 -0.038004 -0.066767 -0.093135  0.026680 -0.196988  1.136403  0.000389  0.000028  0.000048
                                 0.000009

   3.6 -0.00000     0.137190    -0.053868 -0.057388 -0.173548 -0.044365 -0.328729  1.957067 -1.406172  0.000661  0.000062  0.000112
                                 0.000016

                                   1 3d1-    1 3d1-    1 3d1-    1 3d1-    1 3d1-    1 3d1-    1 3d1-    1 5g1-    1 5g3-    1 5g1- 
                                   1 5g3- 

   1.7  1.00000    -0.277152     0.128083  0.166178  0.361860  0.328100  0.300959  0.087773  0.002653 -0.001322 -0.000926 -0.000048
                                -0.000103

   2.7  0.00000    -0.042626    -0.025705 -0.038004 -0.066767 -0.093135  0.026680 -0.196988  1.136403  0.000389 -0.000028  0.000048
                                -0.000009

   3.7  0.00000     0.137190    -0.053868 -0.057388 -0.173548 -0.044365 -0.328729  1.957067 -1.406172  0.000661 -0.000062  0.000112
                                -0.000016

                                   1 4f2-    1 4f2-    1 4f2-    1 6h4-    1 6h2- 

   1.8  0.00000     1.459281     1.002783 -0.031853  0.055575  0.000000 -0.000630

   2.8  0.00000     5.949414    -0.494610  1.282771 -0.216246  0.000000 -0.002328

 Natural orbitals saved to record    4202.2 (Orbital set 3)

 Orbital spaces for UNO-CAS (Min. occupation: 0.020  Max. occupation: 1.980):

 Closed:        1   1   1   0   1   0   0   0
 Active:        2   0   0   0   0   1   1   0


 **********************************************************************************************************************************
 DATASETS  * FILE   NREC   LENGTH (MB)   RECORD NAMES
              1      21       22.27       500      610      700      900      950      970     1000      129      960     1100   
                                          VAR    BASINP    GEOM    SYMINP    ZMAT    AOBASIS   BASIS     P2S    ABASIS      S 
                                         1400     1410     1420     1200     1210     1080     1600     1650     1300     1700   
                                           T        V       ECP      H0       H01     AOSYM     SMH    MOLCAS    ERIS     OPER   
                                         1800   
                                         GRID   

              2       7        5.95       200      700     1000      520     1800     2200     4202   
                                        OPTIONS   GEOM     BASIS   MCVARS    GRID      UKS      UKS  

 PROGRAMS   *        TOTAL       UKS       POP       UKS       INT
 CPU TIMES  *         2.11      0.75      0.00      0.56      0.65
 REAL TIME  *        12.85 SEC
 DISK USED  *        62.97 MB      
 **********************************************************************************************************************************

1PROGRAM * POP (Mulliken population analysis)

 
 Density matrix read from record         4202.2  Type=UKS/CHARGE (state 1.4)
 
  Individual basis function populations

 Symmetry no. 1

     1 1s     1 1s     1 1s     1 1s     1 1s     1 1s     1 1s     1 1s     1 1s     1 3d0  
   0.00458  0.01471 -0.25931  0.79437  1.22074  0.21533  0.01367 -0.00489  0.00128  0.05271

     1 3d2+   1 3d0    1 3d2+   1 3d0    1 3d2+   1 3d0    1 3d2+   1 3d0    1 3d2+   1 3d0  
   0.05468  0.10667  0.11011  0.30367  0.31240  0.28590  0.29043  0.21335  0.20351  0.03657

     1 3d2+   1 3d0    1 3d2+   1 5g0    1 5g4+   1 5g2+   1 5g0    1 5g4+   1 5g2+ 
   0.02850  0.00065  0.00038  0.00000  0.00001  0.00000  0.00000  0.00000  0.00000
  

 Symmetry no. 2

     1 2px    1 2px    1 2px    1 2px    1 2px    1 2px    1 2px    1 2px    1 4f1+   1 4f3+ 
  -0.00541 -0.18620  0.22431  0.51912  0.94743  0.44467  0.05975 -0.00377  0.00002  0.00004

     1 4f1+   1 4f3+   1 4f1+   1 4f3+   1 6h1+   1 6h3+   1 6h5+ 
   0.00002  0.00002  0.00000  0.00001  0.00000  0.00000  0.00000
  

 Symmetry no. 3

     1 2py    1 2py    1 2py    1 2py    1 2py    1 2py    1 2py    1 2py    1 4f1-   1 4f3- 
  -0.00541 -0.18620  0.22431  0.51912  0.94743  0.44467  0.05975 -0.00377  0.00002  0.00004

     1 4f1-   1 4f3-   1 4f1-   1 4f3-   1 6h1-   1 6h3-   1 6h5- 
   0.00002  0.00002  0.00000  0.00001  0.00000  0.00000  0.00000
  

 Symmetry no. 4

     1 3d2-   1 3d2-   1 3d2-   1 3d2-   1 3d2-   1 3d2-   1 3d2-   1 5g2-   1 5g4-   1 5g2- 
   0.00000  0.00000  0.00000  0.00000  0.00000  0.00000  0.00000  0.00000  0.00000  0.00000

     1 5g4- 
   0.00000
  

 Symmetry no. 5

     1 2pz    1 2pz    1 2pz    1 2pz    1 2pz    1 2pz    1 2pz    1 2pz    1 4f0    1 4f2+ 
  -0.00545 -0.18532  0.22392  0.51788  0.94020  0.44963  0.06291 -0.00382  0.00002  0.00000

     1 4f0    1 4f2+   1 4f0    1 4f2+   1 6h2+   1 6h4+   1 6h0  
   0.00002  0.00000  0.00000  0.00000  0.00000  0.00000  0.00000
  

 Symmetry no. 6

     1 3d1+   1 3d1+   1 3d1+   1 3d1+   1 3d1+   1 3d1+   1 3d1+   1 5g1+   1 5g3+   1 5g1+ 
   0.05332  0.10771  0.30625  0.28740  0.21062  0.03417  0.00054  0.00000  0.00000  0.00000

     1 5g3+ 
   0.00000
  

 Symmetry no. 7

     1 3d1-   1 3d1-   1 3d1-   1 3d1-   1 3d1-   1 3d1-   1 3d1-   1 5g1-   1 5g3-   1 5g1- 
   0.05332  0.10771  0.30625  0.28740  0.21062  0.03417  0.00054  0.00000  0.00000  0.00000

     1 5g3- 
   0.00000
  

 Symmetry no. 8

     1 4f2-   1 4f2-   1 4f2-   1 6h4-   1 6h2- 
   0.00000  0.00000  0.00000  0.00000  0.00000
  
 Population analysis by basis function type

 Unique atom        s        p        d        f        g    Total    Charge
   1  V       2.00047  5.99974  3.99951  0.00025  0.00002 12.00000  + 1.00000


 **********************************************************************************************************************************
 DATASETS  * FILE   NREC   LENGTH (MB)   RECORD NAMES
              1      21       22.27       500      610      700      900      950      970     1000      129      960     1100   
                                          VAR    BASINP    GEOM    SYMINP    ZMAT    AOBASIS   BASIS     P2S    ABASIS      S 
                                         1400     1410     1420     1200     1210     1080     1600     1650     1300     1700   
                                           T        V       ECP      H0       H01     AOSYM     SMH    MOLCAS    ERIS     OPER   
                                         1800   
                                         GRID   

              2       7        5.95       200      700     1000      520     1800     2200     4202   
                                        OPTIONS   GEOM     BASIS   MCVARS    GRID      UKS      UKS  

 PROGRAMS   *        TOTAL       POP       UKS       POP       UKS       INT
 CPU TIMES  *         2.11      0.00      0.75      0.00      0.56      0.65
 REAL TIME  *        13.56 SEC
 DISK USED  *        62.97 MB      
 **********************************************************************************************************************************
 SETTING SCF(2)         =         0.00000000  AU                              
 Output type csv         
                                                                                                                                                                                                                                                                

 ERROR IN MAKETAB: STRING COLUMN "CCSD" SPECIFIED AFTER DATA COLUMN(S)

        UKS-SCF         UKS-SCF 
    -71.06226301    -71.05178534
 **********************************************************************************************************************************
 Variable memory released
