
 Primary working directories    : /tmp/cmelton
 Secondary working directories  : /tmp/cmelton
 Wavefunction directory         : /remote/cmelton/wfu/
 Main file repository           : /tmp/cmelton/

 SHA1      : 4c1979699e6aeda0524d0210415ba82a958648b0
 NAME      : 2012.1.39
 ARCHNAME  : Linux/x86_64
 FC        : /projects/sems/install/rhel6-x86_64/sems/compiler/intel/16.0.1/base/bin/ifort
 FCVERSION : 16.0.1
 BLASLIB   : -L/projects/sems/install/rhel6-x86_64/sems/compiler/intel/16.0.1/base/compilers_and_libraries_2016.1.150/linux/mkl/lib/intel64 -lmkl_intel_ilp64 -lmkl_sequential -lmkl_core
 id        : sandiacon

 Nodes           nprocs
 breve.sandia.gov    1

 Using customized tuning parameters: mindgm=7; mindgv=16; mindgc=1; mindgr=1; noblas=0; minvec=7
 default implementation of scratch files=df  

 ***,Calculation for Be atom, singlet and triplet
 memory,512,m
 geometry={
 1
 Fe
 Fe  0.0 0.0 0.0
 }
 
 basis={
 Including file /remote/cmelton/data/corrECP/Fe/ae/dkh/basis/aug-cc-pwCV5Z-dk.basis
 }
 
 set,dkroll=1,dkho=10,dkhp=4
 
 Including file /remote/cmelton/data/corrECP/Fe/ae/dkh/basis/states.proc
 Including file /remote/cmelton/data/corrECP/Fe/ae/dkh/basis/aug-cc-pwCVTZ-dk.basis
 Including file /remote/cmelton/data/corrECP/Fe/ae/dkh/basis/aug-cc-pwCVQZ-dk.basis
 
 do i=4,4
 if (i.eq.1) then
     Is2d6
 else if (i.eq.2) then
     Is1d7
 else if (i.eq.3) then
     Id8
 else if (i.eq.4) then
     IIs1d6
 else if (i.eq.5) then
     IId7
 else if (i.eq.6) then
     IX
 else if (i.eq.7) then
     XV
 else if (i.eq.8) then
     As2d7
 else if (i.eq.9) then
     IIId6
 else if (i.eq.10) then
     IVd5
 else if (i.eq.11) then
     Vd4
 else if (i.eq.12) then
     VId3
 else if (i.eq.13) then
     VIId2
 else if (i.eq.14) then
     VIIId1
 endif
     scf(i)=energy
     _CC_NORM_MAX=2.0
     {rccsd(t),maxit=100;core}
     ccsd(i)=energy
 enddo
 
 table,scf,ccsd
 save
 type,csv

 Variables initialized (782), CPU time= 0.00 sec
 Commands  initialized (547), CPU time= 0.01 sec, 517 directives.
 Default parameters read. Elapsed time= 0.26 sec

 Checking input...
 Passed
1


                                         ***  PROGRAM SYSTEM MOLPRO  ***
                         Copyright, University College Cardiff Consultants Limited, 2008

                                    Version 2012.1 linked Aug  2 2016 14:07:26


 **********************************************************************************************************************************
 LABEL *   Calculation for Be atom, singlet and triplet                                  
 Linux-3.10.0-693.11.6.el7.x86_64/breve.sandia.gov(x86_64) 64 bit serial version         DATE: 10-Jan-18          TIME: 15:00:11  
 **********************************************************************************************************************************

 SHA1:             4c1979699e6aeda0524d0210415ba82a958648b0
 **********************************************************************************************************************************

Geometry recognized as XYZ


 Variable memory set to  512000000 words,  buffer space   230000 words

 SETTING BASIS          =    USERDEF
 SETTING DKROLL         =         1.00000000                                  
 SETTING DKHO           =        10.00000000                                  
 SETTING DKHP           =         4.00000000                                  

 DO I                   =         4.00000000   

 Running procedure=IIS1D6


 Recomputing integrals since basis changed


 Using spherical harmonics


1PROGRAM * SEWARD (Integral evaluation for generally contracted gaussian basis sets)     Author: Roland Lindh, 1990

 Geometry written to block  1 of record 700

 Orientation using atomic masses  
 Molecule type: Atom
 Symmetry elements: X,Y,Z
 Rotational constants:       0.0000000      0.0000000      0.0000000 GHz  (calculated with average atomic masses)

 Point group  D2h 



 ATOMIC COORDINATES

 NR  ATOM    CHARGE       X              Y              Z

   1  FE     26.00    0.000000000    0.000000000    0.000000000

 NUCLEAR CHARGE:                   26
 NUMBER OF PRIMITIVE AOS:         464
 NUMBER OF SYMMETRY AOS:          331
 NUMBER OF CONTRACTIONS:          331   (  83Ag  +  47B3u +  47B2u +  31B1g +  47B1u +  31B2g +  31B3g +  14Au  )
 NUMBER OF CORE ORBITALS:           9   (   3Ag  +   2B3u +   2B2u +   0B1g +   2B1u +   0B2g +   0B3g +   0Au  )
 NUMBER OF VALENCE ORBITALS:        6   (   3Ag  +   0B3u +   0B2u +   1B1g +   0B1u +   1B2g +   1B3g +   0Au  )


 NUCLEAR REPULSION ENERGY    0.00000000

 One-electron integrals computed with SEWARD

 10nd-order Douglas-Kroll-Hess method activated. McWeeny DKH parametrization is used.

 Computing Douglas-Kroll integrals

 AO integral compression algorithm  1   Integral accuracy      1.0D-11

     669.254 MB (compressed) written to integral file ( 30.3%)


 NUMBER OF SORTED TWO-ELECTRON INTEGRALS:  193685691.     BUFFER LENGTH:  32768
 NUMBER OF SEGMENTS:   7  SEGMENT LENGTH:   31998522      RECORD LENGTH: 524288

 Memory used in sort:      32.56 MW

 SORT1 READ   276391819. AND WROTE    95319574. INTEGRALS IN    276 RECORDS. CPU TIME:     5.72 SEC, REAL TIME:     6.52 SEC
 SORT2 READ    95319574. AND WROTE   193685691. INTEGRALS IN   2553 RECORDS. CPU TIME:     2.25 SEC, REAL TIME:     2.73 SEC

 FILE SIZES:   FILE 1:   679.9 MBYTE,  FILE 4:  1157.7 MBYTE,   TOTAL:   1837.5 MBYTE

 OPERATOR DM      FOR CENTER  0  COORDINATES:    0.000000    0.000000    0.000000

 EXTRA SYMMETRY OF AOS IN SYMMETRY 1:   1 1 1 1 1 1 1 1 1 1   1 1 1 1 1 1 1 1 1 1   1 1 1 1 1 1 1 1 1 1   2 3 2 3 2 3 2 3 2 3
                                        2 3 2 3 2 3 2 3 2 3   2 3 2 3 2 3 2 3 2 3   4 5 6 4 5 6 4 5 6 4   5 6 4 5 6 7 8 910 7
                                        8 910
 EXTRA SYMMETRY OF AOS IN SYMMETRY 2:   1 1 1 1 1 1 1 1 1 1   1 1 1 1 1 1 1 1 1 1   1 1 1 2 3 2 3 2 3 2   3 2 3 2 3 4 5 6 4 5
                                        6 4 5 6 4 5 6
 EXTRA SYMMETRY OF AOS IN SYMMETRY 3:   1 1 1 1 1 1 1 1 1 1   1 1 1 1 1 1 1 1 1 1   1 1 1 2 3 2 3 2 3 2   3 2 3 2 3 4 5 6 4 5
                                        6 4 5 6 4 5 6
 EXTRA SYMMETRY OF AOS IN SYMMETRY 4:   1 1 1 1 1 1 1 1 1 1   1 1 1 1 1 2 3 2 3 2   3 2 3 2 3 4 5 6 4 5   6
 EXTRA SYMMETRY OF AOS IN SYMMETRY 5:   1 1 1 1 1 1 1 1 1 1   1 1 1 1 1 1 1 1 1 1   1 1 1 2 3 2 3 2 3 2   3 2 3 2 3 4 5 6 4 5
                                        6 4 5 6 4 5 6
 EXTRA SYMMETRY OF AOS IN SYMMETRY 6:   1 1 1 1 1 1 1 1 1 1   1 1 1 1 1 2 3 2 3 2   3 2 3 2 3 4 5 6 4 5   6
 EXTRA SYMMETRY OF AOS IN SYMMETRY 7:   1 1 1 1 1 1 1 1 1 1   1 1 1 1 1 2 3 2 3 2   3 2 3 2 3 4 5 6 4 5   6
 EXTRA SYMMETRY OF AOS IN SYMMETRY 8:   1 1 1 1 1 1 2 3 2 3   2 3 2 3

 Eigenvalues of metric

         1 0.306E-06 0.642E-05 0.642E-05 0.350E-04 0.111E-03 0.278E-03 0.471E-03 0.471E-03
         2 0.608E-07 0.929E-06 0.225E-03 0.817E-03 0.228E-02 0.521E-02 0.118E-01 0.197E-01
         3 0.608E-07 0.929E-06 0.225E-03 0.817E-03 0.228E-02 0.521E-02 0.118E-01 0.197E-01
         4 0.642E-05 0.471E-03 0.669E-02 0.209E-01 0.496E-01 0.914E-01 0.914E-01 0.971E-01
         5 0.608E-07 0.929E-06 0.225E-03 0.817E-03 0.228E-02 0.521E-02 0.118E-01 0.197E-01
         6 0.642E-05 0.471E-03 0.669E-02 0.209E-01 0.496E-01 0.914E-01 0.914E-01 0.971E-01
         7 0.642E-05 0.471E-03 0.669E-02 0.209E-01 0.496E-01 0.914E-01 0.914E-01 0.971E-01
         8 0.685E-01 0.198E+00 0.198E+00 0.243E+00 0.507E+00 0.543E+00 0.543E+00 0.104E+01


 **********************************************************************************************************************************
 DATASETS  * FILE   NREC   LENGTH (MB)   RECORD NAMES
              1      23      413.70       500      610      700      900      950      970     1000      129      960     1700   
                                          VAR    BASINP    GEOM    SYMINP    ZMAT    AOBASIS   BASIS     P2S    ABASIS    OPER   
                                         1101     1401     1411     1412     1650     1100     1400     1410     1200     1210   
                                          SR      EKINR    POTR     PVPR    MOLCAS      S      EKIN      POT      H0       H01  
                                         1300     1080     1600   
                                         ERIS     AOSYM     SMH  

 PROGRAMS   *        TOTAL       INT
 CPU TIMES  *        78.99     78.77
 REAL TIME  *        82.08 SEC
 DISK USED  *         1.84 GB      
 **********************************************************************************************************************************

1PROGRAM * RHF-SCF (OPEN SHELL)       Authors: W. Meyer, H.-J. Werner


 NUMBER OF ELECTRONS:      15+   10-    SPACE SYMMETRY=1    SPIN SYMMETRY: Sextet  
 CONVERGENCE THRESHOLDS:    1.00E-05 (Density)    1.00E-07 (Energy)
 MAX. NUMBER OF ITERATIONS:       60
 INTERPOLATION TYPE:            DIIS
 INTERPOLATION STEPS:              2 (START)      1 (STEP)
 LEVEL SHIFTS:                 -0.30 (CLOSED)  0.00 (OPEN) 


 Singly occupied orbitals:      5.1       6.1       1.4       1.6       1.7
 
 Extra symmetries of mos in symmetry 1:   1   1   1   3   2   1
 Orbital guess generated from atomic densities. Full valence occupancy:    6   2   2   1   2   1   1   0


 Molecular orbital dump at record        4202.2

 ITERATION    DDIFF          GRAD             ENERGY        2-EL.EN.            DIPOLE MOMENTS         DIIS   ORB.
    1      0.000D+00      0.000D+00     -1271.09351270    948.545432    0.00000    0.00000    0.00000    0    start
    2      0.000D+00      0.108D-01     -1271.13190334    956.093572    0.00000    0.00000    0.00000    1    diag,B
    3      0.260D-02      0.346D-02     -1271.13509675    953.014030    0.00000    0.00000    0.00000    2    diag,B
    4      0.113D-02      0.131D-02     -1271.13568817    954.505499    0.00000    0.00000    0.00000    3    diag,B
    5      0.298D-03      0.466D-03     -1271.13578150    954.293960    0.00000    0.00000    0.00000    4    diag,B
    6      0.274D-03      0.394D-04     -1271.13578376    954.292939    0.00000    0.00000    0.00000    5    diag,B
    7      0.530D-04      0.850D-05     -1271.13578394    954.292614    0.00000    0.00000    0.00000    6    fixocc
    8      0.868D-05      0.348D-05     -1271.13578402    954.292651    0.00000    0.00000    0.00000    7    diag,B
    9      0.138D-05      0.315D-05     -1271.13578442    954.292463    0.00000    0.00000    0.00000    0    orth

 Final alpha occupancy:   6   2   2   1   2   1   1   0
 Final beta  occupancy:   4   2   2   0   2   0   0   0

 !RHF STATE 1.1 Energy              -1271.135784419605
 Nuclear energy                         0.00000000
 One-electron energy                -1748.28201582
 Two-electron energy                  477.14623140
 Virial quotient                       -0.95934207
 !RHF STATE 1.1 Dipole moment           0.00000000     0.00000000     0.00000000
 Dipole moment /Debye                   0.00000000     0.00000000     0.00000000

 ELECTRON ORBITALS
 =================


   Orb  Occ    Energy  Couls-En    Coefficients

                                   1 1s      1 1s      1 1s      1 1s      1 1s      1 1s      1 1s      1 1s      1 1s      1 1s   
                                   1 1s      1 1s      1 1s      1 1s      1 1s      1 1s      1 1s      1 1s      1 1s      1 1s   
                                   1 1s      1 1s      1 1s      1 1s      1 1s      1 1s      1 1s      1 1s      1 1s      1 1s   
                                   1 3d0     1 3d2+    1 3d0     1 3d2+    1 3d0     1 3d2+    1 3d0     1 3d2+    1 3d0     1 3d2+ 
                                   1 3d0     1 3d2+    1 3d0     1 3d2+    1 3d0     1 3d2+    1 3d0     1 3d2+    1 3d0     1 3d2+ 
                                   1 3d0     1 3d2+    1 3d0     1 3d2+    1 3d0     1 3d2+    1 3d0     1 3d2+    1 3d0     1 3d2+ 
                                   1 5g0     1 5g4+    1 5g2+    1 5g0     1 5g4+    1 5g2+    1 5g0     1 5g4+    1 5g2+    1 5g0  
                                   1 5g4+    1 5g2+    1 5g0     1 5g4+    1 5g2+    1 7i6+    1 7i4+    1 7i2+    1 7i0     1 7i6+ 
                                   1 7i4+    1 7i2+    1 7i0  

   1.1   2  -263.9920 -604.9368  0.000010  0.000025  0.000070  0.000166  0.000370  0.000784  0.001632  0.003393  0.007155  0.015310
                                 0.032823  0.068308  0.131927  0.221846  0.292921  0.254059  0.111153  0.016511  0.001524 -0.001518
                                -0.000315  0.000033 -0.000043  0.000006 -0.000005  0.000004 -0.000002  0.000001  0.001662 -0.000000
                                 0.000000 -0.000000  0.000002 -0.000001  0.000005 -0.000002  0.000001 -0.000001 -0.000000  0.000000
                                 0.000001 -0.000001 -0.000000 -0.000000 -0.000000  0.000000 -0.000000 -0.000000 -0.000000 -0.000000
                                -0.000000 -0.000000 -0.000000  0.000000 -0.000001  0.000001 -0.000001  0.000001  0.000000 -0.000000
                                 0.000000  0.000001 -0.000000 -0.000000 -0.000000  0.000000  0.000000  0.000000 -0.000000 -0.000000
                                -0.000000  0.000000  0.000000  0.000000 -0.000000  0.000000 -0.000000  0.000000 -0.000000  0.000000
                                 0.000000 -0.000000  0.000000

   2.1   2   -32.7398 -116.3690 -0.000003 -0.000008 -0.000022 -0.000051 -0.000114 -0.000242 -0.000505 -0.001053 -0.002232 -0.004820
                                -0.010507 -0.022534 -0.046115 -0.086237 -0.138332 -0.160879 -0.068440  0.190747  0.469029  0.407573
                                 0.114145  0.008578  0.001973  0.000082  0.000183  0.000048  0.000111 -0.000023 -0.014145  0.000006
                                 0.000000 -0.000000  0.000002 -0.000001  0.000009 -0.000005  0.000082 -0.000042  0.000298 -0.000147
                                 0.000308 -0.000166 -0.000053 -0.000018 -0.000099 -0.000003 -0.000064 -0.000013 -0.000035 -0.000007
                                -0.000005 -0.000002  0.000000  0.000000 -0.000113  0.000051 -0.000140  0.000063  0.000000 -0.000000
                                 0.000005  0.000023 -0.000007  0.000016  0.000075 -0.000021  0.000004  0.000018 -0.000005  0.000001
                                 0.000008 -0.000002 -0.000000 -0.000001  0.000000  0.000000  0.000000 -0.000000  0.000000  0.000000
                                 0.000000 -0.000000  0.000000

   3.1   2    -4.5505  -36.6980  0.000001  0.000003  0.000008  0.000019  0.000042  0.000090  0.000187  0.000391  0.000829  0.001792
                                 0.003913  0.008427  0.017353  0.032907  0.054055  0.065658  0.029109 -0.093420 -0.301173 -0.383137
                                -0.024149  0.460700  0.571097  0.218380  0.010194 -0.001908  0.001361 -0.000313  0.016960  0.000073
                                -0.000000 -0.000001 -0.000002 -0.000005 -0.000009 -0.000029 -0.000071 -0.000091 -0.000243 -0.000231
                                 0.000566 -0.000956  0.001329 -0.001664  0.000491 -0.001451 -0.001425 -0.000445 -0.001015 -0.000146
                                -0.000157 -0.000045  0.000001  0.000002 -0.000333  0.000143 -0.000426  0.000184 -0.000000 -0.000001
                                 0.000034  0.000161 -0.000046  0.000003  0.000009 -0.000005  0.000111  0.000533 -0.000153  0.000084
                                 0.000433 -0.000122  0.000001  0.000013 -0.000003  0.000001 -0.000000  0.000000 -0.000000  0.000001
                                 0.000001 -0.000001  0.000001

   4.1   2    -0.8455  -25.3636  0.000000  0.000000  0.000000  0.000000  0.000000  0.000000  0.000001  0.000001  0.000003  0.000006
                                 0.000013  0.000028  0.000058  0.000110  0.000181  0.000222  0.000096 -0.000317 -0.001090 -0.001137
                                 0.000101  0.001665  0.002185  0.000649 -0.000439  0.000257  0.000131  0.000022 -0.000201 -0.000005
                                -0.000034  0.000160 -0.000312  0.001453 -0.001719  0.008016 -0.006369  0.029698 -0.017607  0.082092
                                -0.036526  0.170326 -0.055420  0.258448 -0.063792  0.297462 -0.057793  0.269380 -0.036508  0.170018
                                -0.009522  0.044274  0.000030 -0.000140 -0.000182  0.000842 -0.000186  0.000861 -0.000075  0.000350
                                -0.000076 -0.000117  0.000187 -0.000152 -0.000233  0.000373 -0.000400 -0.000610  0.000982 -0.000375
                                -0.000573  0.000920 -0.000069 -0.000106  0.000168 -0.000183  0.000050 -0.000038  0.000020 -0.000450
                                 0.000122 -0.000091  0.000049

   5.1   +    -1.0058  -26.0845  0.000000  0.000000  0.000000  0.000000  0.000000  0.000000  0.000000  0.000000  0.000000  0.000001
                                 0.000002  0.000005  0.000010  0.000018  0.000030  0.000033  0.000019 -0.000049 -0.000080 -0.000552
                                -0.000419  0.000337  0.000474  0.000093  0.000922  0.000158  0.000040 -0.000027  0.000374  0.000007
                                 0.000164  0.000035  0.001490  0.000320  0.008224  0.001764  0.030428  0.006529  0.084156  0.018057
                                 0.176788  0.037926  0.268665  0.057641  0.306684  0.065791  0.265766  0.057001  0.146940  0.031496
                                 0.028251  0.006049 -0.000528 -0.000113  0.000050  0.000015 -0.000228 -0.000043  0.000244  0.000052
                                 0.000413  0.000171 -0.000028  0.000780  0.000410 -0.000036  0.002012  0.000881 -0.000119  0.001860
                                 0.000574 -0.000147  0.000347 -0.000020 -0.000048 -0.000084 -0.000147  0.000076 -0.000072 -0.000194
                                -0.000330  0.000171 -0.000158

   6.1   +    -0.5673  -11.2500 -0.000000 -0.000001 -0.000002 -0.000005 -0.000011 -0.000024 -0.000049 -0.000103 -0.000218 -0.000473
                                -0.001030 -0.002225 -0.004570 -0.008720 -0.014283 -0.017637 -0.007509  0.024698  0.088205  0.088529
                                -0.008872 -0.157768 -0.281185 -0.214845  0.282468  0.643606  0.287310 -0.008942  0.026372  0.003583
                                -0.000002  0.000001 -0.000017  0.000007 -0.000097  0.000040 -0.000349  0.000143 -0.000949  0.000388
                                -0.002421  0.001002 -0.003934  0.001631 -0.003569  0.001469  0.001208 -0.000541  0.008147 -0.003457
                                 0.007172 -0.003024  0.000929 -0.000388  0.000117 -0.000051  0.000140 -0.000061 -0.000042  0.000017
                                 0.000006  0.000046 -0.000011  0.000052  0.000287 -0.000076 -0.000050 -0.000190  0.000058 -0.000239
                                -0.001261  0.000339 -0.000117 -0.000754  0.000189 -0.000002  0.000002 -0.000001  0.000001  0.000006
                                -0.000007  0.000004 -0.000003

   7.1   0    -0.0892   -3.6219  0.000000  0.000000  0.000001  0.000001  0.000003  0.000007  0.000014  0.000029  0.000060  0.000131
                                 0.000282  0.000621  0.001248  0.002449  0.003857  0.005097  0.001546 -0.005463 -0.028842  0.019306
                                 0.021388  0.030431  0.095283  0.053999 -0.027780 -0.405195 -0.250388 -0.105257 -0.059714  1.293222
                                 0.000001 -0.000000  0.000005 -0.000002  0.000029 -0.000013  0.000105 -0.000045  0.000285 -0.000123
                                 0.000699 -0.000307  0.001152 -0.000497  0.001062 -0.000456 -0.000430  0.000169 -0.002672  0.001113
                                -0.002496  0.000967  0.000712 -0.000546 -0.000022  0.000013 -0.000020  0.000014  0.003376 -0.001743
                                -0.000001 -0.000013  0.000003 -0.000014 -0.000079  0.000021  0.000016  0.000061 -0.000018  0.000074
                                 0.000392 -0.000105  0.000005  0.000097 -0.000020  0.000001 -0.000001  0.000000 -0.000000 -0.000002
                                 0.000002 -0.000001  0.000001

   8.1   0    -0.0537   -3.4846  0.000000  0.000000  0.000000  0.000000  0.000000  0.000000  0.000000  0.000000  0.000001  0.000002
                                 0.000004  0.000009  0.000019  0.000035  0.000059  0.000070  0.000036 -0.000116 -0.000315 -0.000814
                                -0.000151  0.000760  0.000860  0.000839 -0.001063 -0.000097 -0.003269  0.000788  0.000443 -0.002323
                                -0.000009 -0.000002 -0.000100 -0.000022 -0.000476 -0.000106 -0.002113 -0.000469 -0.003403 -0.000758
                                 0.023159  0.005115 -0.002571 -0.000585 -0.027004 -0.005993 -0.004659 -0.001040 -0.020484 -0.004538
                                 0.086815  0.019199  0.098901  0.021877 -0.017747 -0.003928 -0.028266 -0.006255  0.876437  0.193927
                                -0.000022 -0.000011  0.000001 -0.000060 -0.000027  0.000004 -0.000081 -0.000046  0.000002 -0.000063
                                 0.000010  0.000009  0.000875  0.000123 -0.000099  0.000005  0.000009 -0.000005  0.000004  0.000003
                                 0.000005 -0.000002  0.000002

                                   1 2px     1 2px     1 2px     1 2px     1 2px     1 2px     1 2px     1 2px     1 2px     1 2px  
                                   1 2px     1 2px     1 2px     1 2px     1 2px     1 2px     1 2px     1 2px     1 2px     1 2px  
                                   1 2px     1 2px     1 2px     1 4f1+    1 4f3+    1 4f1+    1 4f3+    1 4f1+    1 4f3+    1 4f1+ 
                                   1 4f3+    1 4f1+    1 4f3+    1 4f1+    1 4f3+    1 6h1+    1 6h3+    1 6h5+    1 6h1+    1 6h3+ 
                                   1 6h5+    1 6h1+    1 6h3+    1 6h5+    1 6h1+    1 6h3+    1 6h5+ 

   1.2   2   -27.7986 -110.2126  0.000021  0.000065  0.000252  0.000860  0.002872  0.008846  0.025027  0.063138  0.135431  0.232016
                                 0.303468  0.270213  0.128412  0.018616  0.001936  0.000635  0.000096  0.000032 -0.000009  0.000004
                                -0.002681  0.006327 -0.000001  0.000207  0.000007 -0.000105  0.000225 -0.000039  0.000164 -0.000047
                                 0.000065  0.000000  0.000012 -0.000002 -0.000001 -0.000007  0.000009 -0.000024  0.000008 -0.000011
                                 0.000029 -0.000001  0.000002 -0.000004  0.000001 -0.000001  0.000003

   2.2   2    -3.0551  -33.1277 -0.000008 -0.000024 -0.000092 -0.000313 -0.001048 -0.003244 -0.009281 -0.023852 -0.052762 -0.093535
                                -0.129097 -0.105572  0.042039  0.252084  0.402051  0.319441  0.111115  0.007762 -0.000458  0.000210
                                -0.004505  0.019630 -0.000059 -0.000140  0.000371  0.000349  0.000795  0.000868  0.001493 -0.000237
                                 0.002626 -0.000479  0.001233  0.000030 -0.000082 -0.000014  0.000019 -0.000050 -0.000050  0.000070
                                -0.000186 -0.000007  0.000012 -0.000026  0.000015 -0.000020  0.000057

   3.2   0    -0.1699   -7.6108  0.000001  0.000004  0.000016  0.000054  0.000180  0.000558  0.001600  0.004110  0.009146  0.016189
                                 0.022773  0.013862 -0.012247 -0.013993 -0.080602 -0.080972 -0.003997  0.247839  0.521162  0.340867
                                 0.006119 -0.042461  0.025413 -0.000022  0.000019 -0.000249  0.000223 -0.000637  0.000565  0.000798
                                -0.000608  0.004284 -0.002802  0.004818 -0.002682  0.000013 -0.000017  0.000047  0.000023 -0.000031
                                 0.000085 -0.000029  0.000041 -0.000118 -0.000147  0.000212 -0.000608

   4.2   0    -0.0589   -3.0806 -0.000001 -0.000002 -0.000007 -0.000024 -0.000074 -0.000250 -0.000652 -0.001858 -0.003630 -0.007847
                                -0.005985 -0.079520 -0.030269  0.503712  0.071058  0.010069  0.026050 -0.155131 -0.214434 -0.460941
                                 0.083838 -0.482858  1.307984  0.000009 -0.000008  0.000107 -0.000095  0.000263 -0.000236 -0.000369
                                 0.000289 -0.002021  0.001335 -0.001813  0.001016 -0.000005  0.000007 -0.000020 -0.000010  0.000013
                                -0.000037  0.000014 -0.000020  0.000058  0.000060 -0.000087  0.000252

                                   1 2py     1 2py     1 2py     1 2py     1 2py     1 2py     1 2py     1 2py     1 2py     1 2py  
                                   1 2py     1 2py     1 2py     1 2py     1 2py     1 2py     1 2py     1 2py     1 2py     1 2py  
                                   1 2py     1 2py     1 2py     1 4f1-    1 4f3-    1 4f1-    1 4f3-    1 4f1-    1 4f3-    1 4f1- 
                                   1 4f3-    1 4f1-    1 4f3-    1 4f1-    1 4f3-    1 6h1-    1 6h3-    1 6h5-    1 6h1-    1 6h3- 
                                   1 6h5-    1 6h1-    1 6h3-    1 6h5-    1 6h1-    1 6h3-    1 6h5- 

   1.3   2   -27.8062 -110.2201  0.000021  0.000065  0.000252  0.000860  0.002872  0.008845  0.025025  0.063132  0.135417  0.231988
                                 0.303455  0.270282  0.128479  0.018546  0.001851  0.000597  0.000078  0.000028 -0.000009  0.000004
                                -0.002662  0.006320 -0.000001  0.000196 -0.000213 -0.000014 -0.000172  0.000024 -0.000162 -0.000020
                                -0.000033  0.000005 -0.000015 -0.000002  0.000002 -0.000002  0.000002 -0.000024  0.000002 -0.000002
                                 0.000029 -0.000000  0.000000 -0.000004  0.000000 -0.000000  0.000003

   2.3   2    -3.0601  -33.1459 -0.000008 -0.000024 -0.000092 -0.000313 -0.001048 -0.003244 -0.009282 -0.023853 -0.052765 -0.093533
                                -0.129123 -0.105386  0.042015  0.250605  0.402916  0.319632  0.109673  0.007304 -0.000412  0.000188
                                -0.004847  0.021407 -0.000052  0.000007 -0.000318  0.000622 -0.001325  0.001368 -0.002695  0.000751
                                -0.002994  0.000009 -0.001038 -0.000003  0.000072 -0.000003  0.000003 -0.000050 -0.000012  0.000011
                                -0.000183  0.000000 -0.000003 -0.000019  0.000004 -0.000005  0.000059

   3.3   0    -0.1741   -7.7178  0.000001  0.000004  0.000016  0.000055  0.000185  0.000570  0.001637  0.004202  0.009354  0.016545
                                 0.023320  0.013538 -0.012828 -0.009533 -0.082477 -0.083393 -0.001407  0.259740  0.526857  0.325711
                                 0.007039 -0.048420  0.021207 -0.000014 -0.000001 -0.000153 -0.000028 -0.000395 -0.000067  0.000546
                                -0.000021  0.003039 -0.000754  0.003486 -0.001453  0.000003 -0.000004  0.000048  0.000006 -0.000007
                                 0.000088 -0.000008  0.000011 -0.000129 -0.000035  0.000046 -0.000631

   4.3   0    -0.0596   -3.0824 -0.000001 -0.000002 -0.000007 -0.000024 -0.000074 -0.000249 -0.000654 -0.001855 -0.003648 -0.007809
                                -0.006185 -0.075861 -0.028490  0.478741  0.069457  0.011554  0.023693 -0.156827 -0.217890 -0.431005
                                 0.079513 -0.457595  1.294117  0.000005  0.000001  0.000064  0.000011  0.000158  0.000031 -0.000244
                                -0.000002 -0.001400  0.000339 -0.001265  0.000491 -0.000001  0.000002 -0.000020 -0.000003  0.000003
                                -0.000038  0.000004 -0.000005  0.000062  0.000014 -0.000019  0.000256

                                   1 3d2-    1 3d2-    1 3d2-    1 3d2-    1 3d2-    1 3d2-    1 3d2-    1 3d2-    1 3d2-    1 3d2- 
                                   1 3d2-    1 3d2-    1 3d2-    1 3d2-    1 3d2-    1 5g2-    1 5g4-    1 5g2-    1 5g4-    1 5g2- 
                                   1 5g4-    1 5g2-    1 5g4-    1 5g2-    1 5g4-    1 7i2-    1 7i6-    1 7i4-    1 7i2-    1 7i6- 
                                   1 7i4- 

   1.4   +    -0.9651  -25.9120  0.000167  0.001515  0.008360  0.030941  0.085555  0.179362  0.272460  0.311394  0.272614  0.156278
                                 0.032647 -0.000534  0.000153 -0.000082  0.000288  0.000273 -0.000232  0.000515 -0.000453  0.001342
                                -0.001143  0.001271 -0.001034  0.000258 -0.000183 -0.000026 -0.000390  0.000071 -0.000058 -0.000892
                                 0.000160

   2.4   0    -0.0529   -3.4527 -0.000009 -0.000102 -0.000481 -0.002151 -0.003365  0.024991 -0.001961 -0.027739 -0.004487 -0.022941
                                 0.085715  0.088901 -0.018767 -0.029888  0.908816 -0.000015  0.000013 -0.000039  0.000034 -0.000055
                                 0.000049 -0.000049  0.000037  0.000561 -0.000430  0.000002  0.000024 -0.000004  0.000001  0.000015
                                -0.000003

   3.4   0     0.0324   -4.3406 -0.000028 -0.000154 -0.001350 -0.002782 -0.023317 -0.241427 -0.125444  0.013554 -0.104438  0.125393
                                -0.175385  1.502177  0.112622  0.179785 -1.123689 -0.000031  0.000027 -0.000080  0.000069 -0.000119
                                 0.000105 -0.000062  0.000044  0.001234 -0.000947  0.000003  0.000049 -0.000009  0.000002  0.000022
                                -0.000004

                                   1 2pz     1 2pz     1 2pz     1 2pz     1 2pz     1 2pz     1 2pz     1 2pz     1 2pz     1 2pz  
                                   1 2pz     1 2pz     1 2pz     1 2pz     1 2pz     1 2pz     1 2pz     1 2pz     1 2pz     1 2pz  
                                   1 2pz     1 2pz     1 2pz     1 4f0     1 4f2+    1 4f0     1 4f2+    1 4f0     1 4f2+    1 4f0  
                                   1 4f2+    1 4f0     1 4f2+    1 4f0     1 4f2+    1 6h2+    1 6h4+    1 6h0     1 6h2+    1 6h4+ 
                                   1 6h0     1 6h2+    1 6h4+    1 6h0     1 6h2+    1 6h4+    1 6h0  

   1.5   2   -27.8171 -110.2307  0.000021  0.000065  0.000252  0.000860  0.002871  0.008844  0.025022  0.063124  0.135398  0.231948
                                 0.303436  0.270381  0.128574  0.018442  0.001729  0.000541  0.000053  0.000023 -0.000008  0.000004
                                -0.002633  0.006313 -0.000001  0.000291 -0.000118  0.000007 -0.000039  0.000056 -0.000049 -0.000021
                                -0.000002  0.000009 -0.000005 -0.000003  0.000001  0.000006 -0.000015 -0.000005 -0.000008  0.000018
                                 0.000007  0.000001 -0.000003 -0.000001 -0.000001  0.000002  0.000001

   2.5   2    -3.0667  -33.1718 -0.000008 -0.000024 -0.000092 -0.000313 -0.001048 -0.003244 -0.009283 -0.023855 -0.052771 -0.093533
                                -0.129161 -0.105149  0.041968  0.248711  0.404191  0.319885  0.107615  0.006664 -0.000346  0.000156
                                -0.005303  0.023734 -0.000042  0.000058 -0.000084  0.001026 -0.000540  0.002223 -0.001132  0.001448
                                -0.001007  0.000169 -0.000266 -0.000014  0.000019  0.000013 -0.000032 -0.000011  0.000048 -0.000116
                                -0.000038  0.000003 -0.000012 -0.000001 -0.000016  0.000037  0.000014

   3.5   0    -0.1806   -7.8738  0.000001  0.000004  0.000017  0.000057  0.000191  0.000588  0.001690  0.004335  0.009658  0.017064
                                 0.024122  0.013016 -0.013699 -0.002654 -0.085232 -0.086967  0.002690  0.277447  0.533722  0.303549
                                 0.008443 -0.057506  0.015908 -0.000019  0.000004 -0.000203  0.000044 -0.000526  0.000113  0.000767
                                -0.000186  0.004246 -0.001192  0.004756 -0.001475 -0.000013  0.000031  0.000011 -0.000025  0.000057
                                 0.000020  0.000037 -0.000087 -0.000029  0.000168 -0.000405 -0.000129

   4.5   0    -0.0605   -3.0862 -0.000001 -0.000002 -0.000007 -0.000024 -0.000075 -0.000249 -0.000657 -0.001850 -0.003674 -0.007755
                                -0.006467 -0.070683 -0.025975  0.443383  0.067200  0.013660  0.020243 -0.159354 -0.222131 -0.388339
                                 0.073394 -0.421824  1.273778  0.000007 -0.000002  0.000083 -0.000018  0.000204 -0.000043 -0.000332
                                 0.000077 -0.001899  0.000533 -0.001624  0.000488  0.000005 -0.000013 -0.000004  0.000010 -0.000024
                                -0.000008 -0.000017  0.000041  0.000014 -0.000066  0.000159  0.000050

                                   1 3d1+    1 3d1+    1 3d1+    1 3d1+    1 3d1+    1 3d1+    1 3d1+    1 3d1+    1 3d1+    1 3d1+ 
                                   1 3d1+    1 3d1+    1 3d1+    1 3d1+    1 3d1+    1 5g1+    1 5g3+    1 5g1+    1 5g3+    1 5g1+ 
                                   1 5g3+    1 5g1+    1 5g3+    1 5g1+    1 5g3+    1 7i5+    1 7i3+    1 7i1+    1 7i5+    1 7i3+ 
                                   1 7i1+ 

   1.6   +    -0.9866  -26.0045  0.000167  0.001520  0.008388  0.031038  0.085834  0.180146  0.273706  0.312612  0.272202  0.153057
                                 0.030591 -0.000543  0.000096 -0.000167  0.000268  0.000507 -0.000251  0.000984 -0.000522  0.002497
                                -0.001257  0.002262 -0.001046  0.000398 -0.000132 -0.000226  0.000129 -0.000109 -0.000511  0.000289
                                -0.000241

   2.6   0    -0.0533   -3.4695 -0.000009 -0.000102 -0.000484 -0.002158 -0.003429  0.024316 -0.002320 -0.027698 -0.004633 -0.021889
                                 0.087419  0.095461 -0.018454 -0.029391  0.902917 -0.000027  0.000014 -0.000073  0.000037 -0.000105
                                 0.000057 -0.000075  0.000025  0.000984 -0.000394  0.000014 -0.000008  0.000007  0.000008 -0.000004
                                 0.000004

   3.6   0     0.0314   -4.3416 -0.000028 -0.000154 -0.001344 -0.002783 -0.023138 -0.238803 -0.124302  0.013072 -0.103201  0.125494
                                -0.167325  1.493504  0.111297  0.177675 -1.126153 -0.000059  0.000030 -0.000148  0.000075 -0.000224
                                 0.000120 -0.000081  0.000020  0.002139 -0.000862  0.000028 -0.000016  0.000014  0.000011 -0.000006
                                 0.000005

                                   1 3d1-    1 3d1-    1 3d1-    1 3d1-    1 3d1-    1 3d1-    1 3d1-    1 3d1-    1 3d1-    1 3d1- 
                                   1 3d1-    1 3d1-    1 3d1-    1 3d1-    1 3d1-    1 5g1-    1 5g3-    1 5g1-    1 5g3-    1 5g1- 
                                   1 5g3-    1 5g1-    1 5g3-    1 5g1-    1 5g3-    1 7i5-    1 7i3-    1 7i1-    1 7i5-    1 7i3- 
                                   1 7i1- 

   1.7   +    -1.0015  -26.0680  0.000168  0.001523  0.008406  0.031104  0.086025  0.180672  0.274558  0.313442  0.271891  0.150853
                                 0.029241 -0.000542  0.000066 -0.000213  0.000253  0.000344  0.000027  0.000652  0.000119  0.001682
                                 0.000179  0.001556 -0.000012  0.000291 -0.000099 -0.000228  0.000028 -0.000029 -0.000517  0.000064
                                -0.000061

   2.7   0    -0.0536   -3.4817 -0.000010 -0.000103 -0.000487 -0.002165 -0.003479  0.023826 -0.002587 -0.027679 -0.004747 -0.021147
                                 0.088630  0.100179 -0.018231 -0.029035  0.898653 -0.000018 -0.000002 -0.000050 -0.000005 -0.000069
                                -0.000016 -0.000053  0.000021  0.000722 -0.000130  0.000014 -0.000002  0.000002  0.000007 -0.000001
                                 0.000001

   3.7   0     0.0306   -4.3422 -0.000028 -0.000154 -0.001339 -0.002786 -0.023016 -0.236962 -0.123509  0.012721 -0.102341  0.125543
                                -0.161699  1.487372  0.110363  0.176187 -1.127948 -0.000039 -0.000005 -0.000099 -0.000011 -0.000146
                                -0.000030 -0.000057  0.000040  0.001553 -0.000269  0.000028 -0.000003  0.000004  0.000010 -0.000001
                                 0.000001

                                   1 4f2-    1 4f2-    1 4f2-    1 4f2-    1 4f2-    1 4f2-    1 6h4-    1 6h2-    1 6h4-    1 6h2- 
                                   1 6h4-    1 6h2-    1 6h4-    1 6h2- 

   1.8   0     0.2114   -5.3055 -0.001088  0.005842 -0.012720  0.043776 -0.094473  1.043409  0.000004 -0.000008 -0.000018  0.000040
                                 0.000026 -0.000055 -0.000309  0.000682

   2.8   0     0.9940   -7.8290  0.006502 -0.014744  0.083781 -0.098243  1.219761 -0.575135  0.000005 -0.000010 -0.000062  0.000137
                                -0.000091  0.000208 -0.001504  0.003330

 HOMO      6.1    -0.567260 =     -15.4359eV
 LUMO      3.5    -0.180592 =      -4.9142eV
 LUMO-HOMO         0.386667 =      10.5218eV


 **********************************************************************************************************************************
 DATASETS  * FILE   NREC   LENGTH (MB)   RECORD NAMES
              1      23      413.70       500      610      700      900      950      970     1000      129      960     1700   
                                          VAR    BASINP    GEOM    SYMINP    ZMAT    AOBASIS   BASIS     P2S    ABASIS    OPER   
                                         1101     1401     1411     1412     1650     1100     1400     1410     1200     1210   
                                          SR      EKINR    POTR     PVPR    MOLCAS      S      EKIN      POT      H0       H01  
                                         1300     1080     1600   
                                         ERIS     AOSYM     SMH  

              2       5        5.87       200      700     1000      520     4202   
                                        OPTIONS   GEOM     BASIS   MCVARS     RHF  

 PROGRAMS   *        TOTAL       RHF       INT
 CPU TIMES  *        82.52      3.53     78.77
 REAL TIME  *        85.92 SEC
 DISK USED  *         1.84 GB      
 **********************************************************************************************************************************

1PROGRAM * POP (Mulliken population analysis)

 
 Density matrix read from record         4202.2  Type=RHF/CHARGE (state 1.1)
 
 Population analysis by basis function type

 Unique atom        s        p        d        f        g    Total    Charge
   1  FE      6.99966 11.99981  6.00024  0.00019  0.00009 25.00000  + 1.00000


 **********************************************************************************************************************************
 DATASETS  * FILE   NREC   LENGTH (MB)   RECORD NAMES
              1      23      413.70       500      610      700      900      950      970     1000      129      960     1700   
                                          VAR    BASINP    GEOM    SYMINP    ZMAT    AOBASIS   BASIS     P2S    ABASIS    OPER   
                                         1101     1401     1411     1412     1650     1100     1400     1410     1200     1210   
                                          SR      EKINR    POTR     PVPR    MOLCAS      S      EKIN      POT      H0       H01  
                                         1300     1080     1600   
                                         ERIS     AOSYM     SMH  

              2       5        5.87       200      700     1000      520     4202   
                                        OPTIONS   GEOM     BASIS   MCVARS     RHF  

 PROGRAMS   *        TOTAL       POP       RHF       INT
 CPU TIMES  *        82.53      0.01      3.53     78.77
 REAL TIME  *        85.94 SEC
 DISK USED  *         1.84 GB      
 **********************************************************************************************************************************

1PROGRAM * MULTI (Direct Multiconfiguration SCF)       Authors: P.J. Knowles, H.-J. Werner (1984)     S.T. Elbert (1988)


 Number of closed-shell orbitals:   9 (   3   2   2   0   2   0   0   0 )
 Number of active  orbitals:        6 (   3   0   0   1   0   1   1   0 )
 Number of external orbitals:     316 (  77  45  45  30  45  30  30  14 )

 State symmetry 1

 Orbital occupancy restrictions for symmetry 1
  1      1       002000                          

 Number of electrons:     7    Spin symmetry=Sextet    Space symmetry=1
 Number of states:        2
 Number of CSFs:          2

 State symmetry 2

 Orbital occupancy restrictions for symmetry 4
  1      1       002000                          

 Number of electrons:     7    Spin symmetry=Sextet    Space symmetry=4
 Number of states:        1
 Number of CSFs:          1

 State symmetry 3

 Orbital occupancy restrictions for symmetry 6
  1      1       002000                          

 Number of electrons:     7    Spin symmetry=Sextet    Space symmetry=6
 Number of states:        1
 Number of CSFs:          1

 State symmetry 4

 Orbital occupancy restrictions for symmetry 7
  1      1       002000                          

 Number of electrons:     7    Spin symmetry=Sextet    Space symmetry=7
 Number of states:        1
 Number of CSFs:          1
 
 Maximum number of shells:             2
 Maximum number of spin couplings:     6

 Storage for configuration lists      93, coupling coefficients    299, address lists    409

 Molecular orbitals read from record     4202.2  Type=RHF/CANONICAL (state 1.1)
 *** IN SYMMETRY 1 ORBITAL  1 SYMMETRY CONTAMINATION OF 0.187D-04 HAS BEEN REMOVED
 *** IN SYMMETRY 1 ORBITAL  2 SYMMETRY CONTAMINATION OF 0.109D-02 HAS BEEN REMOVED
 *** IN SYMMETRY 1 ORBITAL  3 SYMMETRY CONTAMINATION OF 0.570D-02 HAS BEEN REMOVED
 *** IN SYMMETRY 1 ORBITAL  4 SYMMETRY CONTAMINATION OF 0.184D+00 HAS BEEN REMOVED
 *** IN SYMMETRY 1 ORBITAL  5 SYMMETRY CONTAMINATION OF 0.183D+00 HAS BEEN REMOVED
 *** IN SYMMETRY 1 ORBITAL  6 SYMMETRY CONTAMINATION OF 0.203D-01 HAS BEEN REMOVED

 EXTRA SYMMETRY OF MOS IN SYMMETRY 1:   1 1 1 3 2 1 1 2 3 1   2 3 1 2 3 1 4 6 5 2   3 1 2 3 4 6 5 1 2 3   4 6 510 9 8 7 2 3 1
                                        4 6 5 2 3 1 4 6 5 2   310 9 8 7 1 2 3 1 2   3 1 2 3 1 2 3 1 2 3   1 1 1 1 1 1 1 1 1 1
                                        1 1 1
 *** IN SYMMETRY 2 ORBITAL  1 SYMMETRY CONTAMINATION OF 0.808D-03 HAS BEEN REMOVED
 *** IN SYMMETRY 2 ORBITAL  2 SYMMETRY CONTAMINATION OF 0.581D-02 HAS BEEN REMOVED
 EXTRA SYMMETRY OF MOS IN SYMMETRY 2:   1 1 1 1 1 2 3 1 2 3   1 4 5 6 2 3 1 2 3 4   5 6 1 1 2 3 4 5 6 1   2 3 4 5 6 1 1 1 1 1
                                        1 1 1 1 1 1 1
 *** IN SYMMETRY 3 ORBITAL  1 SYMMETRY CONTAMINATION OF 0.770D-03 HAS BEEN REMOVED
 *** IN SYMMETRY 3 ORBITAL  2 SYMMETRY CONTAMINATION OF 0.727D-02 HAS BEEN REMOVED
 EXTRA SYMMETRY OF MOS IN SYMMETRY 3:   1 1 1 1 1 2 3 1 2 3   1 4 5 6 2 3 1 2 3 4   5 6 1 1 2 3 4 5 6 1   2 3 4 5 6 1 1 1 1 1
                                        1 1 1 1 1 1 1
 *** IN SYMMETRY 4 ORBITAL  1 SYMMETRY CONTAMINATION OF 0.610D-02 HAS BEEN REMOVED
 EXTRA SYMMETRY OF MOS IN SYMMETRY 4:   1 1 1 1 2 3 1 1 2 3   1 2 3 4 6 5 1 2 3 1   2 3 1 4 6 5 1 1 1 1   1
 *** IN SYMMETRY 5 ORBITAL  1 SYMMETRY CONTAMINATION OF 0.556D-03 HAS BEEN REMOVED
 *** IN SYMMETRY 5 ORBITAL  2 SYMMETRY CONTAMINATION OF 0.525D-02 HAS BEEN REMOVED
 EXTRA SYMMETRY OF MOS IN SYMMETRY 5:   1 1 1 1 1 2 3 1 2 3   1 6 4 5 2 3 1 2 3 6   4 5 1 1 2 3 6 4 5 1   2 3 6 4 5 1 1 1 1 1
                                        1 1 1 1 1 1 1
 *** IN SYMMETRY 6 ORBITAL  1 SYMMETRY CONTAMINATION OF 0.834D-02 HAS BEEN REMOVED
 EXTRA SYMMETRY OF MOS IN SYMMETRY 6:   1 1 1 1 2 3 1 1 2 3   1 2 3 6 5 4 1 2 3 1   2 3 1 6 5 4 1 1 1 1   1
 *** IN SYMMETRY 7 ORBITAL  1 SYMMETRY CONTAMINATION OF 0.435D-02 HAS BEEN REMOVED
 EXTRA SYMMETRY OF MOS IN SYMMETRY 7:   1 1 1 1 2 3 1 1 2 3   1 2 3 6 5 4 1 2 3 1   2 3 1 6 5 4 1 1 1 1   1
 EXTRA SYMMETRY OF MOS IN SYMMETRY 8:   1 1 3 2 1 1 3 2 1 3   2 1 3 2

 Wavefunction dump at record             5202.2

 Convergence thresholds  0.10E-01 (gradient)  0.10E-05 (energy)  0.10E-02 (step length)

 Weight factors for state symmetry  1:    0.20000   0.20000
 Weight factors for state symmetry  2:    0.20000
 Weight factors for state symmetry  3:    0.20000
 Weight factors for state symmetry  4:    0.20000

 Eigenvalues of redundancy matrix
   1-  3   -0.000000    0.000000    1.000000

 Non-redundant active-active orbital rotations:
     1  2  3  4  5
  2   
  3     +
  4         
  5            
  6               

 Number of orbital rotations:      832   (     9 Core/Active    501 Core/Virtual   1 Active/Active    321 Active/Virtual)
 Total number of variables:        839


 ITER. MIC  NCI  NEG     ENERGY(VAR)     ENERGY(PROJ)   ENERGY CHANGE     GRAD(0)  GRAD(ORB)   GRAD(CI)     STEP       TIME

   1   19   28    0   -1271.12985898   -1271.13154251   -0.00168353    0.06584848 0.00000000 0.00000000  0.36D-01      1.67
   2   22   20    0   -1271.13154971   -1271.13154982   -0.00000011    0.00056897 0.00000000 0.00000000  0.33D-03      3.31

 ** WVFN ****  CONVERGENCE REACHED, FINAL GRADIENT:  0.54D-07



 Results for state 1.1
 =====================

 !MCSCF STATE 1.1 Energy            -1271.131549822392
 Nuclear energy                         0.00000000
 Kinetic energy                      1325.00376643
 One electron energy                -1748.29352576
 Two electron energy                  477.16197594
 Virial ratio                           1.95934184

 !MCSCF STATE 1.1 Dipole moment         0.00000000     0.00000000     0.00000000
 Dipole moment /Debye                   0.00000000     0.00000000     0.00000000

 Results for state 2.1
 =====================

 !MCSCF STATE 2.1 Energy            -1271.131549819484
 Nuclear energy                         0.00000000
 Kinetic energy                      1325.00376668
 One electron energy                -1748.29352613
 Two electron energy                  477.16197631
 Virial ratio                           1.95934184

 !MCSCF STATE 2.1 Dipole moment         0.00000000     0.00000000     0.00000000
 Dipole moment /Debye                   0.00000000     0.00000000     0.00000000



 Results for state 1.4
 =====================

 !MCSCF STATE 1.4 Energy            -1271.131549819934
 Nuclear energy                         0.00000000
 Kinetic energy                      1325.00376669
 One electron energy                -1748.29352614
 Two electron energy                  477.16197632
 Virial ratio                           1.95934184

 !MCSCF STATE 1.4 Dipole moment         0.00000000     0.00000000     0.00000000
 Dipole moment /Debye                   0.00000000     0.00000000     0.00000000



 Results for state 1.6
 =====================

 !MCSCF STATE 1.6 Energy            -1271.131549819578
 Nuclear energy                         0.00000000
 Kinetic energy                      1325.00376669
 One electron energy                -1748.29352613
 Two electron energy                  477.16197631
 Virial ratio                           1.95934184

 !MCSCF STATE 1.6 Dipole moment         0.00000000     0.00000000     0.00000000
 Dipole moment /Debye                   0.00000000     0.00000000     0.00000000



 Results for state 1.7
 =====================

 !MCSCF STATE 1.7 Energy            -1271.131549819584
 Nuclear energy                         0.00000000
 Kinetic energy                      1325.00376669
 One electron energy                -1748.29352613
 Two electron energy                  477.16197631
 Virial ratio                           1.95934184

 !MCSCF STATE 1.7 Dipole moment         0.00000000     0.00000000     0.00000000
 Dipole moment /Debye                   0.00000000     0.00000000     0.00000000

 State-averaged charge density matrix saved on record  5202.2 (density set 1)


 NATURAL ORBITALS (state averaged)
 =================================

   Orb     Occ        Energy       Coefficients

                                   1 1s      1 1s      1 1s      1 1s      1 1s      1 1s      1 1s      1 1s      1 1s      1 1s   
                                   1 1s      1 1s      1 1s      1 1s      1 1s      1 1s      1 1s      1 1s      1 1s      1 1s   
                                   1 1s      1 1s      1 1s      1 1s      1 1s      1 1s      1 1s      1 1s      1 1s      1 1s   
                                   1 3d0     1 3d2+    1 3d0     1 3d2+    1 3d0     1 3d2+    1 3d0     1 3d2+    1 3d0     1 3d2+ 
                                   1 3d0     1 3d2+    1 3d0     1 3d2+    1 3d0     1 3d2+    1 3d0     1 3d2+    1 3d0     1 3d2+ 
                                   1 3d0     1 3d2+    1 3d0     1 3d2+    1 3d0     1 3d2+    1 3d0     1 3d2+    1 3d0     1 3d2+ 
                                   1 5g0     1 5g4+    1 5g2+    1 5g0     1 5g4+    1 5g2+    1 5g0     1 5g4+    1 5g2+    1 5g0  
                                   1 5g4+    1 5g2+    1 5g0     1 5g4+    1 5g2+    1 7i6+    1 7i4+    1 7i2+    1 7i0     1 7i6+ 
                                   1 7i4+    1 7i2+    1 7i0  

   1.1  2.00000  -263.991798     0.000010  0.000025  0.000070  0.000166  0.000370  0.000784  0.001632  0.003393  0.007155  0.015310
                                 0.032823  0.068308  0.131927  0.221846  0.292921  0.254059  0.111153  0.016511  0.001524 -0.001518
                                -0.000315  0.000033 -0.000043  0.000006 -0.000005  0.000004 -0.000002  0.000001  0.001662 -0.000000
                                 0.000000  0.000000  0.000000  0.000000  0.000000  0.000000  0.000000  0.000000  0.000000  0.000000
                                 0.000000  0.000000  0.000000  0.000000  0.000000  0.000000  0.000000  0.000000  0.000000  0.000000
                                 0.000000  0.000000  0.000000  0.000000  0.000000  0.000000  0.000000  0.000000  0.000000  0.000000
                                 0.000000  0.000000  0.000000  0.000000  0.000000  0.000000  0.000000  0.000000  0.000000  0.000000
                                 0.000000  0.000000  0.000000  0.000000  0.000000  0.000000  0.000000  0.000000  0.000000  0.000000
                                 0.000000  0.000000  0.000000

   2.1  2.00000   -32.739555    -0.000003 -0.000008 -0.000022 -0.000051 -0.000114 -0.000242 -0.000505 -0.001053 -0.002232 -0.004820
                                -0.010507 -0.022534 -0.046115 -0.086237 -0.138332 -0.160879 -0.068440  0.190747  0.469029  0.407574
                                 0.114143  0.008579  0.001976  0.000084  0.000181  0.000043  0.000109 -0.000023 -0.014146  0.000006
                                 0.000000  0.000000  0.000000  0.000000  0.000000  0.000000  0.000000  0.000000  0.000000  0.000000
                                 0.000000  0.000000  0.000000  0.000000  0.000000  0.000000  0.000000  0.000000  0.000000  0.000000
                                 0.000000  0.000000  0.000000  0.000000  0.000000  0.000000  0.000000  0.000000  0.000000  0.000000
                                 0.000000  0.000000  0.000000  0.000000  0.000000  0.000000  0.000000  0.000000  0.000000  0.000000
                                 0.000000  0.000000  0.000000  0.000000  0.000000  0.000000  0.000000  0.000000  0.000000  0.000000
                                 0.000000  0.000000  0.000000

   3.1  2.00000    -4.550108     0.000001  0.000003  0.000008  0.000019  0.000042  0.000090  0.000187  0.000391  0.000829  0.001792
                                 0.003913  0.008427  0.017354  0.032909  0.054058  0.065663  0.029111 -0.093426 -0.301196 -0.383169
                                -0.024128  0.460756  0.571098  0.218459  0.010153 -0.002050  0.001305 -0.000313  0.016957  0.000072
                                 0.000000  0.000000  0.000000  0.000000  0.000000  0.000000  0.000000  0.000000  0.000000  0.000000
                                 0.000000  0.000000  0.000000  0.000000  0.000000  0.000000  0.000000  0.000000  0.000000  0.000000
                                 0.000000  0.000000  0.000000  0.000000  0.000000  0.000000  0.000000  0.000000  0.000000  0.000000
                                 0.000000  0.000000  0.000000  0.000000  0.000000  0.000000  0.000000  0.000000  0.000000  0.000000
                                 0.000000  0.000000  0.000000  0.000000  0.000000  0.000000  0.000000  0.000000  0.000000  0.000000
                                 0.000000  0.000000  0.000000

   4.1  1.20000    -0.546429     0.000000  0.000000 -0.000000 -0.000000 -0.000000 -0.000000 -0.000000 -0.000000 -0.000000 -0.000000
                                -0.000000 -0.000000 -0.000000 -0.000000 -0.000000 -0.000000 -0.000000  0.000000  0.000000 -0.000000
                                 0.000000  0.000000  0.000000  0.000000  0.000000 -0.000000  0.000000 -0.000000  0.000000  0.000000
                                 0.000166 -0.000000  0.001509 -0.000000  0.008327 -0.000000  0.030826 -0.000000  0.085240 -0.000000
                                 0.178257 -0.000000  0.270636 -0.000000  0.309892 -0.000000  0.273604 -0.000000  0.159952 -0.000000
                                 0.034855 -0.000000 -0.000507  0.000000  0.000332 -0.000000  0.000147 -0.000000  0.000306 -0.000000
                                 0.000000  0.000000  0.000000  0.000000  0.000000  0.000000  0.000000  0.000000  0.000000  0.000000
                                 0.000000  0.000000  0.000000  0.000000  0.000000  0.000000  0.000000  0.000000  0.000000  0.000000
                                 0.000000  0.000000  0.000000

   5.1  1.20000    -0.546429     0.000000  0.000000  0.000000  0.000000  0.000000  0.000000  0.000000  0.000000  0.000000  0.000000
                                 0.000000  0.000000  0.000000  0.000000  0.000000  0.000000  0.000000 -0.000000 -0.000000 -0.000000
                                -0.000000  0.000000  0.000000  0.000000  0.000000 -0.000000  0.000000 -0.000000  0.000000  0.000000
                                 0.000000  0.000166  0.000000  0.001509  0.000000  0.008327  0.000000  0.030826  0.000000  0.085240
                                 0.000000  0.178257  0.000000  0.270636  0.000000  0.309892  0.000000  0.273604  0.000000  0.159952
                                 0.000000  0.034855  0.000000 -0.000507  0.000000  0.000332  0.000000  0.000147  0.000000  0.000306
                                 0.000000  0.000000  0.000000  0.000000  0.000000  0.000000  0.000000  0.000000  0.000000  0.000000
                                 0.000000  0.000000  0.000000  0.000000  0.000000  0.000000  0.000000  0.000000  0.000000  0.000000
                                 0.000000  0.000000  0.000000

   6.1  1.00000    -0.386842    -0.000000 -0.000001 -0.000002 -0.000005 -0.000011 -0.000024 -0.000049 -0.000103 -0.000218 -0.000472
                                -0.001029 -0.002224 -0.004568 -0.008715 -0.014275 -0.017627 -0.007505  0.024685  0.088158  0.088485
                                -0.008896 -0.157585 -0.280990 -0.215326  0.282863  0.643910  0.287024 -0.008951  0.026342  0.003579
                                 0.000000 -0.000000  0.000000 -0.000000  0.000000 -0.000000  0.000000 -0.000000  0.000000 -0.000000
                                 0.000000 -0.000000  0.000000 -0.000000  0.000000 -0.000000  0.000000 -0.000000  0.000000 -0.000000
                                 0.000000 -0.000000 -0.000000  0.000000  0.000000 -0.000000  0.000000 -0.000000  0.000000 -0.000000
                                 0.000000  0.000000  0.000000  0.000000  0.000000  0.000000  0.000000  0.000000  0.000000  0.000000
                                 0.000000  0.000000  0.000000  0.000000  0.000000  0.000000  0.000000  0.000000  0.000000  0.000000
                                 0.000000  0.000000  0.000000

                                   1 2px     1 2px     1 2px     1 2px     1 2px     1 2px     1 2px     1 2px     1 2px     1 2px  
                                   1 2px     1 2px     1 2px     1 2px     1 2px     1 2px     1 2px     1 2px     1 2px     1 2px  
                                   1 2px     1 2px     1 2px     1 4f1+    1 4f3+    1 4f1+    1 4f3+    1 4f1+    1 4f3+    1 4f1+ 
                                   1 4f3+    1 4f1+    1 4f3+    1 4f1+    1 4f3+    1 6h1+    1 6h3+    1 6h5+    1 6h1+    1 6h3+ 
                                   1 6h5+    1 6h1+    1 6h3+    1 6h5+    1 6h1+    1 6h3+    1 6h5+ 

   1.2  2.00000   -27.807076     0.000021  0.000065  0.000252  0.000860  0.002872  0.008845  0.025025  0.063131  0.135415  0.231984
                                 0.303454  0.270293  0.128487  0.018532  0.001838  0.000591  0.000076  0.000027 -0.000009  0.000004
                                -0.002659  0.006322 -0.000001  0.000000  0.000000  0.000000  0.000000  0.000000  0.000000  0.000000
                                 0.000000  0.000000  0.000000  0.000000  0.000000  0.000000  0.000000  0.000000  0.000000  0.000000
                                 0.000000  0.000000  0.000000  0.000000  0.000000  0.000000  0.000000

   2.2  2.00000    -3.060070    -0.000008 -0.000024 -0.000092 -0.000313 -0.001048 -0.003244 -0.009282 -0.023854 -0.052767 -0.093535
                                -0.129130 -0.105365  0.042016  0.250410  0.403037  0.319644  0.109498  0.007241 -0.000409  0.000185
                                -0.004893  0.021665 -0.000051  0.000000  0.000000  0.000000  0.000000  0.000000  0.000000  0.000000
                                 0.000000  0.000000  0.000000  0.000000  0.000000  0.000000  0.000000  0.000000  0.000000  0.000000
                                 0.000000  0.000000  0.000000  0.000000  0.000000  0.000000  0.000000

                                   1 2py     1 2py     1 2py     1 2py     1 2py     1 2py     1 2py     1 2py     1 2py     1 2py  
                                   1 2py     1 2py     1 2py     1 2py     1 2py     1 2py     1 2py     1 2py     1 2py     1 2py  
                                   1 2py     1 2py     1 2py     1 4f1-    1 4f3-    1 4f1-    1 4f3-    1 4f1-    1 4f3-    1 4f1- 
                                   1 4f3-    1 4f1-    1 4f3-    1 4f1-    1 4f3-    1 6h1-    1 6h3-    1 6h5-    1 6h1-    1 6h3- 
                                   1 6h5-    1 6h1-    1 6h3-    1 6h5-    1 6h1-    1 6h3-    1 6h5- 

   1.3  2.00000   -27.807076     0.000021  0.000065  0.000252  0.000860  0.002872  0.008845  0.025025  0.063131  0.135415  0.231984
                                 0.303454  0.270293  0.128487  0.018532  0.001838  0.000591  0.000076  0.000027 -0.000009  0.000004
                                -0.002659  0.006322 -0.000001  0.000000  0.000000  0.000000  0.000000  0.000000  0.000000  0.000000
                                 0.000000  0.000000  0.000000  0.000000  0.000000  0.000000  0.000000  0.000000  0.000000  0.000000
                                 0.000000  0.000000  0.000000  0.000000  0.000000  0.000000  0.000000

   2.3  2.00000    -3.060070    -0.000008 -0.000024 -0.000092 -0.000313 -0.001048 -0.003244 -0.009282 -0.023854 -0.052767 -0.093535
                                -0.129130 -0.105365  0.042016  0.250411  0.403037  0.319644  0.109498  0.007241 -0.000409  0.000185
                                -0.004893  0.021665 -0.000051  0.000000  0.000000  0.000000  0.000000  0.000000  0.000000  0.000000
                                 0.000000  0.000000  0.000000  0.000000  0.000000  0.000000  0.000000  0.000000  0.000000  0.000000
                                 0.000000  0.000000  0.000000  0.000000  0.000000  0.000000  0.000000

                                   1 3d2-    1 3d2-    1 3d2-    1 3d2-    1 3d2-    1 3d2-    1 3d2-    1 3d2-    1 3d2-    1 3d2- 
                                   1 3d2-    1 3d2-    1 3d2-    1 3d2-    1 3d2-    1 5g2-    1 5g4-    1 5g2-    1 5g4-    1 5g2- 
                                   1 5g4-    1 5g2-    1 5g4-    1 5g2-    1 5g4-    1 7i2-    1 7i6-    1 7i4-    1 7i2-    1 7i6- 
                                   1 7i4- 

   1.4  1.20000    -0.546429     0.000166  0.001509  0.008327  0.030826  0.085240  0.178257  0.270636  0.309892  0.273604  0.159952
                                 0.034855 -0.000507  0.000332  0.000147  0.000306  0.000000  0.000000  0.000000  0.000000  0.000000
                                 0.000000  0.000000  0.000000  0.000000  0.000000  0.000000  0.000000  0.000000  0.000000  0.000000
                                 0.000000

                                   1 2pz     1 2pz     1 2pz     1 2pz     1 2pz     1 2pz     1 2pz     1 2pz     1 2pz     1 2pz  
                                   1 2pz     1 2pz     1 2pz     1 2pz     1 2pz     1 2pz     1 2pz     1 2pz     1 2pz     1 2pz  
                                   1 2pz     1 2pz     1 2pz     1 4f0     1 4f2+    1 4f0     1 4f2+    1 4f0     1 4f2+    1 4f0  
                                   1 4f2+    1 4f0     1 4f2+    1 4f0     1 4f2+    1 6h2+    1 6h4+    1 6h0     1 6h2+    1 6h4+ 
                                   1 6h0     1 6h2+    1 6h4+    1 6h0     1 6h2+    1 6h4+    1 6h0  

   1.5  2.00000   -27.807076     0.000021  0.000065  0.000252  0.000860  0.002872  0.008845  0.025025  0.063131  0.135415  0.231984
                                 0.303454  0.270294  0.128488  0.018531  0.001838  0.000591  0.000076  0.000027 -0.000009  0.000004
                                -0.002660  0.006323 -0.000001  0.000000  0.000000  0.000000  0.000000  0.000000  0.000000  0.000000
                                 0.000000  0.000000  0.000000  0.000000  0.000000  0.000000  0.000000  0.000000  0.000000  0.000000
                                 0.000000  0.000000  0.000000  0.000000  0.000000  0.000000  0.000000

   2.5  2.00000    -3.060070    -0.000008 -0.000024 -0.000092 -0.000313 -0.001048 -0.003244 -0.009282 -0.023854 -0.052767 -0.093535
                                -0.129130 -0.105365  0.042016  0.250411  0.403037  0.319644  0.109498  0.007241 -0.000409  0.000185
                                -0.004893  0.021665 -0.000051  0.000000  0.000000  0.000000  0.000000  0.000000  0.000000  0.000000
                                 0.000000  0.000000  0.000000  0.000000  0.000000  0.000000  0.000000  0.000000  0.000000  0.000000
                                 0.000000  0.000000  0.000000  0.000000  0.000000  0.000000  0.000000

                                   1 3d1+    1 3d1+    1 3d1+    1 3d1+    1 3d1+    1 3d1+    1 3d1+    1 3d1+    1 3d1+    1 3d1+ 
                                   1 3d1+    1 3d1+    1 3d1+    1 3d1+    1 3d1+    1 5g1+    1 5g3+    1 5g1+    1 5g3+    1 5g1+ 
                                   1 5g3+    1 5g1+    1 5g3+    1 5g1+    1 5g3+    1 7i5+    1 7i3+    1 7i1+    1 7i5+    1 7i3+ 
                                   1 7i1+ 

   1.6  1.20000    -0.546429     0.000166  0.001509  0.008327  0.030826  0.085240  0.178257  0.270636  0.309892  0.273604  0.159952
                                 0.034855 -0.000507  0.000332  0.000147  0.000306  0.000000  0.000000  0.000000  0.000000  0.000000
                                 0.000000  0.000000  0.000000  0.000000  0.000000  0.000000  0.000000  0.000000  0.000000  0.000000
                                 0.000000

                                   1 3d1-    1 3d1-    1 3d1-    1 3d1-    1 3d1-    1 3d1-    1 3d1-    1 3d1-    1 3d1-    1 3d1- 
                                   1 3d1-    1 3d1-    1 3d1-    1 3d1-    1 3d1-    1 5g1-    1 5g3-    1 5g1-    1 5g3-    1 5g1- 
                                   1 5g3-    1 5g1-    1 5g3-    1 5g1-    1 5g3-    1 7i5-    1 7i3-    1 7i1-    1 7i5-    1 7i3- 
                                   1 7i1- 

   1.7  1.20000    -0.546429     0.000166  0.001509  0.008327  0.030826  0.085240  0.178257  0.270636  0.309892  0.273604  0.159952
                                 0.034855 -0.000507  0.000332  0.000147  0.000306  0.000000  0.000000  0.000000  0.000000  0.000000
                                 0.000000  0.000000  0.000000  0.000000  0.000000  0.000000  0.000000  0.000000  0.000000  0.000000
                                 0.000000

 Total charge:   1.000000000000
 

 EXTRA SYMMETRY OF MOS IN SYMMETRY 1:   1 1 1 2 3 1 1 2 3 1   2 3 1 2 3 1 4 5 6 2   3 1 2 3 6 4 5 1 2 3   4 6 510 9 8 7 2 3 1
                                        5 6 4 2 3 1 5 6 4 2   3 7 8 910 1 2 3 1 2   3 1 2 3 1 2 3 1 3 2   1 1 1 1 1 1 1 1 1 1
                                        1 1 1
 EXTRA SYMMETRY OF MOS IN SYMMETRY 2:   1 1 1 1 1 2 3 1 2 3   1 4 5 6 2 3 1 2 3 4   5 6 1 1 3 2 6 5 4 1   3 2 6 5 4 1 1 1 1 1
                                        1 1 1 1 1 1 1
 EXTRA SYMMETRY OF MOS IN SYMMETRY 3:   1 1 1 1 1 2 3 1 2 3   1 4 5 6 2 3 1 2 3 4   5 6 1 1 3 2 6 5 4 1   3 2 6 5 4 1 1 1 1 1
                                        1 1 1 1 1 1 1
 EXTRA SYMMETRY OF MOS IN SYMMETRY 4:   1 1 1 1 2 3 1 1 2 3   1 2 3 4 6 5 1 3 2 1   3 2 1 5 6 4 1 1 1 1   1
 EXTRA SYMMETRY OF MOS IN SYMMETRY 5:   1 1 1 1 1 2 3 1 3 2   1 6 4 5 2 3 1 2 3 6   4 5 1 1 3 2 5 4 6 1   3 2 5 4 6 1 1 1 1 1
                                        1 1 1 1 1 1 1
 EXTRA SYMMETRY OF MOS IN SYMMETRY 6:   1 1 1 1 2 3 1 1 2 3   1 3 2 6 5 4 1 3 2 1   3 2 1 4 5 6 1 1 1 1   1
 EXTRA SYMMETRY OF MOS IN SYMMETRY 7:   1 1 1 1 2 3 1 1 2 3   1 3 2 6 5 4 1 3 2 1   3 2 1 4 5 6 1 1 1 1   1
 EXTRA SYMMETRY OF MOS IN SYMMETRY 8:   1 1 3 2 1 1 3 2 1 2   3 1 2 3

 Natural orbital dump (state averaged) at molpro section  5202.2    (Orbital set 2)


 CI vector for state symmetry 1
 ==============================

 2// / / /          0.0001694   1.0000000
 /2/ / / /          1.0000000  -0.0001694

 TOTAL ENERGIES                     -1271.13154982 -1271.13154982

 CI vector for state symmetry 2
 ==============================

 /// 2 / /          1.0000000

 TOTAL ENERGIES                     -1271.13154982

 CI vector for state symmetry 3
 ==============================

 /// / 2 /          1.0000000

 TOTAL ENERGIES                     -1271.13154982

 CI vector for state symmetry 4
 ==============================

 /// / / 2          1.0000000

 TOTAL ENERGIES                     -1271.13154982



 **********************************************************************************************************************************
 DATASETS  * FILE   NREC   LENGTH (MB)   RECORD NAMES
              1      24      434.80       500      610      700      900      950      970     1000      129      960     1700   
                                          VAR    BASINP    GEOM    SYMINP    ZMAT    AOBASIS   BASIS     P2S    ABASIS    OPER   
                                         1101     1401     1411     1412     1650     1100     1400     1410     1200     1210   
                                          SR      EKINR    POTR     PVPR    MOLCAS      S      EKIN      POT      H0       H01  
                                         1300     1080     1600     1380   
                                         ERIS     AOSYM     SMH     JKOP   

              2       6        8.90       200      700     1000      520     4202     5202   
                                        OPTIONS   GEOM     BASIS   MCVARS     RHF     MCSCF   

 PROGRAMS   *        TOTAL     MULTI       POP       RHF       INT
 CPU TIMES  *        87.54      5.00      0.01      3.53     78.77
 REAL TIME  *        91.58 SEC
 DISK USED  *         1.84 GB      
 **********************************************************************************************************************************

1PROGRAM * RHF-SCF (OPEN SHELL)       Authors: W. Meyer, H.-J. Werner


 NUMBER OF ELECTRONS:      15+   10-    SPACE SYMMETRY=4    SPIN SYMMETRY: Sextet  
 CONVERGENCE THRESHOLDS:    1.00E-05 (Density)    1.00E-07 (Energy)
 MAX. NUMBER OF ITERATIONS:        0
 INTERPOLATION TYPE:            DIIS
 INTERPOLATION STEPS:              2 (START)      1 (STEP)
 LEVEL SHIFTS:                 -0.30 (CLOSED)  0.00 (OPEN) 


 Singly occupied orbitals:      4.1       5.1       6.1       1.6       1.7
 Molecular orbitals read from record     5202.2  Type=MCSCF/NATURAL  

 Molecular orbital dump at record        2107.2

 ITERATION    DDIFF          GRAD             ENERGY        2-EL.EN.            DIPOLE MOMENTS         DIIS   ORB.
    1      0.000D+00      0.000D+00     -1271.13154982    954.323953    0.00000    0.00000    0.00000    0    start

 Final alpha occupancy:   6   2   2   1   2   1   1   0
 Final beta  occupancy:   3   2   2   1   2   0   0   0

 !RHF STATE 1.4 Energy              -1271.131549819934
 Nuclear energy                         0.00000000
 One-electron energy                -1748.29352614
 Two-electron energy                  477.16197632
 Virial quotient                       -0.95934184
 !RHF STATE 1.4 Dipole moment           0.00000000     0.00000000     0.00000000
 Dipole moment /Debye                   0.00000000     0.00000000     0.00000000

 Orbital energies:

         1.1          2.1          3.1          4.1          5.1          6.1          7.1          8.1
   -263.991798   -32.739555    -4.550108    -0.546429    -0.546429    -0.386842    -0.086034    -0.051650

         1.2          2.2          3.2          4.2
    -27.807076    -3.060070    -0.145045    -0.055335

         1.3          2.3          3.3          4.3
    -27.807076    -3.060070    -0.145045    -0.055335

         1.4          2.4          3.4
     -0.546429    -0.051650     0.037831

         1.5          2.5          3.5          4.5
    -27.807076    -3.060070    -0.145045    -0.055335

         1.6          2.6          3.6
     -0.546429    -0.051650     0.037831

         1.7          2.7          3.7
     -0.546429    -0.051650     0.037831

         1.8          2.8
      0.216287     1.021862

 HOMO      6.1    -0.386842 =     -10.5265eV
 LUMO      3.5    -0.145045 =      -3.9469eV
 LUMO-HOMO         0.241796 =       6.5796eV


 **********************************************************************************************************************************
 DATASETS  * FILE   NREC   LENGTH (MB)   RECORD NAMES
              1      24      434.80       500      610      700      900      950      970     1000      129      960     1700   
                                          VAR    BASINP    GEOM    SYMINP    ZMAT    AOBASIS   BASIS     P2S    ABASIS    OPER   
                                         1101     1401     1411     1412     1650     1100     1400     1410     1200     1210   
                                          SR      EKINR    POTR     PVPR    MOLCAS      S      EKIN      POT      H0       H01  
                                         1300     1080     1600     1380   
                                         ERIS     AOSYM     SMH     JKOP   

              2       7       12.35       200      700     1000      520     4202     5202     2107   
                                        OPTIONS   GEOM     BASIS   MCVARS     RHF     MCSCF     RHF  

 PROGRAMS   *        TOTAL       RHF     MULTI       POP       RHF       INT
 CPU TIMES  *        87.93      0.39      5.00      0.01      3.53     78.77
 REAL TIME  *        92.08 SEC
 DISK USED  *         1.84 GB      
 **********************************************************************************************************************************
 SETTING SCF(4)         =     -1271.13154982  AU                              
 SETTING _CC_NORM_MAX   =         2.00000000                                  


1PROGRAM * CCSD (Restricted open-shell coupled cluster)     Authors: C. Hampel, H.-J. Werner, 1991, M. Deegan, P.J. Knowles, 1992


 Convergence thresholds:  THRVAR = 1.00D-08  THRDEN = 1.00D-06

 CCSD(T)     terms to be evaluated (factor= 1.000)


 Number of closed-shell orbitals:  10 (   3   2   2   1   2   0   0   0 )
 Number of active  orbitals:        5 (   3   0   0   0   0   1   1   0 )
 Number of external orbitals:     316 (  77  45  45  30  45  30  30  14 )

 Memory could be reduced to 101.31 Mwords without degradation in triples

 Number of N-1 electron functions:              25
 Number of N-2 electron functions:             300
 Number of singly external CSFs:              1382
 Number of doubly external CSFs:           3010140
 Total number of CSFs:                     3011522

 Molecular orbitals read from record     2107.2  Type=RHF/CANONICAL (state 1.4)

 Integral transformation finished. Total CPU:   2.48 sec, npass=  1  Memory used:  20.03 MW

 Starting RMP2 calculation

 Wavefunction is spin-projected

 ITER.      SQ.NORM     CORR.ENERGY   TOTAL ENERGY   ENERGY CHANGE        DEN1      VAR(S)    VAR(P)  DIIS     TIME
   1      1.07334159    -1.08122436 -1272.21277418    -1.08122436    -0.00069914  0.12D-04  0.15D-03  1  1     2.64
   2      1.07372722    -1.08195994 -1272.21350976    -0.00073558    -0.00000128  0.15D-06  0.41D-06  2  2     2.79
   3      1.07374381    -1.08197568 -1272.21352550    -0.00001575    -0.00000001  0.25D-08  0.21D-08  3  3     2.96
   4      1.07374456    -1.08197604 -1272.21352586    -0.00000035    -0.00000000  0.40D-10  0.19D-10  4  4     3.14

 Norm of t1 vector:      0.04139511      S-energy:    -0.00670947      T1 diagnostic:  0.00497948
 Norm of t2 vector:      0.26838593      P-energy:    -1.07526657
                                         Alpha-Beta:  -0.73241381
                                         Alpha-Alpha: -0.23606430
                                         Beta-Beta:   -0.10678845

 Spin contamination <S**2-Sz**2-Sz>     0.00000000
  Reference energy                  -1271.131549819935
  RHF-RMP2 correlation energy          -1.081976035301
 !RHF-RMP2 energy                   -1272.213525855236
 (NB above energy spin projected)

 Starting RCCSD calculation

 ITER.      SQ.NORM     CORR.ENERGY   TOTAL ENERGY   ENERGY CHANGE        DEN1      VAR(S)    VAR(P)  DIIS     TIME
   1      1.06687596    -1.04451693 -1272.17606675    -1.04451693    -0.01064021  0.12D-02  0.91D-03  0  0     9.26
   2      1.07134009    -1.05430622 -1272.18585604    -0.00978929    -0.00059545  0.13D-03  0.11D-03  1  1    15.39
   3      1.07263950    -1.05424729 -1272.18579711     0.00005893    -0.00010547  0.60D-04  0.14D-04  2  2    21.56
   4      1.07408950    -1.05502668 -1272.18657650    -0.00077940    -0.00000771  0.30D-05  0.16D-05  3  3    27.66
   5      1.07439929    -1.05509418 -1272.18664400    -0.00006750    -0.00000094  0.48D-06  0.19D-06  4  4    33.79
   6      1.07451113    -1.05511154 -1272.18666136    -0.00001735    -0.00000007  0.11D-07  0.26D-07  5  5    40.07
   7      1.07452670    -1.05511537 -1272.18666519    -0.00000384    -0.00000001  0.17D-08  0.59D-08  6  6    46.49
   8      1.07452684    -1.05511489 -1272.18666471     0.00000048    -0.00000000  0.25D-09  0.18D-08  6  1    52.90

 Norm of t1 vector:      0.08112864      S-energy:    -0.00767610      T1 diagnostic:  0.01058140
                                                                       D1 diagnostic:  0.04021052
 Norm of t2 vector:      0.26066259      P-energy:    -1.04743879
                                         Alpha-Beta:  -0.72927714
                                         Alpha-Alpha: -0.21649594
                                         Beta-Beta:   -0.10166571

 Spin contamination <S**2-Sz**2-Sz>     0.00000000

 Memory could be reduced to 108.71 Mwords without degradation in triples
 

  Correlated core orbitals:             1.1       2.1       3.1       1.2       2.2       1.3       2.3       1.5       2.5
  Orbital energies:                  -263.9945  -32.7992   -4.7264  -27.8525   -3.2438  -27.8525   -3.2438  -27.8899   -3.3203
 
  RCCSD core-core energy               -0.546726259826
  RCCSD core-valence energy            -0.351676524734
  RCCSD valence correlation energy     -0.156712106983
 

 RESULTS
 =======

  Reference energy                  -1271.131549819935
  RCCSD singles energy                 -0.007676099895
  RCCSD pair energy                    -1.047438791647
  RCCSD correlation energy             -1.055114891543
  Triples (T) contribution             -0.017104142705
  Total correlation energy             -1.072219034247
 
  RHF-RCCSD energy                  -1272.186664711477
  RHF-RCCSD[T] energy               -1272.204236459082
  RHF-RCCSD-T energy                -1272.203680290700
 !RHF-RCCSD(T) energy               -1272.203768854182

 Program statistics:

 Available memory in ccsd:               511997950
 Min. memory needed in ccsd:               8734778
 Max. memory used in ccsd:                12518861
 Max. memory used in cckext:               9258770 ( 8 integral passes)
 Max. memory used in cckint:              20033677 ( 1 integral passes)



 **********************************************************************************************************************************
 DATASETS  * FILE   NREC   LENGTH (MB)   RECORD NAMES
              1      24      434.80       500      610      700      900      950      970     1000      129      960     1700   
                                          VAR    BASINP    GEOM    SYMINP    ZMAT    AOBASIS   BASIS     P2S    ABASIS    OPER   
                                         1101     1401     1411     1412     1650     1100     1400     1410     1200     1210   
                                          SR      EKINR    POTR     PVPR    MOLCAS      S      EKIN      POT      H0       H01  
                                         1300     1080     1600     1380   
                                         ERIS     AOSYM     SMH     JKOP   

              2       7       12.35       200      700     1000      520     4202     5202     2107   
                                        OPTIONS   GEOM     BASIS   MCVARS     RHF     MCSCF     RHF  

 PROGRAMS   *        TOTAL  RCCSD(T)       RHF     MULTI       POP       RHF       INT
 CPU TIMES  *       451.26    363.32      0.39      5.00      0.01      3.53     78.77
 REAL TIME  *       469.82 SEC
 DISK USED  *         2.43 GB      
 **********************************************************************************************************************************
 SETTING CCSD(4)        =     -1272.20376885  AU                              
 Output type csv         
                                                                                                                                                                                                                                                                

         SCF,CCSD
       0.000000,       0.000000
       0.000000,       0.000000
       0.000000,       0.000000
   -1271.131550,   -1272.203769
                                                  

        RCCSD(T)        RHF-SCF         MULTI           RHF-SCF 
  -1272.20376885  -1271.13154982  -1271.13154982  -1271.13578442
 **********************************************************************************************************************************
 Variable memory released
