
 Primary working directories    : /tmp/cmelton
 Secondary working directories  : /tmp/cmelton
 Wavefunction directory         : /remote/cmelton/wfu/
 Main file repository           : /tmp/cmelton/

 SHA1      : 4c1979699e6aeda0524d0210415ba82a958648b0
 NAME      : 2012.1.39
 ARCHNAME  : Linux/x86_64
 FC        : /projects/sems/install/rhel6-x86_64/sems/compiler/intel/16.0.1/base/bin/ifort
 FCVERSION : 16.0.1
 BLASLIB   : -L/projects/sems/install/rhel6-x86_64/sems/compiler/intel/16.0.1/base/compilers_and_libraries_2016.1.150/linux/mkl/lib/intel64 -lmkl_intel_ilp64 -lmkl_sequential -lmkl_core
 id        : sandiacon

 Nodes           nprocs
 breve.sandia.gov    1

 Using customized tuning parameters: mindgm=7; mindgv=16; mindgc=1; mindgr=1; noblas=0; minvec=7
 default implementation of scratch files=df  

 ***,Calculation for Be atom, singlet and triplet
 memory,512,m
 geometry={
 1
 Fe
 Fe  0.0 0.0 0.0
 }
 
 basis={
 Including file /remote/cmelton/data/corrECP/Fe/ae/dkh/basis/aug-cc-pwCVQZ-dk.basis
 }
 
 set,dkroll=1,dkho=10,dkhp=4
 
 Including file /remote/cmelton/data/corrECP/Fe/ae/dkh/basis/states.proc
 Including file /remote/cmelton/data/corrECP/Fe/ae/dkh/basis/aug-cc-pwCVTZ-dk.basis
 Including file /remote/cmelton/data/corrECP/Fe/ae/dkh/basis/aug-cc-pwCVQZ-dk.basis
 
 do i=4,4
 if (i.eq.1) then
     Is2d6
 else if (i.eq.2) then
     Is1d7
 else if (i.eq.3) then
     Id8
 else if (i.eq.4) then
     IIs1d6
 else if (i.eq.5) then
     IId7
 else if (i.eq.6) then
     IX
 else if (i.eq.7) then
     XV
 else if (i.eq.8) then
     As2d7
 else if (i.eq.9) then
     IIId6
 else if (i.eq.10) then
     IVd5
 else if (i.eq.11) then
     Vd4
 else if (i.eq.12) then
     VId3
 else if (i.eq.13) then
     VIId2
 else if (i.eq.14) then
     VIIId1
 endif
     scf(i)=energy
     _CC_NORM_MAX=2.0
     {rccsd(t),maxit=100;core}
     ccsd(i)=energy
 enddo
 
 table,scf,ccsd
 save
 type,csv

 Variables initialized (782), CPU time= 0.00 sec
 Commands  initialized (547), CPU time= 0.01 sec, 517 directives.
 Default parameters read. Elapsed time= 0.10 sec

 Checking input...
 Passed
1


                                         ***  PROGRAM SYSTEM MOLPRO  ***
                         Copyright, University College Cardiff Consultants Limited, 2008

                                    Version 2012.1 linked Aug  2 2016 14:07:26


 **********************************************************************************************************************************
 LABEL *   Calculation for Be atom, singlet and triplet                                  
 Linux-3.10.0-693.11.6.el7.x86_64/breve.sandia.gov(x86_64) 64 bit serial version         DATE: 10-Jan-18          TIME: 14:52:25  
 **********************************************************************************************************************************

 SHA1:             4c1979699e6aeda0524d0210415ba82a958648b0
 **********************************************************************************************************************************

Geometry recognized as XYZ


 Variable memory set to  512000000 words,  buffer space   230000 words

 SETTING BASIS          =    USERDEF
 SETTING DKROLL         =         1.00000000                                  
 SETTING DKHO           =        10.00000000                                  
 SETTING DKHP           =         4.00000000                                  

 DO I                   =         4.00000000   

 Running procedure=IIS1D6


 Recomputing integrals since basis changed


 Using spherical harmonics


1PROGRAM * SEWARD (Integral evaluation for generally contracted gaussian basis sets)     Author: Roland Lindh, 1990

 Geometry written to block  1 of record 700

 Orientation using atomic masses  
 Molecule type: Atom
 Symmetry elements: X,Y,Z
 Rotational constants:       0.0000000      0.0000000      0.0000000 GHz  (calculated with average atomic masses)

 Point group  D2h 



 ATOMIC COORDINATES

 NR  ATOM    CHARGE       X              Y              Z

   1  FE     26.00    0.000000000    0.000000000    0.000000000

 NUCLEAR CHARGE:                   26
 NUMBER OF PRIMITIVE AOS:         345
 NUMBER OF SYMMETRY AOS:          262
 NUMBER OF CONTRACTIONS:          262   (  65Ag  +  40B3u +  40B2u +  22B1g +  40B1u +  22B2g +  22B3g +  11Au  )
 NUMBER OF CORE ORBITALS:           9   (   3Ag  +   2B3u +   2B2u +   0B1g +   2B1u +   0B2g +   0B3g +   0Au  )
 NUMBER OF VALENCE ORBITALS:        6   (   3Ag  +   0B3u +   0B2u +   1B1g +   0B1u +   1B2g +   1B3g +   0Au  )


 NUCLEAR REPULSION ENERGY    0.00000000

 One-electron integrals computed with SEWARD

 10nd-order Douglas-Kroll-Hess method activated. McWeeny DKH parametrization is used.

 Computing Douglas-Kroll integrals

 AO integral compression algorithm  1   Integral accuracy      1.0D-11

     330.564 MB (compressed) written to integral file ( 33.9%)


 NUMBER OF SORTED TWO-ELECTRON INTEGRALS:   76744857.     BUFFER LENGTH:  32768
 NUMBER OF SEGMENTS:   5  SEGMENT LENGTH:   15998535      RECORD LENGTH: 524288

 Memory used in sort:      16.56 MW

 SORT1 READ   121794176. AND WROTE    43481302. INTEGRALS IN    126 RECORDS. CPU TIME:     2.33 SEC, REAL TIME:     2.69 SEC
 SORT2 READ    43481302. AND WROTE    76744857. INTEGRALS IN   1261 RECORDS. CPU TIME:     0.99 SEC, REAL TIME:     1.23 SEC

 FILE SIZES:   FILE 1:   340.1 MBYTE,  FILE 4:   528.5 MBYTE,   TOTAL:    868.6 MBYTE

 OPERATOR DM      FOR CENTER  0  COORDINATES:    0.000000    0.000000    0.000000

 EXTRA SYMMETRY OF AOS IN SYMMETRY 1:   1 1 1 1 1 1 1 1 1 1   1 1 1 1 1 1 1 1 1 1   1 1 1 1 1 2 3 2 3 2   3 2 3 2 3 2 3 2 3 2
                                        3 2 3 2 3 2 3 2 3 2   3 2 3 4 5 6 4 5 6 4   5 6 4 5 6
 EXTRA SYMMETRY OF AOS IN SYMMETRY 2:   1 1 1 1 1 1 1 1 1 1   1 1 1 1 1 1 1 1 1 1   1 2 3 2 3 2 3 2 3 2   3 4 5 6 4 5 6 4 5 6
 EXTRA SYMMETRY OF AOS IN SYMMETRY 3:   1 1 1 1 1 1 1 1 1 1   1 1 1 1 1 1 1 1 1 1   1 2 3 2 3 2 3 2 3 2   3 4 5 6 4 5 6 4 5 6
 EXTRA SYMMETRY OF AOS IN SYMMETRY 4:   1 1 1 1 1 1 1 1 1 1   1 1 1 1 2 3 2 3 2 3   2 3
 EXTRA SYMMETRY OF AOS IN SYMMETRY 5:   1 1 1 1 1 1 1 1 1 1   1 1 1 1 1 1 1 1 1 1   1 2 3 2 3 2 3 2 3 2   3 4 5 6 4 5 6 4 5 6
 EXTRA SYMMETRY OF AOS IN SYMMETRY 6:   1 1 1 1 1 1 1 1 1 1   1 1 1 1 2 3 2 3 2 3   2 3
 EXTRA SYMMETRY OF AOS IN SYMMETRY 7:   1 1 1 1 1 1 1 1 1 1   1 1 1 1 2 3 2 3 2 3   2 3
 EXTRA SYMMETRY OF AOS IN SYMMETRY 8:   1 1 1 1 1 2 3 2 3 2   3

 Eigenvalues of metric

         1 0.506E-06 0.182E-04 0.197E-04 0.197E-04 0.292E-03 0.775E-03 0.775E-03 0.824E-03
         2 0.207E-06 0.176E-05 0.513E-03 0.199E-02 0.524E-02 0.119E-01 0.228E-01 0.380E-01
         3 0.207E-06 0.176E-05 0.513E-03 0.199E-02 0.524E-02 0.119E-01 0.228E-01 0.380E-01
         4 0.197E-04 0.775E-03 0.996E-02 0.352E-01 0.718E-01 0.146E+00 0.190E+00 0.190E+00
         5 0.207E-06 0.176E-05 0.513E-03 0.199E-02 0.524E-02 0.119E-01 0.228E-01 0.380E-01
         6 0.197E-04 0.775E-03 0.996E-02 0.352E-01 0.718E-01 0.146E+00 0.190E+00 0.190E+00
         7 0.197E-04 0.775E-03 0.996E-02 0.352E-01 0.718E-01 0.146E+00 0.190E+00 0.190E+00
         8 0.119E+00 0.317E+00 0.317E+00 0.364E+00 0.788E+00 0.913E+00 0.913E+00 0.148E+01


 **********************************************************************************************************************************
 DATASETS  * FILE   NREC   LENGTH (MB)   RECORD NAMES
              1      23      193.50       500      610      700      900      950      970     1000      129      960     1700   
                                          VAR    BASINP    GEOM    SYMINP    ZMAT    AOBASIS   BASIS     P2S    ABASIS    OPER   
                                         1101     1401     1411     1412     1650     1100     1400     1410     1200     1210   
                                          SR      EKINR    POTR     PVPR    MOLCAS      S      EKIN      POT      H0       H01  
                                         1300     1080     1600   
                                         ERIS     AOSYM     SMH  

 PROGRAMS   *        TOTAL       INT
 CPU TIMES  *        29.36     29.19
 REAL TIME  *        30.96 SEC
 DISK USED  *       871.52 MB      
 **********************************************************************************************************************************

1PROGRAM * RHF-SCF (OPEN SHELL)       Authors: W. Meyer, H.-J. Werner


 NUMBER OF ELECTRONS:      15+   10-    SPACE SYMMETRY=1    SPIN SYMMETRY: Sextet  
 CONVERGENCE THRESHOLDS:    1.00E-05 (Density)    1.00E-07 (Energy)
 MAX. NUMBER OF ITERATIONS:       60
 INTERPOLATION TYPE:            DIIS
 INTERPOLATION STEPS:              2 (START)      1 (STEP)
 LEVEL SHIFTS:                 -0.30 (CLOSED)  0.00 (OPEN) 


 Singly occupied orbitals:      5.1       6.1       1.4       1.6       1.7
 
 Extra symmetries of mos in symmetry 1:   1   1   1   3   2   1
 Orbital guess generated from atomic densities. Full valence occupancy:    6   2   2   1   2   1   1   0


 Molecular orbital dump at record        4202.2

 ITERATION    DDIFF          GRAD             ENERGY        2-EL.EN.            DIPOLE MOMENTS         DIIS   ORB.
    1      0.000D+00      0.000D+00     -1271.09319233    948.544766    0.00000    0.00000    0.00000    0    start
    2      0.000D+00      0.121D-01     -1271.13148342    956.090927    0.00000    0.00000    0.00000    1    diag,B
    3      0.548D-02      0.389D-02     -1271.13467052    953.015500    0.00000    0.00000    0.00000    2    diag,B
    4      0.271D-02      0.148D-02     -1271.13525915    954.504648    0.00000    0.00000    0.00000    3    diag,B
    5      0.459D-03      0.526D-03     -1271.13535202    954.292993    0.00000    0.00000    0.00000    4    diag,B
    6      0.528D-03      0.442D-04     -1271.13535422    954.291923    0.00000    0.00000    0.00000    5    diag,B
    7      0.851D-04      0.928D-05     -1271.13535437    954.291574    0.00000    0.00000    0.00000    6    fixocc
    8      0.154D-04      0.317D-05     -1271.13535442    954.291625    0.00000    0.00000    0.00000    7    diag,B
    9      0.294D-05      0.270D-05     -1271.13535465    954.291431    0.00000    0.00000    0.00000    0    orth

 Final alpha occupancy:   6   2   2   1   2   1   1   0
 Final beta  occupancy:   4   2   2   0   2   0   0   0

 !RHF STATE 1.1 Energy              -1271.135354646513
 Nuclear energy                         0.00000000
 One-electron energy                -1748.28107017
 Two-electron energy                  477.14571552
 Virial quotient                       -0.95940644
 !RHF STATE 1.1 Dipole moment           0.00000000     0.00000000     0.00000000
 Dipole moment /Debye                   0.00000000     0.00000000     0.00000000

 ELECTRON ORBITALS
 =================


   Orb  Occ    Energy  Couls-En    Coefficients

                                   1 1s      1 1s      1 1s      1 1s      1 1s      1 1s      1 1s      1 1s      1 1s      1 1s   
                                   1 1s      1 1s      1 1s      1 1s      1 1s      1 1s      1 1s      1 1s      1 1s      1 1s   
                                   1 1s      1 1s      1 1s      1 1s      1 1s      1 3d0     1 3d2+    1 3d0     1 3d2+    1 3d0  
                                   1 3d2+    1 3d0     1 3d2+    1 3d0     1 3d2+    1 3d0     1 3d2+    1 3d0     1 3d2+    1 3d0  
                                   1 3d2+    1 3d0     1 3d2+    1 3d0     1 3d2+    1 3d0     1 3d2+    1 3d0     1 3d2+    1 3d0  
                                   1 3d2+    1 3d0     1 3d2+    1 5g0     1 5g4+    1 5g2+    1 5g0     1 5g4+    1 5g2+    1 5g0  
                                   1 5g4+    1 5g2+    1 5g0     1 5g4+    1 5g2+ 

   1.1   2  -263.9920 -604.9366  0.000065  0.000183  0.000484  0.001176  0.002812  0.006738  0.016361  0.039433  0.090064  0.182082
                                 0.295232  0.322238  0.176525  0.027453 -0.002549  0.011855  0.001169  0.000614 -0.000044  0.000007
                                -0.000005  0.000003 -0.010972 -0.001122 -0.000001  0.000000 -0.000000  0.000001 -0.000004  0.000001
                                -0.000005 -0.000000  0.000001  0.000001 -0.000003  0.000002 -0.000008  0.000000 -0.000001  0.000000
                                 0.000000  0.000000 -0.000000  0.000000  0.000000  0.000000 -0.000000 -0.000002  0.000006 -0.000001
                                 0.000005 -0.000000  0.000000  0.000000  0.000000 -0.000000 -0.000000 -0.000000  0.000000  0.000000
                                 0.000000 -0.000000 -0.000000 -0.000000  0.000000

   2.1   2   -32.7398 -116.3690 -0.000020 -0.000056 -0.000149 -0.000363 -0.000871 -0.002099 -0.005140 -0.012645 -0.029940 -0.065630
                                -0.123691 -0.180731 -0.121847  0.209228  0.554252  0.389383  0.057409  0.009062  0.000190  0.000190
                                 0.000084  0.000017 -0.026692 -0.013723 -0.000003  0.000000 -0.000001  0.000001 -0.000004  0.000010
                                -0.000032  0.000061 -0.000213  0.000116 -0.000392  0.000089 -0.000242  0.000030  0.000021  0.000024
                                 0.000036  0.000018  0.000012  0.000005  0.000002  0.000000 -0.000001 -0.000053  0.000206 -0.000044
                                 0.000174  0.000000  0.000000  0.000024  0.000031 -0.000032  0.000033  0.000043 -0.000044  0.000005
                                 0.000006 -0.000006  0.000001  0.000001 -0.000001

   3.1   2    -4.5506  -36.6981  0.000007  0.000021  0.000055  0.000135  0.000323  0.000780  0.001909  0.004715  0.011191  0.024831
                                 0.047539  0.072523  0.051001 -0.101724 -0.375263 -0.389760  0.281842  0.689178  0.309880  0.010961
                                -0.003810  0.001941  0.040776  0.010868 -0.000500  0.000001 -0.000001  0.000012 -0.000010  0.000061
                                -0.000051  0.000180 -0.000074  0.000479 -0.000295  0.001145 -0.001704  0.001566 -0.002580  0.000931
                                -0.000231  0.000409  0.000550  0.000121  0.000056 -0.000004  0.000008  0.000030 -0.000102  0.000059
                                -0.000213  0.000002 -0.000003  0.000074  0.000097 -0.000097  0.000116  0.000153 -0.000153  0.000320
                                 0.000411 -0.000420  0.000071  0.000089 -0.000093

   4.1   2    -0.8455  -25.3632  0.000000  0.000000  0.000000  0.000001  0.000002  0.000004  0.000010  0.000024  0.000057  0.000128
                                 0.000244  0.000377  0.000262 -0.000530 -0.002111 -0.001069  0.002404  0.005486  0.001200 -0.000552
                                 0.000678 -0.000091 -0.000944 -0.001679  0.000036 -0.000224  0.000290 -0.001992  0.002572 -0.010112
                                 0.013055 -0.034164  0.044108 -0.085399  0.110254 -0.150204  0.193915 -0.191542  0.247279 -0.186953
                                 0.241377 -0.131007  0.169187 -0.041792  0.053997 -0.000542  0.000702 -0.000368  0.000473 -0.000394
                                 0.000506 -0.000267  0.000345 -0.000109 -0.000295  0.000200 -0.000333 -0.000901  0.000608 -0.000492
                                -0.001329  0.000897 -0.000212 -0.000570  0.000386

   5.1   +    -1.0055  -26.0846 -0.000000 -0.000000 -0.000000 -0.000000 -0.000000 -0.000000 -0.000001 -0.000001 -0.000003 -0.000007
                                -0.000013 -0.000018 -0.000014  0.000024  0.000055  0.000441  0.000275  0.000273 -0.000229 -0.000545
                                 0.000113 -0.000055 -0.000325 -0.000662  0.000017  0.000297  0.000230  0.002639  0.002043  0.013389
                                 0.010369  0.045190  0.034998  0.112976  0.087494  0.199489  0.154496  0.255886  0.198181  0.242823
                                 0.188077  0.152279  0.117965  0.037391  0.028975 -0.000452 -0.000350  0.001011  0.000783  0.001735
                                 0.001346  0.000353  0.000273 -0.000128 -0.000281 -0.000104 -0.000418 -0.000781 -0.000263 -0.000460
                                -0.001194 -0.000493 -0.000047 -0.000575 -0.000324

   6.1   +    -0.5673  -11.2492 -0.000002 -0.000006 -0.000015 -0.000036 -0.000085 -0.000206 -0.000502 -0.001244 -0.002945 -0.006572
                                -0.012534 -0.019411 -0.013382  0.026865  0.111005  0.050080 -0.144515 -0.406947 -0.234271  0.658459
                                 0.506278  0.021951  0.064639  0.118681  0.000964 -0.000001  0.000004 -0.000009  0.000039 -0.000045
                                 0.000197 -0.000146  0.000635 -0.000370  0.001613 -0.000755  0.003273 -0.000995  0.004291 -0.000135
                                 0.000673  0.001798 -0.007444  0.002108 -0.008816  0.000384 -0.001619 -0.000034  0.000128 -0.000061
                                 0.000234 -0.000024  0.000102  0.000061  0.000073 -0.000079  0.000118  0.000142 -0.000154 -0.000386
                                -0.000493  0.000504 -0.000654 -0.000800  0.000853

   7.1   0    -0.0891   -3.6543  0.000001  0.000002  0.000004  0.000010  0.000024  0.000057  0.000141  0.000346  0.000829  0.001818
                                 0.003552  0.005303  0.004036 -0.008453 -0.027393 -0.086648  0.000461  0.029630  0.099051 -0.257679
                                -0.365287 -0.307209  0.064497  0.065912  1.413241  0.000000 -0.000001  0.000003 -0.000012  0.000015
                                -0.000061  0.000048 -0.000198  0.000122 -0.000503  0.000241 -0.001014  0.000318 -0.001311  0.000056
                                -0.000192 -0.000576  0.002444 -0.000657  0.002967  0.000283 -0.000462  0.000011 -0.000033  0.000020
                                -0.000057  0.001245 -0.004132 -0.000016 -0.000020  0.000021 -0.000033 -0.000040  0.000043  0.000129
                                 0.000164 -0.000168  0.000159  0.000191 -0.000208

   8.1   0    -0.0527   -3.5720 -0.000000 -0.000000 -0.000000 -0.000000 -0.000000 -0.000000 -0.000001 -0.000003 -0.000006 -0.000014
                                -0.000026 -0.000040 -0.000027  0.000053  0.000242 -0.000141 -0.000424 -0.001034 -0.000314  0.000479
                                 0.001131  0.000341  0.000403  0.000545  0.000898 -0.000021 -0.000016 -0.000163 -0.000125 -0.000932
                                -0.000714 -0.002669 -0.002043 -0.010985 -0.008414 -0.040746 -0.031223 -0.028727 -0.022005 -0.006156
                                -0.004707 -0.019451 -0.014906  0.058721  0.045028  0.074376  0.057028  0.011457  0.008784  0.027590
                                 0.021152  0.724416  0.555390  0.000008  0.000022  0.000009  0.000026  0.000033  0.000007  0.000019
                                 0.000099  0.000051 -0.000039 -0.000324 -0.000173

                                   1 2px     1 2px     1 2px     1 2px     1 2px     1 2px     1 2px     1 2px     1 2px     1 2px  
                                   1 2px     1 2px     1 2px     1 2px     1 2px     1 2px     1 2px     1 2px     1 2px     1 2px  
                                   1 2px     1 4f1+    1 4f3+    1 4f1+    1 4f3+    1 4f1+    1 4f3+    1 4f1+    1 4f3+    1 4f1+ 
                                   1 4f3+    1 6h1+    1 6h3+    1 6h5+    1 6h1+    1 6h3+    1 6h5+    1 6h1+    1 6h3+    1 6h5+ 


   1.2   2   -27.7969 -110.2110  0.000051  0.000193  0.000804  0.003045  0.010561  0.032046  0.083407  0.176584  0.288241  0.327720
                                 0.204599  0.057935  0.014174  0.000570  0.000237  0.000021 -0.000000 -0.000000  0.005027 -0.009613
                                 0.000000 -0.000022 -0.000129 -0.000219  0.000275 -0.000073  0.000051 -0.000028  0.000040  0.000002
                                -0.000006 -0.000008  0.000008 -0.000008  0.000014 -0.000013  0.000014 -0.000002  0.000002 -0.000002

   2.2   2    -3.0540  -33.1239 -0.000018 -0.000070 -0.000292 -0.001111 -0.003875 -0.011914 -0.031713 -0.069541 -0.118217 -0.142085
                                -0.052328  0.197054  0.427826  0.379938  0.163176  0.014456 -0.001662  0.000723  0.003389 -0.022896
                                -0.000215 -0.000518  0.000411 -0.000521 -0.000264 -0.001815  0.000936 -0.001575  0.001464 -0.000036
                                 0.000062 -0.000068  0.000065 -0.000068 -0.000119  0.000113 -0.000118  0.000043 -0.000040  0.000042

   3.2   0    -0.1690   -7.5885  0.000003  0.000012  0.000050  0.000190  0.000664  0.002043  0.005448  0.011994  0.020459  0.024815
                                 0.008399 -0.040262 -0.074939 -0.089308 -0.029066  0.213512  0.524161  0.375876 -0.000948 -0.007369
                                 0.030672 -0.000064  0.000098 -0.000445  0.000670 -0.000094  0.000127  0.002048 -0.003443  0.003523
                                -0.006442  0.000042 -0.000040  0.000041  0.000072 -0.000067  0.000069 -0.000313  0.000292 -0.000298

   4.2   0    -0.0585   -3.1105 -0.000001 -0.000005 -0.000021 -0.000085 -0.000281 -0.000917 -0.002287 -0.005482 -0.008045 -0.014804
                                -0.096449  0.044113  0.393135  0.010842  0.034283 -0.133695 -0.222179 -0.487112  0.086535 -0.356164
                                 1.309581  0.000028 -0.000043  0.000190 -0.000285  0.000030 -0.000042 -0.001003  0.001680 -0.001489
                                 0.002708 -0.000019  0.000017 -0.000018 -0.000030  0.000028 -0.000029  0.000138 -0.000129  0.000131

                                   1 2py     1 2py     1 2py     1 2py     1 2py     1 2py     1 2py     1 2py     1 2py     1 2py  
                                   1 2py     1 2py     1 2py     1 2py     1 2py     1 2py     1 2py     1 2py     1 2py     1 2py  
                                   1 2py     1 4f1-    1 4f3-    1 4f1-    1 4f3-    1 4f1-    1 4f3-    1 4f1-    1 4f3-    1 4f1- 
                                   1 4f3-    1 6h1-    1 6h3-    1 6h5-    1 6h1-    1 6h3-    1 6h5-    1 6h1-    1 6h3-    1 6h5- 


   1.3   2   -27.8151 -110.2287  0.000051  0.000193  0.000804  0.003044  0.010559  0.032040  0.083389  0.176539  0.288164  0.327783
                                 0.204750  0.057885  0.014091  0.000446  0.000183  0.000009  0.000000 -0.000001  0.005146 -0.009784
                                 0.000000  0.000022 -0.000385  0.000033  0.000019  0.000016 -0.000094  0.000004  0.000014 -0.000000
                                -0.000007 -0.000002  0.000005 -0.000008  0.000004 -0.000009  0.000014 -0.000001  0.000002 -0.000002

   2.3   2    -3.0655  -33.1668 -0.000018 -0.000070 -0.000293 -0.001111 -0.003876 -0.011915 -0.031720 -0.069542 -0.118245 -0.142087
                                -0.050336  0.196500  0.421411  0.381972  0.159591  0.012956 -0.001494  0.000638  0.001141 -0.014378
                                -0.000188  0.000109 -0.000546  0.000190 -0.002226  0.000439 -0.003152  0.000302 -0.001118  0.000003
                                 0.000044 -0.000018  0.000044 -0.000066 -0.000030  0.000074 -0.000110  0.000013 -0.000031  0.000051

   3.3   0    -0.1793   -7.8426  0.000003  0.000013  0.000053  0.000200  0.000699  0.002152  0.005743  0.012630  0.021579  0.026063
                                 0.006269 -0.041774 -0.067179 -0.096525 -0.025321  0.240856  0.541098  0.339944  0.001486 -0.020371
                                 0.019900  0.000008  0.000052  0.000058  0.000333  0.000008  0.000028 -0.000245 -0.002465 -0.000307
                                -0.005303  0.000012 -0.000029  0.000045  0.000019 -0.000048  0.000073 -0.000089  0.000222 -0.000333

   4.3   0    -0.0601   -3.1125 -0.000001 -0.000005 -0.000021 -0.000085 -0.000282 -0.000914 -0.002300 -0.005456 -0.008163 -0.014335
                                -0.084968  0.040908  0.347778  0.015189  0.029536 -0.138258 -0.230511 -0.418507  0.075842 -0.310505
                                 1.279202 -0.000003 -0.000022 -0.000024 -0.000132 -0.000001 -0.000010  0.000113  0.001140  0.000130
                                 0.002050 -0.000005  0.000012 -0.000019 -0.000008  0.000019 -0.000028  0.000037 -0.000093  0.000139

                                   1 3d2-    1 3d2-    1 3d2-    1 3d2-    1 3d2-    1 3d2-    1 3d2-    1 3d2-    1 3d2-    1 3d2- 
                                   1 3d2-    1 3d2-    1 3d2-    1 3d2-    1 5g2-    1 5g4-    1 5g2-    1 5g4-    1 5g2-    1 5g4- 
                                   1 5g2-    1 5g4- 

   1.4   +    -0.9792  -25.9729  0.000375  0.003324  0.016869  0.056940  0.142336  0.251283  0.322049  0.306778  0.196142  0.050466
                                -0.000453  0.001160  0.001955  0.000461  0.000176 -0.000725  0.000524 -0.002119  0.000710 -0.002999
                                 0.000253 -0.001218

   2.4   0    -0.0522   -3.5515 -0.000026 -0.000203 -0.001168 -0.003327 -0.013863 -0.051932 -0.036357 -0.007482 -0.025501  0.072003
                                 0.085665  0.014743  0.035494  0.919667 -0.000013  0.000054 -0.000027  0.000103 -0.000049  0.000223
                                 0.000138 -0.000649

   3.4   0     0.0444   -4.6219 -0.000044 -0.000563 -0.002011 -0.010681  0.007676  0.186153  0.053857 -0.116080  0.099736 -0.156732
                                 1.454138 -0.092624 -0.222984 -1.055151 -0.000028  0.000119 -0.000059  0.000228 -0.000103  0.000466
                                 0.000336 -0.001574

                                   1 2pz     1 2pz     1 2pz     1 2pz     1 2pz     1 2pz     1 2pz     1 2pz     1 2pz     1 2pz  
                                   1 2pz     1 2pz     1 2pz     1 2pz     1 2pz     1 2pz     1 2pz     1 2pz     1 2pz     1 2pz  
                                   1 2pz     1 4f0     1 4f2+    1 4f0     1 4f2+    1 4f0     1 4f2+    1 4f0     1 4f2+    1 4f0  
                                   1 4f2+    1 6h2+    1 6h4+    1 6h0     1 6h2+    1 6h4+    1 6h0     1 6h2+    1 6h4+    1 6h0  


   1.5   2   -27.8100 -110.2238  0.000051  0.000193  0.000804  0.003044  0.010560  0.032041  0.083394  0.176551  0.288185  0.327765
                                 0.204708  0.057899  0.014112  0.000480  0.000198  0.000012  0.000000 -0.000000  0.005113 -0.009734
                                 0.000000  0.000186 -0.000350  0.000071 -0.000020  0.000070 -0.000097  0.000004  0.000008  0.000002
                                -0.000006  0.000008 -0.000005 -0.000007 -0.000014  0.000009  0.000012  0.000002 -0.000002 -0.000002

   2.5   2    -3.0625  -33.1549 -0.000018 -0.000070 -0.000292 -0.001111 -0.003875 -0.011915 -0.031718 -0.069541 -0.118237 -0.142085
                                -0.050878  0.196649  0.423141  0.381412  0.160585  0.013366 -0.001541  0.000662  0.001753 -0.016697
                                -0.000196  0.000443 -0.000578  0.001217 -0.002087  0.002121 -0.003139  0.001095 -0.001272 -0.000008
                                 0.000034  0.000065 -0.000042 -0.000055  0.000110 -0.000069 -0.000093 -0.000048  0.000033  0.000040

   3.5   0    -0.1763   -7.7713  0.000003  0.000012  0.000052  0.000198  0.000689  0.002122  0.005660  0.012451  0.021264  0.025713
                                 0.006891 -0.041356 -0.069485 -0.094468 -0.026458  0.233034  0.536774  0.350106  0.000779 -0.016581
                                 0.022638  0.000000  0.000035  0.000019  0.000217  0.000012  0.000015  0.000295 -0.001805  0.001133
                                -0.004167 -0.000044  0.000028  0.000036 -0.000072  0.000046  0.000060  0.000330 -0.000210 -0.000275

   4.5   0    -0.0597   -3.1115 -0.000001 -0.000005 -0.000021 -0.000085 -0.000282 -0.000915 -0.002297 -0.005463 -0.008131 -0.014465
                                -0.088131  0.041791  0.360287  0.013985  0.030873 -0.136953 -0.228411 -0.437479  0.078787 -0.323099
                                 1.287783  0.000000 -0.000015 -0.000009 -0.000086 -0.000000 -0.000007 -0.000138  0.000845 -0.000426
                                 0.001635  0.000018 -0.000012 -0.000015  0.000029 -0.000018 -0.000024 -0.000140  0.000089  0.000117

                                   1 3d1+    1 3d1+    1 3d1+    1 3d1+    1 3d1+    1 3d1+    1 3d1+    1 3d1+    1 3d1+    1 3d1+ 
                                   1 3d1+    1 3d1+    1 3d1+    1 3d1+    1 5g1+    1 5g3+    1 5g1+    1 5g3+    1 5g1+    1 5g3+ 
                                   1 5g1+    1 5g3+ 

   1.6   +    -0.9694  -25.9306  0.000374  0.003319  0.016845  0.056858  0.142126  0.250897  0.321441  0.306623  0.197468  0.051705
                                -0.000398  0.001113  0.001857  0.000466  0.000383 -0.000469  0.001121 -0.001363  0.001581 -0.001961
                                 0.000639 -0.000835

   2.6   0    -0.0520   -3.5442 -0.000026 -0.000203 -0.001166 -0.003316 -0.013875 -0.052155 -0.036425 -0.007391 -0.025873  0.071268
                                 0.082738  0.014854  0.035759  0.922141 -0.000028  0.000035 -0.000055  0.000065 -0.000117  0.000149
                                 0.000333 -0.000431

   3.6   0     0.0449   -4.6220 -0.000044 -0.000564 -0.002013 -0.010711  0.007800  0.187353  0.054341 -0.116661  0.099751 -0.160302
                                 1.457622 -0.093146 -0.224240 -1.053877 -0.000063  0.000078 -0.000122  0.000145 -0.000246  0.000314
                                 0.000813 -0.001050

                                   1 3d1-    1 3d1-    1 3d1-    1 3d1-    1 3d1-    1 3d1-    1 3d1-    1 3d1-    1 3d1-    1 3d1- 
                                   1 3d1-    1 3d1-    1 3d1-    1 3d1-    1 5g1-    1 5g3-    1 5g1-    1 5g3-    1 5g1-    1 5g3- 
                                   1 5g1-    1 5g3- 

   1.7   +    -1.0046  -26.0814  0.000376  0.003337  0.016933  0.057152  0.142880  0.252292  0.323611  0.307131  0.192726  0.047393
                                -0.000568  0.001276  0.002189  0.000447 -0.000133 -0.000218 -0.000413 -0.000572 -0.000512 -0.000984
                                -0.000129 -0.000580

   2.7   0    -0.0527   -3.5715 -0.000026 -0.000205 -0.001174 -0.003361 -0.013840 -0.051351 -0.036195 -0.007744 -0.024529  0.073950
                                 0.093521  0.014445  0.034784  0.912992  0.000009  0.000018  0.000023  0.000020  0.000029  0.000094
                                -0.000078 -0.000317

   3.7   0     0.0429   -4.6218 -0.000044 -0.000559 -0.002006 -0.010608  0.007337  0.182976  0.052564 -0.114573  0.099654 -0.147427
                                 1.444938 -0.091252 -0.219680 -1.058603  0.000020  0.000039  0.000050  0.000044  0.000060  0.000196
                                -0.000191 -0.000746

                                   1 4f2-    1 4f2-    1 4f2-    1 4f2-    1 4f2-    1 6h4-    1 6h2-    1 6h4-    1 6h2-    1 6h4- 
                                   1 6h2- 

   1.8   0     0.3493   -6.1968  0.003618 -0.008984  0.043078 -0.089444  1.040889 -0.000024  0.000006  0.000059 -0.000015 -0.000563
                                 0.000146

   2.8   0     1.4686   -8.8829 -0.005273  0.068249 -0.062719  1.200453 -0.572033 -0.000106  0.000027  0.000054 -0.000015 -0.003029
                                 0.000784

 HOMO      6.1    -0.567252 =     -15.4357eV
 LUMO      3.3    -0.179282 =      -4.8785eV
 LUMO-HOMO         0.387970 =      10.5572eV


 **********************************************************************************************************************************
 DATASETS  * FILE   NREC   LENGTH (MB)   RECORD NAMES
              1      23      193.50       500      610      700      900      950      970     1000      129      960     1700   
                                          VAR    BASINP    GEOM    SYMINP    ZMAT    AOBASIS   BASIS     P2S    ABASIS    OPER   
                                         1101     1401     1411     1412     1650     1100     1400     1410     1200     1210   
                                          SR      EKINR    POTR     PVPR    MOLCAS      S      EKIN      POT      H0       H01  
                                         1300     1080     1600   
                                         ERIS     AOSYM     SMH  

              2       5        5.68       200      700     1000      520     4202   
                                        OPTIONS   GEOM     BASIS   MCVARS     RHF  

 PROGRAMS   *        TOTAL       RHF       INT
 CPU TIMES  *        30.97      1.61     29.19
 REAL TIME  *        32.82 SEC
 DISK USED  *       871.52 MB      
 **********************************************************************************************************************************

1PROGRAM * POP (Mulliken population analysis)

 
 Density matrix read from record         4202.2  Type=RHF/CHARGE (state 1.1)
 
 Population analysis by basis function type

 Unique atom        s        p        d        f        g    Total    Charge
   1  FE      6.99968 11.99981  6.00024  0.00019  0.00009 25.00000  + 1.00000


 **********************************************************************************************************************************
 DATASETS  * FILE   NREC   LENGTH (MB)   RECORD NAMES
              1      23      193.50       500      610      700      900      950      970     1000      129      960     1700   
                                          VAR    BASINP    GEOM    SYMINP    ZMAT    AOBASIS   BASIS     P2S    ABASIS    OPER   
                                         1101     1401     1411     1412     1650     1100     1400     1410     1200     1210   
                                          SR      EKINR    POTR     PVPR    MOLCAS      S      EKIN      POT      H0       H01  
                                         1300     1080     1600   
                                         ERIS     AOSYM     SMH  

              2       5        5.68       200      700     1000      520     4202   
                                        OPTIONS   GEOM     BASIS   MCVARS     RHF  

 PROGRAMS   *        TOTAL       POP       RHF       INT
 CPU TIMES  *        30.98      0.01      1.61     29.19
 REAL TIME  *        32.83 SEC
 DISK USED  *       871.52 MB      
 **********************************************************************************************************************************

1PROGRAM * MULTI (Direct Multiconfiguration SCF)       Authors: P.J. Knowles, H.-J. Werner (1984)     S.T. Elbert (1988)


 Number of closed-shell orbitals:   9 (   3   2   2   0   2   0   0   0 )
 Number of active  orbitals:        6 (   3   0   0   1   0   1   1   0 )
 Number of external orbitals:     247 (  59  38  38  21  38  21  21  11 )

 State symmetry 1

 Orbital occupancy restrictions for symmetry 1
  1      1       002000                          

 Number of electrons:     7    Spin symmetry=Sextet    Space symmetry=1
 Number of states:        2
 Number of CSFs:          2

 State symmetry 2

 Orbital occupancy restrictions for symmetry 4
  1      1       002000                          

 Number of electrons:     7    Spin symmetry=Sextet    Space symmetry=4
 Number of states:        1
 Number of CSFs:          1

 State symmetry 3

 Orbital occupancy restrictions for symmetry 6
  1      1       002000                          

 Number of electrons:     7    Spin symmetry=Sextet    Space symmetry=6
 Number of states:        1
 Number of CSFs:          1

 State symmetry 4

 Orbital occupancy restrictions for symmetry 7
  1      1       002000                          

 Number of electrons:     7    Spin symmetry=Sextet    Space symmetry=7
 Number of states:        1
 Number of CSFs:          1
 
 Maximum number of shells:             2
 Maximum number of spin couplings:     6

 Storage for configuration lists      93, coupling coefficients    299, address lists    409

 Molecular orbitals read from record     4202.2  Type=RHF/CANONICAL (state 1.1)
 *** IN SYMMETRY 1 ORBITAL  1 SYMMETRY CONTAMINATION OF 0.383D-04 HAS BEEN REMOVED
 *** IN SYMMETRY 1 ORBITAL  2 SYMMETRY CONTAMINATION OF 0.112D-02 HAS BEEN REMOVED
 *** IN SYMMETRY 1 ORBITAL  3 SYMMETRY CONTAMINATION OF 0.531D-02 HAS BEEN REMOVED
 *** IN SYMMETRY 1 ORBITAL  4 SYMMETRY CONTAMINATION OF 0.444D+00 HAS BEEN REMOVED
 *** IN SYMMETRY 1 ORBITAL  5 SYMMETRY CONTAMINATION OF 0.439D+00 HAS BEEN REMOVED
 *** IN SYMMETRY 1 ORBITAL  6 SYMMETRY CONTAMINATION OF 0.165D-01 HAS BEEN REMOVED

 EXTRA SYMMETRY OF MOS IN SYMMETRY 1:   1 1 1 3 2 1 1 2 3 1   2 3 1 2 3 2 3 6 5 1   1 2 3 6 5 1 1 2 3 6   5 1 1 2 3 2 3 1 6 5
                                        4 2 3 1 2 3 1 2 3 1   2 3 1 2 3 1 1 1 1 1   1 1 4 4 4
 *** IN SYMMETRY 2 ORBITAL  1 SYMMETRY CONTAMINATION OF 0.755D-03 HAS BEEN REMOVED
 *** IN SYMMETRY 2 ORBITAL  2 SYMMETRY CONTAMINATION OF 0.501D-02 HAS BEEN REMOVED
 EXTRA SYMMETRY OF MOS IN SYMMETRY 2:   1 1 1 1 1 3 2 1 3 1   1 3 1 1 5 6 4 1 3 2   5 6 4 1 3 2 5 6 4 1   1 1 1 1 1 1 1 1 2 2
 *** IN SYMMETRY 3 ORBITAL  1 SYMMETRY CONTAMINATION OF 0.527D-03 HAS BEEN REMOVED
 *** IN SYMMETRY 3 ORBITAL  2 SYMMETRY CONTAMINATION OF 0.526D-02 HAS BEEN REMOVED
 EXTRA SYMMETRY OF MOS IN SYMMETRY 3:   1 1 1 1 1 2 3 1 2 3   1 2 3 1 4 5 6 1 2 3   4 5 6 1 2 3 4 5 6 1   1 1 1 1 1 1 1 1 1 1
 *** IN SYMMETRY 4 ORBITAL  1 SYMMETRY CONTAMINATION OF 0.642D-02 HAS BEEN REMOVED
 EXTRA SYMMETRY OF MOS IN SYMMETRY 4:   1 1 1 1 1 2 3 1 2 3   1 2 3 1 1 2 3 1 1 1   1 1
 *** IN SYMMETRY 5 ORBITAL  1 SYMMETRY CONTAMINATION OF 0.719D-03 HAS BEEN REMOVED
 *** IN SYMMETRY 5 ORBITAL  2 SYMMETRY CONTAMINATION OF 0.766D-02 HAS BEEN REMOVED
 EXTRA SYMMETRY OF MOS IN SYMMETRY 5:   1 1 1 1 1 2 3 1 2 3   1 2 3 1 4 5 6 1 2 3   4 5 6 1 2 3 4 5 6 1   1 1 1 1 1 1 1 1 1 1
 *** IN SYMMETRY 6 ORBITAL  1 SYMMETRY CONTAMINATION OF 0.614D-02 HAS BEEN REMOVED
 EXTRA SYMMETRY OF MOS IN SYMMETRY 6:   1 1 1 1 1 3 2 1 3 2   1 3 2 1 1 3 2 1 1 1   1 1
 *** IN SYMMETRY 7 ORBITAL  1 SYMMETRY CONTAMINATION OF 0.262D-02 HAS BEEN REMOVED
 EXTRA SYMMETRY OF MOS IN SYMMETRY 7:   1 1 1 1 1 2 3 1 2 3   1 2 3 1 1 2 3 1 1 1   1 1
 EXTRA SYMMETRY OF MOS IN SYMMETRY 8:   1 1 1 3 2 1 3 2 1 3   2

 Wavefunction dump at record             5202.2

 Convergence thresholds  0.10E-01 (gradient)  0.10E-05 (energy)  0.10E-02 (step length)

 Weight factors for state symmetry  1:    0.20000   0.20000
 Weight factors for state symmetry  2:    0.20000
 Weight factors for state symmetry  3:    0.20000
 Weight factors for state symmetry  4:    0.20000

 Eigenvalues of redundancy matrix
   1-  3   -0.000000    0.000000    1.000000

 Non-redundant active-active orbital rotations:
     1  2  3  4  5
  2   
  3     +
  4         
  5            
  6               

 Number of orbital rotations:      655   (     9 Core/Active    405 Core/Virtual   1 Active/Active    240 Active/Virtual)
 Total number of variables:        662


 ITER. MIC  NCI  NEG     ENERGY(VAR)     ENERGY(PROJ)   ENERGY CHANGE     GRAD(0)  GRAD(ORB)   GRAD(CI)     STEP       TIME

   1  201   20    0   -1271.12953931   -1371.40166211 -100.27212280   *********** 6.83266723 0.00000000  0.72D+00      0.84
   2  201   32    0   57481.52388442   -1235.08934401**************   ***********81.54193548 0.00000000  0.98D+00      1.69
   3  201   40    0   -1266.80269739   -1270.90928826   -4.10659088   93.93377890 6.84884752 0.00000000  0.45D+00      2.57
   4  201   36    0   -1271.06045587   -1271.12746217   -0.06700630    6.88870670 0.71886528 0.00000000  0.14D+00      3.41
   5  201   60    0   -1271.12861093   -1271.13080277   -0.00219184    0.71870487 0.18145677 0.00000000  0.40D-01      4.29
   6  201   60    0   -1271.13080318   -1271.13112290   -0.00031972    0.18144778 0.05435001 0.00000000  0.20D-01      5.15
   7  201   48    0   -1271.13112288   -1271.13118829   -0.00006541    0.05434573 0.04475959 0.00000000  0.92D-02      5.93
   8  201   60    0   -1271.13118831   -1271.13120825   -0.00001994    0.04471552 0.01245921 0.00000000  0.28D-02      6.81
   9  201   60    0   -1271.13120825   -1271.13121660   -0.00000834    0.01244922 0.02826833 0.00000000  0.15D-02      7.67
  10  201   48    0   -1271.13121660   -1271.13122373   -0.00000713    0.02826833 0.00564924 0.00000000  0.18D-02      8.46
  11  201   44    0   -1271.13122373   -1271.13122473   -0.00000100    0.00564001 0.00645425 0.00000000  0.37D-03      9.25
  12  201   48    0   -1271.13122473   -1271.13122543   -0.00000070    0.00642728 0.00543000 0.00000000  0.28D-03     10.04

 ** WVFN ****  CONVERGENCE REACHED, FINAL GRADIENT:  0.54D-02



 Results for state 1.1
 =====================

 !MCSCF STATE 1.1 Energy            -1271.131225445143
 Nuclear energy                         0.00000000
 Kinetic energy                      1324.91412417
 One electron energy                -1748.29491155
 Two electron energy                  477.16368611
 Virial ratio                           1.95940650

 !MCSCF STATE 1.1 Dipole moment         0.00000000     0.00000000     0.00000000
 Dipole moment /Debye                   0.00000000     0.00000000     0.00000000

 Results for state 2.1
 =====================

 !MCSCF STATE 2.1 Energy            -1271.131225402868
 Nuclear energy                         0.00000000
 Kinetic energy                      1324.91412479
 One electron energy                -1748.29491333
 Two electron energy                  477.16368793
 Virial ratio                           1.95940650

 !MCSCF STATE 2.1 Dipole moment         0.00000000     0.00000000     0.00000000
 Dipole moment /Debye                   0.00000000     0.00000000     0.00000000



 Results for state 1.4
 =====================

 !MCSCF STATE 1.4 Energy            -1271.131225441455
 Nuclear energy                         0.00000000
 Kinetic energy                      1324.91412399
 One electron energy                -1748.29491107
 Two electron energy                  477.16368563
 Virial ratio                           1.95940650

 !MCSCF STATE 1.4 Dipole moment         0.00000000     0.00000000     0.00000000
 Dipole moment /Debye                   0.00000000     0.00000000     0.00000000



 Results for state 1.6
 =====================

 !MCSCF STATE 1.6 Energy            -1271.131225449583
 Nuclear energy                         0.00000000
 Kinetic energy                      1324.91412412
 One electron energy                -1748.29491101
 Two electron energy                  477.16368556
 Virial ratio                           1.95940650

 !MCSCF STATE 1.6 Dipole moment         0.00000000     0.00000000     0.00000000
 Dipole moment /Debye                   0.00000000     0.00000000     0.00000000



 Results for state 1.7
 =====================

 !MCSCF STATE 1.7 Energy            -1271.131225417690
 Nuclear energy                         0.00000000
 Kinetic energy                      1324.91412390
 One electron energy                -1748.29491079
 Two electron energy                  477.16368537
 Virial ratio                           1.95940650

 !MCSCF STATE 1.7 Dipole moment         0.00000000     0.00000000     0.00000000
 Dipole moment /Debye                   0.00000000     0.00000000     0.00000000

 State-averaged charge density matrix saved on record  5202.2 (density set 1)


 NATURAL ORBITALS (state averaged)
 =================================

   Orb     Occ        Energy       Coefficients

                                   1 1s      1 1s      1 1s      1 1s      1 1s      1 1s      1 1s      1 1s      1 1s      1 1s   
                                   1 1s      1 1s      1 1s      1 1s      1 1s      1 1s      1 1s      1 1s      1 1s      1 1s   
                                   1 1s      1 1s      1 1s      1 1s      1 1s      1 3d0     1 3d2+    1 3d0     1 3d2+    1 3d0  
                                   1 3d2+    1 3d0     1 3d2+    1 3d0     1 3d2+    1 3d0     1 3d2+    1 3d0     1 3d2+    1 3d0  
                                   1 3d2+    1 3d0     1 3d2+    1 3d0     1 3d2+    1 3d0     1 3d2+    1 3d0     1 3d2+    1 3d0  
                                   1 3d2+    1 3d0     1 3d2+    1 5g0     1 5g4+    1 5g2+    1 5g0     1 5g4+    1 5g2+    1 5g0  
                                   1 5g4+    1 5g2+    1 5g0     1 5g4+    1 5g2+ 

   1.1  2.00000  -263.991626     0.000065  0.000183  0.000484  0.001176  0.002812  0.006738  0.016361  0.039433  0.090064  0.182082
                                 0.295233  0.322236  0.176528  0.027447 -0.002537  0.011759  0.001151  0.000599 -0.000043  0.000007
                                -0.000005  0.000003 -0.010875 -0.001100 -0.000001  0.000000  0.000000  0.000000  0.000000  0.000000
                                 0.000000  0.000000  0.000000  0.000000  0.000000  0.000000  0.000000  0.000000  0.000000  0.000000
                                 0.000000  0.000000  0.000000  0.000000  0.000000  0.000000  0.000000  0.000000  0.000000  0.000000
                                 0.000000  0.000000  0.000000  0.000000  0.000000  0.000000  0.000000  0.000000  0.000000  0.000000
                                 0.000000  0.000000  0.000000  0.000000  0.000000

   2.1  2.00000   -32.739475    -0.000020 -0.000056 -0.000149 -0.000363 -0.000871 -0.002099 -0.005140 -0.012645 -0.029940 -0.065632
                                -0.123685 -0.180746 -0.121806  0.209112  0.554542  0.386898  0.056945  0.008713  0.000222  0.000178
                                 0.000084  0.000017 -0.024175 -0.013169 -0.000004  0.000000  0.000000  0.000000  0.000000  0.000000
                                 0.000000  0.000000  0.000000  0.000000  0.000000  0.000000  0.000000  0.000000  0.000000  0.000000
                                 0.000000  0.000000  0.000000  0.000000  0.000000  0.000000  0.000000  0.000000  0.000000  0.000000
                                 0.000000  0.000000  0.000000  0.000000  0.000000  0.000000  0.000000  0.000000  0.000000  0.000000
                                 0.000000  0.000000  0.000000  0.000000  0.000000

   3.1  2.00000    -4.550028     0.000007  0.000021  0.000055  0.000135  0.000323  0.000780  0.001910  0.004714  0.011193  0.024827
                                 0.047555  0.072498  0.051060 -0.101814 -0.375168 -0.390691  0.281721  0.688987  0.309983  0.010832
                                -0.003909  0.001923  0.041681  0.011159 -0.000493  0.000000  0.000000  0.000000  0.000000  0.000000
                                 0.000000  0.000000  0.000000  0.000000  0.000000  0.000000  0.000000  0.000000  0.000000  0.000000
                                 0.000000  0.000000  0.000000  0.000000  0.000000  0.000000  0.000000  0.000000  0.000000  0.000000
                                 0.000000  0.000000  0.000000  0.000000  0.000000  0.000000  0.000000  0.000000  0.000000  0.000000
                                 0.000000  0.000000  0.000000  0.000000  0.000000

   4.1  1.20000    -0.546348    -0.000000 -0.000000 -0.000000 -0.000000 -0.000000 -0.000000 -0.000000 -0.000000 -0.000000 -0.000000
                                -0.000000 -0.000000  0.000000 -0.000000 -0.000000 -0.000000  0.000000  0.000000  0.000000  0.000000
                                -0.000000  0.000000  0.000000  0.000000 -0.000000  0.000372 -0.000000  0.003304 -0.000000  0.016768
                                -0.000000  0.056618 -0.000000  0.141526 -0.000000  0.249501 -0.000000  0.319310 -0.000000  0.306616
                                -0.000000  0.201548 -0.000000  0.055155 -0.000000 -0.000220  0.000000  0.001010 -0.000000  0.001591
                                -0.000000  0.000472 -0.000000  0.000000  0.000000  0.000000  0.000000  0.000000  0.000000  0.000000
                                 0.000000  0.000000  0.000000  0.000000  0.000000

   5.1  1.20000    -0.546348    -0.000000 -0.000000 -0.000000 -0.000000 -0.000000 -0.000000 -0.000000 -0.000000 -0.000000 -0.000000
                                -0.000000 -0.000000 -0.000000  0.000000  0.000000  0.000000 -0.000000 -0.000000 -0.000000 -0.000000
                                 0.000000 -0.000000 -0.000000 -0.000000  0.000000  0.000000  0.000372  0.000000  0.003304  0.000000
                                 0.016769  0.000000  0.056617  0.000000  0.141539  0.000000  0.249596  0.000000  0.319352  0.000000
                                 0.306588  0.000000  0.201583  0.000000  0.055110  0.000000 -0.000171  0.000000  0.000970  0.000000
                                 0.001495  0.000000  0.000439  0.000000  0.000000  0.000000  0.000000  0.000000  0.000000  0.000000
                                 0.000000  0.000000  0.000000  0.000000  0.000000

   6.1  1.00000    -0.386759     0.000002  0.000006  0.000015  0.000035  0.000085  0.000205  0.000502  0.001244  0.002942  0.006569
                                 0.012520  0.019387  0.013424 -0.026969 -0.110465 -0.060144  0.137162  0.391476  0.237323 -0.657322
                                -0.515893 -0.007397 -0.052750 -0.100500 -0.008405  0.000000 -0.000000  0.000000 -0.000000  0.000000
                                -0.000000  0.000000 -0.000000  0.000000 -0.000000  0.000000 -0.000000  0.000000 -0.000000  0.000000
                                -0.000000  0.000000 -0.000000  0.000000 -0.000000 -0.000000  0.000000  0.000000 -0.000000  0.000000
                                -0.000000  0.000000 -0.000000  0.000000  0.000000  0.000000  0.000000  0.000000  0.000000  0.000000
                                 0.000000  0.000000  0.000000  0.000000  0.000000

                                   1 2px     1 2px     1 2px     1 2px     1 2px     1 2px     1 2px     1 2px     1 2px     1 2px  
                                   1 2px     1 2px     1 2px     1 2px     1 2px     1 2px     1 2px     1 2px     1 2px     1 2px  
                                   1 2px     1 4f1+    1 4f3+    1 4f1+    1 4f3+    1 4f1+    1 4f3+    1 4f1+    1 4f3+    1 4f1+ 
                                   1 4f3+    1 6h1+    1 6h3+    1 6h5+    1 6h1+    1 6h3+    1 6h5+    1 6h1+    1 6h3+    1 6h5+ 


   1.2  2.00000   -27.807007     0.000051  0.000193  0.000804  0.003044  0.010560  0.032043  0.083397  0.176559  0.288197  0.327761
                                 0.204902  0.057826  0.013255  0.000533  0.000197  0.000016 -0.000001  0.000000  0.004901 -0.008817
                                -0.000000  0.000000  0.000000  0.000000  0.000000  0.000000  0.000000  0.000000  0.000000  0.000000
                                 0.000000  0.000000  0.000000  0.000000  0.000000  0.000000  0.000000  0.000000  0.000000  0.000000

   2.2  2.00000    -3.059994    -0.000018 -0.000070 -0.000292 -0.001111 -0.003875 -0.011915 -0.031718 -0.069542 -0.118235 -0.142086
                                -0.051070  0.196717  0.423791  0.381100  0.161143  0.013599 -0.001572  0.000675  0.001993 -0.017643
                                -0.000199  0.000000  0.000000  0.000000  0.000000  0.000000  0.000000  0.000000  0.000000  0.000000
                                 0.000000  0.000000  0.000000  0.000000  0.000000  0.000000  0.000000  0.000000  0.000000  0.000000

                                   1 2py     1 2py     1 2py     1 2py     1 2py     1 2py     1 2py     1 2py     1 2py     1 2py  
                                   1 2py     1 2py     1 2py     1 2py     1 2py     1 2py     1 2py     1 2py     1 2py     1 2py  
                                   1 2py     1 4f1-    1 4f3-    1 4f1-    1 4f3-    1 4f1-    1 4f3-    1 4f1-    1 4f3-    1 4f1- 
                                   1 4f3-    1 6h1-    1 6h3-    1 6h5-    1 6h1-    1 6h3-    1 6h5-    1 6h1-    1 6h3-    1 6h5- 


   1.3  2.00000   -27.807006     0.000051  0.000193  0.000804  0.003044  0.010560  0.032042  0.083397  0.176558  0.288197  0.327757
                                 0.204686  0.057904  0.014123  0.000499  0.000206  0.000014  0.000000 -0.000000  0.005095 -0.009708
                                 0.000000  0.000000  0.000000  0.000000  0.000000  0.000000  0.000000  0.000000  0.000000  0.000000
                                 0.000000  0.000000  0.000000  0.000000  0.000000  0.000000  0.000000  0.000000  0.000000  0.000000

   2.3  2.00000    -3.059994    -0.000018 -0.000070 -0.000292 -0.001111 -0.003875 -0.011915 -0.031718 -0.069543 -0.118235 -0.142089
                                -0.051190  0.196752  0.424129  0.381086  0.161147  0.013598 -0.001572  0.000675  0.002103 -0.017992
                                -0.000199  0.000000  0.000000  0.000000  0.000000  0.000000  0.000000  0.000000  0.000000  0.000000
                                 0.000000  0.000000  0.000000  0.000000  0.000000  0.000000  0.000000  0.000000  0.000000  0.000000

                                   1 3d2-    1 3d2-    1 3d2-    1 3d2-    1 3d2-    1 3d2-    1 3d2-    1 3d2-    1 3d2-    1 3d2- 
                                   1 3d2-    1 3d2-    1 3d2-    1 3d2-    1 5g2-    1 5g4-    1 5g2-    1 5g4-    1 5g2-    1 5g4- 
                                   1 5g2-    1 5g4- 

   1.4  1.20000    -0.546348     0.000372  0.003304  0.016768  0.056618  0.141528  0.249518  0.319318  0.306611  0.201554  0.055146
                                -0.000210  0.001003  0.001573  0.000465  0.000000  0.000000  0.000000  0.000000  0.000000  0.000000
                                 0.000000  0.000000

                                   1 2pz     1 2pz     1 2pz     1 2pz     1 2pz     1 2pz     1 2pz     1 2pz     1 2pz     1 2pz  
                                   1 2pz     1 2pz     1 2pz     1 2pz     1 2pz     1 2pz     1 2pz     1 2pz     1 2pz     1 2pz  
                                   1 2pz     1 4f0     1 4f2+    1 4f0     1 4f2+    1 4f0     1 4f2+    1 4f0     1 4f2+    1 4f0  
                                   1 4f2+    1 6h2+    1 6h4+    1 6h0     1 6h2+    1 6h4+    1 6h0     1 6h2+    1 6h4+    1 6h0  


   1.5  2.00000   -27.807006     0.000051  0.000193  0.000804  0.003044  0.010560  0.032042  0.083397  0.176558  0.288197  0.327757
                                 0.204685  0.057904  0.014125  0.000499  0.000206  0.000014  0.000000 -0.000000  0.005096 -0.009710
                                 0.000000  0.000000  0.000000  0.000000  0.000000  0.000000  0.000000  0.000000  0.000000  0.000000
                                 0.000000  0.000000  0.000000  0.000000  0.000000  0.000000  0.000000  0.000000  0.000000  0.000000

   2.5  2.00000    -3.059994    -0.000018 -0.000070 -0.000292 -0.001111 -0.003875 -0.011915 -0.031718 -0.069543 -0.118235 -0.142090
                                -0.051207  0.196757  0.424186  0.381083  0.161149  0.013597 -0.001572  0.000675  0.002120 -0.018048
                                -0.000199  0.000000  0.000000  0.000000  0.000000  0.000000  0.000000  0.000000  0.000000  0.000000
                                 0.000000  0.000000  0.000000  0.000000  0.000000  0.000000  0.000000  0.000000  0.000000  0.000000

                                   1 3d1+    1 3d1+    1 3d1+    1 3d1+    1 3d1+    1 3d1+    1 3d1+    1 3d1+    1 3d1+    1 3d1+ 
                                   1 3d1+    1 3d1+    1 3d1+    1 3d1+    1 5g1+    1 5g3+    1 5g1+    1 5g3+    1 5g1+    1 5g3+ 
                                   1 5g1+    1 5g3+ 

   1.6  1.20000    -0.546348     0.000372  0.003304  0.016768  0.056618  0.141526  0.249496  0.319308  0.306618  0.201546  0.055157
                                -0.000222  0.001012  0.001595  0.000474  0.000000  0.000000  0.000000  0.000000  0.000000  0.000000
                                 0.000000  0.000000

                                   1 3d1-    1 3d1-    1 3d1-    1 3d1-    1 3d1-    1 3d1-    1 3d1-    1 3d1-    1 3d1-    1 3d1- 
                                   1 3d1-    1 3d1-    1 3d1-    1 3d1-    1 5g1-    1 5g3-    1 5g1-    1 5g3-    1 5g1-    1 5g3- 
                                   1 5g1-    1 5g3- 

   1.7  1.20000    -0.546348     0.000372  0.003304  0.016768  0.056618  0.141526  0.249502  0.319310  0.306616  0.201548  0.055154
                                -0.000219  0.001010  0.001589  0.000471  0.000000  0.000000  0.000000  0.000000  0.000000  0.000000
                                 0.000000  0.000000

 Total charge:   1.000000000000
 

 EXTRA SYMMETRY OF MOS IN SYMMETRY 1:   1 1 1 2 3 1 1 3 2 1   2 3 1 3 2 2 3 4 6 5   1 3 2 4 6 5 1 2 3 4   6 5 1 2 3 2 3 1 5 6
                                        4 2 3 1 2 3 1 3 2 1   2 3 1 2 3 1 1 1 1 1   1 1 1 1 1
 EXTRA SYMMETRY OF MOS IN SYMMETRY 2:   1 1 1 1 1 2 3 1 3 2   1 2 3 1 4 5 6 1 2 3   5 4 6 1 3 2 6 4 5 1   1 1 1 1 1 1 1 1 1 1
 EXTRA SYMMETRY OF MOS IN SYMMETRY 3:   1 1 1 1 1 2 3 1 3 2   1 2 3 1 4 5 6 1 3 2   4 5 6 1 3 2 6 5 4 1   1 1 1 1 1 1 1 1 1 1
 EXTRA SYMMETRY OF MOS IN SYMMETRY 4:   1 1 1 1 1 2 3 1 2 3   1 2 3 1 1 3 2 1 1 1   1 1
 EXTRA SYMMETRY OF MOS IN SYMMETRY 5:   1 1 1 1 1 2 3 1 3 2   1 2 3 1 6 4 5 1 3 2   6 4 5 1 3 2 5 4 6 1   1 1 1 1 1 1 1 1 1 1
 EXTRA SYMMETRY OF MOS IN SYMMETRY 6:   1 1 1 1 1 2 3 1 2 3   1 2 3 1 1 2 3 1 1 1   1 1
 EXTRA SYMMETRY OF MOS IN SYMMETRY 7:   1 1 1 1 1 2 3 1 2 3   1 2 3 1 1 3 2 1 1 1   1 1
 EXTRA SYMMETRY OF MOS IN SYMMETRY 8:   1 1 1 3 2 1 3 2 1 2   3

 Natural orbital dump (state averaged) at molpro section  5202.2    (Orbital set 2)


 CI vector for state symmetry 1
 ==============================

 2// / / /          0.8558227  -0.5172692
 /2/ / / /          0.5172692   0.8558227

 TOTAL ENERGIES                     -1271.13122545 -1271.13122540

 CI vector for state symmetry 2
 ==============================

 /// 2 / /          1.0000000

 TOTAL ENERGIES                     -1271.13122544

 CI vector for state symmetry 3
 ==============================

 /// / 2 /          1.0000000

 TOTAL ENERGIES                     -1271.13122545

 CI vector for state symmetry 4
 ==============================

 /// / / 2          1.0000000

 TOTAL ENERGIES                     -1271.13122542



 **********************************************************************************************************************************
 DATASETS  * FILE   NREC   LENGTH (MB)   RECORD NAMES
              1      24      206.82       500      610      700      900      950      970     1000      129      960     1700   
                                          VAR    BASINP    GEOM    SYMINP    ZMAT    AOBASIS   BASIS     P2S    ABASIS    OPER   
                                         1101     1401     1411     1412     1650     1100     1400     1410     1200     1210   
                                          SR      EKINR    POTR     PVPR    MOLCAS      S      EKIN      POT      H0       H01  
                                         1300     1080     1600     1380   
                                         ERIS     AOSYM     SMH     JKOP   

              2       6        8.52       200      700     1000      520     4202     5202   
                                        OPTIONS   GEOM     BASIS   MCVARS     RHF     MCSCF   

 PROGRAMS   *        TOTAL     MULTI       POP       RHF       INT
 CPU TIMES  *        41.76     10.78      0.01      1.61     29.19
 REAL TIME  *        46.29 SEC
 DISK USED  *       871.52 MB      
 **********************************************************************************************************************************

1PROGRAM * RHF-SCF (OPEN SHELL)       Authors: W. Meyer, H.-J. Werner


 NUMBER OF ELECTRONS:      15+   10-    SPACE SYMMETRY=4    SPIN SYMMETRY: Sextet  
 CONVERGENCE THRESHOLDS:    1.00E-05 (Density)    1.00E-07 (Energy)
 MAX. NUMBER OF ITERATIONS:        0
 INTERPOLATION TYPE:            DIIS
 INTERPOLATION STEPS:              2 (START)      1 (STEP)
 LEVEL SHIFTS:                 -0.30 (CLOSED)  0.00 (OPEN) 


 Singly occupied orbitals:      4.1       5.1       6.1       1.6       1.7
 Molecular orbitals read from record     5202.2  Type=MCSCF/NATURAL  

 Molecular orbital dump at record        2107.2

 ITERATION    DDIFF          GRAD             ENERGY        2-EL.EN.            DIPOLE MOMENTS         DIIS   ORB.
    1      0.000D+00      0.000D+00     -1271.13122544    954.327371    0.00000    0.00000    0.00000    0    start

 Final alpha occupancy:   6   2   2   1   2   1   1   0
 Final beta  occupancy:   3   2   2   1   2   0   0   0

 !RHF STATE 1.4 Energy              -1271.131225441454
 Nuclear energy                         0.00000000
 One-electron energy                -1748.29491107
 Two-electron energy                  477.16368563
 Virial quotient                       -0.95940650
 !RHF STATE 1.4 Dipole moment           0.00000000     0.00000000     0.00000000
 Dipole moment /Debye                   0.00000000     0.00000000     0.00000000

 Orbital energies:

         1.1          2.1          3.1          4.1          5.1          6.1          7.1          8.1
   -263.991626   -32.739475    -4.550028    -0.546348    -0.546348    -0.386759    -0.085783    -0.050486

         1.2          2.2          3.2          4.2
    -27.807007    -3.059994    -0.144999    -0.054995

         1.3          2.3          3.3          4.3
    -27.807006    -3.059994    -0.144999    -0.054995

         1.4          2.4          3.4
     -0.546348    -0.050486     0.051737

         1.5          2.5          3.5          4.5
    -27.807006    -3.059994    -0.144999    -0.054995

         1.6          2.6          3.6
     -0.546348    -0.050486     0.051737

         1.7          2.7          3.7
     -0.546348    -0.050486     0.051737

         1.8          2.8
      0.359017     1.511776

 HOMO      6.1    -0.386759 =     -10.5243eV
 LUMO      3.3    -0.144999 =      -3.9456eV
 LUMO-HOMO         0.241760 =       6.5786eV


 **********************************************************************************************************************************
 DATASETS  * FILE   NREC   LENGTH (MB)   RECORD NAMES
              1      24      206.82       500      610      700      900      950      970     1000      129      960     1700   
                                          VAR    BASINP    GEOM    SYMINP    ZMAT    AOBASIS   BASIS     P2S    ABASIS    OPER   
                                         1101     1401     1411     1412     1650     1100     1400     1410     1200     1210   
                                          SR      EKINR    POTR     PVPR    MOLCAS      S      EKIN      POT      H0       H01  
                                         1300     1080     1600     1380   
                                         ERIS     AOSYM     SMH     JKOP   

              2       7       11.63       200      700     1000      520     4202     5202     2107   
                                        OPTIONS   GEOM     BASIS   MCVARS     RHF     MCSCF     RHF  

 PROGRAMS   *        TOTAL       RHF     MULTI       POP       RHF       INT
 CPU TIMES  *        41.93      0.17     10.78      0.01      1.61     29.19
 REAL TIME  *        46.49 SEC
 DISK USED  *       871.52 MB      
 **********************************************************************************************************************************
 SETTING SCF(4)         =     -1271.13122544  AU                              
 SETTING _CC_NORM_MAX   =         2.00000000                                  


1PROGRAM * CCSD (Restricted open-shell coupled cluster)     Authors: C. Hampel, H.-J. Werner, 1991, M. Deegan, P.J. Knowles, 1992


 Convergence thresholds:  THRVAR = 1.00D-08  THRDEN = 1.00D-06

 CCSD(T)     terms to be evaluated (factor= 1.000)


 Number of closed-shell orbitals:  10 (   3   2   2   1   2   0   0   0 )
 Number of active  orbitals:        5 (   3   0   0   0   0   1   1   0 )
 Number of external orbitals:     247 (  59  38  38  21  38  21  21  11 )

 Memory could be reduced to 50.61 Mwords without degradation in triples

 Number of N-1 electron functions:              25
 Number of N-2 electron functions:             300
 Number of singly external CSFs:              1100
 Number of doubly external CSFs:           1902438
 Total number of CSFs:                     1903538

 Molecular orbitals read from record     2107.2  Type=RHF/CANONICAL (state 1.4)

 Integral transformation finished. Total CPU:   1.04 sec, npass=  1  Memory used:  10.17 MW

 Starting RMP2 calculation

 Wavefunction is spin-projected

 ITER.      SQ.NORM     CORR.ENERGY   TOTAL ENERGY   ENERGY CHANGE        DEN1      VAR(S)    VAR(P)  DIIS     TIME
   1      1.07294118    -1.05505869 -1272.18628413    -1.05505869    -0.00069033  0.12D-04  0.15D-03  1  1     1.15
   2      1.07332262    -1.05578489 -1272.18701034    -0.00072620    -0.00000126  0.15D-06  0.40D-06  2  2     1.23
   3      1.07333896    -1.05580032 -1272.18702576    -0.00001542    -0.00000001  0.25D-08  0.21D-08  3  3     1.33
   4      1.07333971    -1.05580066 -1272.18702611    -0.00000035    -0.00000000  0.39D-10  0.19D-10  4  4     1.44

 Norm of t1 vector:      0.04139383      S-energy:    -0.00665053      T1 diagnostic:  0.00498115
 Norm of t2 vector:      0.26763083      P-energy:    -1.04915013
                                         Alpha-Beta:  -0.71118816
                                         Alpha-Alpha: -0.23253683
                                         Beta-Beta:   -0.10542515

 Spin contamination <S**2-Sz**2-Sz>     0.00000000
  Reference energy                  -1271.131225441455
  RHF-RMP2 correlation energy          -1.055800664111
 !RHF-RMP2 energy                   -1272.187026105566
 (NB above energy spin projected)

 Starting RCCSD calculation

 ITER.      SQ.NORM     CORR.ENERGY   TOTAL ENERGY   ENERGY CHANGE        DEN1      VAR(S)    VAR(P)  DIIS     TIME
   1      1.06677425    -1.01991474 -1272.15114019    -1.01991474    -0.01059737  0.13D-02  0.91D-03  0  0     4.49
   2      1.07126582    -1.02962129 -1272.16084673    -0.00970654    -0.00059916  0.13D-03  0.12D-03  1  1     7.53
   3      1.07260139    -1.02960613 -1272.16083157     0.00001515    -0.00010666  0.61D-04  0.14D-04  2  2    10.58
   4      1.07406573    -1.03039906 -1272.16162450    -0.00079292    -0.00000777  0.29D-05  0.16D-05  3  3    13.63
   5      1.07437588    -1.03046321 -1272.16168865    -0.00006416    -0.00000094  0.48D-06  0.19D-06  4  4    16.68
   6      1.07449190    -1.03048307 -1272.16170851    -0.00001986    -0.00000006  0.88D-08  0.25D-07  5  5    19.73
   7      1.07450339    -1.03048563 -1272.16171107    -0.00000256    -0.00000001  0.12D-08  0.42D-08  6  6    22.80
   8      1.07450536    -1.03048593 -1272.16171138    -0.00000031    -0.00000000  0.22D-09  0.57D-09  6  1    25.88

 Norm of t1 vector:      0.08152324      S-energy:    -0.00763176      T1 diagnostic:  0.01063165
                                                                       D1 diagnostic:  0.04103882
 Norm of t2 vector:      0.26049822      P-energy:    -1.02285418
                                         Alpha-Beta:  -0.70932840
                                         Alpha-Alpha: -0.21317715
                                         Beta-Beta:   -0.10034863

 Spin contamination <S**2-Sz**2-Sz>     0.00000000

 Memory could be reduced to 56.64 Mwords without degradation in triples
 

  Correlated core orbitals:             1.1       2.1       3.1       1.2       2.2       1.3       2.3       1.5       2.5
  Orbital energies:                  -263.9943  -32.7991   -4.7263  -27.8524   -3.2438  -27.8524   -3.2438  -27.8899   -3.3202
 
  RCCSD core-core energy               -0.533763163353
  RCCSD core-valence energy            -0.341570025338
  RCCSD valence correlation energy     -0.155152745199
 

 RESULTS
 =======

  Reference energy                  -1271.131225441455
  RCCSD singles energy                 -0.007631755818
  RCCSD pair energy                    -1.022854178072
  RCCSD correlation energy             -1.030485933890
  Triples (T) contribution             -0.016634906333
  Total correlation energy             -1.047120840223
 
  RHF-RCCSD energy                  -1272.161711375345
  RHF-RCCSD[T] energy               -1272.178833522793
  RHF-RCCSD-T energy                -1272.178247095346
 !RHF-RCCSD(T) energy               -1272.178346281678

 Program statistics:

 Available memory in ccsd:               511997950
 Min. memory needed in ccsd:               5542625
 Max. memory used in ccsd:                 7930953
 Max. memory used in cckext:               5947822 ( 8 integral passes)
 Max. memory used in cckint:              10171809 ( 1 integral passes)



 **********************************************************************************************************************************
 DATASETS  * FILE   NREC   LENGTH (MB)   RECORD NAMES
              1      24      206.82       500      610      700      900      950      970     1000      129      960     1700   
                                          VAR    BASINP    GEOM    SYMINP    ZMAT    AOBASIS   BASIS     P2S    ABASIS    OPER   
                                         1101     1401     1411     1412     1650     1100     1400     1410     1200     1210   
                                          SR      EKINR    POTR     PVPR    MOLCAS      S      EKIN      POT      H0       H01  
                                         1300     1080     1600     1380   
                                         ERIS     AOSYM     SMH     JKOP   

              2       7       11.63       200      700     1000      520     4202     5202     2107   
                                        OPTIONS   GEOM     BASIS   MCVARS     RHF     MCSCF     RHF  

 PROGRAMS   *        TOTAL  RCCSD(T)       RHF     MULTI       POP       RHF       INT
 CPU TIMES  *       183.77    141.83      0.17     10.78      0.01      1.61     29.19
 REAL TIME  *       195.39 SEC
 DISK USED  *         1.30 GB      
 **********************************************************************************************************************************
 SETTING CCSD(4)        =     -1272.17834628  AU                              
 Output type csv         
                                                                                                                                                                                                                                                                

         SCF,CCSD
       0.000000,       0.000000
       0.000000,       0.000000
       0.000000,       0.000000
   -1271.131225,   -1272.178346
                                                  

        RCCSD(T)        RHF-SCF         MULTI           RHF-SCF 
  -1272.17834628  -1271.13122544  -1271.13122542  -1271.13535465
 **********************************************************************************************************************************
 Variable memory released
